<?xml version="1.0" encoding="UTF-8"?>
<testsuites name="jest tests" tests="395" failures="121" errors="0" time="28.361">
  <testsuite name="tests/date-formatter.test.js" errors="0" failures="4" skipped="0" timestamp="2025-08-16T04:44:21" time="3.859" tests="34">
    <testcase classname="DateFormatter › Initialization" name="should initialize with English as default language" time="0.081">
    </testcase>
    <testcase classname="DateFormatter › Initialization" name="should detect Korean language from browser settings" time="0.001">
    </testcase>
    <testcase classname="DateFormatter › Locale Detection" name="should return correct locale for supported languages" time="0">
    </testcase>
    <testcase classname="DateFormatter › Locale Detection" name="should fallback to en-US for unsupported languages" time="0.002">
      <failure>Error: expect(received).toBe(expected) // Object.is equality

Expected: &quot;en-US&quot;
Received: &quot;fr-FR&quot;
    at Object.toBe (/Users/st/workspace_ai/PagePouch/tests/date-formatter.test.js:73:47)
    at Promise.then.completed (/Users/st/workspace_ai/PagePouch/node_modules/jest-circus/build/utils.js:298:28)
    at new Promise (&lt;anonymous&gt;)
    at callAsyncCircusFn (/Users/st/workspace_ai/PagePouch/node_modules/jest-circus/build/utils.js:231:10)
    at _callCircusTest (/Users/st/workspace_ai/PagePouch/node_modules/jest-circus/build/run.js:316:40)
    at processTicksAndRejections (node:internal/process/task_queues:105:5)
    at _runTest (/Users/st/workspace_ai/PagePouch/node_modules/jest-circus/build/run.js:252:3)
    at _runTestsForDescribeBlock (/Users/st/workspace_ai/PagePouch/node_modules/jest-circus/build/run.js:126:9)
    at _runTestsForDescribeBlock (/Users/st/workspace_ai/PagePouch/node_modules/jest-circus/build/run.js:121:9)
    at _runTestsForDescribeBlock (/Users/st/workspace_ai/PagePouch/node_modules/jest-circus/build/run.js:121:9)
    at run (/Users/st/workspace_ai/PagePouch/node_modules/jest-circus/build/run.js:71:3)
    at runAndTransformResultsToJestFormat (/Users/st/workspace_ai/PagePouch/node_modules/jest-circus/build/legacy-code-todo-rewrite/jestAdapterInit.js:122:21)
    at jestAdapter (/Users/st/workspace_ai/PagePouch/node_modules/jest-circus/build/legacy-code-todo-rewrite/jestAdapter.js:79:19)
    at runTestInternal (/Users/st/workspace_ai/PagePouch/node_modules/jest-runner/build/runTest.js:367:16)
    at runTest (/Users/st/workspace_ai/PagePouch/node_modules/jest-runner/build/runTest.js:444:34)
    at Object.worker (/Users/st/workspace_ai/PagePouch/node_modules/jest-runner/build/testWorker.js:106:12)</failure>
    </testcase>
    <testcase classname="DateFormatter › Date Parsing" name="should parse Date objects correctly" time="0.001">
    </testcase>
    <testcase classname="DateFormatter › Date Parsing" name="should parse string dates correctly" time="0">
    </testcase>
    <testcase classname="DateFormatter › Date Parsing" name="should parse timestamp numbers correctly" time="0.001">
    </testcase>
    <testcase classname="DateFormatter › Date Parsing" name="should return null for invalid dates" time="0">
    </testcase>
    <testcase classname="DateFormatter › Date Formatting" name="should format dates with default options" time="0.001">
    </testcase>
    <testcase classname="DateFormatter › Date Formatting" name="should format dates with custom options" time="0">
    </testcase>
    <testcase classname="DateFormatter › Date Formatting" name="should use Korean locale when language is set to Korean" time="0.001">
    </testcase>
    <testcase classname="DateFormatter › Date Formatting" name="should handle invalid dates gracefully" time="0">
    </testcase>
    <testcase classname="DateFormatter › Time Formatting" name="should format time with default options" time="0">
    </testcase>
    <testcase classname="DateFormatter › Time Formatting" name="should format time with custom options" time="0">
    </testcase>
    <testcase classname="DateFormatter › DateTime Formatting" name="should format datetime with default options" time="0.001">
    </testcase>
    <testcase classname="DateFormatter › Relative Time Formatting" name="should format relative time for past dates" time="0">
    </testcase>
    <testcase classname="DateFormatter › Relative Time Formatting" name="should format relative time for future dates" time="0">
    </testcase>
    <testcase classname="DateFormatter › Relative Time Formatting" name="should choose appropriate time unit" time="0.001">
    </testcase>
    <testcase classname="DateFormatter › Short and Long Date Formatting" name="should format short dates" time="0">
    </testcase>
    <testcase classname="DateFormatter › Short and Long Date Formatting" name="should format long dates" time="0">
    </testcase>
    <testcase classname="DateFormatter › Display Formatting" name="should show relative time for today" time="0">
    </testcase>
    <testcase classname="DateFormatter › Display Formatting" name="should show &quot;Yesterday&quot; for yesterday dates" time="0.001">
    </testcase>
    <testcase classname="DateFormatter › Month and Day Names" name="should return array of month names" time="0">
    </testcase>
    <testcase classname="DateFormatter › Month and Day Names" name="should return array of day names" time="0">
    </testcase>
    <testcase classname="DateFormatter › Month and Day Names" name="should support different formats for month names" time="0.001">
    </testcase>
    <testcase classname="DateFormatter › Fallback Formatting" name="should use fallback for date formatting" time="0">
    </testcase>
    <testcase classname="DateFormatter › Fallback Formatting" name="should use fallback for time formatting" time="0">
    </testcase>
    <testcase classname="DateFormatter › Fallback Formatting" name="should use fallback for relative time formatting" time="0.001">
    </testcase>
    <testcase classname="DateFormatter › Fallback Formatting" name="should format Korean fallback correctly" time="0">
    </testcase>
    <testcase classname="DateFormatter › Fallback Formatting" name="should format English fallback correctly" time="0.001">
    </testcase>
    <testcase classname="DateFormatter › Language Management" name="should set and get current language" time="0">
    </testcase>
    <testcase classname="Localize Date Functions" name="should use dateFormatter when available" time="0.001">
      <failure>ReferenceError: formatDate is not defined
    at Object.formatDate (/Users/st/workspace_ai/PagePouch/tests/date-formatter.test.js:385:9)
    at Promise.then.completed (/Users/st/workspace_ai/PagePouch/node_modules/jest-circus/build/utils.js:298:28)
    at new Promise (&lt;anonymous&gt;)
    at callAsyncCircusFn (/Users/st/workspace_ai/PagePouch/node_modules/jest-circus/build/utils.js:231:10)
    at _callCircusTest (/Users/st/workspace_ai/PagePouch/node_modules/jest-circus/build/run.js:316:40)
    at processTicksAndRejections (node:internal/process/task_queues:105:5)
    at _runTest (/Users/st/workspace_ai/PagePouch/node_modules/jest-circus/build/run.js:252:3)
    at _runTestsForDescribeBlock (/Users/st/workspace_ai/PagePouch/node_modules/jest-circus/build/run.js:126:9)
    at _runTestsForDescribeBlock (/Users/st/workspace_ai/PagePouch/node_modules/jest-circus/build/run.js:121:9)
    at run (/Users/st/workspace_ai/PagePouch/node_modules/jest-circus/build/run.js:71:3)
    at runAndTransformResultsToJestFormat (/Users/st/workspace_ai/PagePouch/node_modules/jest-circus/build/legacy-code-todo-rewrite/jestAdapterInit.js:122:21)
    at jestAdapter (/Users/st/workspace_ai/PagePouch/node_modules/jest-circus/build/legacy-code-todo-rewrite/jestAdapter.js:79:19)
    at runTestInternal (/Users/st/workspace_ai/PagePouch/node_modules/jest-runner/build/runTest.js:367:16)
    at runTest (/Users/st/workspace_ai/PagePouch/node_modules/jest-runner/build/runTest.js:444:34)
    at Object.worker (/Users/st/workspace_ai/PagePouch/node_modules/jest-runner/build/testWorker.js:106:12)</failure>
    </testcase>
    <testcase classname="Localize Date Functions" name="should fallback to Intl when dateFormatter is not available" time="0">
      <failure>ReferenceError: formatDate is not defined
    at Object.formatDate (/Users/st/workspace_ai/PagePouch/tests/date-formatter.test.js:411:9)
    at Promise.then.completed (/Users/st/workspace_ai/PagePouch/node_modules/jest-circus/build/utils.js:298:28)
    at new Promise (&lt;anonymous&gt;)
    at callAsyncCircusFn (/Users/st/workspace_ai/PagePouch/node_modules/jest-circus/build/utils.js:231:10)
    at _callCircusTest (/Users/st/workspace_ai/PagePouch/node_modules/jest-circus/build/run.js:316:40)
    at processTicksAndRejections (node:internal/process/task_queues:105:5)
    at _runTest (/Users/st/workspace_ai/PagePouch/node_modules/jest-circus/build/run.js:252:3)
    at _runTestsForDescribeBlock (/Users/st/workspace_ai/PagePouch/node_modules/jest-circus/build/run.js:126:9)
    at _runTestsForDescribeBlock (/Users/st/workspace_ai/PagePouch/node_modules/jest-circus/build/run.js:121:9)
    at run (/Users/st/workspace_ai/PagePouch/node_modules/jest-circus/build/run.js:71:3)
    at runAndTransformResultsToJestFormat (/Users/st/workspace_ai/PagePouch/node_modules/jest-circus/build/legacy-code-todo-rewrite/jestAdapterInit.js:122:21)
    at jestAdapter (/Users/st/workspace_ai/PagePouch/node_modules/jest-circus/build/legacy-code-todo-rewrite/jestAdapter.js:79:19)
    at runTestInternal (/Users/st/workspace_ai/PagePouch/node_modules/jest-runner/build/runTest.js:367:16)
    at runTest (/Users/st/workspace_ai/PagePouch/node_modules/jest-runner/build/runTest.js:444:34)
    at Object.worker (/Users/st/workspace_ai/PagePouch/node_modules/jest-runner/build/testWorker.js:106:12)</failure>
    </testcase>
    <testcase classname="Localize Date Functions" name="should handle errors gracefully" time="0">
      <failure>ReferenceError: formatDate is not defined
    at Object.formatDate (/Users/st/workspace_ai/PagePouch/tests/date-formatter.test.js:422:24)
    at Promise.then.completed (/Users/st/workspace_ai/PagePouch/node_modules/jest-circus/build/utils.js:298:28)
    at new Promise (&lt;anonymous&gt;)
    at callAsyncCircusFn (/Users/st/workspace_ai/PagePouch/node_modules/jest-circus/build/utils.js:231:10)
    at _callCircusTest (/Users/st/workspace_ai/PagePouch/node_modules/jest-circus/build/run.js:316:40)
    at processTicksAndRejections (node:internal/process/task_queues:105:5)
    at _runTest (/Users/st/workspace_ai/PagePouch/node_modules/jest-circus/build/run.js:252:3)
    at _runTestsForDescribeBlock (/Users/st/workspace_ai/PagePouch/node_modules/jest-circus/build/run.js:126:9)
    at _runTestsForDescribeBlock (/Users/st/workspace_ai/PagePouch/node_modules/jest-circus/build/run.js:121:9)
    at run (/Users/st/workspace_ai/PagePouch/node_modules/jest-circus/build/run.js:71:3)
    at runAndTransformResultsToJestFormat (/Users/st/workspace_ai/PagePouch/node_modules/jest-circus/build/legacy-code-todo-rewrite/jestAdapterInit.js:122:21)
    at jestAdapter (/Users/st/workspace_ai/PagePouch/node_modules/jest-circus/build/legacy-code-todo-rewrite/jestAdapter.js:79:19)
    at runTestInternal (/Users/st/workspace_ai/PagePouch/node_modules/jest-runner/build/runTest.js:367:16)
    at runTest (/Users/st/workspace_ai/PagePouch/node_modules/jest-runner/build/runTest.js:444:34)
    at Object.worker (/Users/st/workspace_ai/PagePouch/node_modules/jest-runner/build/testWorker.js:106:12)</failure>
    </testcase>
  </testsuite>
  <testsuite name="tests/i18n.test.js" errors="0" failures="10" skipped="0" timestamp="2025-08-16T04:44:21" time="3.977" tests="30">
    <testcase classname="I18nManager › Language Detection" name="should detect English as default language" time="0.065">
    </testcase>
    <testcase classname="I18nManager › Language Detection" name="should detect Korean when browser language is ko-KR" time="0.001">
    </testcase>
    <testcase classname="I18nManager › Language Detection" name="should fallback to English for unsupported languages" time="0">
    </testcase>
    <testcase classname="I18nManager › Message Retrieval" name="should get message by key" time="0">
    </testcase>
    <testcase classname="I18nManager › Message Retrieval" name="should return key as fallback for missing messages" time="0">
    </testcase>
    <testcase classname="I18nManager › Message Retrieval" name="should handle substitutions" time="0.001">
    </testcase>
    <testcase classname="I18nManager › Language Support" name="should return supported languages" time="0">
    </testcase>
    <testcase classname="I18nManager › Language Support" name="should check if language is supported" time="0.001">
    </testcase>
    <testcase classname="I18nManager › Language Support" name="should set language manually" time="0">
    </testcase>
    <testcase classname="I18nManager › Language Support" name="should not set unsupported language" time="0">
    </testcase>
    <testcase classname="I18nManager › Language Display Names" name="should return correct display names" time="0">
    </testcase>
    <testcase classname="I18nManager › Language Display Names" name="should return uppercase code for unknown languages" time="0">
    </testcase>
    <testcase classname="I18nManager › Text Direction" name="should return LTR for supported languages" time="0">
    </testcase>
    <testcase classname="I18nManager › Number Formatting" name="should format numbers according to locale" time="0.014">
    </testcase>
    <testcase classname="I18nManager › Number Formatting" name="should handle formatting errors gracefully" time="0">
    </testcase>
    <testcase classname="I18nManager › Message Formatting" name="should format messages with named substitutions" time="0">
    </testcase>
    <testcase classname="I18nManager › Common Texts" name="should return common UI texts" time="0.001">
    </testcase>
    <testcase classname="Localization Functions › Element Localization" name="should localize elements with data-i18n attribute" time="0.01">
    </testcase>
    <testcase classname="Localization Functions › Element Localization" name="should localize input placeholders" time="0.002">
    </testcase>
    <testcase classname="Localization Functions › Element Localization" name="should localize element titles" time="0.002">
    </testcase>
    <testcase classname="Localization Functions › Dynamic Content Localization" name="should update element text with localized content" time="0.026">
      <failure>ReferenceError: updateElementText is not defined
    at Object.updateElementText (/Users/st/workspace_ai/PagePouch/tests/i18n.test.js:256:13)
    at Promise.then.completed (/Users/st/workspace_ai/PagePouch/node_modules/jest-circus/build/utils.js:298:28)
    at new Promise (&lt;anonymous&gt;)
    at callAsyncCircusFn (/Users/st/workspace_ai/PagePouch/node_modules/jest-circus/build/utils.js:231:10)
    at _callCircusTest (/Users/st/workspace_ai/PagePouch/node_modules/jest-circus/build/run.js:316:40)
    at processTicksAndRejections (node:internal/process/task_queues:105:5)
    at _runTest (/Users/st/workspace_ai/PagePouch/node_modules/jest-circus/build/run.js:252:3)
    at _runTestsForDescribeBlock (/Users/st/workspace_ai/PagePouch/node_modules/jest-circus/build/run.js:126:9)
    at _runTestsForDescribeBlock (/Users/st/workspace_ai/PagePouch/node_modules/jest-circus/build/run.js:121:9)
    at _runTestsForDescribeBlock (/Users/st/workspace_ai/PagePouch/node_modules/jest-circus/build/run.js:121:9)
    at run (/Users/st/workspace_ai/PagePouch/node_modules/jest-circus/build/run.js:71:3)
    at runAndTransformResultsToJestFormat (/Users/st/workspace_ai/PagePouch/node_modules/jest-circus/build/legacy-code-todo-rewrite/jestAdapterInit.js:122:21)
    at jestAdapter (/Users/st/workspace_ai/PagePouch/node_modules/jest-circus/build/legacy-code-todo-rewrite/jestAdapter.js:79:19)
    at runTestInternal (/Users/st/workspace_ai/PagePouch/node_modules/jest-runner/build/runTest.js:367:16)
    at runTest (/Users/st/workspace_ai/PagePouch/node_modules/jest-runner/build/runTest.js:444:34)
    at Object.worker (/Users/st/workspace_ai/PagePouch/node_modules/jest-runner/build/testWorker.js:106:12)</failure>
    </testcase>
    <testcase classname="Localization Functions › Dynamic Content Localization" name="should handle missing elements gracefully" time="0.034">
      <failure>Error: expect(received).not.toThrow()

Error name:    &quot;ReferenceError&quot;
Error message: &quot;updateElementText is not defined&quot;

      262 |         test(&apos;should handle missing elements gracefully&apos;, () =&gt; {
      263 |             expect(() =&gt; {
    &gt; 264 |                 updateElementText(&apos;nonexistent-element&apos;, &apos;popup_title&apos;);
          |                 ^
      265 |             }).not.toThrow();
      266 |         });
      267 |     });

      at updateElementText (tests/i18n.test.js:264:17)
      at Object.&lt;anonymous&gt; (node_modules/expect/build/toThrowMatchers.js:74:11)
      at Object.throwingMatcher [as toThrow] (node_modules/expect/build/index.js:320:21)
      at Object.toThrow (tests/i18n.test.js:265:20)
    at Object.toThrow (/Users/st/workspace_ai/PagePouch/tests/i18n.test.js:265:20)
    at Promise.then.completed (/Users/st/workspace_ai/PagePouch/node_modules/jest-circus/build/utils.js:298:28)
    at new Promise (&lt;anonymous&gt;)
    at callAsyncCircusFn (/Users/st/workspace_ai/PagePouch/node_modules/jest-circus/build/utils.js:231:10)
    at _callCircusTest (/Users/st/workspace_ai/PagePouch/node_modules/jest-circus/build/run.js:316:40)
    at processTicksAndRejections (node:internal/process/task_queues:105:5)
    at _runTest (/Users/st/workspace_ai/PagePouch/node_modules/jest-circus/build/run.js:252:3)
    at _runTestsForDescribeBlock (/Users/st/workspace_ai/PagePouch/node_modules/jest-circus/build/run.js:126:9)
    at _runTestsForDescribeBlock (/Users/st/workspace_ai/PagePouch/node_modules/jest-circus/build/run.js:121:9)
    at _runTestsForDescribeBlock (/Users/st/workspace_ai/PagePouch/node_modules/jest-circus/build/run.js:121:9)
    at run (/Users/st/workspace_ai/PagePouch/node_modules/jest-circus/build/run.js:71:3)
    at runAndTransformResultsToJestFormat (/Users/st/workspace_ai/PagePouch/node_modules/jest-circus/build/legacy-code-todo-rewrite/jestAdapterInit.js:122:21)
    at jestAdapter (/Users/st/workspace_ai/PagePouch/node_modules/jest-circus/build/legacy-code-todo-rewrite/jestAdapter.js:79:19)
    at runTestInternal (/Users/st/workspace_ai/PagePouch/node_modules/jest-runner/build/runTest.js:367:16)
    at runTest (/Users/st/workspace_ai/PagePouch/node_modules/jest-runner/build/runTest.js:444:34)
    at Object.worker (/Users/st/workspace_ai/PagePouch/node_modules/jest-runner/build/testWorker.js:106:12)</failure>
    </testcase>
    <testcase classname="Localization Functions › HTML Template Localization" name="should create localized HTML from template" time="0">
      <failure>ReferenceError: createLocalizedHTML is not defined
    at Object.createLocalizedHTML (/Users/st/workspace_ai/PagePouch/tests/i18n.test.js:274:28)
    at Promise.then.completed (/Users/st/workspace_ai/PagePouch/node_modules/jest-circus/build/utils.js:298:28)
    at new Promise (&lt;anonymous&gt;)
    at callAsyncCircusFn (/Users/st/workspace_ai/PagePouch/node_modules/jest-circus/build/utils.js:231:10)
    at _callCircusTest (/Users/st/workspace_ai/PagePouch/node_modules/jest-circus/build/run.js:316:40)
    at processTicksAndRejections (node:internal/process/task_queues:105:5)
    at _runTest (/Users/st/workspace_ai/PagePouch/node_modules/jest-circus/build/run.js:252:3)
    at _runTestsForDescribeBlock (/Users/st/workspace_ai/PagePouch/node_modules/jest-circus/build/run.js:126:9)
    at _runTestsForDescribeBlock (/Users/st/workspace_ai/PagePouch/node_modules/jest-circus/build/run.js:121:9)
    at _runTestsForDescribeBlock (/Users/st/workspace_ai/PagePouch/node_modules/jest-circus/build/run.js:121:9)
    at run (/Users/st/workspace_ai/PagePouch/node_modules/jest-circus/build/run.js:71:3)
    at runAndTransformResultsToJestFormat (/Users/st/workspace_ai/PagePouch/node_modules/jest-circus/build/legacy-code-todo-rewrite/jestAdapterInit.js:122:21)
    at jestAdapter (/Users/st/workspace_ai/PagePouch/node_modules/jest-circus/build/legacy-code-todo-rewrite/jestAdapter.js:79:19)
    at runTestInternal (/Users/st/workspace_ai/PagePouch/node_modules/jest-runner/build/runTest.js:367:16)
    at runTest (/Users/st/workspace_ai/PagePouch/node_modules/jest-runner/build/runTest.js:444:34)
    at Object.worker (/Users/st/workspace_ai/PagePouch/node_modules/jest-runner/build/testWorker.js:106:12)</failure>
    </testcase>
    <testcase classname="Localization Functions › Select Options Localization" name="should localize select options" time="0.001">
      <failure>ReferenceError: localizeSelectOptions is not defined
    at Object.localizeSelectOptions (/Users/st/workspace_ai/PagePouch/tests/i18n.test.js:298:13)
    at Promise.then.completed (/Users/st/workspace_ai/PagePouch/node_modules/jest-circus/build/utils.js:298:28)
    at new Promise (&lt;anonymous&gt;)
    at callAsyncCircusFn (/Users/st/workspace_ai/PagePouch/node_modules/jest-circus/build/utils.js:231:10)
    at _callCircusTest (/Users/st/workspace_ai/PagePouch/node_modules/jest-circus/build/run.js:316:40)
    at processTicksAndRejections (node:internal/process/task_queues:105:5)
    at _runTest (/Users/st/workspace_ai/PagePouch/node_modules/jest-circus/build/run.js:252:3)
    at _runTestsForDescribeBlock (/Users/st/workspace_ai/PagePouch/node_modules/jest-circus/build/run.js:126:9)
    at _runTestsForDescribeBlock (/Users/st/workspace_ai/PagePouch/node_modules/jest-circus/build/run.js:121:9)
    at _runTestsForDescribeBlock (/Users/st/workspace_ai/PagePouch/node_modules/jest-circus/build/run.js:121:9)
    at run (/Users/st/workspace_ai/PagePouch/node_modules/jest-circus/build/run.js:71:3)
    at runAndTransformResultsToJestFormat (/Users/st/workspace_ai/PagePouch/node_modules/jest-circus/build/legacy-code-todo-rewrite/jestAdapterInit.js:122:21)
    at jestAdapter (/Users/st/workspace_ai/PagePouch/node_modules/jest-circus/build/legacy-code-todo-rewrite/jestAdapter.js:79:19)
    at runTestInternal (/Users/st/workspace_ai/PagePouch/node_modules/jest-runner/build/runTest.js:367:16)
    at runTest (/Users/st/workspace_ai/PagePouch/node_modules/jest-runner/build/runTest.js:444:34)
    at Object.worker (/Users/st/workspace_ai/PagePouch/node_modules/jest-runner/build/testWorker.js:106:12)</failure>
    </testcase>
    <testcase classname="Localization Functions › Error Message Localization" name="should return localized error messages" time="0.001">
      <failure>ReferenceError: getLocalizedErrorMessage is not defined
    at Object.expect (/Users/st/workspace_ai/PagePouch/tests/i18n.test.js:310:13)
    at Promise.then.completed (/Users/st/workspace_ai/PagePouch/node_modules/jest-circus/build/utils.js:298:28)
    at new Promise (&lt;anonymous&gt;)
    at callAsyncCircusFn (/Users/st/workspace_ai/PagePouch/node_modules/jest-circus/build/utils.js:231:10)
    at _callCircusTest (/Users/st/workspace_ai/PagePouch/node_modules/jest-circus/build/run.js:316:40)
    at processTicksAndRejections (node:internal/process/task_queues:105:5)
    at _runTest (/Users/st/workspace_ai/PagePouch/node_modules/jest-circus/build/run.js:252:3)
    at _runTestsForDescribeBlock (/Users/st/workspace_ai/PagePouch/node_modules/jest-circus/build/run.js:126:9)
    at _runTestsForDescribeBlock (/Users/st/workspace_ai/PagePouch/node_modules/jest-circus/build/run.js:121:9)
    at _runTestsForDescribeBlock (/Users/st/workspace_ai/PagePouch/node_modules/jest-circus/build/run.js:121:9)
    at run (/Users/st/workspace_ai/PagePouch/node_modules/jest-circus/build/run.js:71:3)
    at runAndTransformResultsToJestFormat (/Users/st/workspace_ai/PagePouch/node_modules/jest-circus/build/legacy-code-todo-rewrite/jestAdapterInit.js:122:21)
    at jestAdapter (/Users/st/workspace_ai/PagePouch/node_modules/jest-circus/build/legacy-code-todo-rewrite/jestAdapter.js:79:19)
    at runTestInternal (/Users/st/workspace_ai/PagePouch/node_modules/jest-runner/build/runTest.js:367:16)
    at runTest (/Users/st/workspace_ai/PagePouch/node_modules/jest-runner/build/runTest.js:444:34)
    at Object.worker (/Users/st/workspace_ai/PagePouch/node_modules/jest-runner/build/testWorker.js:106:12)</failure>
    </testcase>
    <testcase classname="Localization Functions › Error Message Localization" name="should include error details when provided" time="0">
      <failure>ReferenceError: getLocalizedErrorMessage is not defined
    at Object.getLocalizedErrorMessage (/Users/st/workspace_ai/PagePouch/tests/i18n.test.js:317:34)
    at Promise.then.completed (/Users/st/workspace_ai/PagePouch/node_modules/jest-circus/build/utils.js:298:28)
    at new Promise (&lt;anonymous&gt;)
    at callAsyncCircusFn (/Users/st/workspace_ai/PagePouch/node_modules/jest-circus/build/utils.js:231:10)
    at _callCircusTest (/Users/st/workspace_ai/PagePouch/node_modules/jest-circus/build/run.js:316:40)
    at processTicksAndRejections (node:internal/process/task_queues:105:5)
    at _runTest (/Users/st/workspace_ai/PagePouch/node_modules/jest-circus/build/run.js:252:3)
    at _runTestsForDescribeBlock (/Users/st/workspace_ai/PagePouch/node_modules/jest-circus/build/run.js:126:9)
    at _runTestsForDescribeBlock (/Users/st/workspace_ai/PagePouch/node_modules/jest-circus/build/run.js:121:9)
    at _runTestsForDescribeBlock (/Users/st/workspace_ai/PagePouch/node_modules/jest-circus/build/run.js:121:9)
    at run (/Users/st/workspace_ai/PagePouch/node_modules/jest-circus/build/run.js:71:3)
    at runAndTransformResultsToJestFormat (/Users/st/workspace_ai/PagePouch/node_modules/jest-circus/build/legacy-code-todo-rewrite/jestAdapterInit.js:122:21)
    at jestAdapter (/Users/st/workspace_ai/PagePouch/node_modules/jest-circus/build/legacy-code-todo-rewrite/jestAdapter.js:79:19)
    at runTestInternal (/Users/st/workspace_ai/PagePouch/node_modules/jest-runner/build/runTest.js:367:16)
    at runTest (/Users/st/workspace_ai/PagePouch/node_modules/jest-runner/build/runTest.js:444:34)
    at Object.worker (/Users/st/workspace_ai/PagePouch/node_modules/jest-runner/build/testWorker.js:106:12)</failure>
    </testcase>
    <testcase classname="Localization Functions › Language Detection Helpers" name="should detect current language correctly" time="0">
      <failure>ReferenceError: getCurrentLanguage is not defined
    at Object.expect (/Users/st/workspace_ai/PagePouch/tests/i18n.test.js:326:13)
    at Promise.then.completed (/Users/st/workspace_ai/PagePouch/node_modules/jest-circus/build/utils.js:298:28)
    at new Promise (&lt;anonymous&gt;)
    at callAsyncCircusFn (/Users/st/workspace_ai/PagePouch/node_modules/jest-circus/build/utils.js:231:10)
    at _callCircusTest (/Users/st/workspace_ai/PagePouch/node_modules/jest-circus/build/run.js:316:40)
    at processTicksAndRejections (node:internal/process/task_queues:105:5)
    at _runTest (/Users/st/workspace_ai/PagePouch/node_modules/jest-circus/build/run.js:252:3)
    at _runTestsForDescribeBlock (/Users/st/workspace_ai/PagePouch/node_modules/jest-circus/build/run.js:126:9)
    at _runTestsForDescribeBlock (/Users/st/workspace_ai/PagePouch/node_modules/jest-circus/build/run.js:121:9)
    at _runTestsForDescribeBlock (/Users/st/workspace_ai/PagePouch/node_modules/jest-circus/build/run.js:121:9)
    at run (/Users/st/workspace_ai/PagePouch/node_modules/jest-circus/build/run.js:71:3)
    at runAndTransformResultsToJestFormat (/Users/st/workspace_ai/PagePouch/node_modules/jest-circus/build/legacy-code-todo-rewrite/jestAdapterInit.js:122:21)
    at jestAdapter (/Users/st/workspace_ai/PagePouch/node_modules/jest-circus/build/legacy-code-todo-rewrite/jestAdapter.js:79:19)
    at runTestInternal (/Users/st/workspace_ai/PagePouch/node_modules/jest-runner/build/runTest.js:367:16)
    at runTest (/Users/st/workspace_ai/PagePouch/node_modules/jest-runner/build/runTest.js:444:34)
    at Object.worker (/Users/st/workspace_ai/PagePouch/node_modules/jest-runner/build/testWorker.js:106:12)</failure>
    </testcase>
    <testcase classname="Date and Number Formatting" name="should format dates according to locale" time="0.001">
      <failure>ReferenceError: formatDate is not defined
    at Object.formatDate (/Users/st/workspace_ai/PagePouch/tests/i18n.test.js:351:27)
    at Promise.then.completed (/Users/st/workspace_ai/PagePouch/node_modules/jest-circus/build/utils.js:298:28)
    at new Promise (&lt;anonymous&gt;)
    at callAsyncCircusFn (/Users/st/workspace_ai/PagePouch/node_modules/jest-circus/build/utils.js:231:10)
    at _callCircusTest (/Users/st/workspace_ai/PagePouch/node_modules/jest-circus/build/run.js:316:40)
    at processTicksAndRejections (node:internal/process/task_queues:105:5)
    at _runTest (/Users/st/workspace_ai/PagePouch/node_modules/jest-circus/build/run.js:252:3)
    at _runTestsForDescribeBlock (/Users/st/workspace_ai/PagePouch/node_modules/jest-circus/build/run.js:126:9)
    at _runTestsForDescribeBlock (/Users/st/workspace_ai/PagePouch/node_modules/jest-circus/build/run.js:121:9)
    at run (/Users/st/workspace_ai/PagePouch/node_modules/jest-circus/build/run.js:71:3)
    at runAndTransformResultsToJestFormat (/Users/st/workspace_ai/PagePouch/node_modules/jest-circus/build/legacy-code-todo-rewrite/jestAdapterInit.js:122:21)
    at jestAdapter (/Users/st/workspace_ai/PagePouch/node_modules/jest-circus/build/legacy-code-todo-rewrite/jestAdapter.js:79:19)
    at runTestInternal (/Users/st/workspace_ai/PagePouch/node_modules/jest-runner/build/runTest.js:367:16)
    at runTest (/Users/st/workspace_ai/PagePouch/node_modules/jest-runner/build/runTest.js:444:34)
    at Object.worker (/Users/st/workspace_ai/PagePouch/node_modules/jest-runner/build/testWorker.js:106:12)</failure>
    </testcase>
    <testcase classname="Date and Number Formatting" name="should format numbers according to locale" time="0">
      <failure>ReferenceError: formatNumber is not defined
    at Object.formatNumber (/Users/st/workspace_ai/PagePouch/tests/i18n.test.js:359:27)
    at Promise.then.completed (/Users/st/workspace_ai/PagePouch/node_modules/jest-circus/build/utils.js:298:28)
    at new Promise (&lt;anonymous&gt;)
    at callAsyncCircusFn (/Users/st/workspace_ai/PagePouch/node_modules/jest-circus/build/utils.js:231:10)
    at _callCircusTest (/Users/st/workspace_ai/PagePouch/node_modules/jest-circus/build/run.js:316:40)
    at processTicksAndRejections (node:internal/process/task_queues:105:5)
    at _runTest (/Users/st/workspace_ai/PagePouch/node_modules/jest-circus/build/run.js:252:3)
    at _runTestsForDescribeBlock (/Users/st/workspace_ai/PagePouch/node_modules/jest-circus/build/run.js:126:9)
    at _runTestsForDescribeBlock (/Users/st/workspace_ai/PagePouch/node_modules/jest-circus/build/run.js:121:9)
    at run (/Users/st/workspace_ai/PagePouch/node_modules/jest-circus/build/run.js:71:3)
    at runAndTransformResultsToJestFormat (/Users/st/workspace_ai/PagePouch/node_modules/jest-circus/build/legacy-code-todo-rewrite/jestAdapterInit.js:122:21)
    at jestAdapter (/Users/st/workspace_ai/PagePouch/node_modules/jest-circus/build/legacy-code-todo-rewrite/jestAdapter.js:79:19)
    at runTestInternal (/Users/st/workspace_ai/PagePouch/node_modules/jest-runner/build/runTest.js:367:16)
    at runTest (/Users/st/workspace_ai/PagePouch/node_modules/jest-runner/build/runTest.js:444:34)
    at Object.worker (/Users/st/workspace_ai/PagePouch/node_modules/jest-runner/build/testWorker.js:106:12)</failure>
    </testcase>
    <testcase classname="Date and Number Formatting" name="should format relative time" time="0">
      <failure>ReferenceError: formatRelativeTime is not defined
    at Object.formatRelativeTime (/Users/st/workspace_ai/PagePouch/tests/i18n.test.js:367:27)
    at Promise.then.completed (/Users/st/workspace_ai/PagePouch/node_modules/jest-circus/build/utils.js:298:28)
    at new Promise (&lt;anonymous&gt;)
    at callAsyncCircusFn (/Users/st/workspace_ai/PagePouch/node_modules/jest-circus/build/utils.js:231:10)
    at _callCircusTest (/Users/st/workspace_ai/PagePouch/node_modules/jest-circus/build/run.js:316:40)
    at processTicksAndRejections (node:internal/process/task_queues:105:5)
    at _runTest (/Users/st/workspace_ai/PagePouch/node_modules/jest-circus/build/run.js:252:3)
    at _runTestsForDescribeBlock (/Users/st/workspace_ai/PagePouch/node_modules/jest-circus/build/run.js:126:9)
    at _runTestsForDescribeBlock (/Users/st/workspace_ai/PagePouch/node_modules/jest-circus/build/run.js:121:9)
    at run (/Users/st/workspace_ai/PagePouch/node_modules/jest-circus/build/run.js:71:3)
    at runAndTransformResultsToJestFormat (/Users/st/workspace_ai/PagePouch/node_modules/jest-circus/build/legacy-code-todo-rewrite/jestAdapterInit.js:122:21)
    at jestAdapter (/Users/st/workspace_ai/PagePouch/node_modules/jest-circus/build/legacy-code-todo-rewrite/jestAdapter.js:79:19)
    at runTestInternal (/Users/st/workspace_ai/PagePouch/node_modules/jest-runner/build/runTest.js:367:16)
    at runTest (/Users/st/workspace_ai/PagePouch/node_modules/jest-runner/build/runTest.js:444:34)
    at Object.worker (/Users/st/workspace_ai/PagePouch/node_modules/jest-runner/build/testWorker.js:106:12)</failure>
    </testcase>
  </testsuite>
  <testsuite name="tests/lifecycle-management.test.js" errors="0" failures="17" skipped="0" timestamp="2025-08-16T04:44:21" time="4.005" tests="30">
    <testcase classname="ExtensionLifecycleManager › Installation Handling" name="should handle first-time installation" time="0.101">
      <failure>Error: expect(received).toBeTruthy()

Received: null
    at Object.toBeTruthy (/Users/st/workspace_ai/PagePouch/tests/lifecycle-management.test.js:407:50)
    at processTicksAndRejections (node:internal/process/task_queues:105:5)</failure>
    </testcase>
    <testcase classname="ExtensionLifecycleManager › Installation Handling" name="should handle extension updates" time="0.042">
      <failure>Error: expect(received).toBeTruthy()

Received: null
    at Object.toBeTruthy (/Users/st/workspace_ai/PagePouch/tests/lifecycle-management.test.js:423:53)
    at processTicksAndRejections (node:internal/process/task_queues:105:5)</failure>
    </testcase>
    <testcase classname="ExtensionLifecycleManager › Installation Handling" name="should handle Chrome updates" time="0.001">
      <failure>Error: expect(received).toBeTruthy()

Received: null
    at Object.toBeTruthy (/Users/st/workspace_ai/PagePouch/tests/lifecycle-management.test.js:432:50)
    at processTicksAndRejections (node:internal/process/task_queues:105:5)</failure>
    </testcase>
    <testcase classname="ExtensionLifecycleManager › Installation Handling" name="should handle shared module updates" time="0">
      <failure>Error: expect(received).toBeTruthy()

Received: null
    at Object.toBeTruthy (/Users/st/workspace_ai/PagePouch/tests/lifecycle-management.test.js:440:50)
    at processTicksAndRejections (node:internal/process/task_queues:105:5)</failure>
    </testcase>
    <testcase classname="ExtensionLifecycleManager › Installation Handling" name="should handle installation errors gracefully" time="0">
      <failure>Error: expect(received).toBeGreaterThan(expected)

Expected: &gt; 0
Received:   0
    at Object.toBeGreaterThan (/Users/st/workspace_ai/PagePouch/tests/lifecycle-management.test.js:449:49)
    at processTicksAndRejections (node:internal/process/task_queues:105:5)</failure>
    </testcase>
    <testcase classname="ExtensionLifecycleManager › Service Worker Lifecycle" name="should handle startup correctly" time="0">
    </testcase>
    <testcase classname="ExtensionLifecycleManager › Service Worker Lifecycle" name="should handle suspend correctly" time="0">
    </testcase>
    <testcase classname="ExtensionLifecycleManager › Service Worker Lifecycle" name="should handle suspend cancellation" time="0">
    </testcase>
    <testcase classname="ExtensionLifecycleManager › Error Handling" name="should handle unhandled promise rejections" time="0.002">
      <failure>Error: expect(received).toBe(expected) // Object.is equality

Expected: 1
Received: 0
    at Object.toBe (/Users/st/workspace_ai/PagePouch/tests/lifecycle-management.test.js:487:49)
    at processTicksAndRejections (node:internal/process/task_queues:105:5)</failure>
    </testcase>
    <testcase classname="ExtensionLifecycleManager › Error Handling" name="should handle uncaught errors" time="0.001">
      <failure>Error: expect(received).toBe(expected) // Object.is equality

Expected: 1
Received: 0
    at Object.toBe (/Users/st/workspace_ai/PagePouch/tests/lifecycle-management.test.js:499:49)
    at processTicksAndRejections (node:internal/process/task_queues:105:5)</failure>
    </testcase>
    <testcase classname="ExtensionLifecycleManager › Error Handling" name="should attempt recovery on errors" time="0">
      <failure>Error: Settings error
    at Object.&lt;anonymous&gt; (/Users/st/workspace_ai/PagePouch/tests/lifecycle-management.test.js:445:57)
    at Promise.then.completed (/Users/st/workspace_ai/PagePouch/node_modules/jest-circus/build/utils.js:298:28)
    at new Promise (&lt;anonymous&gt;)
    at callAsyncCircusFn (/Users/st/workspace_ai/PagePouch/node_modules/jest-circus/build/utils.js:231:10)
    at _callCircusTest (/Users/st/workspace_ai/PagePouch/node_modules/jest-circus/build/run.js:316:40)
    at processTicksAndRejections (node:internal/process/task_queues:105:5)
    at _runTest (/Users/st/workspace_ai/PagePouch/node_modules/jest-circus/build/run.js:252:3)
    at _runTestsForDescribeBlock (/Users/st/workspace_ai/PagePouch/node_modules/jest-circus/build/run.js:126:9)
    at _runTestsForDescribeBlock (/Users/st/workspace_ai/PagePouch/node_modules/jest-circus/build/run.js:121:9)
    at _runTestsForDescribeBlock (/Users/st/workspace_ai/PagePouch/node_modules/jest-circus/build/run.js:121:9)
    at run (/Users/st/workspace_ai/PagePouch/node_modules/jest-circus/build/run.js:71:3)
    at runAndTransformResultsToJestFormat (/Users/st/workspace_ai/PagePouch/node_modules/jest-circus/build/legacy-code-todo-rewrite/jestAdapterInit.js:122:21)
    at jestAdapter (/Users/st/workspace_ai/PagePouch/node_modules/jest-circus/build/legacy-code-todo-rewrite/jestAdapter.js:79:19)
    at runTestInternal (/Users/st/workspace_ai/PagePouch/node_modules/jest-runner/build/runTest.js:367:16)
    at runTest (/Users/st/workspace_ai/PagePouch/node_modules/jest-runner/build/runTest.js:444:34)
    at Object.worker (/Users/st/workspace_ai/PagePouch/node_modules/jest-runner/build/testWorker.js:106:12)</failure>
    </testcase>
    <testcase classname="ExtensionLifecycleManager › Error Handling" name="should perform emergency reset after max recovery attempts" time="0.003">
      <failure>Error: expect(jest.fn()).toHaveBeenCalled()

Expected number of calls: &gt;= 1
Received number of calls:    0
    at Object.toHaveBeenCalled (/Users/st/workspace_ai/PagePouch/tests/lifecycle-management.test.js:520:48)
    at processTicksAndRejections (node:internal/process/task_queues:105:5)</failure>
    </testcase>
    <testcase classname="ExtensionLifecycleManager › Health Monitoring" name="should initialize health monitoring" time="0">
    </testcase>
    <testcase classname="ExtensionLifecycleManager › Health Monitoring" name="should stop health monitoring" time="0.001">
    </testcase>
    <testcase classname="ExtensionLifecycleManager › Health Monitoring" name="should perform health checks" time="0">
    </testcase>
    <testcase classname="ExtensionLifecycleManager › Health Monitoring" name="should detect high memory usage" time="0">
      <failure>Error: expect(received).toBeGreaterThan(expected)

Expected: &gt; 0
Received:   0
    at Object.toBeGreaterThan (/Users/st/workspace_ai/PagePouch/tests/lifecycle-management.test.js:554:49)
    at processTicksAndRejections (node:internal/process/task_queues:105:5)</failure>
    </testcase>
    <testcase classname="ExtensionLifecycleManager › Health Monitoring" name="should detect high error count" time="0.026">
      <failure>Error: expect(received).toBeGreaterThan(expected)

Expected: &gt; 0
Received:   0
    at Object.toBeGreaterThan (/Users/st/workspace_ai/PagePouch/tests/lifecycle-management.test.js:562:55)
    at processTicksAndRejections (node:internal/process/task_queues:105:5)</failure>
    </testcase>
    <testcase classname="ExtensionLifecycleManager › Health Monitoring" name="should limit memory usage metrics" time="0">
    </testcase>
    <testcase classname="ExtensionLifecycleManager › Recovery Strategies" name="should recover from storage errors" time="0">
      <failure>Error: Settings error
    at Object.&lt;anonymous&gt; (/Users/st/workspace_ai/PagePouch/tests/lifecycle-management.test.js:445:57)
    at Promise.then.completed (/Users/st/workspace_ai/PagePouch/node_modules/jest-circus/build/utils.js:298:28)
    at new Promise (&lt;anonymous&gt;)
    at callAsyncCircusFn (/Users/st/workspace_ai/PagePouch/node_modules/jest-circus/build/utils.js:231:10)
    at _callCircusTest (/Users/st/workspace_ai/PagePouch/node_modules/jest-circus/build/run.js:316:40)
    at processTicksAndRejections (node:internal/process/task_queues:105:5)
    at _runTest (/Users/st/workspace_ai/PagePouch/node_modules/jest-circus/build/run.js:252:3)
    at _runTestsForDescribeBlock (/Users/st/workspace_ai/PagePouch/node_modules/jest-circus/build/run.js:126:9)
    at _runTestsForDescribeBlock (/Users/st/workspace_ai/PagePouch/node_modules/jest-circus/build/run.js:121:9)
    at _runTestsForDescribeBlock (/Users/st/workspace_ai/PagePouch/node_modules/jest-circus/build/run.js:121:9)
    at run (/Users/st/workspace_ai/PagePouch/node_modules/jest-circus/build/run.js:71:3)
    at runAndTransformResultsToJestFormat (/Users/st/workspace_ai/PagePouch/node_modules/jest-circus/build/legacy-code-todo-rewrite/jestAdapterInit.js:122:21)
    at jestAdapter (/Users/st/workspace_ai/PagePouch/node_modules/jest-circus/build/legacy-code-todo-rewrite/jestAdapter.js:79:19)
    at runTestInternal (/Users/st/workspace_ai/PagePouch/node_modules/jest-runner/build/runTest.js:367:16)
    at runTest (/Users/st/workspace_ai/PagePouch/node_modules/jest-runner/build/runTest.js:444:34)
    at Object.worker (/Users/st/workspace_ai/PagePouch/node_modules/jest-runner/build/testWorker.js:106:12)</failure>
    </testcase>
    <testcase classname="ExtensionLifecycleManager › Recovery Strategies" name="should recover from API errors" time="0.004">
      <failure>Error: expect(jest.fn()).toHaveBeenCalledWith(...expected)

Expected: {&quot;_apiErrorRecovery&quot;: true, &quot;enableAISummary&quot;: false}

Number of calls: 0
    at Object.toHaveBeenCalledWith (/Users/st/workspace_ai/PagePouch/tests/lifecycle-management.test.js:599:54)
    at processTicksAndRejections (node:internal/process/task_queues:105:5)</failure>
    </testcase>
    <testcase classname="ExtensionLifecycleManager › Recovery Strategies" name="should recover from memory errors" time="0">
    </testcase>
    <testcase classname="ExtensionLifecycleManager › Recovery Strategies" name="should perform generic recovery" time="0">
    </testcase>
    <testcase classname="ExtensionLifecycleManager › Metrics and Analytics" name="should record lifecycle events" time="0">
    </testcase>
    <testcase classname="ExtensionLifecycleManager › Metrics and Analytics" name="should record installation analytics" time="0">
      <failure>TypeError: chrome.runtime.getManifest is not a function
    at ExtensionLifecycleManager.getManifest [as recordInstallationAnalytics] (/Users/st/workspace_ai/PagePouch/tests/lifecycle-management.test.js:342:37)
    at Object.recordInstallationAnalytics (/Users/st/workspace_ai/PagePouch/tests/lifecycle-management.test.js:634:36)
    at Promise.then.completed (/Users/st/workspace_ai/PagePouch/node_modules/jest-circus/build/utils.js:298:28)
    at new Promise (&lt;anonymous&gt;)
    at callAsyncCircusFn (/Users/st/workspace_ai/PagePouch/node_modules/jest-circus/build/utils.js:231:10)
    at _callCircusTest (/Users/st/workspace_ai/PagePouch/node_modules/jest-circus/build/run.js:316:40)
    at processTicksAndRejections (node:internal/process/task_queues:105:5)
    at _runTest (/Users/st/workspace_ai/PagePouch/node_modules/jest-circus/build/run.js:252:3)
    at _runTestsForDescribeBlock (/Users/st/workspace_ai/PagePouch/node_modules/jest-circus/build/run.js:126:9)
    at _runTestsForDescribeBlock (/Users/st/workspace_ai/PagePouch/node_modules/jest-circus/build/run.js:121:9)
    at _runTestsForDescribeBlock (/Users/st/workspace_ai/PagePouch/node_modules/jest-circus/build/run.js:121:9)
    at run (/Users/st/workspace_ai/PagePouch/node_modules/jest-circus/build/run.js:71:3)
    at runAndTransformResultsToJestFormat (/Users/st/workspace_ai/PagePouch/node_modules/jest-circus/build/legacy-code-todo-rewrite/jestAdapterInit.js:122:21)
    at jestAdapter (/Users/st/workspace_ai/PagePouch/node_modules/jest-circus/build/legacy-code-todo-rewrite/jestAdapter.js:79:19)
    at runTestInternal (/Users/st/workspace_ai/PagePouch/node_modules/jest-runner/build/runTest.js:367:16)
    at runTest (/Users/st/workspace_ai/PagePouch/node_modules/jest-runner/build/runTest.js:444:34)
    at Object.worker (/Users/st/workspace_ai/PagePouch/node_modules/jest-runner/build/testWorker.js:106:12)</failure>
    </testcase>
    <testcase classname="ExtensionLifecycleManager › Metrics and Analytics" name="should log errors with metrics" time="0.001">
    </testcase>
    <testcase classname="ExtensionLifecycleManager › Metrics and Analytics" name="should save lifecycle metrics" time="0">
    </testcase>
    <testcase classname="ExtensionLifecycleManager › Metrics and Analytics" name="should cleanup old metrics" time="0.001">
    </testcase>
    <testcase classname="ExtensionLifecycleManager › Integration Tests" name="should handle complete lifecycle flow" time="0">
      <failure>Error: expect(received).toBeTruthy()

Received: null
    at Object.toBeTruthy (/Users/st/workspace_ai/PagePouch/tests/lifecycle-management.test.js:688:50)
    at processTicksAndRejections (node:internal/process/task_queues:105:5)</failure>
    </testcase>
    <testcase classname="ExtensionLifecycleManager › Integration Tests" name="should maintain state consistency" time="0">
      <failure>Error: expect(received).toBe(expected) // Object.is equality

Expected: 1
Received: 0
    at Object.toBe (/Users/st/workspace_ai/PagePouch/tests/lifecycle-management.test.js:713:49)
    at processTicksAndRejections (node:internal/process/task_queues:105:5)</failure>
    </testcase>
    <testcase classname="ExtensionLifecycleManager › Integration Tests" name="should handle concurrent operations" time="0.001">
      <failure>Error: expect(received).toBe(expected) // Object.is equality

Expected: 2
Received: 0
    at Object.toBe (/Users/st/workspace_ai/PagePouch/tests/lifecycle-management.test.js:727:49)
    at processTicksAndRejections (node:internal/process/task_queues:105:5)</failure>
    </testcase>
  </testsuite>
  <testsuite name="tests/message-router.test.js" errors="0" failures="7" skipped="0" timestamp="2025-08-16T04:44:21" time="4.142" tests="24">
    <testcase classname="MessageRouter › Handler Registration" name="should register handlers correctly" time="0.091">
    </testcase>
    <testcase classname="MessageRouter › Handler Registration" name="should allow custom handler registration" time="0.001">
    </testcase>
    <testcase classname="MessageRouter › Middleware System" name="should execute middleware in order" time="0.001">
    </testcase>
    <testcase classname="MessageRouter › Middleware System" name="should handle middleware errors" time="0.049">
    </testcase>
    <testcase classname="MessageRouter › Request Validation" name="should reject messages without action" time="0">
    </testcase>
    <testcase classname="MessageRouter › Request Validation" name="should reject unknown actions" time="0.001">
    </testcase>
    <testcase classname="MessageRouter › Request Validation" name="should accept valid messages" time="0">
    </testcase>
    <testcase classname="MessageRouter › Rate Limiting" name="should allow requests under rate limit" time="0">
    </testcase>
    <testcase classname="MessageRouter › Rate Limiting" name="should block requests over rate limit" time="0.001">
    </testcase>
    <testcase classname="MessageRouter › Rate Limiting" name="should reset rate limits after time window" time="0">
      <failure>Error: Rate limit exceeded
    at /Users/st/workspace_ai/PagePouch/tests/message-router.test.js:111:23
    at middleware (/Users/st/workspace_ai/PagePouch/tests/message-router.test.js:161:30)
    at next (/Users/st/workspace_ai/PagePouch/tests/message-router.test.js:95:38)
    at middleware (/Users/st/workspace_ai/PagePouch/tests/message-router.test.js:161:30)
    at MessageRouter.next [as processMessage] (/Users/st/workspace_ai/PagePouch/tests/message-router.test.js:168:22)
    at Object.processMessage (/Users/st/workspace_ai/PagePouch/tests/message-router.test.js:363:48)
    at processTicksAndRejections (node:internal/process/task_queues:105:5)</failure>
    </testcase>
    <testcase classname="MessageRouter › Request Tracking" name="should track active requests" time="0.102">
    </testcase>
    <testcase classname="MessageRouter › Request Tracking" name="should track requests by tab" time="0.051">
    </testcase>
    <testcase classname="MessageRouter › System Information" name="should provide system information" time="0">
    </testcase>
    <testcase classname="MessageRouter › Error Handling" name="should handle handler errors gracefully" time="0.001">
    </testcase>
    <testcase classname="MessageRouter › Error Handling" name="should provide meaningful error messages" time="0">
    </testcase>
    <testcase classname="PageSaveOrchestrator › Successful Page Save" name="should complete all steps successfully" time="0.001">
      <failure>TypeError: Cannot read properties of undefined (reading &apos;mockResolvedValue&apos;)
    at Object.mockResolvedValue (/Users/st/workspace_ai/PagePouch/tests/message-router.test.js:597:25)
    at Promise.then.completed (/Users/st/workspace_ai/PagePouch/node_modules/jest-circus/build/utils.js:298:28)
    at new Promise (&lt;anonymous&gt;)
    at callAsyncCircusFn (/Users/st/workspace_ai/PagePouch/node_modules/jest-circus/build/utils.js:231:10)
    at _callCircusHook (/Users/st/workspace_ai/PagePouch/node_modules/jest-circus/build/run.js:281:40)
    at _runTest (/Users/st/workspace_ai/PagePouch/node_modules/jest-circus/build/run.js:246:5)
    at _runTestsForDescribeBlock (/Users/st/workspace_ai/PagePouch/node_modules/jest-circus/build/run.js:126:9)
    at _runTestsForDescribeBlock (/Users/st/workspace_ai/PagePouch/node_modules/jest-circus/build/run.js:121:9)
    at _runTestsForDescribeBlock (/Users/st/workspace_ai/PagePouch/node_modules/jest-circus/build/run.js:121:9)
    at run (/Users/st/workspace_ai/PagePouch/node_modules/jest-circus/build/run.js:71:3)
    at runAndTransformResultsToJestFormat (/Users/st/workspace_ai/PagePouch/node_modules/jest-circus/build/legacy-code-todo-rewrite/jestAdapterInit.js:122:21)
    at jestAdapter (/Users/st/workspace_ai/PagePouch/node_modules/jest-circus/build/legacy-code-todo-rewrite/jestAdapter.js:79:19)
    at runTestInternal (/Users/st/workspace_ai/PagePouch/node_modules/jest-runner/build/runTest.js:367:16)
    at runTest (/Users/st/workspace_ai/PagePouch/node_modules/jest-runner/build/runTest.js:444:34)
    at Object.worker (/Users/st/workspace_ai/PagePouch/node_modules/jest-runner/build/testWorker.js:106:12)</failure>
    </testcase>
    <testcase classname="PageSaveOrchestrator › Successful Page Save" name="should provide timing information" time="0">
      <failure>TypeError: Cannot read properties of undefined (reading &apos;mockResolvedValue&apos;)
    at Object.mockResolvedValue (/Users/st/workspace_ai/PagePouch/tests/message-router.test.js:597:25)
    at Promise.then.completed (/Users/st/workspace_ai/PagePouch/node_modules/jest-circus/build/utils.js:298:28)
    at new Promise (&lt;anonymous&gt;)
    at callAsyncCircusFn (/Users/st/workspace_ai/PagePouch/node_modules/jest-circus/build/utils.js:231:10)
    at _callCircusHook (/Users/st/workspace_ai/PagePouch/node_modules/jest-circus/build/run.js:281:40)
    at _runTest (/Users/st/workspace_ai/PagePouch/node_modules/jest-circus/build/run.js:246:5)
    at _runTestsForDescribeBlock (/Users/st/workspace_ai/PagePouch/node_modules/jest-circus/build/run.js:126:9)
    at _runTestsForDescribeBlock (/Users/st/workspace_ai/PagePouch/node_modules/jest-circus/build/run.js:121:9)
    at _runTestsForDescribeBlock (/Users/st/workspace_ai/PagePouch/node_modules/jest-circus/build/run.js:121:9)
    at run (/Users/st/workspace_ai/PagePouch/node_modules/jest-circus/build/run.js:71:3)
    at runAndTransformResultsToJestFormat (/Users/st/workspace_ai/PagePouch/node_modules/jest-circus/build/legacy-code-todo-rewrite/jestAdapterInit.js:122:21)
    at jestAdapter (/Users/st/workspace_ai/PagePouch/node_modules/jest-circus/build/legacy-code-todo-rewrite/jestAdapter.js:79:19)
    at runTestInternal (/Users/st/workspace_ai/PagePouch/node_modules/jest-runner/build/runTest.js:367:16)
    at runTest (/Users/st/workspace_ai/PagePouch/node_modules/jest-runner/build/runTest.js:444:34)
    at Object.worker (/Users/st/workspace_ai/PagePouch/node_modules/jest-runner/build/testWorker.js:106:12)</failure>
    </testcase>
    <testcase classname="PageSaveOrchestrator › Successful Page Save" name="should create proper page object" time="0">
      <failure>TypeError: Cannot read properties of undefined (reading &apos;mockResolvedValue&apos;)
    at Object.mockResolvedValue (/Users/st/workspace_ai/PagePouch/tests/message-router.test.js:597:25)
    at Promise.then.completed (/Users/st/workspace_ai/PagePouch/node_modules/jest-circus/build/utils.js:298:28)
    at new Promise (&lt;anonymous&gt;)
    at callAsyncCircusFn (/Users/st/workspace_ai/PagePouch/node_modules/jest-circus/build/utils.js:231:10)
    at _callCircusHook (/Users/st/workspace_ai/PagePouch/node_modules/jest-circus/build/run.js:281:40)
    at _runTest (/Users/st/workspace_ai/PagePouch/node_modules/jest-circus/build/run.js:246:5)
    at _runTestsForDescribeBlock (/Users/st/workspace_ai/PagePouch/node_modules/jest-circus/build/run.js:126:9)
    at _runTestsForDescribeBlock (/Users/st/workspace_ai/PagePouch/node_modules/jest-circus/build/run.js:121:9)
    at _runTestsForDescribeBlock (/Users/st/workspace_ai/PagePouch/node_modules/jest-circus/build/run.js:121:9)
    at run (/Users/st/workspace_ai/PagePouch/node_modules/jest-circus/build/run.js:71:3)
    at runAndTransformResultsToJestFormat (/Users/st/workspace_ai/PagePouch/node_modules/jest-circus/build/legacy-code-todo-rewrite/jestAdapterInit.js:122:21)
    at jestAdapter (/Users/st/workspace_ai/PagePouch/node_modules/jest-circus/build/legacy-code-todo-rewrite/jestAdapter.js:79:19)
    at runTestInternal (/Users/st/workspace_ai/PagePouch/node_modules/jest-runner/build/runTest.js:367:16)
    at runTest (/Users/st/workspace_ai/PagePouch/node_modules/jest-runner/build/runTest.js:444:34)
    at Object.worker (/Users/st/workspace_ai/PagePouch/node_modules/jest-runner/build/testWorker.js:106:12)</failure>
    </testcase>
    <testcase classname="PageSaveOrchestrator › Error Handling" name="should fail on critical step errors" time="0.001">
      <failure>TypeError: Cannot read properties of undefined (reading &apos;mockResolvedValue&apos;)
    at Object.mockResolvedValue (/Users/st/workspace_ai/PagePouch/tests/message-router.test.js:597:25)
    at Promise.then.completed (/Users/st/workspace_ai/PagePouch/node_modules/jest-circus/build/utils.js:298:28)
    at new Promise (&lt;anonymous&gt;)
    at callAsyncCircusFn (/Users/st/workspace_ai/PagePouch/node_modules/jest-circus/build/utils.js:231:10)
    at _callCircusHook (/Users/st/workspace_ai/PagePouch/node_modules/jest-circus/build/run.js:281:40)
    at _runTest (/Users/st/workspace_ai/PagePouch/node_modules/jest-circus/build/run.js:246:5)
    at _runTestsForDescribeBlock (/Users/st/workspace_ai/PagePouch/node_modules/jest-circus/build/run.js:126:9)
    at _runTestsForDescribeBlock (/Users/st/workspace_ai/PagePouch/node_modules/jest-circus/build/run.js:121:9)
    at _runTestsForDescribeBlock (/Users/st/workspace_ai/PagePouch/node_modules/jest-circus/build/run.js:121:9)
    at run (/Users/st/workspace_ai/PagePouch/node_modules/jest-circus/build/run.js:71:3)
    at runAndTransformResultsToJestFormat (/Users/st/workspace_ai/PagePouch/node_modules/jest-circus/build/legacy-code-todo-rewrite/jestAdapterInit.js:122:21)
    at jestAdapter (/Users/st/workspace_ai/PagePouch/node_modules/jest-circus/build/legacy-code-todo-rewrite/jestAdapter.js:79:19)
    at runTestInternal (/Users/st/workspace_ai/PagePouch/node_modules/jest-runner/build/runTest.js:367:16)
    at runTest (/Users/st/workspace_ai/PagePouch/node_modules/jest-runner/build/runTest.js:444:34)
    at Object.worker (/Users/st/workspace_ai/PagePouch/node_modules/jest-runner/build/testWorker.js:106:12)</failure>
    </testcase>
    <testcase classname="PageSaveOrchestrator › Error Handling" name="should continue on non-critical step errors" time="0">
      <failure>TypeError: Cannot read properties of undefined (reading &apos;mockResolvedValue&apos;)
    at Object.mockResolvedValue (/Users/st/workspace_ai/PagePouch/tests/message-router.test.js:597:25)
    at Promise.then.completed (/Users/st/workspace_ai/PagePouch/node_modules/jest-circus/build/utils.js:298:28)
    at new Promise (&lt;anonymous&gt;)
    at callAsyncCircusFn (/Users/st/workspace_ai/PagePouch/node_modules/jest-circus/build/utils.js:231:10)
    at _callCircusHook (/Users/st/workspace_ai/PagePouch/node_modules/jest-circus/build/run.js:281:40)
    at _runTest (/Users/st/workspace_ai/PagePouch/node_modules/jest-circus/build/run.js:246:5)
    at _runTestsForDescribeBlock (/Users/st/workspace_ai/PagePouch/node_modules/jest-circus/build/run.js:126:9)
    at _runTestsForDescribeBlock (/Users/st/workspace_ai/PagePouch/node_modules/jest-circus/build/run.js:121:9)
    at _runTestsForDescribeBlock (/Users/st/workspace_ai/PagePouch/node_modules/jest-circus/build/run.js:121:9)
    at run (/Users/st/workspace_ai/PagePouch/node_modules/jest-circus/build/run.js:71:3)
    at runAndTransformResultsToJestFormat (/Users/st/workspace_ai/PagePouch/node_modules/jest-circus/build/legacy-code-todo-rewrite/jestAdapterInit.js:122:21)
    at jestAdapter (/Users/st/workspace_ai/PagePouch/node_modules/jest-circus/build/legacy-code-todo-rewrite/jestAdapter.js:79:19)
    at runTestInternal (/Users/st/workspace_ai/PagePouch/node_modules/jest-runner/build/runTest.js:367:16)
    at runTest (/Users/st/workspace_ai/PagePouch/node_modules/jest-runner/build/runTest.js:444:34)
    at Object.worker (/Users/st/workspace_ai/PagePouch/node_modules/jest-runner/build/testWorker.js:106:12)</failure>
    </testcase>
    <testcase classname="PageSaveOrchestrator › Step Execution Order" name="should execute steps in correct order" time="0">
      <failure>TypeError: Cannot read properties of undefined (reading &apos;mockResolvedValue&apos;)
    at Object.mockResolvedValue (/Users/st/workspace_ai/PagePouch/tests/message-router.test.js:597:25)
    at Promise.then.completed (/Users/st/workspace_ai/PagePouch/node_modules/jest-circus/build/utils.js:298:28)
    at new Promise (&lt;anonymous&gt;)
    at callAsyncCircusFn (/Users/st/workspace_ai/PagePouch/node_modules/jest-circus/build/utils.js:231:10)
    at _callCircusHook (/Users/st/workspace_ai/PagePouch/node_modules/jest-circus/build/run.js:281:40)
    at _runTest (/Users/st/workspace_ai/PagePouch/node_modules/jest-circus/build/run.js:246:5)
    at _runTestsForDescribeBlock (/Users/st/workspace_ai/PagePouch/node_modules/jest-circus/build/run.js:126:9)
    at _runTestsForDescribeBlock (/Users/st/workspace_ai/PagePouch/node_modules/jest-circus/build/run.js:121:9)
    at _runTestsForDescribeBlock (/Users/st/workspace_ai/PagePouch/node_modules/jest-circus/build/run.js:121:9)
    at run (/Users/st/workspace_ai/PagePouch/node_modules/jest-circus/build/run.js:71:3)
    at runAndTransformResultsToJestFormat (/Users/st/workspace_ai/PagePouch/node_modules/jest-circus/build/legacy-code-todo-rewrite/jestAdapterInit.js:122:21)
    at jestAdapter (/Users/st/workspace_ai/PagePouch/node_modules/jest-circus/build/legacy-code-todo-rewrite/jestAdapter.js:79:19)
    at runTestInternal (/Users/st/workspace_ai/PagePouch/node_modules/jest-runner/build/runTest.js:367:16)
    at runTest (/Users/st/workspace_ai/PagePouch/node_modules/jest-runner/build/runTest.js:444:34)
    at Object.worker (/Users/st/workspace_ai/PagePouch/node_modules/jest-runner/build/testWorker.js:106:12)</failure>
    </testcase>
    <testcase classname="Integration Tests" name="should handle complete message flow" time="0">
    </testcase>
    <testcase classname="Integration Tests" name="should handle concurrent requests" time="0.001">
    </testcase>
    <testcase classname="Integration Tests" name="should maintain request isolation" time="0.101">
    </testcase>
  </testsuite>
  <testsuite name="tests/loading.test.js" errors="0" failures="47" skipped="0" timestamp="2025-08-16T04:44:21" time="4.351" tests="47">
    <testcase classname="LoadingManager › Initialization" name="should initialize with empty state" time="0.096">
      <failure>ReferenceError: LoadingManager is not defined
    at Object.loadingManager (/Users/st/workspace_ai/PagePouch/tests/loading.test.js:44:9)
    at Promise.then.completed (/Users/st/workspace_ai/PagePouch/node_modules/jest-circus/build/utils.js:298:28)
    at new Promise (&lt;anonymous&gt;)
    at callAsyncCircusFn (/Users/st/workspace_ai/PagePouch/node_modules/jest-circus/build/utils.js:231:10)
    at _callCircusHook (/Users/st/workspace_ai/PagePouch/node_modules/jest-circus/build/run.js:281:40)
    at processTicksAndRejections (node:internal/process/task_queues:105:5)
    at _runTest (/Users/st/workspace_ai/PagePouch/node_modules/jest-circus/build/run.js:246:5)
    at _runTestsForDescribeBlock (/Users/st/workspace_ai/PagePouch/node_modules/jest-circus/build/run.js:126:9)
    at _runTestsForDescribeBlock (/Users/st/workspace_ai/PagePouch/node_modules/jest-circus/build/run.js:121:9)
    at _runTestsForDescribeBlock (/Users/st/workspace_ai/PagePouch/node_modules/jest-circus/build/run.js:121:9)
    at run (/Users/st/workspace_ai/PagePouch/node_modules/jest-circus/build/run.js:71:3)
    at runAndTransformResultsToJestFormat (/Users/st/workspace_ai/PagePouch/node_modules/jest-circus/build/legacy-code-todo-rewrite/jestAdapterInit.js:122:21)
    at jestAdapter (/Users/st/workspace_ai/PagePouch/node_modules/jest-circus/build/legacy-code-todo-rewrite/jestAdapter.js:79:19)
    at runTestInternal (/Users/st/workspace_ai/PagePouch/node_modules/jest-runner/build/runTest.js:367:16)
    at runTest (/Users/st/workspace_ai/PagePouch/node_modules/jest-runner/build/runTest.js:444:34)
    at Object.worker (/Users/st/workspace_ai/PagePouch/node_modules/jest-runner/build/testWorker.js:106:12)</failure>
    </testcase>
    <testcase classname="LoadingManager › Initialization" name="should setup styles on initialization" time="0.001">
      <failure>ReferenceError: LoadingManager is not defined
    at Object.loadingManager (/Users/st/workspace_ai/PagePouch/tests/loading.test.js:44:9)
    at Promise.then.completed (/Users/st/workspace_ai/PagePouch/node_modules/jest-circus/build/utils.js:298:28)
    at new Promise (&lt;anonymous&gt;)
    at callAsyncCircusFn (/Users/st/workspace_ai/PagePouch/node_modules/jest-circus/build/utils.js:231:10)
    at _callCircusHook (/Users/st/workspace_ai/PagePouch/node_modules/jest-circus/build/run.js:281:40)
    at processTicksAndRejections (node:internal/process/task_queues:105:5)
    at _runTest (/Users/st/workspace_ai/PagePouch/node_modules/jest-circus/build/run.js:246:5)
    at _runTestsForDescribeBlock (/Users/st/workspace_ai/PagePouch/node_modules/jest-circus/build/run.js:126:9)
    at _runTestsForDescribeBlock (/Users/st/workspace_ai/PagePouch/node_modules/jest-circus/build/run.js:121:9)
    at _runTestsForDescribeBlock (/Users/st/workspace_ai/PagePouch/node_modules/jest-circus/build/run.js:121:9)
    at run (/Users/st/workspace_ai/PagePouch/node_modules/jest-circus/build/run.js:71:3)
    at runAndTransformResultsToJestFormat (/Users/st/workspace_ai/PagePouch/node_modules/jest-circus/build/legacy-code-todo-rewrite/jestAdapterInit.js:122:21)
    at jestAdapter (/Users/st/workspace_ai/PagePouch/node_modules/jest-circus/build/legacy-code-todo-rewrite/jestAdapter.js:79:19)
    at runTestInternal (/Users/st/workspace_ai/PagePouch/node_modules/jest-runner/build/runTest.js:367:16)
    at runTest (/Users/st/workspace_ai/PagePouch/node_modules/jest-runner/build/runTest.js:444:34)
    at Object.worker (/Users/st/workspace_ai/PagePouch/node_modules/jest-runner/build/testWorker.js:106:12)</failure>
    </testcase>
    <testcase classname="LoadingManager › Spinner Loading" name="should show spinner with default options" time="0">
      <failure>ReferenceError: LoadingManager is not defined
    at Object.loadingManager (/Users/st/workspace_ai/PagePouch/tests/loading.test.js:44:9)
    at Promise.then.completed (/Users/st/workspace_ai/PagePouch/node_modules/jest-circus/build/utils.js:298:28)
    at new Promise (&lt;anonymous&gt;)
    at callAsyncCircusFn (/Users/st/workspace_ai/PagePouch/node_modules/jest-circus/build/utils.js:231:10)
    at _callCircusHook (/Users/st/workspace_ai/PagePouch/node_modules/jest-circus/build/run.js:281:40)
    at processTicksAndRejections (node:internal/process/task_queues:105:5)
    at _runTest (/Users/st/workspace_ai/PagePouch/node_modules/jest-circus/build/run.js:246:5)
    at _runTestsForDescribeBlock (/Users/st/workspace_ai/PagePouch/node_modules/jest-circus/build/run.js:126:9)
    at _runTestsForDescribeBlock (/Users/st/workspace_ai/PagePouch/node_modules/jest-circus/build/run.js:121:9)
    at _runTestsForDescribeBlock (/Users/st/workspace_ai/PagePouch/node_modules/jest-circus/build/run.js:121:9)
    at run (/Users/st/workspace_ai/PagePouch/node_modules/jest-circus/build/run.js:71:3)
    at runAndTransformResultsToJestFormat (/Users/st/workspace_ai/PagePouch/node_modules/jest-circus/build/legacy-code-todo-rewrite/jestAdapterInit.js:122:21)
    at jestAdapter (/Users/st/workspace_ai/PagePouch/node_modules/jest-circus/build/legacy-code-todo-rewrite/jestAdapter.js:79:19)
    at runTestInternal (/Users/st/workspace_ai/PagePouch/node_modules/jest-runner/build/runTest.js:367:16)
    at runTest (/Users/st/workspace_ai/PagePouch/node_modules/jest-runner/build/runTest.js:444:34)
    at Object.worker (/Users/st/workspace_ai/PagePouch/node_modules/jest-runner/build/testWorker.js:106:12)</failure>
    </testcase>
    <testcase classname="LoadingManager › Spinner Loading" name="should show spinner with custom options" time="0.001">
      <failure>ReferenceError: LoadingManager is not defined
    at Object.loadingManager (/Users/st/workspace_ai/PagePouch/tests/loading.test.js:44:9)
    at Promise.then.completed (/Users/st/workspace_ai/PagePouch/node_modules/jest-circus/build/utils.js:298:28)
    at new Promise (&lt;anonymous&gt;)
    at callAsyncCircusFn (/Users/st/workspace_ai/PagePouch/node_modules/jest-circus/build/utils.js:231:10)
    at _callCircusHook (/Users/st/workspace_ai/PagePouch/node_modules/jest-circus/build/run.js:281:40)
    at processTicksAndRejections (node:internal/process/task_queues:105:5)
    at _runTest (/Users/st/workspace_ai/PagePouch/node_modules/jest-circus/build/run.js:246:5)
    at _runTestsForDescribeBlock (/Users/st/workspace_ai/PagePouch/node_modules/jest-circus/build/run.js:126:9)
    at _runTestsForDescribeBlock (/Users/st/workspace_ai/PagePouch/node_modules/jest-circus/build/run.js:121:9)
    at _runTestsForDescribeBlock (/Users/st/workspace_ai/PagePouch/node_modules/jest-circus/build/run.js:121:9)
    at run (/Users/st/workspace_ai/PagePouch/node_modules/jest-circus/build/run.js:71:3)
    at runAndTransformResultsToJestFormat (/Users/st/workspace_ai/PagePouch/node_modules/jest-circus/build/legacy-code-todo-rewrite/jestAdapterInit.js:122:21)
    at jestAdapter (/Users/st/workspace_ai/PagePouch/node_modules/jest-circus/build/legacy-code-todo-rewrite/jestAdapter.js:79:19)
    at runTestInternal (/Users/st/workspace_ai/PagePouch/node_modules/jest-runner/build/runTest.js:367:16)
    at runTest (/Users/st/workspace_ai/PagePouch/node_modules/jest-runner/build/runTest.js:444:34)
    at Object.worker (/Users/st/workspace_ai/PagePouch/node_modules/jest-runner/build/testWorker.js:106:12)</failure>
    </testcase>
    <testcase classname="LoadingManager › Spinner Loading" name="should handle missing target element" time="0">
      <failure>ReferenceError: LoadingManager is not defined
    at Object.loadingManager (/Users/st/workspace_ai/PagePouch/tests/loading.test.js:44:9)
    at Promise.then.completed (/Users/st/workspace_ai/PagePouch/node_modules/jest-circus/build/utils.js:298:28)
    at new Promise (&lt;anonymous&gt;)
    at callAsyncCircusFn (/Users/st/workspace_ai/PagePouch/node_modules/jest-circus/build/utils.js:231:10)
    at _callCircusHook (/Users/st/workspace_ai/PagePouch/node_modules/jest-circus/build/run.js:281:40)
    at processTicksAndRejections (node:internal/process/task_queues:105:5)
    at _runTest (/Users/st/workspace_ai/PagePouch/node_modules/jest-circus/build/run.js:246:5)
    at _runTestsForDescribeBlock (/Users/st/workspace_ai/PagePouch/node_modules/jest-circus/build/run.js:126:9)
    at _runTestsForDescribeBlock (/Users/st/workspace_ai/PagePouch/node_modules/jest-circus/build/run.js:121:9)
    at _runTestsForDescribeBlock (/Users/st/workspace_ai/PagePouch/node_modules/jest-circus/build/run.js:121:9)
    at run (/Users/st/workspace_ai/PagePouch/node_modules/jest-circus/build/run.js:71:3)
    at runAndTransformResultsToJestFormat (/Users/st/workspace_ai/PagePouch/node_modules/jest-circus/build/legacy-code-todo-rewrite/jestAdapterInit.js:122:21)
    at jestAdapter (/Users/st/workspace_ai/PagePouch/node_modules/jest-circus/build/legacy-code-todo-rewrite/jestAdapter.js:79:19)
    at runTestInternal (/Users/st/workspace_ai/PagePouch/node_modules/jest-runner/build/runTest.js:367:16)
    at runTest (/Users/st/workspace_ai/PagePouch/node_modules/jest-runner/build/runTest.js:444:34)
    at Object.worker (/Users/st/workspace_ai/PagePouch/node_modules/jest-runner/build/testWorker.js:106:12)</failure>
    </testcase>
    <testcase classname="LoadingManager › Spinner Loading" name="should hide spinner correctly" time="0">
      <failure>ReferenceError: LoadingManager is not defined
    at Object.loadingManager (/Users/st/workspace_ai/PagePouch/tests/loading.test.js:44:9)
    at Promise.then.completed (/Users/st/workspace_ai/PagePouch/node_modules/jest-circus/build/utils.js:298:28)
    at new Promise (&lt;anonymous&gt;)
    at callAsyncCircusFn (/Users/st/workspace_ai/PagePouch/node_modules/jest-circus/build/utils.js:231:10)
    at _callCircusHook (/Users/st/workspace_ai/PagePouch/node_modules/jest-circus/build/run.js:281:40)
    at processTicksAndRejections (node:internal/process/task_queues:105:5)
    at _runTest (/Users/st/workspace_ai/PagePouch/node_modules/jest-circus/build/run.js:246:5)
    at _runTestsForDescribeBlock (/Users/st/workspace_ai/PagePouch/node_modules/jest-circus/build/run.js:126:9)
    at _runTestsForDescribeBlock (/Users/st/workspace_ai/PagePouch/node_modules/jest-circus/build/run.js:121:9)
    at _runTestsForDescribeBlock (/Users/st/workspace_ai/PagePouch/node_modules/jest-circus/build/run.js:121:9)
    at run (/Users/st/workspace_ai/PagePouch/node_modules/jest-circus/build/run.js:71:3)
    at runAndTransformResultsToJestFormat (/Users/st/workspace_ai/PagePouch/node_modules/jest-circus/build/legacy-code-todo-rewrite/jestAdapterInit.js:122:21)
    at jestAdapter (/Users/st/workspace_ai/PagePouch/node_modules/jest-circus/build/legacy-code-todo-rewrite/jestAdapter.js:79:19)
    at runTestInternal (/Users/st/workspace_ai/PagePouch/node_modules/jest-runner/build/runTest.js:367:16)
    at runTest (/Users/st/workspace_ai/PagePouch/node_modules/jest-runner/build/runTest.js:444:34)
    at Object.worker (/Users/st/workspace_ai/PagePouch/node_modules/jest-runner/build/testWorker.js:106:12)</failure>
    </testcase>
    <testcase classname="LoadingManager › Spinner Loading" name="should restore original content when replacing" time="0">
      <failure>ReferenceError: LoadingManager is not defined
    at Object.loadingManager (/Users/st/workspace_ai/PagePouch/tests/loading.test.js:44:9)
    at Promise.then.completed (/Users/st/workspace_ai/PagePouch/node_modules/jest-circus/build/utils.js:298:28)
    at new Promise (&lt;anonymous&gt;)
    at callAsyncCircusFn (/Users/st/workspace_ai/PagePouch/node_modules/jest-circus/build/utils.js:231:10)
    at _callCircusHook (/Users/st/workspace_ai/PagePouch/node_modules/jest-circus/build/run.js:281:40)
    at processTicksAndRejections (node:internal/process/task_queues:105:5)
    at _runTest (/Users/st/workspace_ai/PagePouch/node_modules/jest-circus/build/run.js:246:5)
    at _runTestsForDescribeBlock (/Users/st/workspace_ai/PagePouch/node_modules/jest-circus/build/run.js:126:9)
    at _runTestsForDescribeBlock (/Users/st/workspace_ai/PagePouch/node_modules/jest-circus/build/run.js:121:9)
    at _runTestsForDescribeBlock (/Users/st/workspace_ai/PagePouch/node_modules/jest-circus/build/run.js:121:9)
    at run (/Users/st/workspace_ai/PagePouch/node_modules/jest-circus/build/run.js:71:3)
    at runAndTransformResultsToJestFormat (/Users/st/workspace_ai/PagePouch/node_modules/jest-circus/build/legacy-code-todo-rewrite/jestAdapterInit.js:122:21)
    at jestAdapter (/Users/st/workspace_ai/PagePouch/node_modules/jest-circus/build/legacy-code-todo-rewrite/jestAdapter.js:79:19)
    at runTestInternal (/Users/st/workspace_ai/PagePouch/node_modules/jest-runner/build/runTest.js:367:16)
    at runTest (/Users/st/workspace_ai/PagePouch/node_modules/jest-runner/build/runTest.js:444:34)
    at Object.worker (/Users/st/workspace_ai/PagePouch/node_modules/jest-runner/build/testWorker.js:106:12)</failure>
    </testcase>
    <testcase classname="LoadingManager › Dots Loading" name="should show loading dots" time="0">
      <failure>ReferenceError: LoadingManager is not defined
    at Object.loadingManager (/Users/st/workspace_ai/PagePouch/tests/loading.test.js:44:9)
    at Promise.then.completed (/Users/st/workspace_ai/PagePouch/node_modules/jest-circus/build/utils.js:298:28)
    at new Promise (&lt;anonymous&gt;)
    at callAsyncCircusFn (/Users/st/workspace_ai/PagePouch/node_modules/jest-circus/build/utils.js:231:10)
    at _callCircusHook (/Users/st/workspace_ai/PagePouch/node_modules/jest-circus/build/run.js:281:40)
    at processTicksAndRejections (node:internal/process/task_queues:105:5)
    at _runTest (/Users/st/workspace_ai/PagePouch/node_modules/jest-circus/build/run.js:246:5)
    at _runTestsForDescribeBlock (/Users/st/workspace_ai/PagePouch/node_modules/jest-circus/build/run.js:126:9)
    at _runTestsForDescribeBlock (/Users/st/workspace_ai/PagePouch/node_modules/jest-circus/build/run.js:121:9)
    at _runTestsForDescribeBlock (/Users/st/workspace_ai/PagePouch/node_modules/jest-circus/build/run.js:121:9)
    at run (/Users/st/workspace_ai/PagePouch/node_modules/jest-circus/build/run.js:71:3)
    at runAndTransformResultsToJestFormat (/Users/st/workspace_ai/PagePouch/node_modules/jest-circus/build/legacy-code-todo-rewrite/jestAdapterInit.js:122:21)
    at jestAdapter (/Users/st/workspace_ai/PagePouch/node_modules/jest-circus/build/legacy-code-todo-rewrite/jestAdapter.js:79:19)
    at runTestInternal (/Users/st/workspace_ai/PagePouch/node_modules/jest-runner/build/runTest.js:367:16)
    at runTest (/Users/st/workspace_ai/PagePouch/node_modules/jest-runner/build/runTest.js:444:34)
    at Object.worker (/Users/st/workspace_ai/PagePouch/node_modules/jest-runner/build/testWorker.js:106:12)</failure>
    </testcase>
    <testcase classname="LoadingManager › Dots Loading" name="should create dots with correct structure" time="0">
      <failure>ReferenceError: LoadingManager is not defined
    at Object.loadingManager (/Users/st/workspace_ai/PagePouch/tests/loading.test.js:44:9)
    at Promise.then.completed (/Users/st/workspace_ai/PagePouch/node_modules/jest-circus/build/utils.js:298:28)
    at new Promise (&lt;anonymous&gt;)
    at callAsyncCircusFn (/Users/st/workspace_ai/PagePouch/node_modules/jest-circus/build/utils.js:231:10)
    at _callCircusHook (/Users/st/workspace_ai/PagePouch/node_modules/jest-circus/build/run.js:281:40)
    at processTicksAndRejections (node:internal/process/task_queues:105:5)
    at _runTest (/Users/st/workspace_ai/PagePouch/node_modules/jest-circus/build/run.js:246:5)
    at _runTestsForDescribeBlock (/Users/st/workspace_ai/PagePouch/node_modules/jest-circus/build/run.js:126:9)
    at _runTestsForDescribeBlock (/Users/st/workspace_ai/PagePouch/node_modules/jest-circus/build/run.js:121:9)
    at _runTestsForDescribeBlock (/Users/st/workspace_ai/PagePouch/node_modules/jest-circus/build/run.js:121:9)
    at run (/Users/st/workspace_ai/PagePouch/node_modules/jest-circus/build/run.js:71:3)
    at runAndTransformResultsToJestFormat (/Users/st/workspace_ai/PagePouch/node_modules/jest-circus/build/legacy-code-todo-rewrite/jestAdapterInit.js:122:21)
    at jestAdapter (/Users/st/workspace_ai/PagePouch/node_modules/jest-circus/build/legacy-code-todo-rewrite/jestAdapter.js:79:19)
    at runTestInternal (/Users/st/workspace_ai/PagePouch/node_modules/jest-runner/build/runTest.js:367:16)
    at runTest (/Users/st/workspace_ai/PagePouch/node_modules/jest-runner/build/runTest.js:444:34)
    at Object.worker (/Users/st/workspace_ai/PagePouch/node_modules/jest-runner/build/testWorker.js:106:12)</failure>
    </testcase>
    <testcase classname="LoadingManager › Overlay Loading" name="should show loading overlay" time="0">
      <failure>ReferenceError: LoadingManager is not defined
    at Object.loadingManager (/Users/st/workspace_ai/PagePouch/tests/loading.test.js:44:9)
    at Promise.then.completed (/Users/st/workspace_ai/PagePouch/node_modules/jest-circus/build/utils.js:298:28)
    at new Promise (&lt;anonymous&gt;)
    at callAsyncCircusFn (/Users/st/workspace_ai/PagePouch/node_modules/jest-circus/build/utils.js:231:10)
    at _callCircusHook (/Users/st/workspace_ai/PagePouch/node_modules/jest-circus/build/run.js:281:40)
    at processTicksAndRejections (node:internal/process/task_queues:105:5)
    at _runTest (/Users/st/workspace_ai/PagePouch/node_modules/jest-circus/build/run.js:246:5)
    at _runTestsForDescribeBlock (/Users/st/workspace_ai/PagePouch/node_modules/jest-circus/build/run.js:126:9)
    at _runTestsForDescribeBlock (/Users/st/workspace_ai/PagePouch/node_modules/jest-circus/build/run.js:121:9)
    at _runTestsForDescribeBlock (/Users/st/workspace_ai/PagePouch/node_modules/jest-circus/build/run.js:121:9)
    at run (/Users/st/workspace_ai/PagePouch/node_modules/jest-circus/build/run.js:71:3)
    at runAndTransformResultsToJestFormat (/Users/st/workspace_ai/PagePouch/node_modules/jest-circus/build/legacy-code-todo-rewrite/jestAdapterInit.js:122:21)
    at jestAdapter (/Users/st/workspace_ai/PagePouch/node_modules/jest-circus/build/legacy-code-todo-rewrite/jestAdapter.js:79:19)
    at runTestInternal (/Users/st/workspace_ai/PagePouch/node_modules/jest-runner/build/runTest.js:367:16)
    at runTest (/Users/st/workspace_ai/PagePouch/node_modules/jest-runner/build/runTest.js:444:34)
[...]
    at Promise.then.completed (/Users/st/workspace_ai/PagePouch/node_modules/jest-circus/build/utils.js:298:28)
    at new Promise (&lt;anonymous&gt;)
    at callAsyncCircusFn (/Users/st/workspace_ai/PagePouch/node_modules/jest-circus/build/utils.js:231:10)
    at _callCircusTest (/Users/st/workspace_ai/PagePouch/node_modules/jest-circus/build/run.js:316:40)
    at processTicksAndRejections (node:internal/process/task_queues:105:5)
    at _runTest (/Users/st/workspace_ai/PagePouch/node_modules/jest-circus/build/run.js:252:3)
    at _runTestsForDescribeBlock (/Users/st/workspace_ai/PagePouch/node_modules/jest-circus/build/run.js:126:9)
    at _runTestsForDescribeBlock (/Users/st/workspace_ai/PagePouch/node_modules/jest-circus/build/run.js:121:9)
    at _runTestsForDescribeBlock (/Users/st/workspace_ai/PagePouch/node_modules/jest-circus/build/run.js:121:9)
    at run (/Users/st/workspace_ai/PagePouch/node_modules/jest-circus/build/run.js:71:3)
    at runAndTransformResultsToJestFormat (/Users/st/workspace_ai/PagePouch/node_modules/jest-circus/build/legacy-code-todo-rewrite/jestAdapterInit.js:122:21)
    at jestAdapter (/Users/st/workspace_ai/PagePouch/node_modules/jest-circus/build/legacy-code-todo-rewrite/jestAdapter.js:79:19)
    at runTestInternal (/Users/st/workspace_ai/PagePouch/node_modules/jest-runner/build/runTest.js:367:16)
    at runTest (/Users/st/workspace_ai/PagePouch/node_modules/jest-runner/build/runTest.js:444:34)
    at Object.worker (/Users/st/workspace_ai/PagePouch/node_modules/jest-runner/build/testWorker.js:106:12)</failure>
    </testcase>
    <testcase classname="Toast Manager › Toast Management" name="should hide specific toast" time="0.001">
      <failure>TypeError: Cannot read properties of undefined (reading &apos;addEventListener&apos;)
    at ToastManager.addEventListener [as createToastElement] (/Users/st/workspace_ai/PagePouch/utils/toast.js:289:25)
    at ToastManager.createToastElement [as show] (/Users/st/workspace_ai/PagePouch/utils/toast.js:224:35)
    at Object.show (/Users/st/workspace_ai/PagePouch/tests/error-handler.test.js:506:42)
    at Promise.then.completed (/Users/st/workspace_ai/PagePouch/node_modules/jest-circus/build/utils.js:298:28)
    at new Promise (&lt;anonymous&gt;)
    at callAsyncCircusFn (/Users/st/workspace_ai/PagePouch/node_modules/jest-circus/build/utils.js:231:10)
    at _callCircusTest (/Users/st/workspace_ai/PagePouch/node_modules/jest-circus/build/run.js:316:40)
    at processTicksAndRejections (node:internal/process/task_queues:105:5)
    at _runTest (/Users/st/workspace_ai/PagePouch/node_modules/jest-circus/build/run.js:252:3)
    at _runTestsForDescribeBlock (/Users/st/workspace_ai/PagePouch/node_modules/jest-circus/build/run.js:126:9)
    at _runTestsForDescribeBlock (/Users/st/workspace_ai/PagePouch/node_modules/jest-circus/build/run.js:121:9)
    at _runTestsForDescribeBlock (/Users/st/workspace_ai/PagePouch/node_modules/jest-circus/build/run.js:121:9)
    at run (/Users/st/workspace_ai/PagePouch/node_modules/jest-circus/build/run.js:71:3)
    at runAndTransformResultsToJestFormat (/Users/st/workspace_ai/PagePouch/node_modules/jest-circus/build/legacy-code-todo-rewrite/jestAdapterInit.js:122:21)
    at jestAdapter (/Users/st/workspace_ai/PagePouch/node_modules/jest-circus/build/legacy-code-todo-rewrite/jestAdapter.js:79:19)
    at runTestInternal (/Users/st/workspace_ai/PagePouch/node_modules/jest-runner/build/runTest.js:367:16)
    at runTest (/Users/st/workspace_ai/PagePouch/node_modules/jest-runner/build/runTest.js:444:34)
    at Object.worker (/Users/st/workspace_ai/PagePouch/node_modules/jest-runner/build/testWorker.js:106:12)</failure>
    </testcase>
    <testcase classname="Toast Manager › Toast Management" name="should hide all toasts" time="0">
      <failure>TypeError: Cannot read properties of undefined (reading &apos;addEventListener&apos;)
    at ToastManager.addEventListener [as createToastElement] (/Users/st/workspace_ai/PagePouch/utils/toast.js:289:25)
    at ToastManager.createToastElement [as show] (/Users/st/workspace_ai/PagePouch/utils/toast.js:224:35)
    at Object.show (/Users/st/workspace_ai/PagePouch/tests/error-handler.test.js:514:26)
    at Promise.then.completed (/Users/st/workspace_ai/PagePouch/node_modules/jest-circus/build/utils.js:298:28)
    at new Promise (&lt;anonymous&gt;)
    at callAsyncCircusFn (/Users/st/workspace_ai/PagePouch/node_modules/jest-circus/build/utils.js:231:10)
    at _callCircusTest (/Users/st/workspace_ai/PagePouch/node_modules/jest-circus/build/run.js:316:40)
    at processTicksAndRejections (node:internal/process/task_queues:105:5)
    at _runTest (/Users/st/workspace_ai/PagePouch/node_modules/jest-circus/build/run.js:252:3)
    at _runTestsForDescribeBlock (/Users/st/workspace_ai/PagePouch/node_modules/jest-circus/build/run.js:126:9)
    at _runTestsForDescribeBlock (/Users/st/workspace_ai/PagePouch/node_modules/jest-circus/build/run.js:121:9)
    at _runTestsForDescribeBlock (/Users/st/workspace_ai/PagePouch/node_modules/jest-circus/build/run.js:121:9)
    at run (/Users/st/workspace_ai/PagePouch/node_modules/jest-circus/build/run.js:71:3)
    at runAndTransformResultsToJestFormat (/Users/st/workspace_ai/PagePouch/node_modules/jest-circus/build/legacy-code-todo-rewrite/jestAdapterInit.js:122:21)
    at jestAdapter (/Users/st/workspace_ai/PagePouch/node_modules/jest-circus/build/legacy-code-todo-rewrite/jestAdapter.js:79:19)
    at runTestInternal (/Users/st/workspace_ai/PagePouch/node_modules/jest-runner/build/runTest.js:367:16)
    at runTest (/Users/st/workspace_ai/PagePouch/node_modules/jest-runner/build/runTest.js:444:34)
    at Object.worker (/Users/st/workspace_ai/PagePouch/node_modules/jest-runner/build/testWorker.js:106:12)</failure>
    </testcase>
    <testcase classname="Toast Manager › Toast Management" name="should update existing toast" time="0">
      <failure>TypeError: Cannot read properties of undefined (reading &apos;addEventListener&apos;)
    at ToastManager.addEventListener [as createToastElement] (/Users/st/workspace_ai/PagePouch/utils/toast.js:289:25)
    at ToastManager.createToastElement [as show] (/Users/st/workspace_ai/PagePouch/utils/toast.js:224:35)
    at Object.show (/Users/st/workspace_ai/PagePouch/tests/error-handler.test.js:524:42)
    at Promise.then.completed (/Users/st/workspace_ai/PagePouch/node_modules/jest-circus/build/utils.js:298:28)
    at new Promise (&lt;anonymous&gt;)
    at callAsyncCircusFn (/Users/st/workspace_ai/PagePouch/node_modules/jest-circus/build/utils.js:231:10)
    at _callCircusTest (/Users/st/workspace_ai/PagePouch/node_modules/jest-circus/build/run.js:316:40)
    at processTicksAndRejections (node:internal/process/task_queues:105:5)
    at _runTest (/Users/st/workspace_ai/PagePouch/node_modules/jest-circus/build/run.js:252:3)
    at _runTestsForDescribeBlock (/Users/st/workspace_ai/PagePouch/node_modules/jest-circus/build/run.js:126:9)
    at _runTestsForDescribeBlock (/Users/st/workspace_ai/PagePouch/node_modules/jest-circus/build/run.js:121:9)
    at _runTestsForDescribeBlock (/Users/st/workspace_ai/PagePouch/node_modules/jest-circus/build/run.js:121:9)
    at run (/Users/st/workspace_ai/PagePouch/node_modules/jest-circus/build/run.js:71:3)
    at runAndTransformResultsToJestFormat (/Users/st/workspace_ai/PagePouch/node_modules/jest-circus/build/legacy-code-todo-rewrite/jestAdapterInit.js:122:21)
    at jestAdapter (/Users/st/workspace_ai/PagePouch/node_modules/jest-circus/build/legacy-code-todo-rewrite/jestAdapter.js:79:19)
    at runTestInternal (/Users/st/workspace_ai/PagePouch/node_modules/jest-runner/build/runTest.js:367:16)
    at runTest (/Users/st/workspace_ai/PagePouch/node_modules/jest-runner/build/runTest.js:444:34)
    at Object.worker (/Users/st/workspace_ai/PagePouch/node_modules/jest-runner/build/testWorker.js:106:12)</failure>
    </testcase>
    <testcase classname="Toast Manager › Icon Mapping" name="should return correct icons for toast types" time="0.001">
    </testcase>
    <testcase classname="Toast Manager › HTML Escaping" name="should escape HTML in messages" time="0">
      <failure>Error: expect(received).toContain(expected) // indexOf

Expected substring: &quot;&amp;lt;script&amp;gt;&quot;
Received string:    &quot;&quot;
    at Object.toContain (/Users/st/workspace_ai/PagePouch/tests/error-handler.test.js:547:29)
    at Promise.then.completed (/Users/st/workspace_ai/PagePouch/node_modules/jest-circus/build/utils.js:298:28)
    at new Promise (&lt;anonymous&gt;)
    at callAsyncCircusFn (/Users/st/workspace_ai/PagePouch/node_modules/jest-circus/build/utils.js:231:10)
    at _callCircusTest (/Users/st/workspace_ai/PagePouch/node_modules/jest-circus/build/run.js:316:40)
    at processTicksAndRejections (node:internal/process/task_queues:105:5)
    at _runTest (/Users/st/workspace_ai/PagePouch/node_modules/jest-circus/build/run.js:252:3)
    at _runTestsForDescribeBlock (/Users/st/workspace_ai/PagePouch/node_modules/jest-circus/build/run.js:126:9)
    at _runTestsForDescribeBlock (/Users/st/workspace_ai/PagePouch/node_modules/jest-circus/build/run.js:121:9)
    at _runTestsForDescribeBlock (/Users/st/workspace_ai/PagePouch/node_modules/jest-circus/build/run.js:121:9)
    at run (/Users/st/workspace_ai/PagePouch/node_modules/jest-circus/build/run.js:71:3)
    at runAndTransformResultsToJestFormat (/Users/st/workspace_ai/PagePouch/node_modules/jest-circus/build/legacy-code-todo-rewrite/jestAdapterInit.js:122:21)
    at jestAdapter (/Users/st/workspace_ai/PagePouch/node_modules/jest-circus/build/legacy-code-todo-rewrite/jestAdapter.js:79:19)
    at runTestInternal (/Users/st/workspace_ai/PagePouch/node_modules/jest-runner/build/runTest.js:367:16)
    at runTest (/Users/st/workspace_ai/PagePouch/node_modules/jest-runner/build/runTest.js:444:34)
    at Object.worker (/Users/st/workspace_ai/PagePouch/node_modules/jest-runner/build/testWorker.js:106:12)</failure>
    </testcase>
    <testcase classname="Modal Manager › Initialization" name="should create modal container" time="0.001">
    </testcase>
    <testcase classname="Modal Manager › Initialization" name="should setup global event listeners" time="0">
    </testcase>
    <testcase classname="Modal Manager › Confirmation Modal" name="should show confirmation modal and resolve with user choice" time="10.004">
      <failure>Error: thrown: &quot;Exceeded timeout of 10000 ms for a test.
Add a timeout value to this test to increase the timeout, if this is a long-running test. See https://jestjs.io/docs/api#testname-fn-timeout.&quot;
    at test (/Users/st/workspace_ai/PagePouch/tests/error-handler.test.js:618:9)
    at _dispatchDescribe (/Users/st/workspace_ai/PagePouch/node_modules/jest-circus/build/index.js:91:26)
    at describe (/Users/st/workspace_ai/PagePouch/node_modules/jest-circus/build/index.js:55:5)
    at describe (/Users/st/workspace_ai/PagePouch/tests/error-handler.test.js:617:5)
    at _dispatchDescribe (/Users/st/workspace_ai/PagePouch/node_modules/jest-circus/build/index.js:91:26)
    at describe (/Users/st/workspace_ai/PagePouch/node_modules/jest-circus/build/index.js:55:5)
    at Object.describe (/Users/st/workspace_ai/PagePouch/tests/error-handler.test.js:552:1)
    at Runtime._execModule (/Users/st/workspace_ai/PagePouch/node_modules/jest-runtime/build/index.js:1439:24)
    at Runtime._loadModule (/Users/st/workspace_ai/PagePouch/node_modules/jest-runtime/build/index.js:1022:12)
    at Runtime.requireModule (/Users/st/workspace_ai/PagePouch/node_modules/jest-runtime/build/index.js:882:12)
    at jestAdapter (/Users/st/workspace_ai/PagePouch/node_modules/jest-circus/build/legacy-code-todo-rewrite/jestAdapter.js:77:13)
    at processTicksAndRejections (node:internal/process/task_queues:105:5)
    at runTestInternal (/Users/st/workspace_ai/PagePouch/node_modules/jest-runner/build/runTest.js:367:16)
    at runTest (/Users/st/workspace_ai/PagePouch/node_modules/jest-runner/build/runTest.js:444:34)
    at Object.worker (/Users/st/workspace_ai/PagePouch/node_modules/jest-runner/build/testWorker.js:106:12)</failure>
    </testcase>
    <testcase classname="Modal Manager › Prompt Modal" name="should show prompt modal and return user input" time="0.002">
      <failure>TypeError: body.querySelector is not a function
    at querySelector (/Users/st/workspace_ai/PagePouch/utils/modal.js:469:32)
    at new Promise (&lt;anonymous&gt;)
    at ModalManager.prompt (/Users/st/workspace_ai/PagePouch/utils/modal.js:443:16)
    at Object.prompt (/Users/st/workspace_ai/PagePouch/tests/error-handler.test.js:642:48)
    at Promise.then.completed (/Users/st/workspace_ai/PagePouch/node_modules/jest-circus/build/utils.js:298:28)
    at new Promise (&lt;anonymous&gt;)
    at callAsyncCircusFn (/Users/st/workspace_ai/PagePouch/node_modules/jest-circus/build/utils.js:231:10)
    at _callCircusTest (/Users/st/workspace_ai/PagePouch/node_modules/jest-circus/build/run.js:316:40)
    at _runTest (/Users/st/workspace_ai/PagePouch/node_modules/jest-circus/build/run.js:252:3)
    at _runTestsForDescribeBlock (/Users/st/workspace_ai/PagePouch/node_modules/jest-circus/build/run.js:126:9)
    at _runTestsForDescribeBlock (/Users/st/workspace_ai/PagePouch/node_modules/jest-circus/build/run.js:121:9)
    at _runTestsForDescribeBlock (/Users/st/workspace_ai/PagePouch/node_modules/jest-circus/build/run.js:121:9)
    at run (/Users/st/workspace_ai/PagePouch/node_modules/jest-circus/build/run.js:71:3)
    at runAndTransformResultsToJestFormat (/Users/st/workspace_ai/PagePouch/node_modules/jest-circus/build/legacy-code-todo-rewrite/jestAdapterInit.js:122:21)
    at jestAdapter (/Users/st/workspace_ai/PagePouch/node_modules/jest-circus/build/legacy-code-todo-rewrite/jestAdapter.js:79:19)
    at runTestInternal (/Users/st/workspace_ai/PagePouch/node_modules/jest-runner/build/runTest.js:367:16)
    at runTest (/Users/st/workspace_ai/PagePouch/node_modules/jest-runner/build/runTest.js:444:34)
    at Object.worker (/Users/st/workspace_ai/PagePouch/node_modules/jest-runner/build/testWorker.js:106:12)</failure>
    </testcase>
    <testcase classname="Modal Manager › Alert Modal" name="should show alert modal and resolve when closed" time="10.002">
      <failure>Error: thrown: &quot;Exceeded timeout of 10000 ms for a test.
Add a timeout value to this test to increase the timeout, if this is a long-running test. See https://jestjs.io/docs/api#testname-fn-timeout.&quot;
    at test (/Users/st/workspace_ai/PagePouch/tests/error-handler.test.js:664:9)
    at _dispatchDescribe (/Users/st/workspace_ai/PagePouch/node_modules/jest-circus/build/index.js:91:26)
    at describe (/Users/st/workspace_ai/PagePouch/node_modules/jest-circus/build/index.js:55:5)
    at describe (/Users/st/workspace_ai/PagePouch/tests/error-handler.test.js:663:5)
    at _dispatchDescribe (/Users/st/workspace_ai/PagePouch/node_modules/jest-circus/build/index.js:91:26)
    at describe (/Users/st/workspace_ai/PagePouch/node_modules/jest-circus/build/index.js:55:5)
    at Object.describe (/Users/st/workspace_ai/PagePouch/tests/error-handler.test.js:552:1)
    at Runtime._execModule (/Users/st/workspace_ai/PagePouch/node_modules/jest-runtime/build/index.js:1439:24)
    at Runtime._loadModule (/Users/st/workspace_ai/PagePouch/node_modules/jest-runtime/build/index.js:1022:12)
    at Runtime.requireModule (/Users/st/workspace_ai/PagePouch/node_modules/jest-runtime/build/index.js:882:12)
    at jestAdapter (/Users/st/workspace_ai/PagePouch/node_modules/jest-circus/build/legacy-code-todo-rewrite/jestAdapter.js:77:13)
    at processTicksAndRejections (node:internal/process/task_queues:105:5)
    at runTestInternal (/Users/st/workspace_ai/PagePouch/node_modules/jest-runner/build/runTest.js:367:16)
    at runTest (/Users/st/workspace_ai/PagePouch/node_modules/jest-runner/build/runTest.js:444:34)
    at Object.worker (/Users/st/workspace_ai/PagePouch/node_modules/jest-runner/build/testWorker.js:106:12)</failure>
    </testcase>
    <testcase classname="Modal Manager › Modal Management" name="should track active modals" time="0.006">
    </testcase>
    <testcase classname="Modal Manager › Modal Management" name="should close all modals" time="0.002">
      <failure>Error: expect(received).toBe(expected) // Object.is equality

Expected: 0
Received: 2
    at Object.toBe (/Users/st/workspace_ai/PagePouch/tests/error-handler.test.js:698:51)
    at Promise.then.completed (/Users/st/workspace_ai/PagePouch/node_modules/jest-circus/build/utils.js:298:28)
    at new Promise (&lt;anonymous&gt;)
    at callAsyncCircusFn (/Users/st/workspace_ai/PagePouch/node_modules/jest-circus/build/utils.js:231:10)
    at _callCircusTest (/Users/st/workspace_ai/PagePouch/node_modules/jest-circus/build/run.js:316:40)
    at _runTest (/Users/st/workspace_ai/PagePouch/node_modules/jest-circus/build/run.js:252:3)
    at _runTestsForDescribeBlock (/Users/st/workspace_ai/PagePouch/node_modules/jest-circus/build/run.js:126:9)
    at _runTestsForDescribeBlock (/Users/st/workspace_ai/PagePouch/node_modules/jest-circus/build/run.js:121:9)
    at _runTestsForDescribeBlock (/Users/st/workspace_ai/PagePouch/node_modules/jest-circus/build/run.js:121:9)
    at run (/Users/st/workspace_ai/PagePouch/node_modules/jest-circus/build/run.js:71:3)
    at runAndTransformResultsToJestFormat (/Users/st/workspace_ai/PagePouch/node_modules/jest-circus/build/legacy-code-todo-rewrite/jestAdapterInit.js:122:21)
    at jestAdapter (/Users/st/workspace_ai/PagePouch/node_modules/jest-circus/build/legacy-code-todo-rewrite/jestAdapter.js:79:19)
    at runTestInternal (/Users/st/workspace_ai/PagePouch/node_modules/jest-runner/build/runTest.js:367:16)
    at runTest (/Users/st/workspace_ai/PagePouch/node_modules/jest-runner/build/runTest.js:444:34)
    at Object.worker (/Users/st/workspace_ai/PagePouch/node_modules/jest-runner/build/testWorker.js:106:12)</failure>
    </testcase>
    <testcase classname="Modal Manager › HTML Escaping" name="should escape HTML in modal content" time="0.003">
      <failure>Error: expect(received).toContain(expected) // indexOf

Expected substring: &quot;&amp;lt;script&amp;gt;&quot;
Received string:    &quot;&quot;
    at Object.toContain (/Users/st/workspace_ai/PagePouch/tests/error-handler.test.js:708:29)
    at Promise.then.completed (/Users/st/workspace_ai/PagePouch/node_modules/jest-circus/build/utils.js:298:28)
    at new Promise (&lt;anonymous&gt;)
    at callAsyncCircusFn (/Users/st/workspace_ai/PagePouch/node_modules/jest-circus/build/utils.js:231:10)
    at _callCircusTest (/Users/st/workspace_ai/PagePouch/node_modules/jest-circus/build/run.js:316:40)
    at _runTest (/Users/st/workspace_ai/PagePouch/node_modules/jest-circus/build/run.js:252:3)
    at _runTestsForDescribeBlock (/Users/st/workspace_ai/PagePouch/node_modules/jest-circus/build/run.js:126:9)
    at _runTestsForDescribeBlock (/Users/st/workspace_ai/PagePouch/node_modules/jest-circus/build/run.js:121:9)
    at _runTestsForDescribeBlock (/Users/st/workspace_ai/PagePouch/node_modules/jest-circus/build/run.js:121:9)
    at run (/Users/st/workspace_ai/PagePouch/node_modules/jest-circus/build/run.js:71:3)
    at runAndTransformResultsToJestFormat (/Users/st/workspace_ai/PagePouch/node_modules/jest-circus/build/legacy-code-todo-rewrite/jestAdapterInit.js:122:21)
    at jestAdapter (/Users/st/workspace_ai/PagePouch/node_modules/jest-circus/build/legacy-code-todo-rewrite/jestAdapter.js:79:19)
    at runTestInternal (/Users/st/workspace_ai/PagePouch/node_modules/jest-runner/build/runTest.js:367:16)
    at runTest (/Users/st/workspace_ai/PagePouch/node_modules/jest-runner/build/runTest.js:444:34)
    at Object.worker (/Users/st/workspace_ai/PagePouch/node_modules/jest-runner/build/testWorker.js:106:12)</failure>
    </testcase>
    <testcase classname="Modal Manager › Icon Mapping" name="should return correct icons for modal types" time="0.002">
    </testcase>
  </testsuite>
</testsuites>