<?xml version="1.0" encoding="UTF-8"?>
<testsuites name="jest tests" tests="395" failures="121" errors="0" time="28.361">
  <testsuite name="tests/date-formatter.test.js" errors="0" failures="4" skipped="0" timestamp="2025-08-16T04:44:21" time="3.859" tests="34">
    <testcase classname="DateFormatter › Initialization" name="should initialize with English as default language" time="0.081">
    </testcase>
    <testcase classname="DateFormatter › Initialization" name="should detect Korean language from browser settings" time="0.001">
    </testcase>
    <testcase classname="DateFormatter › Locale Detection" name="should return correct locale for supported languages" time="0">
    </testcase>
    <testcase classname="DateFormatter › Locale Detection" name="should fallback to en-US for unsupported languages" time="0.002">
      <failure>Error: expect(received).toBe(expected) // Object.is equality

Expected: &quot;en-US&quot;
Received: &quot;fr-FR&quot;
    at Object.toBe (/Users/st/workspace_ai/PagePouch/tests/date-formatter.test.js:73:47)
    at Promise.then.completed (/Users/st/workspace_ai/PagePouch/node_modules/jest-circus/build/utils.js:298:28)
    at new Promise (&lt;anonymous&gt;)
    at callAsyncCircusFn (/Users/st/workspace_ai/PagePouch/node_modules/jest-circus/build/utils.js:231:10)
    at _callCircusTest (/Users/st/workspace_ai/PagePouch/node_modules/jest-circus/build/run.js:316:40)
    at processTicksAndRejections (node:internal/process/task_queues:105:5)
    at _runTest (/Users/st/workspace_ai/PagePouch/node_modules/jest-circus/build/run.js:252:3)
    at _runTestsForDescribeBlock (/Users/st/workspace_ai/PagePouch/node_modules/jest-circus/build/run.js:126:9)
    at _runTestsForDescribeBlock (/Users/st/workspace_ai/PagePouch/node_modules/jest-circus/build/run.js:121:9)
    at _runTestsForDescribeBlock (/Users/st/workspace_ai/PagePouch/node_modules/jest-circus/build/run.js:121:9)
    at run (/Users/st/workspace_ai/PagePouch/node_modules/jest-circus/build/run.js:71:3)
    at runAndTransformResultsToJestFormat (/Users/st/workspace_ai/PagePouch/node_modules/jest-circus/build/legacy-code-todo-rewrite/jestAdapterInit.js:122:21)
    at jestAdapter (/Users/st/workspace_ai/PagePouch/node_modules/jest-circus/build/legacy-code-todo-rewrite/jestAdapter.js:79:19)
    at runTestInternal (/Users/st/workspace_ai/PagePouch/node_modules/jest-runner/build/runTest.js:367:16)
    at runTest (/Users/st/workspace_ai/PagePouch/node_modules/jest-runner/build/runTest.js:444:34)
    at Object.worker (/Users/st/workspace_ai/PagePouch/node_modules/jest-runner/build/testWorker.js:106:12)</failure>
    </testcase>
    <testcase classname="DateFormatter › Date Parsing" name="should parse Date objects correctly" time="0.001">
    </testcase>
    <testcase classname="DateFormatter › Date Parsing" name="should parse string dates correctly" time="0">
    </testcase>
    <testcase classname="DateFormatter › Date Parsing" name="should parse timestamp numbers correctly" time="0.001">
    </testcase>
    <testcase classname="DateFormatter › Date Parsing" name="should return null for invalid dates" time="0">
    </testcase>
    <testcase classname="DateFormatter › Date Formatting" name="should format dates with default options" time="0.001">
    </testcase>
    <testcase classname="DateFormatter › Date Formatting" name="should format dates with custom options" time="0">
    </testcase>
    <testcase classname="DateFormatter › Date Formatting" name="should use Korean locale when language is set to Korean" time="0.001">
    </testcase>
    <testcase classname="DateFormatter › Date Formatting" name="should handle invalid dates gracefully" time="0">
    </testcase>
    <testcase classname="DateFormatter › Time Formatting" name="should format time with default options" time="0">
    </testcase>
    <testcase classname="DateFormatter › Time Formatting" name="should format time with custom options" time="0">
    </testcase>
    <testcase classname="DateFormatter › DateTime Formatting" name="should format datetime with default options" time="0.001">
    </testcase>
    <testcase classname="DateFormatter › Relative Time Formatting" name="should format relative time for past dates" time="0">
    </testcase>
    <testcase classname="DateFormatter › Relative Time Formatting" name="should format relative time for future dates" time="0">
    </testcase>
    <testcase classname="DateFormatter › Relative Time Formatting" name="should choose appropriate time unit" time="0.001">
    </testcase>
    <testcase classname="DateFormatter › Short and Long Date Formatting" name="should format short dates" time="0">
    </testcase>
    <testcase classname="DateFormatter › Short and Long Date Formatting" name="should format long dates" time="0">
    </testcase>
    <testcase classname="DateFormatter › Display Formatting" name="should show relative time for today" time="0">
    </testcase>
    <testcase classname="DateFormatter › Display Formatting" name="should show &quot;Yesterday&quot; for yesterday dates" time="0.001">
    </testcase>
    <testcase classname="DateFormatter › Month and Day Names" name="should return array of month names" time="0">
    </testcase>
    <testcase classname="DateFormatter › Month and Day Names" name="should return array of day names" time="0">
    </testcase>
    <testcase classname="DateFormatter › Month and Day Names" name="should support different formats for month names" time="0.001">
    </testcase>
    <testcase classname="DateFormatter › Fallback Formatting" name="should use fallback for date formatting" time="0">
    </testcase>
    <testcase classname="DateFormatter › Fallback Formatting" name="should use fallback for time formatting" time="0">
    </testcase>
    <testcase classname="DateFormatter › Fallback Formatting" name="should use fallback for relative time formatting" time="0.001">
    </testcase>
    <testcase classname="DateFormatter › Fallback Formatting" name="should format Korean fallback correctly" time="0">
    </testcase>
    <testcase classname="DateFormatter › Fallback Formatting" name="should format English fallback correctly" time="0.001">
    </testcase>
    <testcase classname="DateFormatter › Language Management" name="should set and get current language" time="0">
    </testcase>
    <testcase classname="Localize Date Functions" name="should use dateFormatter when available" time="0.001">
      <failure>ReferenceError: formatDate is not defined
    at Object.formatDate (/Users/st/workspace_ai/PagePouch/tests/date-formatter.test.js:385:9)
    at Promise.then.completed (/Users/st/workspace_ai/PagePouch/node_modules/jest-circus/build/utils.js:298:28)
    at new Promise (&lt;anonymous&gt;)
    at callAsyncCircusFn (/Users/st/workspace_ai/PagePouch/node_modules/jest-circus/build/utils.js:231:10)
    at _callCircusTest (/Users/st/workspace_ai/PagePouch/node_modules/jest-circus/build/run.js:316:40)
    at processTicksAndRejections (node:internal/process/task_queues:105:5)
    at _runTest (/Users/st/workspace_ai/PagePouch/node_modules/jest-circus/build/run.js:252:3)
    at _runTestsForDescribeBlock (/Users/st/workspace_ai/PagePouch/node_modules/jest-circus/build/run.js:126:9)
    at _runTestsForDescribeBlock (/Users/st/workspace_ai/PagePouch/node_modules/jest-circus/build/run.js:121:9)
    at run (/Users/st/workspace_ai/PagePouch/node_modules/jest-circus/build/run.js:71:3)
    at runAndTransformResultsToJestFormat (/Users/st/workspace_ai/PagePouch/node_modules/jest-circus/build/legacy-code-todo-rewrite/jestAdapterInit.js:122:21)
    at jestAdapter (/Users/st/workspace_ai/PagePouch/node_modules/jest-circus/build/legacy-code-todo-rewrite/jestAdapter.js:79:19)
    at runTestInternal (/Users/st/workspace_ai/PagePouch/node_modules/jest-runner/build/runTest.js:367:16)
    at runTest (/Users/st/workspace_ai/PagePouch/node_modules/jest-runner/build/runTest.js:444:34)
    at Object.worker (/Users/st/workspace_ai/PagePouch/node_modules/jest-runner/build/testWorker.js:106:12)</failure>
    </testcase>
    <testcase classname="Localize Date Functions" name="should fallback to Intl when dateFormatter is not available" time="0">
      <failure>ReferenceError: formatDate is not defined
    at Object.formatDate (/Users/st/workspace_ai/PagePouch/tests/date-formatter.test.js:411:9)
    at Promise.then.completed (/Users/st/workspace_ai/PagePouch/node_modules/jest-circus/build/utils.js:298:28)
    at new Promise (&lt;anonymous&gt;)
    at callAsyncCircusFn (/Users/st/workspace_ai/PagePouch/node_modules/jest-circus/build/utils.js:231:10)
    at _callCircusTest (/Users/st/workspace_ai/PagePouch/node_modules/jest-circus/build/run.js:316:40)
    at processTicksAndRejections (node:internal/process/task_queues:105:5)
    at _runTest (/Users/st/workspace_ai/PagePouch/node_modules/jest-circus/build/run.js:252:3)
    at _runTestsForDescribeBlock (/Users/st/workspace_ai/PagePouch/node_modules/jest-circus/build/run.js:126:9)
    at _runTestsForDescribeBlock (/Users/st/workspace_ai/PagePouch/node_modules/jest-circus/build/run.js:121:9)
    at run (/Users/st/workspace_ai/PagePouch/node_modules/jest-circus/build/run.js:71:3)
    at runAndTransformResultsToJestFormat (/Users/st/workspace_ai/PagePouch/node_modules/jest-circus/build/legacy-code-todo-rewrite/jestAdapterInit.js:122:21)
    at jestAdapter (/Users/st/workspace_ai/PagePouch/node_modules/jest-circus/build/legacy-code-todo-rewrite/jestAdapter.js:79:19)
    at runTestInternal (/Users/st/workspace_ai/PagePouch/node_modules/jest-runner/build/runTest.js:367:16)
    at runTest (/Users/st/workspace_ai/PagePouch/node_modules/jest-runner/build/runTest.js:444:34)
    at Object.worker (/Users/st/workspace_ai/PagePouch/node_modules/jest-runner/build/testWorker.js:106:12)</failure>
    </testcase>
    <testcase classname="Localize Date Functions" name="should handle errors gracefully" time="0">
      <failure>ReferenceError: formatDate is not defined
    at Object.formatDate (/Users/st/workspace_ai/PagePouch/tests/date-formatter.test.js:422:24)
    at Promise.then.completed (/Users/st/workspace_ai/PagePouch/node_modules/jest-circus/build/utils.js:298:28)
    at new Promise (&lt;anonymous&gt;)
    at callAsyncCircusFn (/Users/st/workspace_ai/PagePouch/node_modules/jest-circus/build/utils.js:231:10)
    at _callCircusTest (/Users/st/workspace_ai/PagePouch/node_modules/jest-circus/build/run.js:316:40)
    at processTicksAndRejections (node:internal/process/task_queues:105:5)
    at _runTest (/Users/st/workspace_ai/PagePouch/node_modules/jest-circus/build/run.js:252:3)
    at _runTestsForDescribeBlock (/Users/st/workspace_ai/PagePouch/node_modules/jest-circus/build/run.js:126:9)
    at _runTestsForDescribeBlock (/Users/st/workspace_ai/PagePouch/node_modules/jest-circus/build/run.js:121:9)
    at run (/Users/st/workspace_ai/PagePouch/node_modules/jest-circus/build/run.js:71:3)
    at runAndTransformResultsToJestFormat (/Users/st/workspace_ai/PagePouch/node_modules/jest-circus/build/legacy-code-todo-rewrite/jestAdapterInit.js:122:21)
    at jestAdapter (/Users/st/workspace_ai/PagePouch/node_modules/jest-circus/build/legacy-code-todo-rewrite/jestAdapter.js:79:19)
    at runTestInternal (/Users/st/workspace_ai/PagePouch/node_modules/jest-runner/build/runTest.js:367:16)
    at runTest (/Users/st/workspace_ai/PagePouch/node_modules/jest-runner/build/runTest.js:444:34)
    at Object.worker (/Users/st/workspace_ai/PagePouch/node_modules/jest-runner/build/testWorker.js:106:12)</failure>
    </testcase>
  </testsuite>
  <testsuite name="tests/i18n.test.js" errors="0" failures="10" skipped="0" timestamp="2025-08-16T04:44:21" time="3.977" tests="30">
    <testcase classname="I18nManager › Language Detection" name="should detect English as default language" time="0.065">
    </testcase>
    <testcase classname="I18nManager › Language Detection" name="should detect Korean when browser language is ko-KR" time="0.001">
    </testcase>
    <testcase classname="I18nManager › Language Detection" name="should fallback to English for unsupported languages" time="0">
    </testcase>
    <testcase classname="I18nManager › Message Retrieval" name="should get message by key" time="0">
    </testcase>
    <testcase classname="I18nManager › Message Retrieval" name="should return key as fallback for missing messages" time="0">
    </testcase>
    <testcase classname="I18nManager › Message Retrieval" name="should handle substitutions" time="0.001">
    </testcase>
    <testcase classname="I18nManager › Language Support" name="should return supported languages" time="0">
    </testcase>
    <testcase classname="I18nManager › Language Support" name="should check if language is supported" time="0.001">
    </testcase>
    <testcase classname="I18nManager › Language Support" name="should set language manually" time="0">
    </testcase>
    <testcase classname="I18nManager › Language Support" name="should not set unsupported language" time="0">
    </testcase>
    <testcase classname="I18nManager › Language Display Names" name="should return correct display names" time="0">
    </testcase>
    <testcase classname="I18nManager › Language Display Names" name="should return uppercase code for unknown languages" time="0">
    </testcase>
    <testcase classname="I18nManager › Text Direction" name="should return LTR for supported languages" time="0">
    </testcase>
    <testcase classname="I18nManager › Number Formatting" name="should format numbers according to locale" time="0.014">
    </testcase>
    <testcase classname="I18nManager › Number Formatting" name="should handle formatting errors gracefully" time="0">
    </testcase>
    <testcase classname="I18nManager › Message Formatting" name="should format messages with named substitutions" time="0">
    </testcase>
    <testcase classname="I18nManager › Common Texts" name="should return common UI texts" time="0.001">
    </testcase>
    <testcase classname="Localization Functions › Element Localization" name="should localize elements with data-i18n attribute" time="0.01">
    </testcase>
    <testcase classname="Localization Functions › Element Localization" name="should localize input placeholders" time="0.002">
    </testcase>
    <testcase classname="Localization Functions › Element Localization" name="should localize element titles" time="0.002">
    </testcase>
    <testcase classname="Localization Functions › Dynamic Content Localization" name="should update element text with localized content" time="0.026">
      <failure>ReferenceError: updateElementText is not defined
    at Object.updateElementText (/Users/st/workspace_ai/PagePouch/tests/i18n.test.js:256:13)
    at Promise.then.completed (/Users/st/workspace_ai/PagePouch/node_modules/jest-circus/build/utils.js:298:28)
    at new Promise (&lt;anonymous&gt;)
    at callAsyncCircusFn (/Users/st/workspace_ai/PagePouch/node_modules/jest-circus/build/utils.js:231:10)
    at _callCircusTest (/Users/st/workspace_ai/PagePouch/node_modules/jest-circus/build/run.js:316:40)
    at processTicksAndRejections (node:internal/process/task_queues:105:5)
    at _runTest (/Users/st/workspace_ai/PagePouch/node_modules/jest-circus/build/run.js:252:3)
    at _runTestsForDescribeBlock (/Users/st/workspace_ai/PagePouch/node_modules/jest-circus/build/run.js:126:9)
    at _runTestsForDescribeBlock (/Users/st/workspace_ai/PagePouch/node_modules/jest-circus/build/run.js:121:9)
    at _runTestsForDescribeBlock (/Users/st/workspace_ai/PagePouch/node_modules/jest-circus/build/run.js:121:9)
    at run (/Users/st/workspace_ai/PagePouch/node_modules/jest-circus/build/run.js:71:3)
    at runAndTransformResultsToJestFormat (/Users/st/workspace_ai/PagePouch/node_modules/jest-circus/build/legacy-code-todo-rewrite/jestAdapterInit.js:122:21)
    at jestAdapter (/Users/st/workspace_ai/PagePouch/node_modules/jest-circus/build/legacy-code-todo-rewrite/jestAdapter.js:79:19)
    at runTestInternal (/Users/st/workspace_ai/PagePouch/node_modules/jest-runner/build/runTest.js:367:16)
    at runTest (/Users/st/workspace_ai/PagePouch/node_modules/jest-runner/build/runTest.js:444:34)
    at Object.worker (/Users/st/workspace_ai/PagePouch/node_modules/jest-runner/build/testWorker.js:106:12)</failure>
    </testcase>
    <testcase classname="Localization Functions › Dynamic Content Localization" name="should handle missing elements gracefully" time="0.034">
      <failure>Error: expect(received).not.toThrow()

Error name:    &quot;ReferenceError&quot;
Error message: &quot;updateElementText is not defined&quot;

      262 |         test(&apos;should handle missing elements gracefully&apos;, () =&gt; {
      263 |             expect(() =&gt; {
    &gt; 264 |                 updateElementText(&apos;nonexistent-element&apos;, &apos;popup_title&apos;);
          |                 ^
      265 |             }).not.toThrow();
      266 |         });
      267 |     });

      at updateElementText (tests/i18n.test.js:264:17)
      at Object.&lt;anonymous&gt; (node_modules/expect/build/toThrowMatchers.js:74:11)
      at Object.throwingMatcher [as toThrow] (node_modules/expect/build/index.js:320:21)
      at Object.toThrow (tests/i18n.test.js:265:20)
    at Object.toThrow (/Users/st/workspace_ai/PagePouch/tests/i18n.test.js:265:20)
    at Promise.then.completed (/Users/st/workspace_ai/PagePouch/node_modules/jest-circus/build/utils.js:298:28)
    at new Promise (&lt;anonymous&gt;)
    at callAsyncCircusFn (/Users/st/workspace_ai/PagePouch/node_modules/jest-circus/build/utils.js:231:10)
    at _callCircusTest (/Users/st/workspace_ai/PagePouch/node_modules/jest-circus/build/run.js:316:40)
    at processTicksAndRejections (node:internal/process/task_queues:105:5)
    at _runTest (/Users/st/workspace_ai/PagePouch/node_modules/jest-circus/build/run.js:252:3)
    at _runTestsForDescribeBlock (/Users/st/workspace_ai/PagePouch/node_modules/jest-circus/build/run.js:126:9)
    at _runTestsForDescribeBlock (/Users/st/workspace_ai/PagePouch/node_modules/jest-circus/build/run.js:121:9)
    at _runTestsForDescribeBlock (/Users/st/workspace_ai/PagePouch/node_modules/jest-circus/build/run.js:121:9)
    at run (/Users/st/workspace_ai/PagePouch/node_modules/jest-circus/build/run.js:71:3)
    at runAndTransformResultsToJestFormat (/Users/st/workspace_ai/PagePouch/node_modules/jest-circus/build/legacy-code-todo-rewrite/jestAdapterInit.js:122:21)
    at jestAdapter (/Users/st/workspace_ai/PagePouch/node_modules/jest-circus/build/legacy-code-todo-rewrite/jestAdapter.js:79:19)
    at runTestInternal (/Users/st/workspace_ai/PagePouch/node_modules/jest-runner/build/runTest.js:367:16)
    at runTest (/Users/st/workspace_ai/PagePouch/node_modules/jest-runner/build/runTest.js:444:34)
    at Object.worker (/Users/st/workspace_ai/PagePouch/node_modules/jest-runner/build/testWorker.js:106:12)</failure>
    </testcase>
    <testcase classname="Localization Functions › HTML Template Localization" name="should create localized HTML from template" time="0">
      <failure>ReferenceError: createLocalizedHTML is not defined
    at Object.createLocalizedHTML (/Users/st/workspace_ai/PagePouch/tests/i18n.test.js:274:28)
    at Promise.then.completed (/Users/st/workspace_ai/PagePouch/node_modules/jest-circus/build/utils.js:298:28)
    at new Promise (&lt;anonymous&gt;)
    at callAsyncCircusFn (/Users/st/workspace_ai/PagePouch/node_modules/jest-circus/build/utils.js:231:10)
    at _callCircusTest (/Users/st/workspace_ai/PagePouch/node_modules/jest-circus/build/run.js:316:40)
    at processTicksAndRejections (node:internal/process/task_queues:105:5)
    at _runTest (/Users/st/workspace_ai/PagePouch/node_modules/jest-circus/build/run.js:252:3)
    at _runTestsForDescribeBlock (/Users/st/workspace_ai/PagePouch/node_modules/jest-circus/build/run.js:126:9)
    at _runTestsForDescribeBlock (/Users/st/workspace_ai/PagePouch/node_modules/jest-circus/build/run.js:121:9)
    at _runTestsForDescribeBlock (/Users/st/workspace_ai/PagePouch/node_modules/jest-circus/build/run.js:121:9)
    at run (/Users/st/workspace_ai/PagePouch/node_modules/jest-circus/build/run.js:71:3)
    at runAndTransformResultsToJestFormat (/Users/st/workspace_ai/PagePouch/node_modules/jest-circus/build/legacy-code-todo-rewrite/jestAdapterInit.js:122:21)
    at jestAdapter (/Users/st/workspace_ai/PagePouch/node_modules/jest-circus/build/legacy-code-todo-rewrite/jestAdapter.js:79:19)
    at runTestInternal (/Users/st/workspace_ai/PagePouch/node_modules/jest-runner/build/runTest.js:367:16)
    at runTest (/Users/st/workspace_ai/PagePouch/node_modules/jest-runner/build/runTest.js:444:34)
    at Object.worker (/Users/st/workspace_ai/PagePouch/node_modules/jest-runner/build/testWorker.js:106:12)</failure>
    </testcase>
    <testcase classname="Localization Functions › Select Options Localization" name="should localize select options" time="0.001">
      <failure>ReferenceError: localizeSelectOptions is not defined
    at Object.localizeSelectOptions (/Users/st/workspace_ai/PagePouch/tests/i18n.test.js:298:13)
    at Promise.then.completed (/Users/st/workspace_ai/PagePouch/node_modules/jest-circus/build/utils.js:298:28)
    at new Promise (&lt;anonymous&gt;)
    at callAsyncCircusFn (/Users/st/workspace_ai/PagePouch/node_modules/jest-circus/build/utils.js:231:10)
    at _callCircusTest (/Users/st/workspace_ai/PagePouch/node_modules/jest-circus/build/run.js:316:40)
    at processTicksAndRejections (node:internal/process/task_queues:105:5)
    at _runTest (/Users/st/workspace_ai/PagePouch/node_modules/jest-circus/build/run.js:252:3)
    at _runTestsForDescribeBlock (/Users/st/workspace_ai/PagePouch/node_modules/jest-circus/build/run.js:126:9)
    at _runTestsForDescribeBlock (/Users/st/workspace_ai/PagePouch/node_modules/jest-circus/build/run.js:121:9)
    at _runTestsForDescribeBlock (/Users/st/workspace_ai/PagePouch/node_modules/jest-circus/build/run.js:121:9)
    at run (/Users/st/workspace_ai/PagePouch/node_modules/jest-circus/build/run.js:71:3)
    at runAndTransformResultsToJestFormat (/Users/st/workspace_ai/PagePouch/node_modules/jest-circus/build/legacy-code-todo-rewrite/jestAdapterInit.js:122:21)
    at jestAdapter (/Users/st/workspace_ai/PagePouch/node_modules/jest-circus/build/legacy-code-todo-rewrite/jestAdapter.js:79:19)
    at runTestInternal (/Users/st/workspace_ai/PagePouch/node_modules/jest-runner/build/runTest.js:367:16)
    at runTest (/Users/st/workspace_ai/PagePouch/node_modules/jest-runner/build/runTest.js:444:34)
    at Object.worker (/Users/st/workspace_ai/PagePouch/node_modules/jest-runner/build/testWorker.js:106:12)</failure>
    </testcase>
    <testcase classname="Localization Functions › Error Message Localization" name="should return localized error messages" time="0.001">
      <failure>ReferenceError: getLocalizedErrorMessage is not defined
    at Object.expect (/Users/st/workspace_ai/PagePouch/tests/i18n.test.js:310:13)
    at Promise.then.completed (/Users/st/workspace_ai/PagePouch/node_modules/jest-circus/build/utils.js:298:28)
    at new Promise (&lt;anonymous&gt;)
    at callAsyncCircusFn (/Users/st/workspace_ai/PagePouch/node_modules/jest-circus/build/utils.js:231:10)
    at _callCircusTest (/Users/st/workspace_ai/PagePouch/node_modules/jest-circus/build/run.js:316:40)
    at processTicksAndRejections (node:internal/process/task_queues:105:5)
    at _runTest (/Users/st/workspace_ai/PagePouch/node_modules/jest-circus/build/run.js:252:3)
    at _runTestsForDescribeBlock (/Users/st/workspace_ai/PagePouch/node_modules/jest-circus/build/run.js:126:9)
    at _runTestsForDescribeBlock (/Users/st/workspace_ai/PagePouch/node_modules/jest-circus/build/run.js:121:9)
    at _runTestsForDescribeBlock (/Users/st/workspace_ai/PagePouch/node_modules/jest-circus/build/run.js:121:9)
    at run (/Users/st/workspace_ai/PagePouch/node_modules/jest-circus/build/run.js:71:3)
    at runAndTransformResultsToJestFormat (/Users/st/workspace_ai/PagePouch/node_modules/jest-circus/build/legacy-code-todo-rewrite/jestAdapterInit.js:122:21)
    at jestAdapter (/Users/st/workspace_ai/PagePouch/node_modules/jest-circus/build/legacy-code-todo-rewrite/jestAdapter.js:79:19)
    at runTestInternal (/Users/st/workspace_ai/PagePouch/node_modules/jest-runner/build/runTest.js:367:16)
    at runTest (/Users/st/workspace_ai/PagePouch/node_modules/jest-runner/build/runTest.js:444:34)
    at Object.worker (/Users/st/workspace_ai/PagePouch/node_modules/jest-runner/build/testWorker.js:106:12)</failure>
    </testcase>
    <testcase classname="Localization Functions › Error Message Localization" name="should include error details when provided" time="0">
      <failure>ReferenceError: getLocalizedErrorMessage is not defined
    at Object.getLocalizedErrorMessage (/Users/st/workspace_ai/PagePouch/tests/i18n.test.js:317:34)
    at Promise.then.completed (/Users/st/workspace_ai/PagePouch/node_modules/jest-circus/build/utils.js:298:28)
    at new Promise (&lt;anonymous&gt;)
    at callAsyncCircusFn (/Users/st/workspace_ai/PagePouch/node_modules/jest-circus/build/utils.js:231:10)
    at _callCircusTest (/Users/st/workspace_ai/PagePouch/node_modules/jest-circus/build/run.js:316:40)
    at processTicksAndRejections (node:internal/process/task_queues:105:5)
    at _runTest (/Users/st/workspace_ai/PagePouch/node_modules/jest-circus/build/run.js:252:3)
    at _runTestsForDescribeBlock (/Users/st/workspace_ai/PagePouch/node_modules/jest-circus/build/run.js:126:9)
    at _runTestsForDescribeBlock (/Users/st/workspace_ai/PagePouch/node_modules/jest-circus/build/run.js:121:9)
    at _runTestsForDescribeBlock (/Users/st/workspace_ai/PagePouch/node_modules/jest-circus/build/run.js:121:9)
    at run (/Users/st/workspace_ai/PagePouch/node_modules/jest-circus/build/run.js:71:3)
    at runAndTransformResultsToJestFormat (/Users/st/workspace_ai/PagePouch/node_modules/jest-circus/build/legacy-code-todo-rewrite/jestAdapterInit.js:122:21)
    at jestAdapter (/Users/st/workspace_ai/PagePouch/node_modules/jest-circus/build/legacy-code-todo-rewrite/jestAdapter.js:79:19)
    at runTestInternal (/Users/st/workspace_ai/PagePouch/node_modules/jest-runner/build/runTest.js:367:16)
    at runTest (/Users/st/workspace_ai/PagePouch/node_modules/jest-runner/build/runTest.js:444:34)
    at Object.worker (/Users/st/workspace_ai/PagePouch/node_modules/jest-runner/build/testWorker.js:106:12)</failure>
    </testcase>
    <testcase classname="Localization Functions › Language Detection Helpers" name="should detect current language correctly" time="0">
      <failure>ReferenceError: getCurrentLanguage is not defined
    at Object.expect (/Users/st/workspace_ai/PagePouch/tests/i18n.test.js:326:13)
    at Promise.then.completed (/Users/st/workspace_ai/PagePouch/node_modules/jest-circus/build/utils.js:298:28)
    at new Promise (&lt;anonymous&gt;)
    at callAsyncCircusFn (/Users/st/workspace_ai/PagePouch/node_modules/jest-circus/build/utils.js:231:10)
    at _callCircusTest (/Users/st/workspace_ai/PagePouch/node_modules/jest-circus/build/run.js:316:40)
    at processTicksAndRejections (node:internal/process/task_queues:105:5)
    at _runTest (/Users/st/workspace_ai/PagePouch/node_modules/jest-circus/build/run.js:252:3)
    at _runTestsForDescribeBlock (/Users/st/workspace_ai/PagePouch/node_modules/jest-circus/build/run.js:126:9)
    at _runTestsForDescribeBlock (/Users/st/workspace_ai/PagePouch/node_modules/jest-circus/build/run.js:121:9)
    at _runTestsForDescribeBlock (/Users/st/workspace_ai/PagePouch/node_modules/jest-circus/build/run.js:121:9)
    at run (/Users/st/workspace_ai/PagePouch/node_modules/jest-circus/build/run.js:71:3)
    at runAndTransformResultsToJestFormat (/Users/st/workspace_ai/PagePouch/node_modules/jest-circus/build/legacy-code-todo-rewrite/jestAdapterInit.js:122:21)
    at jestAdapter (/Users/st/workspace_ai/PagePouch/node_modules/jest-circus/build/legacy-code-todo-rewrite/jestAdapter.js:79:19)
    at runTestInternal (/Users/st/workspace_ai/PagePouch/node_modules/jest-runner/build/runTest.js:367:16)
    at runTest (/Users/st/workspace_ai/PagePouch/node_modules/jest-runner/build/runTest.js:444:34)
    at Object.worker (/Users/st/workspace_ai/PagePouch/node_modules/jest-runner/build/testWorker.js:106:12)</failure>
    </testcase>
    <testcase classname="Date and Number Formatting" name="should format dates according to locale" time="0.001">
      <failure>ReferenceError: formatDate is not defined
    at Object.formatDate (/Users/st/workspace_ai/PagePouch/tests/i18n.test.js:351:27)
    at Promise.then.completed (/Users/st/workspace_ai/PagePouch/node_modules/jest-circus/build/utils.js:298:28)
    at new Promise (&lt;anonymous&gt;)
    at callAsyncCircusFn (/Users/st/workspace_ai/PagePouch/node_modules/jest-circus/build/utils.js:231:10)
    at _callCircusTest (/Users/st/workspace_ai/PagePouch/node_modules/jest-circus/build/run.js:316:40)
    at processTicksAndRejections (node:internal/process/task_queues:105:5)
    at _runTest (/Users/st/workspace_ai/PagePouch/node_modules/jest-circus/build/run.js:252:3)
    at _runTestsForDescribeBlock (/Users/st/workspace_ai/PagePouch/node_modules/jest-circus/build/run.js:126:9)
    at _runTestsForDescribeBlock (/Users/st/workspace_ai/PagePouch/node_modules/jest-circus/build/run.js:121:9)
    at run (/Users/st/workspace_ai/PagePouch/node_modules/jest-circus/build/run.js:71:3)
    at runAndTransformResultsToJestFormat (/Users/st/workspace_ai/PagePouch/node_modules/jest-circus/build/legacy-code-todo-rewrite/jestAdapterInit.js:122:21)
    at jestAdapter (/Users/st/workspace_ai/PagePouch/node_modules/jest-circus/build/legacy-code-todo-rewrite/jestAdapter.js:79:19)
    at runTestInternal (/Users/st/workspace_ai/PagePouch/node_modules/jest-runner/build/runTest.js:367:16)
    at runTest (/Users/st/workspace_ai/PagePouch/node_modules/jest-runner/build/runTest.js:444:34)
    at Object.worker (/Users/st/workspace_ai/PagePouch/node_modules/jest-runner/build/testWorker.js:106:12)</failure>
    </testcase>
    <testcase classname="Date and Number Formatting" name="should format numbers according to locale" time="0">
      <failure>ReferenceError: formatNumber is not defined
    at Object.formatNumber (/Users/st/workspace_ai/PagePouch/tests/i18n.test.js:359:27)
    at Promise.then.completed (/Users/st/workspace_ai/PagePouch/node_modules/jest-circus/build/utils.js:298:28)
    at new Promise (&lt;anonymous&gt;)
    at callAsyncCircusFn (/Users/st/workspace_ai/PagePouch/node_modules/jest-circus/build/utils.js:231:10)
    at _callCircusTest (/Users/st/workspace_ai/PagePouch/node_modules/jest-circus/build/run.js:316:40)
    at processTicksAndRejections (node:internal/process/task_queues:105:5)
    at _runTest (/Users/st/workspace_ai/PagePouch/node_modules/jest-circus/build/run.js:252:3)
    at _runTestsForDescribeBlock (/Users/st/workspace_ai/PagePouch/node_modules/jest-circus/build/run.js:126:9)
    at _runTestsForDescribeBlock (/Users/st/workspace_ai/PagePouch/node_modules/jest-circus/build/run.js:121:9)
    at run (/Users/st/workspace_ai/PagePouch/node_modules/jest-circus/build/run.js:71:3)
    at runAndTransformResultsToJestFormat (/Users/st/workspace_ai/PagePouch/node_modules/jest-circus/build/legacy-code-todo-rewrite/jestAdapterInit.js:122:21)
    at jestAdapter (/Users/st/workspace_ai/PagePouch/node_modules/jest-circus/build/legacy-code-todo-rewrite/jestAdapter.js:79:19)
    at runTestInternal (/Users/st/workspace_ai/PagePouch/node_modules/jest-runner/build/runTest.js:367:16)
    at runTest (/Users/st/workspace_ai/PagePouch/node_modules/jest-runner/build/runTest.js:444:34)
    at Object.worker (/Users/st/workspace_ai/PagePouch/node_modules/jest-runner/build/testWorker.js:106:12)</failure>
    </testcase>
    <testcase classname="Date and Number Formatting" name="should format relative time" time="0">
      <failure>ReferenceError: formatRelativeTime is not defined
    at Object.formatRelativeTime (/Users/st/workspace_ai/PagePouch/tests/i18n.test.js:367:27)
    at Promise.then.completed (/Users/st/workspace_ai/PagePouch/node_modules/jest-circus/build/utils.js:298:28)
    at new Promise (&lt;anonymous&gt;)
    at callAsyncCircusFn (/Users/st/workspace_ai/PagePouch/node_modules/jest-circus/build/utils.js:231:10)
    at _callCircusTest (/Users/st/workspace_ai/PagePouch/node_modules/jest-circus/build/run.js:316:40)
    at processTicksAndRejections (node:internal/process/task_queues:105:5)
    at _runTest (/Users/st/workspace_ai/PagePouch/node_modules/jest-circus/build/run.js:252:3)
    at _runTestsForDescribeBlock (/Users/st/workspace_ai/PagePouch/node_modules/jest-circus/build/run.js:126:9)
    at _runTestsForDescribeBlock (/Users/st/workspace_ai/PagePouch/node_modules/jest-circus/build/run.js:121:9)
    at run (/Users/st/workspace_ai/PagePouch/node_modules/jest-circus/build/run.js:71:3)
    at runAndTransformResultsToJestFormat (/Users/st/workspace_ai/PagePouch/node_modules/jest-circus/build/legacy-code-todo-rewrite/jestAdapterInit.js:122:21)
    at jestAdapter (/Users/st/workspace_ai/PagePouch/node_modules/jest-circus/build/legacy-code-todo-rewrite/jestAdapter.js:79:19)
    at runTestInternal (/Users/st/workspace_ai/PagePouch/node_modules/jest-runner/build/runTest.js:367:16)
    at runTest (/Users/st/workspace_ai/PagePouch/node_modules/jest-runner/build/runTest.js:444:34)
    at Object.worker (/Users/st/workspace_ai/PagePouch/node_modules/jest-runner/build/testWorker.js:106:12)</failure>
    </testcase>
  </testsuite>
  <testsuite name="tests/lifecycle-management.test.js" errors="0" failures="17" skipped="0" timestamp="2025-08-16T04:44:21" time="4.005" tests="30">
    <testcase classname="ExtensionLifecycleManager › Installation Handling" name="should handle first-time installation" time="0.101">
      <failure>Error: expect(received).toBeTruthy()

Received: null
    at Object.toBeTruthy (/Users/st/workspace_ai/PagePouch/tests/lifecycle-management.test.js:407:50)
    at processTicksAndRejections (node:internal/process/task_queues:105:5)</failure>
    </testcase>
    <testcase classname="ExtensionLifecycleManager › Installation Handling" name="should handle extension updates" time="0.042">
      <failure>Error: expect(received).toBeTruthy()

Received: null
    at Object.toBeTruthy (/Users/st/workspace_ai/PagePouch/tests/lifecycle-management.test.js:423:53)
    at processTicksAndRejections (node:internal/process/task_queues:105:5)</failure>
    </testcase>
    <testcase classname="ExtensionLifecycleManager › Installation Handling" name="should handle Chrome updates" time="0.001">
      <failure>Error: expect(received).toBeTruthy()

Received: null
    at Object.toBeTruthy (/Users/st/workspace_ai/PagePouch/tests/lifecycle-management.test.js:432:50)
    at processTicksAndRejections (node:internal/process/task_queues:105:5)</failure>
    </testcase>
    <testcase classname="ExtensionLifecycleManager › Installation Handling" name="should handle shared module updates" time="0">
      <failure>Error: expect(received).toBeTruthy()

Received: null
    at Object.toBeTruthy (/Users/st/workspace_ai/PagePouch/tests/lifecycle-management.test.js:440:50)
    at processTicksAndRejections (node:internal/process/task_queues:105:5)</failure>
    </testcase>
    <testcase classname="ExtensionLifecycleManager › Installation Handling" name="should handle installation errors gracefully" time="0">
      <failure>Error: expect(received).toBeGreaterThan(expected)

Expected: &gt; 0
Received:   0
    at Object.toBeGreaterThan (/Users/st/workspace_ai/PagePouch/tests/lifecycle-management.test.js:449:49)
    at processTicksAndRejections (node:internal/process/task_queues:105:5)</failure>
    </testcase>
    <testcase classname="ExtensionLifecycleManager › Service Worker Lifecycle" name="should handle startup correctly" time="0">
    </testcase>
    <testcase classname="ExtensionLifecycleManager › Service Worker Lifecycle" name="should handle suspend correctly" time="0">
    </testcase>
    <testcase classname="ExtensionLifecycleManager › Service Worker Lifecycle" name="should handle suspend cancellation" time="0">
    </testcase>
    <testcase classname="ExtensionLifecycleManager › Error Handling" name="should handle unhandled promise rejections" time="0.002">
      <failure>Error: expect(received).toBe(expected) // Object.is equality

Expected: 1
Received: 0
    at Object.toBe (/Users/st/workspace_ai/PagePouch/tests/lifecycle-management.test.js:487:49)
    at processTicksAndRejections (node:internal/process/task_queues:105:5)</failure>
    </testcase>
    <testcase classname="ExtensionLifecycleManager › Error Handling" name="should handle uncaught errors" time="0.001">
      <failure>Error: expect(received).toBe(expected) // Object.is equality

Expected: 1
Received: 0
    at Object.toBe (/Users/st/workspace_ai/PagePouch/tests/lifecycle-management.test.js:499:49)
    at processTicksAndRejections (node:internal/process/task_queues:105:5)</failure>
    </testcase>
    <testcase classname="ExtensionLifecycleManager › Error Handling" name="should attempt recovery on errors" time="0">
      <failure>Error: Settings error
    at Object.&lt;anonymous&gt; (/Users/st/workspace_ai/PagePouch/tests/lifecycle-management.test.js:445:57)
    at Promise.then.completed (/Users/st/workspace_ai/PagePouch/node_modules/jest-circus/build/utils.js:298:28)
    at new Promise (&lt;anonymous&gt;)
    at callAsyncCircusFn (/Users/st/workspace_ai/PagePouch/node_modules/jest-circus/build/utils.js:231:10)
    at _callCircusTest (/Users/st/workspace_ai/PagePouch/node_modules/jest-circus/build/run.js:316:40)
    at processTicksAndRejections (node:internal/process/task_queues:105:5)
    at _runTest (/Users/st/workspace_ai/PagePouch/node_modules/jest-circus/build/run.js:252:3)
    at _runTestsForDescribeBlock (/Users/st/workspace_ai/PagePouch/node_modules/jest-circus/build/run.js:126:9)
    at _runTestsForDescribeBlock (/Users/st/workspace_ai/PagePouch/node_modules/jest-circus/build/run.js:121:9)
    at _runTestsForDescribeBlock (/Users/st/workspace_ai/PagePouch/node_modules/jest-circus/build/run.js:121:9)
    at run (/Users/st/workspace_ai/PagePouch/node_modules/jest-circus/build/run.js:71:3)
    at runAndTransformResultsToJestFormat (/Users/st/workspace_ai/PagePouch/node_modules/jest-circus/build/legacy-code-todo-rewrite/jestAdapterInit.js:122:21)
    at jestAdapter (/Users/st/workspace_ai/PagePouch/node_modules/jest-circus/build/legacy-code-todo-rewrite/jestAdapter.js:79:19)
    at runTestInternal (/Users/st/workspace_ai/PagePouch/node_modules/jest-runner/build/runTest.js:367:16)
    at runTest (/Users/st/workspace_ai/PagePouch/node_modules/jest-runner/build/runTest.js:444:34)
    at Object.worker (/Users/st/workspace_ai/PagePouch/node_modules/jest-runner/build/testWorker.js:106:12)</failure>
    </testcase>
    <testcase classname="ExtensionLifecycleManager › Error Handling" name="should perform emergency reset after max recovery attempts" time="0.003">
      <failure>Error: expect(jest.fn()).toHaveBeenCalled()

Expected number of calls: &gt;= 1
Received number of calls:    0
    at Object.toHaveBeenCalled (/Users/st/workspace_ai/PagePouch/tests/lifecycle-management.test.js:520:48)
    at processTicksAndRejections (node:internal/process/task_queues:105:5)</failure>
    </testcase>
    <testcase classname="ExtensionLifecycleManager › Health Monitoring" name="should initialize health monitoring" time="0">
    </testcase>
    <testcase classname="ExtensionLifecycleManager › Health Monitoring" name="should stop health monitoring" time="0.001">
    </testcase>
    <testcase classname="ExtensionLifecycleManager › Health Monitoring" name="should perform health checks" time="0">
    </testcase>
    <testcase classname="ExtensionLifecycleManager › Health Monitoring" name="should detect high memory usage" time="0">
      <failure>Error: expect(received).toBeGreaterThan(expected)

Expected: &gt; 0
Received:   0
    at Object.toBeGreaterThan (/Users/st/workspace_ai/PagePouch/tests/lifecycle-management.test.js:554:49)
    at processTicksAndRejections (node:internal/process/task_queues:105:5)</failure>
    </testcase>
    <testcase classname="ExtensionLifecycleManager › Health Monitoring" name="should detect high error count" time="0.026">
      <failure>Error: expect(received).toBeGreaterThan(expected)

Expected: &gt; 0
Received:   0
    at Object.toBeGreaterThan (/Users/st/workspace_ai/PagePouch/tests/lifecycle-management.test.js:562:55)
    at processTicksAndRejections (node:internal/process/task_queues:105:5)</failure>
    </testcase>
    <testcase classname="ExtensionLifecycleManager › Health Monitoring" name="should limit memory usage metrics" time="0">
    </testcase>
    <testcase classname="ExtensionLifecycleManager › Recovery Strategies" name="should recover from storage errors" time="0">
      <failure>Error: Settings error
    at Object.&lt;anonymous&gt; (/Users/st/workspace_ai/PagePouch/tests/lifecycle-management.test.js:445:57)
    at Promise.then.completed (/Users/st/workspace_ai/PagePouch/node_modules/jest-circus/build/utils.js:298:28)
    at new Promise (&lt;anonymous&gt;)
    at callAsyncCircusFn (/Users/st/workspace_ai/PagePouch/node_modules/jest-circus/build/utils.js:231:10)
    at _callCircusTest (/Users/st/workspace_ai/PagePouch/node_modules/jest-circus/build/run.js:316:40)
    at processTicksAndRejections (node:internal/process/task_queues:105:5)
    at _runTest (/Users/st/workspace_ai/PagePouch/node_modules/jest-circus/build/run.js:252:3)
    at _runTestsForDescribeBlock (/Users/st/workspace_ai/PagePouch/node_modules/jest-circus/build/run.js:126:9)
    at _runTestsForDescribeBlock (/Users/st/workspace_ai/PagePouch/node_modules/jest-circus/build/run.js:121:9)
    at _runTestsForDescribeBlock (/Users/st/workspace_ai/PagePouch/node_modules/jest-circus/build/run.js:121:9)
    at run (/Users/st/workspace_ai/PagePouch/node_modules/jest-circus/build/run.js:71:3)
    at runAndTransformResultsToJestFormat (/Users/st/workspace_ai/PagePouch/node_modules/jest-circus/build/legacy-code-todo-rewrite/jestAdapterInit.js:122:21)
    at jestAdapter (/Users/st/workspace_ai/PagePouch/node_modules/jest-circus/build/legacy-code-todo-rewrite/jestAdapter.js:79:19)
    at runTestInternal (/Users/st/workspace_ai/PagePouch/node_modules/jest-runner/build/runTest.js:367:16)
    at runTest (/Users/st/workspace_ai/PagePouch/node_modules/jest-runner/build/runTest.js:444:34)
    at Object.worker (/Users/st/workspace_ai/PagePouch/node_modules/jest-runner/build/testWorker.js:106:12)</failure>
    </testcase>
    <testcase classname="ExtensionLifecycleManager › Recovery Strategies" name="should recover from API errors" time="0.004">
      <failure>Error: expect(jest.fn()).toHaveBeenCalledWith(...expected)

Expected: {&quot;_apiErrorRecovery&quot;: true, &quot;enableAISummary&quot;: false}

Number of calls: 0
    at Object.toHaveBeenCalledWith (/Users/st/workspace_ai/PagePouch/tests/lifecycle-management.test.js:599:54)
    at processTicksAndRejections (node:internal/process/task_queues:105:5)</failure>
    </testcase>
    <testcase classname="ExtensionLifecycleManager › Recovery Strategies" name="should recover from memory errors" time="0">
    </testcase>
    <testcase classname="ExtensionLifecycleManager › Recovery Strategies" name="should perform generic recovery" time="0">
    </testcase>
    <testcase classname="ExtensionLifecycleManager › Metrics and Analytics" name="should record lifecycle events" time="0">
    </testcase>
    <testcase classname="ExtensionLifecycleManager › Metrics and Analytics" name="should record installation analytics" time="0">
      <failure>TypeError: chrome.runtime.getManifest is not a function
    at ExtensionLifecycleManager.getManifest [as recordInstallationAnalytics] (/Users/st/workspace_ai/PagePouch/tests/lifecycle-management.test.js:342:37)
    at Object.recordInstallationAnalytics (/Users/st/workspace_ai/PagePouch/tests/lifecycle-management.test.js:634:36)
    at Promise.then.completed (/Users/st/workspace_ai/PagePouch/node_modules/jest-circus/build/utils.js:298:28)
    at new Promise (&lt;anonymous&gt;)
    at callAsyncCircusFn (/Users/st/workspace_ai/PagePouch/node_modules/jest-circus/build/utils.js:231:10)
    at _callCircusTest (/Users/st/workspace_ai/PagePouch/node_modules/jest-circus/build/run.js:316:40)
    at processTicksAndRejections (node:internal/process/task_queues:105:5)
    at _runTest (/Users/st/workspace_ai/PagePouch/node_modules/jest-circus/build/run.js:252:3)
    at _runTestsForDescribeBlock (/Users/st/workspace_ai/PagePouch/node_modules/jest-circus/build/run.js:126:9)
    at _runTestsForDescribeBlock (/Users/st/workspace_ai/PagePouch/node_modules/jest-circus/build/run.js:121:9)
    at _runTestsForDescribeBlock (/Users/st/workspace_ai/PagePouch/node_modules/jest-circus/build/run.js:121:9)
    at run (/Users/st/workspace_ai/PagePouch/node_modules/jest-circus/build/run.js:71:3)
    at runAndTransformResultsToJestFormat (/Users/st/workspace_ai/PagePouch/node_modules/jest-circus/build/legacy-code-todo-rewrite/jestAdapterInit.js:122:21)
    at jestAdapter (/Users/st/workspace_ai/PagePouch/node_modules/jest-circus/build/legacy-code-todo-rewrite/jestAdapter.js:79:19)
    at runTestInternal (/Users/st/workspace_ai/PagePouch/node_modules/jest-runner/build/runTest.js:367:16)
    at runTest (/Users/st/workspace_ai/PagePouch/node_modules/jest-runner/build/runTest.js:444:34)
    at Object.worker (/Users/st/workspace_ai/PagePouch/node_modules/jest-runner/build/testWorker.js:106:12)</failure>
    </testcase>
    <testcase classname="ExtensionLifecycleManager › Metrics and Analytics" name="should log errors with metrics" time="0.001">
    </testcase>
    <testcase classname="ExtensionLifecycleManager › Metrics and Analytics" name="should save lifecycle metrics" time="0">
    </testcase>
    <testcase classname="ExtensionLifecycleManager › Metrics and Analytics" name="should cleanup old metrics" time="0.001">
    </testcase>
    <testcase classname="ExtensionLifecycleManager › Integration Tests" name="should handle complete lifecycle flow" time="0">
      <failure>Error: expect(received).toBeTruthy()

Received: null
    at Object.toBeTruthy (/Users/st/workspace_ai/PagePouch/tests/lifecycle-management.test.js:688:50)
    at processTicksAndRejections (node:internal/process/task_queues:105:5)</failure>
    </testcase>
    <testcase classname="ExtensionLifecycleManager › Integration Tests" name="should maintain state consistency" time="0">
      <failure>Error: expect(received).toBe(expected) // Object.is equality

Expected: 1
Received: 0
    at Object.toBe (/Users/st/workspace_ai/PagePouch/tests/lifecycle-management.test.js:713:49)
    at processTicksAndRejections (node:internal/process/task_queues:105:5)</failure>
    </testcase>
    <testcase classname="ExtensionLifecycleManager › Integration Tests" name="should handle concurrent operations" time="0.001">
      <failure>Error: expect(received).toBe(expected) // Object.is equality

Expected: 2
Received: 0
    at Object.toBe (/Users/st/workspace_ai/PagePouch/tests/lifecycle-management.test.js:727:49)
    at processTicksAndRejections (node:internal/process/task_queues:105:5)</failure>
    </testcase>
  </testsuite>
  <testsuite name="tests/message-router.test.js" errors="0" failures="7" skipped="0" timestamp="2025-08-16T04:44:21" time="4.142" tests="24">
    <testcase classname="MessageRouter › Handler Registration" name="should register handlers correctly" time="0.091">
    </testcase>
    <testcase classname="MessageRouter › Handler Registration" name="should allow custom handler registration" time="0.001">
    </testcase>
    <testcase classname="MessageRouter › Middleware System" name="should execute middleware in order" time="0.001">
    </testcase>
    <testcase classname="MessageRouter › Middleware System" name="should handle middleware errors" time="0.049">
    </testcase>
    <testcase classname="MessageRouter › Request Validation" name="should reject messages without action" time="0">
    </testcase>
    <testcase classname="MessageRouter › Request Validation" name="should reject unknown actions" time="0.001">
    </testcase>
    <testcase classname="MessageRouter › Request Validation" name="should accept valid messages" time="0">
    </testcase>
    <testcase classname="MessageRouter › Rate Limiting" name="should allow requests under rate limit" time="0">
    </testcase>
    <testcase classname="MessageRouter › Rate Limiting" name="should block requests over rate limit" time="0.001">
    </testcase>
    <testcase classname="MessageRouter › Rate Limiting" name="should reset rate limits after time window" time="0">
      <failure>Error: Rate limit exceeded
    at /Users/st/workspace_ai/PagePouch/tests/message-router.test.js:111:23
    at middleware (/Users/st/workspace_ai/PagePouch/tests/message-router.test.js:161:30)
    at next (/Users/st/workspace_ai/PagePouch/tests/message-router.test.js:95:38)
    at middleware (/Users/st/workspace_ai/PagePouch/tests/message-router.test.js:161:30)
    at MessageRouter.next [as processMessage] (/Users/st/workspace_ai/PagePouch/tests/message-router.test.js:168:22)
    at Object.processMessage (/Users/st/workspace_ai/PagePouch/tests/message-router.test.js:363:48)
    at processTicksAndRejections (node:internal/process/task_queues:105:5)</failure>
    </testcase>
    <testcase classname="MessageRouter › Request Tracking" name="should track active requests" time="0.102">
    </testcase>
    <testcase classname="MessageRouter › Request Tracking" name="should track requests by tab" time="0.051">
    </testcase>
    <testcase classname="MessageRouter › System Information" name="should provide system information" time="0">
    </testcase>
    <testcase classname="MessageRouter › Error Handling" name="should handle handler errors gracefully" time="0.001">
    </testcase>
    <testcase classname="MessageRouter › Error Handling" name="should provide meaningful error messages" time="0">
    </testcase>
    <testcase classname="PageSaveOrchestrator › Successful Page Save" name="should complete all steps successfully" time="0.001">
      <failure>TypeError: Cannot read properties of undefined (reading &apos;mockResolvedValue&apos;)
    at Object.mockResolvedValue (/Users/st/workspace_ai/PagePouch/tests/message-router.test.js:597:25)
    at Promise.then.completed (/Users/st/workspace_ai/PagePouch/node_modules/jest-circus/build/utils.js:298:28)
    at new Promise (&lt;anonymous&gt;)
    at callAsyncCircusFn (/Users/st/workspace_ai/PagePouch/node_modules/jest-circus/build/utils.js:231:10)
    at _callCircusHook (/Users/st/workspace_ai/PagePouch/node_modules/jest-circus/build/run.js:281:40)
    at _runTest (/Users/st/workspace_ai/PagePouch/node_modules/jest-circus/build/run.js:246:5)
    at _runTestsForDescribeBlock (/Users/st/workspace_ai/PagePouch/node_modules/jest-circus/build/run.js:126:9)
    at _runTestsForDescribeBlock (/Users/st/workspace_ai/PagePouch/node_modules/jest-circus/build/run.js:121:9)
    at _runTestsForDescribeBlock (/Users/st/workspace_ai/PagePouch/node_modules/jest-circus/build/run.js:121:9)
    at run (/Users/st/workspace_ai/PagePouch/node_modules/jest-circus/build/run.js:71:3)
    at runAndTransformResultsToJestFormat (/Users/st/workspace_ai/PagePouch/node_modules/jest-circus/build/legacy-code-todo-rewrite/jestAdapterInit.js:122:21)
    at jestAdapter (/Users/st/workspace_ai/PagePouch/node_modules/jest-circus/build/legacy-code-todo-rewrite/jestAdapter.js:79:19)
    at runTestInternal (/Users/st/workspace_ai/PagePouch/node_modules/jest-runner/build/runTest.js:367:16)
    at runTest (/Users/st/workspace_ai/PagePouch/node_modules/jest-runner/build/runTest.js:444:34)
    at Object.worker (/Users/st/workspace_ai/PagePouch/node_modules/jest-runner/build/testWorker.js:106:12)</failure>
    </testcase>
    <testcase classname="PageSaveOrchestrator › Successful Page Save" name="should provide timing information" time="0">
      <failure>TypeError: Cannot read properties of undefined (reading &apos;mockResolvedValue&apos;)
    at Object.mockResolvedValue (/Users/st/workspace_ai/PagePouch/tests/message-router.test.js:597:25)
    at Promise.then.completed (/Users/st/workspace_ai/PagePouch/node_modules/jest-circus/build/utils.js:298:28)
    at new Promise (&lt;anonymous&gt;)
    at callAsyncCircusFn (/Users/st/workspace_ai/PagePouch/node_modules/jest-circus/build/utils.js:231:10)
    at _callCircusHook (/Users/st/workspace_ai/PagePouch/node_modules/jest-circus/build/run.js:281:40)
    at _runTest (/Users/st/workspace_ai/PagePouch/node_modules/jest-circus/build/run.js:246:5)
    at _runTestsForDescribeBlock (/Users/st/workspace_ai/PagePouch/node_modules/jest-circus/build/run.js:126:9)
    at _runTestsForDescribeBlock (/Users/st/workspace_ai/PagePouch/node_modules/jest-circus/build/run.js:121:9)
    at _runTestsForDescribeBlock (/Users/st/workspace_ai/PagePouch/node_modules/jest-circus/build/run.js:121:9)
    at run (/Users/st/workspace_ai/PagePouch/node_modules/jest-circus/build/run.js:71:3)
    at runAndTransformResultsToJestFormat (/Users/st/workspace_ai/PagePouch/node_modules/jest-circus/build/legacy-code-todo-rewrite/jestAdapterInit.js:122:21)
    at jestAdapter (/Users/st/workspace_ai/PagePouch/node_modules/jest-circus/build/legacy-code-todo-rewrite/jestAdapter.js:79:19)
    at runTestInternal (/Users/st/workspace_ai/PagePouch/node_modules/jest-runner/build/runTest.js:367:16)
    at runTest (/Users/st/workspace_ai/PagePouch/node_modules/jest-runner/build/runTest.js:444:34)
    at Object.worker (/Users/st/workspace_ai/PagePouch/node_modules/jest-runner/build/testWorker.js:106:12)</failure>
    </testcase>
    <testcase classname="PageSaveOrchestrator › Successful Page Save" name="should create proper page object" time="0">
      <failure>TypeError: Cannot read properties of undefined (reading &apos;mockResolvedValue&apos;)
    at Object.mockResolvedValue (/Users/st/workspace_ai/PagePouch/tests/message-router.test.js:597:25)
    at Promise.then.completed (/Users/st/workspace_ai/PagePouch/node_modules/jest-circus/build/utils.js:298:28)
    at new Promise (&lt;anonymous&gt;)
    at callAsyncCircusFn (/Users/st/workspace_ai/PagePouch/node_modules/jest-circus/build/utils.js:231:10)
    at _callCircusHook (/Users/st/workspace_ai/PagePouch/node_modules/jest-circus/build/run.js:281:40)
    at _runTest (/Users/st/workspace_ai/PagePouch/node_modules/jest-circus/build/run.js:246:5)
    at _runTestsForDescribeBlock (/Users/st/workspace_ai/PagePouch/node_modules/jest-circus/build/run.js:126:9)
    at _runTestsForDescribeBlock (/Users/st/workspace_ai/PagePouch/node_modules/jest-circus/build/run.js:121:9)
    at _runTestsForDescribeBlock (/Users/st/workspace_ai/PagePouch/node_modules/jest-circus/build/run.js:121:9)
    at run (/Users/st/workspace_ai/PagePouch/node_modules/jest-circus/build/run.js:71:3)
    at runAndTransformResultsToJestFormat (/Users/st/workspace_ai/PagePouch/node_modules/jest-circus/build/legacy-code-todo-rewrite/jestAdapterInit.js:122:21)
    at jestAdapter (/Users/st/workspace_ai/PagePouch/node_modules/jest-circus/build/legacy-code-todo-rewrite/jestAdapter.js:79:19)
    at runTestInternal (/Users/st/workspace_ai/PagePouch/node_modules/jest-runner/build/runTest.js:367:16)
    at runTest (/Users/st/workspace_ai/PagePouch/node_modules/jest-runner/build/runTest.js:444:34)
    at Object.worker (/Users/st/workspace_ai/PagePouch/node_modules/jest-runner/build/testWorker.js:106:12)</failure>
    </testcase>
    <testcase classname="PageSaveOrchestrator › Error Handling" name="should fail on critical step errors" time="0.001">
      <failure>TypeError: Cannot read properties of undefined (reading &apos;mockResolvedValue&apos;)
    at Object.mockResolvedValue (/Users/st/workspace_ai/PagePouch/tests/message-router.test.js:597:25)
    at Promise.then.completed (/Users/st/workspace_ai/PagePouch/node_modules/jest-circus/build/utils.js:298:28)
    at new Promise (&lt;anonymous&gt;)
    at callAsyncCircusFn (/Users/st/workspace_ai/PagePouch/node_modules/jest-circus/build/utils.js:231:10)
    at _callCircusHook (/Users/st/workspace_ai/PagePouch/node_modules/jest-circus/build/run.js:281:40)
    at _runTest (/Users/st/workspace_ai/PagePouch/node_modules/jest-circus/build/run.js:246:5)
    at _runTestsForDescribeBlock (/Users/st/workspace_ai/PagePouch/node_modules/jest-circus/build/run.js:126:9)
    at _runTestsForDescribeBlock (/Users/st/workspace_ai/PagePouch/node_modules/jest-circus/build/run.js:121:9)
    at _runTestsForDescribeBlock (/Users/st/workspace_ai/PagePouch/node_modules/jest-circus/build/run.js:121:9)
    at run (/Users/st/workspace_ai/PagePouch/node_modules/jest-circus/build/run.js:71:3)
    at runAndTransformResultsToJestFormat (/Users/st/workspace_ai/PagePouch/node_modules/jest-circus/build/legacy-code-todo-rewrite/jestAdapterInit.js:122:21)
    at jestAdapter (/Users/st/workspace_ai/PagePouch/node_modules/jest-circus/build/legacy-code-todo-rewrite/jestAdapter.js:79:19)
    at runTestInternal (/Users/st/workspace_ai/PagePouch/node_modules/jest-runner/build/runTest.js:367:16)
    at runTest (/Users/st/workspace_ai/PagePouch/node_modules/jest-runner/build/runTest.js:444:34)
    at Object.worker (/Users/st/workspace_ai/PagePouch/node_modules/jest-runner/build/testWorker.js:106:12)</failure>
    </testcase>
    <testcase classname="PageSaveOrchestrator › Error Handling" name="should continue on non-critical step errors" time="0">
      <failure>TypeError: Cannot read properties of undefined (reading &apos;mockResolvedValue&apos;)
    at Object.mockResolvedValue (/Users/st/workspace_ai/PagePouch/tests/message-router.test.js:597:25)
    at Promise.then.completed (/Users/st/workspace_ai/PagePouch/node_modules/jest-circus/build/utils.js:298:28)
    at new Promise (&lt;anonymous&gt;)
    at callAsyncCircusFn (/Users/st/workspace_ai/PagePouch/node_modules/jest-circus/build/utils.js:231:10)
    at _callCircusHook (/Users/st/workspace_ai/PagePouch/node_modules/jest-circus/build/run.js:281:40)
    at _runTest (/Users/st/workspace_ai/PagePouch/node_modules/jest-circus/build/run.js:246:5)
    at _runTestsForDescribeBlock (/Users/st/workspace_ai/PagePouch/node_modules/jest-circus/build/run.js:126:9)
    at _runTestsForDescribeBlock (/Users/st/workspace_ai/PagePouch/node_modules/jest-circus/build/run.js:121:9)
    at _runTestsForDescribeBlock (/Users/st/workspace_ai/PagePouch/node_modules/jest-circus/build/run.js:121:9)
    at run (/Users/st/workspace_ai/PagePouch/node_modules/jest-circus/build/run.js:71:3)
    at runAndTransformResultsToJestFormat (/Users/st/workspace_ai/PagePouch/node_modules/jest-circus/build/legacy-code-todo-rewrite/jestAdapterInit.js:122:21)
    at jestAdapter (/Users/st/workspace_ai/PagePouch/node_modules/jest-circus/build/legacy-code-todo-rewrite/jestAdapter.js:79:19)
    at runTestInternal (/Users/st/workspace_ai/PagePouch/node_modules/jest-runner/build/runTest.js:367:16)
    at runTest (/Users/st/workspace_ai/PagePouch/node_modules/jest-runner/build/runTest.js:444:34)
    at Object.worker (/Users/st/workspace_ai/PagePouch/node_modules/jest-runner/build/testWorker.js:106:12)</failure>
    </testcase>
    <testcase classname="PageSaveOrchestrator › Step Execution Order" name="should execute steps in correct order" time="0">
      <failure>TypeError: Cannot read properties of undefined (reading &apos;mockResolvedValue&apos;)
    at Object.mockResolvedValue (/Users/st/workspace_ai/PagePouch/tests/message-router.test.js:597:25)
    at Promise.then.completed (/Users/st/workspace_ai/PagePouch/node_modules/jest-circus/build/utils.js:298:28)
    at new Promise (&lt;anonymous&gt;)
    at callAsyncCircusFn (/Users/st/workspace_ai/PagePouch/node_modules/jest-circus/build/utils.js:231:10)
    at _callCircusHook (/Users/st/workspace_ai/PagePouch/node_modules/jest-circus/build/run.js:281:40)
    at _runTest (/Users/st/workspace_ai/PagePouch/node_modules/jest-circus/build/run.js:246:5)
    at _runTestsForDescribeBlock (/Users/st/workspace_ai/PagePouch/node_modules/jest-circus/build/run.js:126:9)
    at _runTestsForDescribeBlock (/Users/st/workspace_ai/PagePouch/node_modules/jest-circus/build/run.js:121:9)
    at _runTestsForDescribeBlock (/Users/st/workspace_ai/PagePouch/node_modules/jest-circus/build/run.js:121:9)
    at run (/Users/st/workspace_ai/PagePouch/node_modules/jest-circus/build/run.js:71:3)
    at runAndTransformResultsToJestFormat (/Users/st/workspace_ai/PagePouch/node_modules/jest-circus/build/legacy-code-todo-rewrite/jestAdapterInit.js:122:21)
    at jestAdapter (/Users/st/workspace_ai/PagePouch/node_modules/jest-circus/build/legacy-code-todo-rewrite/jestAdapter.js:79:19)
    at runTestInternal (/Users/st/workspace_ai/PagePouch/node_modules/jest-runner/build/runTest.js:367:16)
    at runTest (/Users/st/workspace_ai/PagePouch/node_modules/jest-runner/build/runTest.js:444:34)
    at Object.worker (/Users/st/workspace_ai/PagePouch/node_modules/jest-runner/build/testWorker.js:106:12)</failure>
    </testcase>
    <testcase classname="Integration Tests" name="should handle complete message flow" time="0">
    </testcase>
    <testcase classname="Integration Tests" name="should handle concurrent requests" time="0.001">
    </testcase>
    <testcase classname="Integration Tests" name="should maintain request isolation" time="0.101">
    </testcase>
  </testsuite>
  <testsuite name="tests/loading.test.js" errors="0" failures="47" skipped="0" timestamp="2025-08-16T04:44:21" time="4.351" tests="47">
    <testcase classname="LoadingManager › Initialization" name="should initialize with empty state" time="0.096">
      <failure>ReferenceError: LoadingManager is not defined
    at Object.loadingManager (/Users/st/workspace_ai/PagePouch/tests/loading.test.js:44:9)
    at Promise.then.completed (/Users/st/workspace_ai/PagePouch/node_modules/jest-circus/build/utils.js:298:28)
    at new Promise (&lt;anonymous&gt;)
    at callAsyncCircusFn (/Users/st/workspace_ai/PagePouch/node_modules/jest-circus/build/utils.js:231:10)
    at _callCircusHook (/Users/st/workspace_ai/PagePouch/node_modules/jest-circus/build/run.js:281:40)
    at processTicksAndRejections (node:internal/process/task_queues:105:5)
    at _runTest (/Users/st/workspace_ai/PagePouch/node_modules/jest-circus/build/run.js:246:5)
    at _runTestsForDescribeBlock (/Users/st/workspace_ai/PagePouch/node_modules/jest-circus/build/run.js:126:9)
    at _runTestsForDescribeBlock (/Users/st/workspace_ai/PagePouch/node_modules/jest-circus/build/run.js:121:9)
    at _runTestsForDescribeBlock (/Users/st/workspace_ai/PagePouch/node_modules/jest-circus/build/run.js:121:9)
    at run (/Users/st/workspace_ai/PagePouch/node_modules/jest-circus/build/run.js:71:3)
    at runAndTransformResultsToJestFormat (/Users/st/workspace_ai/PagePouch/node_modules/jest-circus/build/legacy-code-todo-rewrite/jestAdapterInit.js:122:21)
    at jestAdapter (/Users/st/workspace_ai/PagePouch/node_modules/jest-circus/build/legacy-code-todo-rewrite/jestAdapter.js:79:19)
    at runTestInternal (/Users/st/workspace_ai/PagePouch/node_modules/jest-runner/build/runTest.js:367:16)
    at runTest (/Users/st/workspace_ai/PagePouch/node_modules/jest-runner/build/runTest.js:444:34)
    at Object.worker (/Users/st/workspace_ai/PagePouch/node_modules/jest-runner/build/testWorker.js:106:12)</failure>
    </testcase>
    <testcase classname="LoadingManager › Initialization" name="should setup styles on initialization" time="0.001">
      <failure>ReferenceError: LoadingManager is not defined
    at Object.loadingManager (/Users/st/workspace_ai/PagePouch/tests/loading.test.js:44:9)
    at Promise.then.completed (/Users/st/workspace_ai/PagePouch/node_modules/jest-circus/build/utils.js:298:28)
    at new Promise (&lt;anonymous&gt;)
    at callAsyncCircusFn (/Users/st/workspace_ai/PagePouch/node_modules/jest-circus/build/utils.js:231:10)
    at _callCircusHook (/Users/st/workspace_ai/PagePouch/node_modules/jest-circus/build/run.js:281:40)
    at processTicksAndRejections (node:internal/process/task_queues:105:5)
    at _runTest (/Users/st/workspace_ai/PagePouch/node_modules/jest-circus/build/run.js:246:5)
    at _runTestsForDescribeBlock (/Users/st/workspace_ai/PagePouch/node_modules/jest-circus/build/run.js:126:9)
    at _runTestsForDescribeBlock (/Users/st/workspace_ai/PagePouch/node_modules/jest-circus/build/run.js:121:9)
    at _runTestsForDescribeBlock (/Users/st/workspace_ai/PagePouch/node_modules/jest-circus/build/run.js:121:9)
    at run (/Users/st/workspace_ai/PagePouch/node_modules/jest-circus/build/run.js:71:3)
    at runAndTransformResultsToJestFormat (/Users/st/workspace_ai/PagePouch/node_modules/jest-circus/build/legacy-code-todo-rewrite/jestAdapterInit.js:122:21)
    at jestAdapter (/Users/st/workspace_ai/PagePouch/node_modules/jest-circus/build/legacy-code-todo-rewrite/jestAdapter.js:79:19)
    at runTestInternal (/Users/st/workspace_ai/PagePouch/node_modules/jest-runner/build/runTest.js:367:16)
    at runTest (/Users/st/workspace_ai/PagePouch/node_modules/jest-runner/build/runTest.js:444:34)
    at Object.worker (/Users/st/workspace_ai/PagePouch/node_modules/jest-runner/build/testWorker.js:106:12)</failure>
    </testcase>
    <testcase classname="LoadingManager › Spinner Loading" name="should show spinner with default options" time="0">
      <failure>ReferenceError: LoadingManager is not defined
    at Object.loadingManager (/Users/st/workspace_ai/PagePouch/tests/loading.test.js:44:9)
    at Promise.then.completed (/Users/st/workspace_ai/PagePouch/node_modules/jest-circus/build/utils.js:298:28)
    at new Promise (&lt;anonymous&gt;)
    at callAsyncCircusFn (/Users/st/workspace_ai/PagePouch/node_modules/jest-circus/build/utils.js:231:10)
    at _callCircusHook (/Users/st/workspace_ai/PagePouch/node_modules/jest-circus/build/run.js:281:40)
    at processTicksAndRejections (node:internal/process/task_queues:105:5)
    at _runTest (/Users/st/workspace_ai/PagePouch/node_modules/jest-circus/build/run.js:246:5)
    at _runTestsForDescribeBlock (/Users/st/workspace_ai/PagePouch/node_modules/jest-circus/build/run.js:126:9)
    at _runTestsForDescribeBlock (/Users/st/workspace_ai/PagePouch/node_modules/jest-circus/build/run.js:121:9)
    at _runTestsForDescribeBlock (/Users/st/workspace_ai/PagePouch/node_modules/jest-circus/build/run.js:121:9)
    at run (/Users/st/workspace_ai/PagePouch/node_modules/jest-circus/build/run.js:71:3)
    at runAndTransformResultsToJestFormat (/Users/st/workspace_ai/PagePouch/node_modules/jest-circus/build/legacy-code-todo-rewrite/jestAdapterInit.js:122:21)
    at jestAdapter (/Users/st/workspace_ai/PagePouch/node_modules/jest-circus/build/legacy-code-todo-rewrite/jestAdapter.js:79:19)
    at runTestInternal (/Users/st/workspace_ai/PagePouch/node_modules/jest-runner/build/runTest.js:367:16)
    at runTest (/Users/st/workspace_ai/PagePouch/node_modules/jest-runner/build/runTest.js:444:34)
    at Object.worker (/Users/st/workspace_ai/PagePouch/node_modules/jest-runner/build/testWorker.js:106:12)</failure>
    </testcase>
    <testcase classname="LoadingManager › Spinner Loading" name="should show spinner with custom options" time="0.001">
      <failure>ReferenceError: LoadingManager is not defined
    at Object.loadingManager (/Users/st/workspace_ai/PagePouch/tests/loading.test.js:44:9)
    at Promise.then.completed (/Users/st/workspace_ai/PagePouch/node_modules/jest-circus/build/utils.js:298:28)
    at new Promise (&lt;anonymous&gt;)
    at callAsyncCircusFn (/Users/st/workspace_ai/PagePouch/node_modules/jest-circus/build/utils.js:231:10)
    at _callCircusHook (/Users/st/workspace_ai/PagePouch/node_modules/jest-circus/build/run.js:281:40)
    at processTicksAndRejections (node:internal/process/task_queues:105:5)
    at _runTest (/Users/st/workspace_ai/PagePouch/node_modules/jest-circus/build/run.js:246:5)
    at _runTestsForDescribeBlock (/Users/st/workspace_ai/PagePouch/node_modules/jest-circus/build/run.js:126:9)
    at _runTestsForDescribeBlock (/Users/st/workspace_ai/PagePouch/node_modules/jest-circus/build/run.js:121:9)
    at _runTestsForDescribeBlock (/Users/st/workspace_ai/PagePouch/node_modules/jest-circus/build/run.js:121:9)
    at run (/Users/st/workspace_ai/PagePouch/node_modules/jest-circus/build/run.js:71:3)
    at runAndTransformResultsToJestFormat (/Users/st/workspace_ai/PagePouch/node_modules/jest-circus/build/legacy-code-todo-rewrite/jestAdapterInit.js:122:21)
    at jestAdapter (/Users/st/workspace_ai/PagePouch/node_modules/jest-circus/build/legacy-code-todo-rewrite/jestAdapter.js:79:19)
    at runTestInternal (/Users/st/workspace_ai/PagePouch/node_modules/jest-runner/build/runTest.js:367:16)
    at runTest (/Users/st/workspace_ai/PagePouch/node_modules/jest-runner/build/runTest.js:444:34)
    at Object.worker (/Users/st/workspace_ai/PagePouch/node_modules/jest-runner/build/testWorker.js:106:12)</failure>
    </testcase>
    <testcase classname="LoadingManager › Spinner Loading" name="should handle missing target element" time="0">
      <failure>ReferenceError: LoadingManager is not defined
    at Object.loadingManager (/Users/st/workspace_ai/PagePouch/tests/loading.test.js:44:9)
    at Promise.then.completed (/Users/st/workspace_ai/PagePouch/node_modules/jest-circus/build/utils.js:298:28)
    at new Promise (&lt;anonymous&gt;)
    at callAsyncCircusFn (/Users/st/workspace_ai/PagePouch/node_modules/jest-circus/build/utils.js:231:10)
    at _callCircusHook (/Users/st/workspace_ai/PagePouch/node_modules/jest-circus/build/run.js:281:40)
    at processTicksAndRejections (node:internal/process/task_queues:105:5)
    at _runTest (/Users/st/workspace_ai/PagePouch/node_modules/jest-circus/build/run.js:246:5)
    at _runTestsForDescribeBlock (/Users/st/workspace_ai/PagePouch/node_modules/jest-circus/build/run.js:126:9)
    at _runTestsForDescribeBlock (/Users/st/workspace_ai/PagePouch/node_modules/jest-circus/build/run.js:121:9)
    at _runTestsForDescribeBlock (/Users/st/workspace_ai/PagePouch/node_modules/jest-circus/build/run.js:121:9)
    at run (/Users/st/workspace_ai/PagePouch/node_modules/jest-circus/build/run.js:71:3)
    at runAndTransformResultsToJestFormat (/Users/st/workspace_ai/PagePouch/node_modules/jest-circus/build/legacy-code-todo-rewrite/jestAdapterInit.js:122:21)
    at jestAdapter (/Users/st/workspace_ai/PagePouch/node_modules/jest-circus/build/legacy-code-todo-rewrite/jestAdapter.js:79:19)
    at runTestInternal (/Users/st/workspace_ai/PagePouch/node_modules/jest-runner/build/runTest.js:367:16)
    at runTest (/Users/st/workspace_ai/PagePouch/node_modules/jest-runner/build/runTest.js:444:34)
    at Object.worker (/Users/st/workspace_ai/PagePouch/node_modules/jest-runner/build/testWorker.js:106:12)</failure>
    </testcase>
    <testcase classname="LoadingManager › Spinner Loading" name="should hide spinner correctly" time="0">
      <failure>ReferenceError: LoadingManager is not defined
    at Object.loadingManager (/Users/st/workspace_ai/PagePouch/tests/loading.test.js:44:9)
    at Promise.then.completed (/Users/st/workspace_ai/PagePouch/node_modules/jest-circus/build/utils.js:298:28)
    at new Promise (&lt;anonymous&gt;)
    at callAsyncCircusFn (/Users/st/workspace_ai/PagePouch/node_modules/jest-circus/build/utils.js:231:10)
    at _callCircusHook (/Users/st/workspace_ai/PagePouch/node_modules/jest-circus/build/run.js:281:40)
    at processTicksAndRejections (node:internal/process/task_queues:105:5)
    at _runTest (/Users/st/workspace_ai/PagePouch/node_modules/jest-circus/build/run.js:246:5)
    at _runTestsForDescribeBlock (/Users/st/workspace_ai/PagePouch/node_modules/jest-circus/build/run.js:126:9)
    at _runTestsForDescribeBlock (/Users/st/workspace_ai/PagePouch/node_modules/jest-circus/build/run.js:121:9)
    at _runTestsForDescribeBlock (/Users/st/workspace_ai/PagePouch/node_modules/jest-circus/build/run.js:121:9)
    at run (/Users/st/workspace_ai/PagePouch/node_modules/jest-circus/build/run.js:71:3)
    at runAndTransformResultsToJestFormat (/Users/st/workspace_ai/PagePouch/node_modules/jest-circus/build/legacy-code-todo-rewrite/jestAdapterInit.js:122:21)
    at jestAdapter (/Users/st/workspace_ai/PagePouch/node_modules/jest-circus/build/legacy-code-todo-rewrite/jestAdapter.js:79:19)
    at runTestInternal (/Users/st/workspace_ai/PagePouch/node_modules/jest-runner/build/runTest.js:367:16)
    at runTest (/Users/st/workspace_ai/PagePouch/node_modules/jest-runner/build/runTest.js:444:34)
    at Object.worker (/Users/st/workspace_ai/PagePouch/node_modules/jest-runner/build/testWorker.js:106:12)</failure>
    </testcase>
    <testcase classname="LoadingManager › Spinner Loading" name="should restore original content when replacing" time="0">
      <failure>ReferenceError: LoadingManager is not defined
    at Object.loadingManager (/Users/st/workspace_ai/PagePouch/tests/loading.test.js:44:9)
    at Promise.then.completed (/Users/st/workspace_ai/PagePouch/node_modules/jest-circus/build/utils.js:298:28)
    at new Promise (&lt;anonymous&gt;)
    at callAsyncCircusFn (/Users/st/workspace_ai/PagePouch/node_modules/jest-circus/build/utils.js:231:10)
    at _callCircusHook (/Users/st/workspace_ai/PagePouch/node_modules/jest-circus/build/run.js:281:40)
    at processTicksAndRejections (node:internal/process/task_queues:105:5)
    at _runTest (/Users/st/workspace_ai/PagePouch/node_modules/jest-circus/build/run.js:246:5)
    at _runTestsForDescribeBlock (/Users/st/workspace_ai/PagePouch/node_modules/jest-circus/build/run.js:126:9)
    at _runTestsForDescribeBlock (/Users/st/workspace_ai/PagePouch/node_modules/jest-circus/build/run.js:121:9)
    at _runTestsForDescribeBlock (/Users/st/workspace_ai/PagePouch/node_modules/jest-circus/build/run.js:121:9)
    at run (/Users/st/workspace_ai/PagePouch/node_modules/jest-circus/build/run.js:71:3)
    at runAndTransformResultsToJestFormat (/Users/st/workspace_ai/PagePouch/node_modules/jest-circus/build/legacy-code-todo-rewrite/jestAdapterInit.js:122:21)
    at jestAdapter (/Users/st/workspace_ai/PagePouch/node_modules/jest-circus/build/legacy-code-todo-rewrite/jestAdapter.js:79:19)
    at runTestInternal (/Users/st/workspace_ai/PagePouch/node_modules/jest-runner/build/runTest.js:367:16)
    at runTest (/Users/st/workspace_ai/PagePouch/node_modules/jest-runner/build/runTest.js:444:34)
    at Object.worker (/Users/st/workspace_ai/PagePouch/node_modules/jest-runner/build/testWorker.js:106:12)</failure>
    </testcase>
    <testcase classname="LoadingManager › Dots Loading" name="should show loading dots" time="0">
      <failure>ReferenceError: LoadingManager is not defined
    at Object.loadingManager (/Users/st/workspace_ai/PagePouch/tests/loading.test.js:44:9)
    at Promise.then.completed (/Users/st/workspace_ai/PagePouch/node_modules/jest-circus/build/utils.js:298:28)
    at new Promise (&lt;anonymous&gt;)
    at callAsyncCircusFn (/Users/st/workspace_ai/PagePouch/node_modules/jest-circus/build/utils.js:231:10)
    at _callCircusHook (/Users/st/workspace_ai/PagePouch/node_modules/jest-circus/build/run.js:281:40)
    at processTicksAndRejections (node:internal/process/task_queues:105:5)
    at _runTest (/Users/st/workspace_ai/PagePouch/node_modules/jest-circus/build/run.js:246:5)
    at _runTestsForDescribeBlock (/Users/st/workspace_ai/PagePouch/node_modules/jest-circus/build/run.js:126:9)
    at _runTestsForDescribeBlock (/Users/st/workspace_ai/PagePouch/node_modules/jest-circus/build/run.js:121:9)
    at _runTestsForDescribeBlock (/Users/st/workspace_ai/PagePouch/node_modules/jest-circus/build/run.js:121:9)
    at run (/Users/st/workspace_ai/PagePouch/node_modules/jest-circus/build/run.js:71:3)
    at runAndTransformResultsToJestFormat (/Users/st/workspace_ai/PagePouch/node_modules/jest-circus/build/legacy-code-todo-rewrite/jestAdapterInit.js:122:21)
    at jestAdapter (/Users/st/workspace_ai/PagePouch/node_modules/jest-circus/build/legacy-code-todo-rewrite/jestAdapter.js:79:19)
    at runTestInternal (/Users/st/workspace_ai/PagePouch/node_modules/jest-runner/build/runTest.js:367:16)
    at runTest (/Users/st/workspace_ai/PagePouch/node_modules/jest-runner/build/runTest.js:444:34)
    at Object.worker (/Users/st/workspace_ai/PagePouch/node_modules/jest-runner/build/testWorker.js:106:12)</failure>
    </testcase>
    <testcase classname="LoadingManager › Dots Loading" name="should create dots with correct structure" time="0">
      <failure>ReferenceError: LoadingManager is not defined
    at Object.loadingManager (/Users/st/workspace_ai/PagePouch/tests/loading.test.js:44:9)
    at Promise.then.completed (/Users/st/workspace_ai/PagePouch/node_modules/jest-circus/build/utils.js:298:28)
    at new Promise (&lt;anonymous&gt;)
    at callAsyncCircusFn (/Users/st/workspace_ai/PagePouch/node_modules/jest-circus/build/utils.js:231:10)
    at _callCircusHook (/Users/st/workspace_ai/PagePouch/node_modules/jest-circus/build/run.js:281:40)
    at processTicksAndRejections (node:internal/process/task_queues:105:5)
    at _runTest (/Users/st/workspace_ai/PagePouch/node_modules/jest-circus/build/run.js:246:5)
    at _runTestsForDescribeBlock (/Users/st/workspace_ai/PagePouch/node_modules/jest-circus/build/run.js:126:9)
    at _runTestsForDescribeBlock (/Users/st/workspace_ai/PagePouch/node_modules/jest-circus/build/run.js:121:9)
    at _runTestsForDescribeBlock (/Users/st/workspace_ai/PagePouch/node_modules/jest-circus/build/run.js:121:9)
    at run (/Users/st/workspace_ai/PagePouch/node_modules/jest-circus/build/run.js:71:3)
    at runAndTransformResultsToJestFormat (/Users/st/workspace_ai/PagePouch/node_modules/jest-circus/build/legacy-code-todo-rewrite/jestAdapterInit.js:122:21)
    at jestAdapter (/Users/st/workspace_ai/PagePouch/node_modules/jest-circus/build/legacy-code-todo-rewrite/jestAdapter.js:79:19)
    at runTestInternal (/Users/st/workspace_ai/PagePouch/node_modules/jest-runner/build/runTest.js:367:16)
    at runTest (/Users/st/workspace_ai/PagePouch/node_modules/jest-runner/build/runTest.js:444:34)
    at Object.worker (/Users/st/workspace_ai/PagePouch/node_modules/jest-runner/build/testWorker.js:106:12)</failure>
    </testcase>
    <testcase classname="LoadingManager › Overlay Loading" name="should show loading overlay" time="0">
      <failure>ReferenceError: LoadingManager is not defined
    at Object.loadingManager (/Users/st/workspace_ai/PagePouch/tests/loading.test.js:44:9)
    at Promise.then.completed (/Users/st/workspace_ai/PagePouch/node_modules/jest-circus/build/utils.js:298:28)
    at new Promise (&lt;anonymous&gt;)
    at callAsyncCircusFn (/Users/st/workspace_ai/PagePouch/node_modules/jest-circus/build/utils.js:231:10)
    at _callCircusHook (/Users/st/workspace_ai/PagePouch/node_modules/jest-circus/build/run.js:281:40)
    at processTicksAndRejections (node:internal/process/task_queues:105:5)
    at _runTest (/Users/st/workspace_ai/PagePouch/node_modules/jest-circus/build/run.js:246:5)
    at _runTestsForDescribeBlock (/Users/st/workspace_ai/PagePouch/node_modules/jest-circus/build/run.js:126:9)
    at _runTestsForDescribeBlock (/Users/st/workspace_ai/PagePouch/node_modules/jest-circus/build/run.js:121:9)
    at _runTestsForDescribeBlock (/Users/st/workspace_ai/PagePouch/node_modules/jest-circus/build/run.js:121:9)
    at run (/Users/st/workspace_ai/PagePouch/node_modules/jest-circus/build/run.js:71:3)
    at runAndTransformResultsToJestFormat (/Users/st/workspace_ai/PagePouch/node_modules/jest-circus/build/legacy-code-todo-rewrite/jestAdapterInit.js:122:21)
    at jestAdapter (/Users/st/workspace_ai/PagePouch/node_modules/jest-circus/build/legacy-code-todo-rewrite/jestAdapter.js:79:19)
    at runTestInternal (/Users/st/workspace_ai/PagePouch/node_modules/jest-runner/build/runTest.js:367:16)
    at runTest (/Users/st/workspace_ai/PagePouch/node_modules/jest-runner/build/runTest.js:444:34)
    at Object.worker (/Users/st/workspace_ai/PagePouch/node_modules/jest-runner/build/testWorker.js:106:12)</failure>
    </testcase>
    <testcase classname="LoadingManager › Overlay Loading" name="should show overlay with custom message" time="0">
      <failure>ReferenceError: LoadingManager is not defined
    at Object.loadingManager (/Users/st/workspace_ai/PagePouch/tests/loading.test.js:44:9)
    at Promise.then.completed (/Users/st/workspace_ai/PagePouch/node_modules/jest-circus/build/utils.js:298:28)
    at new Promise (&lt;anonymous&gt;)
    at callAsyncCircusFn (/Users/st/workspace_ai/PagePouch/node_modules/jest-circus/build/utils.js:231:10)
    at _callCircusHook (/Users/st/workspace_ai/PagePouch/node_modules/jest-circus/build/run.js:281:40)
    at processTicksAndRejections (node:internal/process/task_queues:105:5)
    at _runTest (/Users/st/workspace_ai/PagePouch/node_modules/jest-circus/build/run.js:246:5)
    at _runTestsForDescribeBlock (/Users/st/workspace_ai/PagePouch/node_modules/jest-circus/build/run.js:126:9)
    at _runTestsForDescribeBlock (/Users/st/workspace_ai/PagePouch/node_modules/jest-circus/build/run.js:121:9)
    at _runTestsForDescribeBlock (/Users/st/workspace_ai/PagePouch/node_modules/jest-circus/build/run.js:121:9)
    at run (/Users/st/workspace_ai/PagePouch/node_modules/jest-circus/build/run.js:71:3)
    at runAndTransformResultsToJestFormat (/Users/st/workspace_ai/PagePouch/node_modules/jest-circus/build/legacy-code-todo-rewrite/jestAdapterInit.js:122:21)
    at jestAdapter (/Users/st/workspace_ai/PagePouch/node_modules/jest-circus/build/legacy-code-todo-rewrite/jestAdapter.js:79:19)
    at runTestInternal (/Users/st/workspace_ai/PagePouch/node_modules/jest-runner/build/runTest.js:367:16)
    at runTest (/Users/st/workspace_ai/PagePouch/node_modules/jest-runner/build/runTest.js:444:34)
    at Object.worker (/Users/st/workspace_ai/PagePouch/node_modules/jest-runner/build/testWorker.js:106:12)</failure>
    </testcase>
    <testcase classname="LoadingManager › Overlay Loading" name="should preserve original position when hiding" time="0">
      <failure>ReferenceError: LoadingManager is not defined
    at Object.loadingManager (/Users/st/workspace_ai/PagePouch/tests/loading.test.js:44:9)
    at Promise.then.completed (/Users/st/workspace_ai/PagePouch/node_modules/jest-circus/build/utils.js:298:28)
    at new Promise (&lt;anonymous&gt;)
    at callAsyncCircusFn (/Users/st/workspace_ai/PagePouch/node_modules/jest-circus/build/utils.js:231:10)
    at _callCircusHook (/Users/st/workspace_ai/PagePouch/node_modules/jest-circus/build/run.js:281:40)
    at processTicksAndRejections (node:internal/process/task_queues:105:5)
    at _runTest (/Users/st/workspace_ai/PagePouch/node_modules/jest-circus/build/run.js:246:5)
    at _runTestsForDescribeBlock (/Users/st/workspace_ai/PagePouch/node_modules/jest-circus/build/run.js:126:9)
    at _runTestsForDescribeBlock (/Users/st/workspace_ai/PagePouch/node_modules/jest-circus/build/run.js:121:9)
    at _runTestsForDescribeBlock (/Users/st/workspace_ai/PagePouch/node_modules/jest-circus/build/run.js:121:9)
    at run (/Users/st/workspace_ai/PagePouch/node_modules/jest-circus/build/run.js:71:3)
    at runAndTransformResultsToJestFormat (/Users/st/workspace_ai/PagePouch/node_modules/jest-circus/build/legacy-code-todo-rewrite/jestAdapterInit.js:122:21)
    at jestAdapter (/Users/st/workspace_ai/PagePouch/node_modules/jest-circus/build/legacy-code-todo-rewrite/jestAdapter.js:79:19)
    at runTestInternal (/Users/st/workspace_ai/PagePouch/node_modules/jest-runner/build/runTest.js:367:16)
    at runTest (/Users/st/workspace_ai/PagePouch/node_modules/jest-runner/build/runTest.js:444:34)
    at Object.worker (/Users/st/workspace_ai/PagePouch/node_modules/jest-runner/build/testWorker.js:106:12)</failure>
    </testcase>
    <testcase classname="LoadingManager › Skeleton Loading" name="should show skeleton loading" time="0">
      <failure>ReferenceError: LoadingManager is not defined
    at Object.loadingManager (/Users/st/workspace_ai/PagePouch/tests/loading.test.js:44:9)
    at Promise.then.completed (/Users/st/workspace_ai/PagePouch/node_modules/jest-circus/build/utils.js:298:28)
    at new Promise (&lt;anonymous&gt;)
    at callAsyncCircusFn (/Users/st/workspace_ai/PagePouch/node_modules/jest-circus/build/utils.js:231:10)
    at _callCircusHook (/Users/st/workspace_ai/PagePouch/node_modules/jest-circus/build/run.js:281:40)
    at processTicksAndRejections (node:internal/process/task_queues:105:5)
    at _runTest (/Users/st/workspace_ai/PagePouch/node_modules/jest-circus/build/run.js:246:5)
    at _runTestsForDescribeBlock (/Users/st/workspace_ai/PagePouch/node_modules/jest-circus/build/run.js:126:9)
    at _runTestsForDescribeBlock (/Users/st/workspace_ai/PagePouch/node_modules/jest-circus/build/run.js:121:9)
    at _runTestsForDescribeBlock (/Users/st/workspace_ai/PagePouch/node_modules/jest-circus/build/run.js:121:9)
    at run (/Users/st/workspace_ai/PagePouch/node_modules/jest-circus/build/run.js:71:3)
    at runAndTransformResultsToJestFormat (/Users/st/workspace_ai/PagePouch/node_modules/jest-circus/build/legacy-code-todo-rewrite/jestAdapterInit.js:122:21)
    at jestAdapter (/Users/st/workspace_ai/PagePouch/node_modules/jest-circus/build/legacy-code-todo-rewrite/jestAdapter.js:79:19)
    at runTestInternal (/Users/st/workspace_ai/PagePouch/node_modules/jest-runner/build/runTest.js:367:16)
    at runTest (/Users/st/workspace_ai/PagePouch/node_modules/jest-runner/build/runTest.js:444:34)
    at Object.worker (/Users/st/workspace_ai/PagePouch/node_modules/jest-runner/build/testWorker.js:106:12)</failure>
    </testcase>
    <testcase classname="LoadingManager › Skeleton Loading" name="should create multiple lines for text skeleton" time="0">
      <failure>ReferenceError: LoadingManager is not defined
    at Object.loadingManager (/Users/st/workspace_ai/PagePouch/tests/loading.test.js:44:9)
    at Promise.then.completed (/Users/st/workspace_ai/PagePouch/node_modules/jest-circus/build/utils.js:298:28)
    at new Promise (&lt;anonymous&gt;)
    at callAsyncCircusFn (/Users/st/workspace_ai/PagePouch/node_modules/jest-circus/build/utils.js:231:10)
    at _callCircusHook (/Users/st/workspace_ai/PagePouch/node_modules/jest-circus/build/run.js:281:40)
    at processTicksAndRejections (node:internal/process/task_queues:105:5)
    at _runTest (/Users/st/workspace_ai/PagePouch/node_modules/jest-circus/build/run.js:246:5)
    at _runTestsForDescribeBlock (/Users/st/workspace_ai/PagePouch/node_modules/jest-circus/build/run.js:126:9)
    at _runTestsForDescribeBlock (/Users/st/workspace_ai/PagePouch/node_modules/jest-circus/build/run.js:121:9)
    at _runTestsForDescribeBlock (/Users/st/workspace_ai/PagePouch/node_modules/jest-circus/build/run.js:121:9)
    at run (/Users/st/workspace_ai/PagePouch/node_modules/jest-circus/build/run.js:71:3)
    at runAndTransformResultsToJestFormat (/Users/st/workspace_ai/PagePouch/node_modules/jest-circus/build/legacy-code-todo-rewrite/jestAdapterInit.js:122:21)
    at jestAdapter (/Users/st/workspace_ai/PagePouch/node_modules/jest-circus/build/legacy-code-todo-rewrite/jestAdapter.js:79:19)
    at runTestInternal (/Users/st/workspace_ai/PagePouch/node_modules/jest-runner/build/runTest.js:367:16)
    at runTest (/Users/st/workspace_ai/PagePouch/node_modules/jest-runner/build/runTest.js:444:34)
    at Object.worker (/Users/st/workspace_ai/PagePouch/node_modules/jest-runner/build/testWorker.js:106:12)</failure>
    </testcase>
    <testcase classname="LoadingManager › Skeleton Loading" name="should support different skeleton types" time="0">
      <failure>ReferenceError: LoadingManager is not defined
    at Object.loadingManager (/Users/st/workspace_ai/PagePouch/tests/loading.test.js:44:9)
    at Promise.then.completed (/Users/st/workspace_ai/PagePouch/node_modules/jest-circus/build/utils.js:298:28)
    at new Promise (&lt;anonymous&gt;)
    at callAsyncCircusFn (/Users/st/workspace_ai/PagePouch/node_modules/jest-circus/build/utils.js:231:10)
    at _callCircusHook (/Users/st/workspace_ai/PagePouch/node_modules/jest-circus/build/run.js:281:40)
    at processTicksAndRejections (node:internal/process/task_queues:105:5)
    at _runTest (/Users/st/workspace_ai/PagePouch/node_modules/jest-circus/build/run.js:246:5)
    at _runTestsForDescribeBlock (/Users/st/workspace_ai/PagePouch/node_modules/jest-circus/build/run.js:126:9)
    at _runTestsForDescribeBlock (/Users/st/workspace_ai/PagePouch/node_modules/jest-circus/build/run.js:121:9)
    at _runTestsForDescribeBlock (/Users/st/workspace_ai/PagePouch/node_modules/jest-circus/build/run.js:121:9)
    at run (/Users/st/workspace_ai/PagePouch/node_modules/jest-circus/build/run.js:71:3)
    at runAndTransformResultsToJestFormat (/Users/st/workspace_ai/PagePouch/node_modules/jest-circus/build/legacy-code-todo-rewrite/jestAdapterInit.js:122:21)
    at jestAdapter (/Users/st/workspace_ai/PagePouch/node_modules/jest-circus/build/legacy-code-todo-rewrite/jestAdapter.js:79:19)
    at runTestInternal (/Users/st/workspace_ai/PagePouch/node_modules/jest-runner/build/runTest.js:367:16)
    at runTest (/Users/st/workspace_ai/PagePouch/node_modules/jest-runner/build/runTest.js:444:34)
    at Object.worker (/Users/st/workspace_ai/PagePouch/node_modules/jest-runner/build/testWorker.js:106:12)</failure>
    </testcase>
    <testcase classname="LoadingManager › Progress Bar" name="should show progress bar" time="0">
      <failure>ReferenceError: LoadingManager is not defined
    at Object.loadingManager (/Users/st/workspace_ai/PagePouch/tests/loading.test.js:44:9)
    at Promise.then.completed (/Users/st/workspace_ai/PagePouch/node_modules/jest-circus/build/utils.js:298:28)
    at new Promise (&lt;anonymous&gt;)
    at callAsyncCircusFn (/Users/st/workspace_ai/PagePouch/node_modules/jest-circus/build/utils.js:231:10)
    at _callCircusHook (/Users/st/workspace_ai/PagePouch/node_modules/jest-circus/build/run.js:281:40)
    at processTicksAndRejections (node:internal/process/task_queues:105:5)
    at _runTest (/Users/st/workspace_ai/PagePouch/node_modules/jest-circus/build/run.js:246:5)
    at _runTestsForDescribeBlock (/Users/st/workspace_ai/PagePouch/node_modules/jest-circus/build/run.js:126:9)
    at _runTestsForDescribeBlock (/Users/st/workspace_ai/PagePouch/node_modules/jest-circus/build/run.js:121:9)
    at _runTestsForDescribeBlock (/Users/st/workspace_ai/PagePouch/node_modules/jest-circus/build/run.js:121:9)
    at run (/Users/st/workspace_ai/PagePouch/node_modules/jest-circus/build/run.js:71:3)
    at runAndTransformResultsToJestFormat (/Users/st/workspace_ai/PagePouch/node_modules/jest-circus/build/legacy-code-todo-rewrite/jestAdapterInit.js:122:21)
    at jestAdapter (/Users/st/workspace_ai/PagePouch/node_modules/jest-circus/build/legacy-code-todo-rewrite/jestAdapter.js:79:19)
    at runTestInternal (/Users/st/workspace_ai/PagePouch/node_modules/jest-runner/build/runTest.js:367:16)
    at runTest (/Users/st/workspace_ai/PagePouch/node_modules/jest-runner/build/runTest.js:444:34)
    at Object.worker (/Users/st/workspace_ai/PagePouch/node_modules/jest-runner/build/testWorker.js:106:12)</failure>
    </testcase>
    <testcase classname="LoadingManager › Progress Bar" name="should show progress with initial value" time="0">
      <failure>ReferenceError: LoadingManager is not defined
    at Object.loadingManager (/Users/st/workspace_ai/PagePouch/tests/loading.test.js:44:9)
    at Promise.then.completed (/Users/st/workspace_ai/PagePouch/node_modules/jest-circus/build/utils.js:298:28)
    at new Promise (&lt;anonymous&gt;)
    at callAsyncCircusFn (/Users/st/workspace_ai/PagePouch/node_modules/jest-circus/build/utils.js:231:10)
    at _callCircusHook (/Users/st/workspace_ai/PagePouch/node_modules/jest-circus/build/run.js:281:40)
    at processTicksAndRejections (node:internal/process/task_queues:105:5)
    at _runTest (/Users/st/workspace_ai/PagePouch/node_modules/jest-circus/build/run.js:246:5)
    at _runTestsForDescribeBlock (/Users/st/workspace_ai/PagePouch/node_modules/jest-circus/build/run.js:126:9)
    at _runTestsForDescribeBlock (/Users/st/workspace_ai/PagePouch/node_modules/jest-circus/build/run.js:121:9)
    at _runTestsForDescribeBlock (/Users/st/workspace_ai/PagePouch/node_modules/jest-circus/build/run.js:121:9)
    at run (/Users/st/workspace_ai/PagePouch/node_modules/jest-circus/build/run.js:71:3)
    at runAndTransformResultsToJestFormat (/Users/st/workspace_ai/PagePouch/node_modules/jest-circus/build/legacy-code-todo-rewrite/jestAdapterInit.js:122:21)
    at jestAdapter (/Users/st/workspace_ai/PagePouch/node_modules/jest-circus/build/legacy-code-todo-rewrite/jestAdapter.js:79:19)
    at runTestInternal (/Users/st/workspace_ai/PagePouch/node_modules/jest-runner/build/runTest.js:367:16)
    at runTest (/Users/st/workspace_ai/PagePouch/node_modules/jest-runner/build/runTest.js:444:34)
    at Object.worker (/Users/st/workspace_ai/PagePouch/node_modules/jest-runner/build/testWorker.js:106:12)</failure>
    </testcase>
    <testcase classname="LoadingManager › Progress Bar" name="should update progress value" time="0">
      <failure>ReferenceError: LoadingManager is not defined
    at Object.loadingManager (/Users/st/workspace_ai/PagePouch/tests/loading.test.js:44:9)
    at Promise.then.completed (/Users/st/workspace_ai/PagePouch/node_modules/jest-circus/build/utils.js:298:28)
    at new Promise (&lt;anonymous&gt;)
    at callAsyncCircusFn (/Users/st/workspace_ai/PagePouch/node_modules/jest-circus/build/utils.js:231:10)
    at _callCircusHook (/Users/st/workspace_ai/PagePouch/node_modules/jest-circus/build/run.js:281:40)
    at processTicksAndRejections (node:internal/process/task_queues:105:5)
    at _runTest (/Users/st/workspace_ai/PagePouch/node_modules/jest-circus/build/run.js:246:5)
    at _runTestsForDescribeBlock (/Users/st/workspace_ai/PagePouch/node_modules/jest-circus/build/run.js:126:9)
    at _runTestsForDescribeBlock (/Users/st/workspace_ai/PagePouch/node_modules/jest-circus/build/run.js:121:9)
    at _runTestsForDescribeBlock (/Users/st/workspace_ai/PagePouch/node_modules/jest-circus/build/run.js:121:9)
    at run (/Users/st/workspace_ai/PagePouch/node_modules/jest-circus/build/run.js:71:3)
    at runAndTransformResultsToJestFormat (/Users/st/workspace_ai/PagePouch/node_modules/jest-circus/build/legacy-code-todo-rewrite/jestAdapterInit.js:122:21)
    at jestAdapter (/Users/st/workspace_ai/PagePouch/node_modules/jest-circus/build/legacy-code-todo-rewrite/jestAdapter.js:79:19)
    at runTestInternal (/Users/st/workspace_ai/PagePouch/node_modules/jest-runner/build/runTest.js:367:16)
    at runTest (/Users/st/workspace_ai/PagePouch/node_modules/jest-runner/build/runTest.js:444:34)
    at Object.worker (/Users/st/workspace_ai/PagePouch/node_modules/jest-runner/build/testWorker.js:106:12)</failure>
    </testcase>
    <testcase classname="LoadingManager › Progress Bar" name="should show indeterminate progress" time="0">
      <failure>ReferenceError: LoadingManager is not defined
    at Object.loadingManager (/Users/st/workspace_ai/PagePouch/tests/loading.test.js:44:9)
    at Promise.then.completed (/Users/st/workspace_ai/PagePouch/node_modules/jest-circus/build/utils.js:298:28)
    at new Promise (&lt;anonymous&gt;)
    at callAsyncCircusFn (/Users/st/workspace_ai/PagePouch/node_modules/jest-circus/build/utils.js:231:10)
    at _callCircusHook (/Users/st/workspace_ai/PagePouch/node_modules/jest-circus/build/run.js:281:40)
    at processTicksAndRejections (node:internal/process/task_queues:105:5)
    at _runTest (/Users/st/workspace_ai/PagePouch/node_modules/jest-circus/build/run.js:246:5)
    at _runTestsForDescribeBlock (/Users/st/workspace_ai/PagePouch/node_modules/jest-circus/build/run.js:126:9)
    at _runTestsForDescribeBlock (/Users/st/workspace_ai/PagePouch/node_modules/jest-circus/build/run.js:121:9)
    at _runTestsForDescribeBlock (/Users/st/workspace_ai/PagePouch/node_modules/jest-circus/build/run.js:121:9)
    at run (/Users/st/workspace_ai/PagePouch/node_modules/jest-circus/build/run.js:71:3)
    at runAndTransformResultsToJestFormat (/Users/st/workspace_ai/PagePouch/node_modules/jest-circus/build/legacy-code-todo-rewrite/jestAdapterInit.js:122:21)
    at jestAdapter (/Users/st/workspace_ai/PagePouch/node_modules/jest-circus/build/legacy-code-todo-rewrite/jestAdapter.js:79:19)
    at runTestInternal (/Users/st/workspace_ai/PagePouch/node_modules/jest-runner/build/runTest.js:367:16)
    at runTest (/Users/st/workspace_ai/PagePouch/node_modules/jest-runner/build/runTest.js:444:34)
    at Object.worker (/Users/st/workspace_ai/PagePouch/node_modules/jest-runner/build/testWorker.js:106:12)</failure>
    </testcase>
    <testcase classname="LoadingManager › Progress Bar" name="should hide progress bar" time="0">
      <failure>ReferenceError: LoadingManager is not defined
    at Object.loadingManager (/Users/st/workspace_ai/PagePouch/tests/loading.test.js:44:9)
    at Promise.then.completed (/Users/st/workspace_ai/PagePouch/node_modules/jest-circus/build/utils.js:298:28)
    at new Promise (&lt;anonymous&gt;)
    at callAsyncCircusFn (/Users/st/workspace_ai/PagePouch/node_modules/jest-circus/build/utils.js:231:10)
    at _callCircusHook (/Users/st/workspace_ai/PagePouch/node_modules/jest-circus/build/run.js:281:40)
    at processTicksAndRejections (node:internal/process/task_queues:105:5)
    at _runTest (/Users/st/workspace_ai/PagePouch/node_modules/jest-circus/build/run.js:246:5)
    at _runTestsForDescribeBlock (/Users/st/workspace_ai/PagePouch/node_modules/jest-circus/build/run.js:126:9)
    at _runTestsForDescribeBlock (/Users/st/workspace_ai/PagePouch/node_modules/jest-circus/build/run.js:121:9)
    at _runTestsForDescribeBlock (/Users/st/workspace_ai/PagePouch/node_modules/jest-circus/build/run.js:121:9)
    at run (/Users/st/workspace_ai/PagePouch/node_modules/jest-circus/build/run.js:71:3)
    at runAndTransformResultsToJestFormat (/Users/st/workspace_ai/PagePouch/node_modules/jest-circus/build/legacy-code-todo-rewrite/jestAdapterInit.js:122:21)
    at jestAdapter (/Users/st/workspace_ai/PagePouch/node_modules/jest-circus/build/legacy-code-todo-rewrite/jestAdapter.js:79:19)
    at runTestInternal (/Users/st/workspace_ai/PagePouch/node_modules/jest-runner/build/runTest.js:367:16)
    at runTest (/Users/st/workspace_ai/PagePouch/node_modules/jest-runner/build/runTest.js:444:34)
    at Object.worker (/Users/st/workspace_ai/PagePouch/node_modules/jest-runner/build/testWorker.js:106:12)</failure>
    </testcase>
    <testcase classname="LoadingManager › Button Loading States" name="should set button loading state" time="0">
      <failure>ReferenceError: LoadingManager is not defined
    at Object.loadingManager (/Users/st/workspace_ai/PagePouch/tests/loading.test.js:44:9)
    at Promise.then.completed (/Users/st/workspace_ai/PagePouch/node_modules/jest-circus/build/utils.js:298:28)
    at new Promise (&lt;anonymous&gt;)
    at callAsyncCircusFn (/Users/st/workspace_ai/PagePouch/node_modules/jest-circus/build/utils.js:231:10)
    at _callCircusHook (/Users/st/workspace_ai/PagePouch/node_modules/jest-circus/build/run.js:281:40)
    at processTicksAndRejections (node:internal/process/task_queues:105:5)
    at _runTest (/Users/st/workspace_ai/PagePouch/node_modules/jest-circus/build/run.js:246:5)
    at _runTestsForDescribeBlock (/Users/st/workspace_ai/PagePouch/node_modules/jest-circus/build/run.js:126:9)
    at _runTestsForDescribeBlock (/Users/st/workspace_ai/PagePouch/node_modules/jest-circus/build/run.js:121:9)
    at _runTestsForDescribeBlock (/Users/st/workspace_ai/PagePouch/node_modules/jest-circus/build/run.js:121:9)
    at run (/Users/st/workspace_ai/PagePouch/node_modules/jest-circus/build/run.js:71:3)
    at runAndTransformResultsToJestFormat (/Users/st/workspace_ai/PagePouch/node_modules/jest-circus/build/legacy-code-todo-rewrite/jestAdapterInit.js:122:21)
    at jestAdapter (/Users/st/workspace_ai/PagePouch/node_modules/jest-circus/build/legacy-code-todo-rewrite/jestAdapter.js:79:19)
    at runTestInternal (/Users/st/workspace_ai/PagePouch/node_modules/jest-runner/build/runTest.js:367:16)
    at runTest (/Users/st/workspace_ai/PagePouch/node_modules/jest-runner/build/runTest.js:444:34)
    at Object.worker (/Users/st/workspace_ai/PagePouch/node_modules/jest-runner/build/testWorker.js:106:12)</failure>
    </testcase>
    <testcase classname="LoadingManager › Button Loading States" name="should restore button state when hiding" time="0">
      <failure>ReferenceError: LoadingManager is not defined
    at Object.loadingManager (/Users/st/workspace_ai/PagePouch/tests/loading.test.js:44:9)
    at Promise.then.completed (/Users/st/workspace_ai/PagePouch/node_modules/jest-circus/build/utils.js:298:28)
    at new Promise (&lt;anonymous&gt;)
    at callAsyncCircusFn (/Users/st/workspace_ai/PagePouch/node_modules/jest-circus/build/utils.js:231:10)
    at _callCircusHook (/Users/st/workspace_ai/PagePouch/node_modules/jest-circus/build/run.js:281:40)
    at processTicksAndRejections (node:internal/process/task_queues:105:5)
    at _runTest (/Users/st/workspace_ai/PagePouch/node_modules/jest-circus/build/run.js:246:5)
    at _runTestsForDescribeBlock (/Users/st/workspace_ai/PagePouch/node_modules/jest-circus/build/run.js:126:9)
    at _runTestsForDescribeBlock (/Users/st/workspace_ai/PagePouch/node_modules/jest-circus/build/run.js:121:9)
    at _runTestsForDescribeBlock (/Users/st/workspace_ai/PagePouch/node_modules/jest-circus/build/run.js:121:9)
    at run (/Users/st/workspace_ai/PagePouch/node_modules/jest-circus/build/run.js:71:3)
    at runAndTransformResultsToJestFormat (/Users/st/workspace_ai/PagePouch/node_modules/jest-circus/build/legacy-code-todo-rewrite/jestAdapterInit.js:122:21)
    at jestAdapter (/Users/st/workspace_ai/PagePouch/node_modules/jest-circus/build/legacy-code-todo-rewrite/jestAdapter.js:79:19)
    at runTestInternal (/Users/st/workspace_ai/PagePouch/node_modules/jest-runner/build/runTest.js:367:16)
    at runTest (/Users/st/workspace_ai/PagePouch/node_modules/jest-runner/build/runTest.js:444:34)
    at Object.worker (/Users/st/workspace_ai/PagePouch/node_modules/jest-runner/build/testWorker.js:106:12)</failure>
    </testcase>
    <testcase classname="LoadingManager › Button Loading States" name="should handle missing button element" time="0.001">
      <failure>ReferenceError: LoadingManager is not defined
    at Object.loadingManager (/Users/st/workspace_ai/PagePouch/tests/loading.test.js:44:9)
    at Promise.then.completed (/Users/st/workspace_ai/PagePouch/node_modules/jest-circus/build/utils.js:298:28)
    at new Promise (&lt;anonymous&gt;)
    at callAsyncCircusFn (/Users/st/workspace_ai/PagePouch/node_modules/jest-circus/build/utils.js:231:10)
    at _callCircusHook (/Users/st/workspace_ai/PagePouch/node_modules/jest-circus/build/run.js:281:40)
    at processTicksAndRejections (node:internal/process/task_queues:105:5)
    at _runTest (/Users/st/workspace_ai/PagePouch/node_modules/jest-circus/build/run.js:246:5)
    at _runTestsForDescribeBlock (/Users/st/workspace_ai/PagePouch/node_modules/jest-circus/build/run.js:126:9)
    at _runTestsForDescribeBlock (/Users/st/workspace_ai/PagePouch/node_modules/jest-circus/build/run.js:121:9)
    at _runTestsForDescribeBlock (/Users/st/workspace_ai/PagePouch/node_modules/jest-circus/build/run.js:121:9)
    at run (/Users/st/workspace_ai/PagePouch/node_modules/jest-circus/build/run.js:71:3)
    at runAndTransformResultsToJestFormat (/Users/st/workspace_ai/PagePouch/node_modules/jest-circus/build/legacy-code-todo-rewrite/jestAdapterInit.js:122:21)
    at jestAdapter (/Users/st/workspace_ai/PagePouch/node_modules/jest-circus/build/legacy-code-todo-rewrite/jestAdapter.js:79:19)
    at runTestInternal (/Users/st/workspace_ai/PagePouch/node_modules/jest-runner/build/runTest.js:367:16)
    at runTest (/Users/st/workspace_ai/PagePouch/node_modules/jest-runner/build/runTest.js:444:34)
    at Object.worker (/Users/st/workspace_ai/PagePouch/node_modules/jest-runner/build/testWorker.js:106:12)</failure>
    </testcase>
    <testcase classname="LoadingManager › Input Loading States" name="should set input loading state" time="0">
      <failure>ReferenceError: LoadingManager is not defined
    at Object.loadingManager (/Users/st/workspace_ai/PagePouch/tests/loading.test.js:44:9)
    at Promise.then.completed (/Users/st/workspace_ai/PagePouch/node_modules/jest-circus/build/utils.js:298:28)
    at new Promise (&lt;anonymous&gt;)
    at callAsyncCircusFn (/Users/st/workspace_ai/PagePouch/node_modules/jest-circus/build/utils.js:231:10)
    at _callCircusHook (/Users/st/workspace_ai/PagePouch/node_modules/jest-circus/build/run.js:281:40)
    at processTicksAndRejections (node:internal/process/task_queues:105:5)
    at _runTest (/Users/st/workspace_ai/PagePouch/node_modules/jest-circus/build/run.js:246:5)
    at _runTestsForDescribeBlock (/Users/st/workspace_ai/PagePouch/node_modules/jest-circus/build/run.js:126:9)
    at _runTestsForDescribeBlock (/Users/st/workspace_ai/PagePouch/node_modules/jest-circus/build/run.js:121:9)
    at _runTestsForDescribeBlock (/Users/st/workspace_ai/PagePouch/node_modules/jest-circus/build/run.js:121:9)
    at run (/Users/st/workspace_ai/PagePouch/node_modules/jest-circus/build/run.js:71:3)
    at runAndTransformResultsToJestFormat (/Users/st/workspace_ai/PagePouch/node_modules/jest-circus/build/legacy-code-todo-rewrite/jestAdapterInit.js:122:21)
    at jestAdapter (/Users/st/workspace_ai/PagePouch/node_modules/jest-circus/build/legacy-code-todo-rewrite/jestAdapter.js:79:19)
    at runTestInternal (/Users/st/workspace_ai/PagePouch/node_modules/jest-runner/build/runTest.js:367:16)
    at runTest (/Users/st/workspace_ai/PagePouch/node_modules/jest-runner/build/runTest.js:444:34)
    at Object.worker (/Users/st/workspace_ai/PagePouch/node_modules/jest-runner/build/testWorker.js:106:12)</failure>
    </testcase>
    <testcase classname="LoadingManager › Input Loading States" name="should remove input loading state" time="0">
      <failure>ReferenceError: LoadingManager is not defined
    at Object.loadingManager (/Users/st/workspace_ai/PagePouch/tests/loading.test.js:44:9)
    at Promise.then.completed (/Users/st/workspace_ai/PagePouch/node_modules/jest-circus/build/utils.js:298:28)
    at new Promise (&lt;anonymous&gt;)
    at callAsyncCircusFn (/Users/st/workspace_ai/PagePouch/node_modules/jest-circus/build/utils.js:231:10)
    at _callCircusHook (/Users/st/workspace_ai/PagePouch/node_modules/jest-circus/build/run.js:281:40)
    at processTicksAndRejections (node:internal/process/task_queues:105:5)
    at _runTest (/Users/st/workspace_ai/PagePouch/node_modules/jest-circus/build/run.js:246:5)
    at _runTestsForDescribeBlock (/Users/st/workspace_ai/PagePouch/node_modules/jest-circus/build/run.js:126:9)
    at _runTestsForDescribeBlock (/Users/st/workspace_ai/PagePouch/node_modules/jest-circus/build/run.js:121:9)
    at _runTestsForDescribeBlock (/Users/st/workspace_ai/PagePouch/node_modules/jest-circus/build/run.js:121:9)
    at run (/Users/st/workspace_ai/PagePouch/node_modules/jest-circus/build/run.js:71:3)
    at runAndTransformResultsToJestFormat (/Users/st/workspace_ai/PagePouch/node_modules/jest-circus/build/legacy-code-todo-rewrite/jestAdapterInit.js:122:21)
    at jestAdapter (/Users/st/workspace_ai/PagePouch/node_modules/jest-circus/build/legacy-code-todo-rewrite/jestAdapter.js:79:19)
    at runTestInternal (/Users/st/workspace_ai/PagePouch/node_modules/jest-runner/build/runTest.js:367:16)
    at runTest (/Users/st/workspace_ai/PagePouch/node_modules/jest-runner/build/runTest.js:444:34)
    at Object.worker (/Users/st/workspace_ai/PagePouch/node_modules/jest-runner/build/testWorker.js:106:12)</failure>
    </testcase>
    <testcase classname="LoadingManager › Element Resolution" name="should resolve string selectors" time="0">
      <failure>ReferenceError: LoadingManager is not defined
    at Object.loadingManager (/Users/st/workspace_ai/PagePouch/tests/loading.test.js:44:9)
    at Promise.then.completed (/Users/st/workspace_ai/PagePouch/node_modules/jest-circus/build/utils.js:298:28)
    at new Promise (&lt;anonymous&gt;)
    at callAsyncCircusFn (/Users/st/workspace_ai/PagePouch/node_modules/jest-circus/build/utils.js:231:10)
    at _callCircusHook (/Users/st/workspace_ai/PagePouch/node_modules/jest-circus/build/run.js:281:40)
    at processTicksAndRejections (node:internal/process/task_queues:105:5)
    at _runTest (/Users/st/workspace_ai/PagePouch/node_modules/jest-circus/build/run.js:246:5)
    at _runTestsForDescribeBlock (/Users/st/workspace_ai/PagePouch/node_modules/jest-circus/build/run.js:126:9)
    at _runTestsForDescribeBlock (/Users/st/workspace_ai/PagePouch/node_modules/jest-circus/build/run.js:121:9)
    at _runTestsForDescribeBlock (/Users/st/workspace_ai/PagePouch/node_modules/jest-circus/build/run.js:121:9)
    at run (/Users/st/workspace_ai/PagePouch/node_modules/jest-circus/build/run.js:71:3)
    at runAndTransformResultsToJestFormat (/Users/st/workspace_ai/PagePouch/node_modules/jest-circus/build/legacy-code-todo-rewrite/jestAdapterInit.js:122:21)
    at jestAdapter (/Users/st/workspace_ai/PagePouch/node_modules/jest-circus/build/legacy-code-todo-rewrite/jestAdapter.js:79:19)
    at runTestInternal (/Users/st/workspace_ai/PagePouch/node_modules/jest-runner/build/runTest.js:367:16)
    at runTest (/Users/st/workspace_ai/PagePouch/node_modules/jest-runner/build/runTest.js:444:34)
    at Object.worker (/Users/st/workspace_ai/PagePouch/node_modules/jest-runner/build/testWorker.js:106:12)</failure>
    </testcase>
    <testcase classname="LoadingManager › Element Resolution" name="should return HTMLElement directly" time="0.001">
      <failure>ReferenceError: LoadingManager is not defined
    at Object.loadingManager (/Users/st/workspace_ai/PagePouch/tests/loading.test.js:44:9)
    at Promise.then.completed (/Users/st/workspace_ai/PagePouch/node_modules/jest-circus/build/utils.js:298:28)
    at new Promise (&lt;anonymous&gt;)
    at callAsyncCircusFn (/Users/st/workspace_ai/PagePouch/node_modules/jest-circus/build/utils.js:231:10)
    at _callCircusHook (/Users/st/workspace_ai/PagePouch/node_modules/jest-circus/build/run.js:281:40)
    at processTicksAndRejections (node:internal/process/task_queues:105:5)
    at _runTest (/Users/st/workspace_ai/PagePouch/node_modules/jest-circus/build/run.js:246:5)
    at _runTestsForDescribeBlock (/Users/st/workspace_ai/PagePouch/node_modules/jest-circus/build/run.js:126:9)
    at _runTestsForDescribeBlock (/Users/st/workspace_ai/PagePouch/node_modules/jest-circus/build/run.js:121:9)
    at _runTestsForDescribeBlock (/Users/st/workspace_ai/PagePouch/node_modules/jest-circus/build/run.js:121:9)
    at run (/Users/st/workspace_ai/PagePouch/node_modules/jest-circus/build/run.js:71:3)
    at runAndTransformResultsToJestFormat (/Users/st/workspace_ai/PagePouch/node_modules/jest-circus/build/legacy-code-todo-rewrite/jestAdapterInit.js:122:21)
    at jestAdapter (/Users/st/workspace_ai/PagePouch/node_modules/jest-circus/build/legacy-code-todo-rewrite/jestAdapter.js:79:19)
    at runTestInternal (/Users/st/workspace_ai/PagePouch/node_modules/jest-runner/build/runTest.js:367:16)
    at runTest (/Users/st/workspace_ai/PagePouch/node_modules/jest-runner/build/runTest.js:444:34)
    at Object.worker (/Users/st/workspace_ai/PagePouch/node_modules/jest-runner/build/testWorker.js:106:12)</failure>
    </testcase>
    <testcase classname="LoadingManager › Element Resolution" name="should return null for invalid input" time="0">
      <failure>ReferenceError: LoadingManager is not defined
    at Object.loadingManager (/Users/st/workspace_ai/PagePouch/tests/loading.test.js:44:9)
    at Promise.then.completed (/Users/st/workspace_ai/PagePouch/node_modules/jest-circus/build/utils.js:298:28)
    at new Promise (&lt;anonymous&gt;)
    at callAsyncCircusFn (/Users/st/workspace_ai/PagePouch/node_modules/jest-circus/build/utils.js:231:10)
    at _callCircusHook (/Users/st/workspace_ai/PagePouch/node_modules/jest-circus/build/run.js:281:40)
    at processTicksAndRejections (node:internal/process/task_queues:105:5)
    at _runTest (/Users/st/workspace_ai/PagePouch/node_modules/jest-circus/build/run.js:246:5)
    at _runTestsForDescribeBlock (/Users/st/workspace_ai/PagePouch/node_modules/jest-circus/build/run.js:126:9)
    at _runTestsForDescribeBlock (/Users/st/workspace_ai/PagePouch/node_modules/jest-circus/build/run.js:121:9)
    at _runTestsForDescribeBlock (/Users/st/workspace_ai/PagePouch/node_modules/jest-circus/build/run.js:121:9)
    at run (/Users/st/workspace_ai/PagePouch/node_modules/jest-circus/build/run.js:71:3)
    at runAndTransformResultsToJestFormat (/Users/st/workspace_ai/PagePouch/node_modules/jest-circus/build/legacy-code-todo-rewrite/jestAdapterInit.js:122:21)
    at jestAdapter (/Users/st/workspace_ai/PagePouch/node_modules/jest-circus/build/legacy-code-todo-rewrite/jestAdapter.js:79:19)
    at runTestInternal (/Users/st/workspace_ai/PagePouch/node_modules/jest-runner/build/runTest.js:367:16)
    at runTest (/Users/st/workspace_ai/PagePouch/node_modules/jest-runner/build/runTest.js:444:34)
    at Object.worker (/Users/st/workspace_ai/PagePouch/node_modules/jest-runner/build/testWorker.js:106:12)</failure>
    </testcase>
    <testcase classname="LoadingManager › Loader Management" name="should track multiple loaders" time="0">
      <failure>ReferenceError: LoadingManager is not defined
    at Object.loadingManager (/Users/st/workspace_ai/PagePouch/tests/loading.test.js:44:9)
    at Promise.then.completed (/Users/st/workspace_ai/PagePouch/node_modules/jest-circus/build/utils.js:298:28)
    at new Promise (&lt;anonymous&gt;)
    at callAsyncCircusFn (/Users/st/workspace_ai/PagePouch/node_modules/jest-circus/build/utils.js:231:10)
    at _callCircusHook (/Users/st/workspace_ai/PagePouch/node_modules/jest-circus/build/run.js:281:40)
    at processTicksAndRejections (node:internal/process/task_queues:105:5)
    at _runTest (/Users/st/workspace_ai/PagePouch/node_modules/jest-circus/build/run.js:246:5)
    at _runTestsForDescribeBlock (/Users/st/workspace_ai/PagePouch/node_modules/jest-circus/build/run.js:126:9)
    at _runTestsForDescribeBlock (/Users/st/workspace_ai/PagePouch/node_modules/jest-circus/build/run.js:121:9)
    at _runTestsForDescribeBlock (/Users/st/workspace_ai/PagePouch/node_modules/jest-circus/build/run.js:121:9)
    at run (/Users/st/workspace_ai/PagePouch/node_modules/jest-circus/build/run.js:71:3)
    at runAndTransformResultsToJestFormat (/Users/st/workspace_ai/PagePouch/node_modules/jest-circus/build/legacy-code-todo-rewrite/jestAdapterInit.js:122:21)
    at jestAdapter (/Users/st/workspace_ai/PagePouch/node_modules/jest-circus/build/legacy-code-todo-rewrite/jestAdapter.js:79:19)
    at runTestInternal (/Users/st/workspace_ai/PagePouch/node_modules/jest-runner/build/runTest.js:367:16)
    at runTest (/Users/st/workspace_ai/PagePouch/node_modules/jest-runner/build/runTest.js:444:34)
    at Object.worker (/Users/st/workspace_ai/PagePouch/node_modules/jest-runner/build/testWorker.js:106:12)</failure>
    </testcase>
    <testcase classname="LoadingManager › Loader Management" name="should hide all loaders" time="0.001">
      <failure>ReferenceError: LoadingManager is not defined
    at Object.loadingManager (/Users/st/workspace_ai/PagePouch/tests/loading.test.js:44:9)
    at Promise.then.completed (/Users/st/workspace_ai/PagePouch/node_modules/jest-circus/build/utils.js:298:28)
    at new Promise (&lt;anonymous&gt;)
    at callAsyncCircusFn (/Users/st/workspace_ai/PagePouch/node_modules/jest-circus/build/utils.js:231:10)
    at _callCircusHook (/Users/st/workspace_ai/PagePouch/node_modules/jest-circus/build/run.js:281:40)
    at processTicksAndRejections (node:internal/process/task_queues:105:5)
    at _runTest (/Users/st/workspace_ai/PagePouch/node_modules/jest-circus/build/run.js:246:5)
    at _runTestsForDescribeBlock (/Users/st/workspace_ai/PagePouch/node_modules/jest-circus/build/run.js:126:9)
    at _runTestsForDescribeBlock (/Users/st/workspace_ai/PagePouch/node_modules/jest-circus/build/run.js:121:9)
    at _runTestsForDescribeBlock (/Users/st/workspace_ai/PagePouch/node_modules/jest-circus/build/run.js:121:9)
    at run (/Users/st/workspace_ai/PagePouch/node_modules/jest-circus/build/run.js:71:3)
    at runAndTransformResultsToJestFormat (/Users/st/workspace_ai/PagePouch/node_modules/jest-circus/build/legacy-code-todo-rewrite/jestAdapterInit.js:122:21)
    at jestAdapter (/Users/st/workspace_ai/PagePouch/node_modules/jest-circus/build/legacy-code-todo-rewrite/jestAdapter.js:79:19)
    at runTestInternal (/Users/st/workspace_ai/PagePouch/node_modules/jest-runner/build/runTest.js:367:16)
    at runTest (/Users/st/workspace_ai/PagePouch/node_modules/jest-runner/build/runTest.js:444:34)
    at Object.worker (/Users/st/workspace_ai/PagePouch/node_modules/jest-runner/build/testWorker.js:106:12)</failure>
    </testcase>
    <testcase classname="LoadingManager › Loader Management" name="should generate unique loader IDs" time="0">
      <failure>ReferenceError: LoadingManager is not defined
    at Object.loadingManager (/Users/st/workspace_ai/PagePouch/tests/loading.test.js:44:9)
    at Promise.then.completed (/Users/st/workspace_ai/PagePouch/node_modules/jest-circus/build/utils.js:298:28)
    at new Promise (&lt;anonymous&gt;)
    at callAsyncCircusFn (/Users/st/workspace_ai/PagePouch/node_modules/jest-circus/build/utils.js:231:10)
    at _callCircusHook (/Users/st/workspace_ai/PagePouch/node_modules/jest-circus/build/run.js:281:40)
    at processTicksAndRejections (node:internal/process/task_queues:105:5)
    at _runTest (/Users/st/workspace_ai/PagePouch/node_modules/jest-circus/build/run.js:246:5)
    at _runTestsForDescribeBlock (/Users/st/workspace_ai/PagePouch/node_modules/jest-circus/build/run.js:126:9)
    at _runTestsForDescribeBlock (/Users/st/workspace_ai/PagePouch/node_modules/jest-circus/build/run.js:121:9)
    at _runTestsForDescribeBlock (/Users/st/workspace_ai/PagePouch/node_modules/jest-circus/build/run.js:121:9)
    at run (/Users/st/workspace_ai/PagePouch/node_modules/jest-circus/build/run.js:71:3)
    at runAndTransformResultsToJestFormat (/Users/st/workspace_ai/PagePouch/node_modules/jest-circus/build/legacy-code-todo-rewrite/jestAdapterInit.js:122:21)
    at jestAdapter (/Users/st/workspace_ai/PagePouch/node_modules/jest-circus/build/legacy-code-todo-rewrite/jestAdapter.js:79:19)
    at runTestInternal (/Users/st/workspace_ai/PagePouch/node_modules/jest-runner/build/runTest.js:367:16)
    at runTest (/Users/st/workspace_ai/PagePouch/node_modules/jest-runner/build/runTest.js:444:34)
    at Object.worker (/Users/st/workspace_ai/PagePouch/node_modules/jest-runner/build/testWorker.js:106:12)</failure>
    </testcase>
    <testcase classname="LoadingManager › Error Handling" name="should handle hide() with invalid loader ID" time="0">
      <failure>ReferenceError: LoadingManager is not defined
    at Object.loadingManager (/Users/st/workspace_ai/PagePouch/tests/loading.test.js:44:9)
    at Promise.then.completed (/Users/st/workspace_ai/PagePouch/node_modules/jest-circus/build/utils.js:298:28)
    at new Promise (&lt;anonymous&gt;)
    at callAsyncCircusFn (/Users/st/workspace_ai/PagePouch/node_modules/jest-circus/build/utils.js:231:10)
    at _callCircusHook (/Users/st/workspace_ai/PagePouch/node_modules/jest-circus/build/run.js:281:40)
    at processTicksAndRejections (node:internal/process/task_queues:105:5)
    at _runTest (/Users/st/workspace_ai/PagePouch/node_modules/jest-circus/build/run.js:246:5)
    at _runTestsForDescribeBlock (/Users/st/workspace_ai/PagePouch/node_modules/jest-circus/build/run.js:126:9)
    at _runTestsForDescribeBlock (/Users/st/workspace_ai/PagePouch/node_modules/jest-circus/build/run.js:121:9)
    at _runTestsForDescribeBlock (/Users/st/workspace_ai/PagePouch/node_modules/jest-circus/build/run.js:121:9)
    at run (/Users/st/workspace_ai/PagePouch/node_modules/jest-circus/build/run.js:71:3)
    at runAndTransformResultsToJestFormat (/Users/st/workspace_ai/PagePouch/node_modules/jest-circus/build/legacy-code-todo-rewrite/jestAdapterInit.js:122:21)
    at jestAdapter (/Users/st/workspace_ai/PagePouch/node_modules/jest-circus/build/legacy-code-todo-rewrite/jestAdapter.js:79:19)
    at runTestInternal (/Users/st/workspace_ai/PagePouch/node_modules/jest-runner/build/runTest.js:367:16)
    at runTest (/Users/st/workspace_ai/PagePouch/node_modules/jest-runner/build/runTest.js:444:34)
    at Object.worker (/Users/st/workspace_ai/PagePouch/node_modules/jest-runner/build/testWorker.js:106:12)</failure>
    </testcase>
    <testcase classname="LoadingManager › Error Handling" name="should handle updateProgress() with invalid progress ID" time="0">
      <failure>ReferenceError: LoadingManager is not defined
    at Object.loadingManager (/Users/st/workspace_ai/PagePouch/tests/loading.test.js:44:9)
    at Promise.then.completed (/Users/st/workspace_ai/PagePouch/node_modules/jest-circus/build/utils.js:298:28)
    at new Promise (&lt;anonymous&gt;)
    at callAsyncCircusFn (/Users/st/workspace_ai/PagePouch/node_modules/jest-circus/build/utils.js:231:10)
    at _callCircusHook (/Users/st/workspace_ai/PagePouch/node_modules/jest-circus/build/run.js:281:40)
    at processTicksAndRejections (node:internal/process/task_queues:105:5)
    at _runTest (/Users/st/workspace_ai/PagePouch/node_modules/jest-circus/build/run.js:246:5)
    at _runTestsForDescribeBlock (/Users/st/workspace_ai/PagePouch/node_modules/jest-circus/build/run.js:126:9)
    at _runTestsForDescribeBlock (/Users/st/workspace_ai/PagePouch/node_modules/jest-circus/build/run.js:121:9)
    at _runTestsForDescribeBlock (/Users/st/workspace_ai/PagePouch/node_modules/jest-circus/build/run.js:121:9)
    at run (/Users/st/workspace_ai/PagePouch/node_modules/jest-circus/build/run.js:71:3)
    at runAndTransformResultsToJestFormat (/Users/st/workspace_ai/PagePouch/node_modules/jest-circus/build/legacy-code-todo-rewrite/jestAdapterInit.js:122:21)
    at jestAdapter (/Users/st/workspace_ai/PagePouch/node_modules/jest-circus/build/legacy-code-todo-rewrite/jestAdapter.js:79:19)
    at runTestInternal (/Users/st/workspace_ai/PagePouch/node_modules/jest-runner/build/runTest.js:367:16)
    at runTest (/Users/st/workspace_ai/PagePouch/node_modules/jest-runner/build/runTest.js:444:34)
    at Object.worker (/Users/st/workspace_ai/PagePouch/node_modules/jest-runner/build/testWorker.js:106:12)</failure>
    </testcase>
    <testcase classname="LoadingManager › Error Handling" name="should log warnings for missing elements" time="0">
      <failure>ReferenceError: LoadingManager is not defined
    at Object.loadingManager (/Users/st/workspace_ai/PagePouch/tests/loading.test.js:44:9)
    at Promise.then.completed (/Users/st/workspace_ai/PagePouch/node_modules/jest-circus/build/utils.js:298:28)
    at new Promise (&lt;anonymous&gt;)
    at callAsyncCircusFn (/Users/st/workspace_ai/PagePouch/node_modules/jest-circus/build/utils.js:231:10)
    at _callCircusHook (/Users/st/workspace_ai/PagePouch/node_modules/jest-circus/build/run.js:281:40)
    at processTicksAndRejections (node:internal/process/task_queues:105:5)
    at _runTest (/Users/st/workspace_ai/PagePouch/node_modules/jest-circus/build/run.js:246:5)
    at _runTestsForDescribeBlock (/Users/st/workspace_ai/PagePouch/node_modules/jest-circus/build/run.js:126:9)
    at _runTestsForDescribeBlock (/Users/st/workspace_ai/PagePouch/node_modules/jest-circus/build/run.js:121:9)
    at _runTestsForDescribeBlock (/Users/st/workspace_ai/PagePouch/node_modules/jest-circus/build/run.js:121:9)
    at run (/Users/st/workspace_ai/PagePouch/node_modules/jest-circus/build/run.js:71:3)
    at runAndTransformResultsToJestFormat (/Users/st/workspace_ai/PagePouch/node_modules/jest-circus/build/legacy-code-todo-rewrite/jestAdapterInit.js:122:21)
    at jestAdapter (/Users/st/workspace_ai/PagePouch/node_modules/jest-circus/build/legacy-code-todo-rewrite/jestAdapter.js:79:19)
    at runTestInternal (/Users/st/workspace_ai/PagePouch/node_modules/jest-runner/build/runTest.js:367:16)
    at runTest (/Users/st/workspace_ai/PagePouch/node_modules/jest-runner/build/runTest.js:444:34)
    at Object.worker (/Users/st/workspace_ai/PagePouch/node_modules/jest-runner/build/testWorker.js:106:12)</failure>
    </testcase>
    <testcase classname="Global Loading Functions" name="showSpinner should call loadingManager.showSpinner" time="0">
      <failure>ReferenceError: showSpinner is not defined
    at Object.showSpinner (/Users/st/workspace_ai/PagePouch/tests/loading.test.js:399:24)
    at Promise.then.completed (/Users/st/workspace_ai/PagePouch/node_modules/jest-circus/build/utils.js:298:28)
    at new Promise (&lt;anonymous&gt;)
    at callAsyncCircusFn (/Users/st/workspace_ai/PagePouch/node_modules/jest-circus/build/utils.js:231:10)
    at _callCircusTest (/Users/st/workspace_ai/PagePouch/node_modules/jest-circus/build/run.js:316:40)
    at processTicksAndRejections (node:internal/process/task_queues:105:5)
    at _runTest (/Users/st/workspace_ai/PagePouch/node_modules/jest-circus/build/run.js:252:3)
    at _runTestsForDescribeBlock (/Users/st/workspace_ai/PagePouch/node_modules/jest-circus/build/run.js:126:9)
    at _runTestsForDescribeBlock (/Users/st/workspace_ai/PagePouch/node_modules/jest-circus/build/run.js:121:9)
    at run (/Users/st/workspace_ai/PagePouch/node_modules/jest-circus/build/run.js:71:3)
    at runAndTransformResultsToJestFormat (/Users/st/workspace_ai/PagePouch/node_modules/jest-circus/build/legacy-code-todo-rewrite/jestAdapterInit.js:122:21)
    at jestAdapter (/Users/st/workspace_ai/PagePouch/node_modules/jest-circus/build/legacy-code-todo-rewrite/jestAdapter.js:79:19)
    at runTestInternal (/Users/st/workspace_ai/PagePouch/node_modules/jest-runner/build/runTest.js:367:16)
    at runTest (/Users/st/workspace_ai/PagePouch/node_modules/jest-runner/build/runTest.js:444:34)
    at Object.worker (/Users/st/workspace_ai/PagePouch/node_modules/jest-runner/build/testWorker.js:106:12)</failure>
    </testcase>
    <testcase classname="Global Loading Functions" name="showDots should call loadingManager.showDots" time="0">
      <failure>ReferenceError: showDots is not defined
    at Object.showDots (/Users/st/workspace_ai/PagePouch/tests/loading.test.js:406:24)
    at Promise.then.completed (/Users/st/workspace_ai/PagePouch/node_modules/jest-circus/build/utils.js:298:28)
    at new Promise (&lt;anonymous&gt;)
    at callAsyncCircusFn (/Users/st/workspace_ai/PagePouch/node_modules/jest-circus/build/utils.js:231:10)
    at _callCircusTest (/Users/st/workspace_ai/PagePouch/node_modules/jest-circus/build/run.js:316:40)
    at processTicksAndRejections (node:internal/process/task_queues:105:5)
    at _runTest (/Users/st/workspace_ai/PagePouch/node_modules/jest-circus/build/run.js:252:3)
    at _runTestsForDescribeBlock (/Users/st/workspace_ai/PagePouch/node_modules/jest-circus/build/run.js:126:9)
    at _runTestsForDescribeBlock (/Users/st/workspace_ai/PagePouch/node_modules/jest-circus/build/run.js:121:9)
    at run (/Users/st/workspace_ai/PagePouch/node_modules/jest-circus/build/run.js:71:3)
    at runAndTransformResultsToJestFormat (/Users/st/workspace_ai/PagePouch/node_modules/jest-circus/build/legacy-code-todo-rewrite/jestAdapterInit.js:122:21)
    at jestAdapter (/Users/st/workspace_ai/PagePouch/node_modules/jest-circus/build/legacy-code-todo-rewrite/jestAdapter.js:79:19)
    at runTestInternal (/Users/st/workspace_ai/PagePouch/node_modules/jest-runner/build/runTest.js:367:16)
    at runTest (/Users/st/workspace_ai/PagePouch/node_modules/jest-runner/build/runTest.js:444:34)
    at Object.worker (/Users/st/workspace_ai/PagePouch/node_modules/jest-runner/build/testWorker.js:106:12)</failure>
    </testcase>
    <testcase classname="Global Loading Functions" name="showOverlay should call loadingManager.showOverlay" time="0">
      <failure>ReferenceError: showOverlay is not defined
    at Object.showOverlay (/Users/st/workspace_ai/PagePouch/tests/loading.test.js:413:24)
    at Promise.then.completed (/Users/st/workspace_ai/PagePouch/node_modules/jest-circus/build/utils.js:298:28)
    at new Promise (&lt;anonymous&gt;)
    at callAsyncCircusFn (/Users/st/workspace_ai/PagePouch/node_modules/jest-circus/build/utils.js:231:10)
    at _callCircusTest (/Users/st/workspace_ai/PagePouch/node_modules/jest-circus/build/run.js:316:40)
    at processTicksAndRejections (node:internal/process/task_queues:105:5)
    at _runTest (/Users/st/workspace_ai/PagePouch/node_modules/jest-circus/build/run.js:252:3)
    at _runTestsForDescribeBlock (/Users/st/workspace_ai/PagePouch/node_modules/jest-circus/build/run.js:126:9)
    at _runTestsForDescribeBlock (/Users/st/workspace_ai/PagePouch/node_modules/jest-circus/build/run.js:121:9)
    at run (/Users/st/workspace_ai/PagePouch/node_modules/jest-circus/build/run.js:71:3)
    at runAndTransformResultsToJestFormat (/Users/st/workspace_ai/PagePouch/node_modules/jest-circus/build/legacy-code-todo-rewrite/jestAdapterInit.js:122:21)
    at jestAdapter (/Users/st/workspace_ai/PagePouch/node_modules/jest-circus/build/legacy-code-todo-rewrite/jestAdapter.js:79:19)
    at runTestInternal (/Users/st/workspace_ai/PagePouch/node_modules/jest-runner/build/runTest.js:367:16)
    at runTest (/Users/st/workspace_ai/PagePouch/node_modules/jest-runner/build/runTest.js:444:34)
    at Object.worker (/Users/st/workspace_ai/PagePouch/node_modules/jest-runner/build/testWorker.js:106:12)</failure>
    </testcase>
    <testcase classname="Global Loading Functions" name="showSkeleton should call loadingManager.showSkeleton" time="0">
      <failure>ReferenceError: showSkeleton is not defined
    at Object.showSkeleton (/Users/st/workspace_ai/PagePouch/tests/loading.test.js:420:24)
    at Promise.then.completed (/Users/st/workspace_ai/PagePouch/node_modules/jest-circus/build/utils.js:298:28)
    at new Promise (&lt;anonymous&gt;)
    at callAsyncCircusFn (/Users/st/workspace_ai/PagePouch/node_modules/jest-circus/build/utils.js:231:10)
    at _callCircusTest (/Users/st/workspace_ai/PagePouch/node_modules/jest-circus/build/run.js:316:40)
    at processTicksAndRejections (node:internal/process/task_queues:105:5)
    at _runTest (/Users/st/workspace_ai/PagePouch/node_modules/jest-circus/build/run.js:252:3)
    at _runTestsForDescribeBlock (/Users/st/workspace_ai/PagePouch/node_modules/jest-circus/build/run.js:126:9)
    at _runTestsForDescribeBlock (/Users/st/workspace_ai/PagePouch/node_modules/jest-circus/build/run.js:121:9)
    at run (/Users/st/workspace_ai/PagePouch/node_modules/jest-circus/build/run.js:71:3)
    at runAndTransformResultsToJestFormat (/Users/st/workspace_ai/PagePouch/node_modules/jest-circus/build/legacy-code-todo-rewrite/jestAdapterInit.js:122:21)
    at jestAdapter (/Users/st/workspace_ai/PagePouch/node_modules/jest-circus/build/legacy-code-todo-rewrite/jestAdapter.js:79:19)
    at runTestInternal (/Users/st/workspace_ai/PagePouch/node_modules/jest-runner/build/runTest.js:367:16)
    at runTest (/Users/st/workspace_ai/PagePouch/node_modules/jest-runner/build/runTest.js:444:34)
    at Object.worker (/Users/st/workspace_ai/PagePouch/node_modules/jest-runner/build/testWorker.js:106:12)</failure>
    </testcase>
    <testcase classname="Global Loading Functions" name="showProgress should call loadingManager.showProgress" time="0.001">
      <failure>ReferenceError: showProgress is not defined
    at Object.showProgress (/Users/st/workspace_ai/PagePouch/tests/loading.test.js:427:24)
    at Promise.then.completed (/Users/st/workspace_ai/PagePouch/node_modules/jest-circus/build/utils.js:298:28)
    at new Promise (&lt;anonymous&gt;)
    at callAsyncCircusFn (/Users/st/workspace_ai/PagePouch/node_modules/jest-circus/build/utils.js:231:10)
    at _callCircusTest (/Users/st/workspace_ai/PagePouch/node_modules/jest-circus/build/run.js:316:40)
    at processTicksAndRejections (node:internal/process/task_queues:105:5)
    at _runTest (/Users/st/workspace_ai/PagePouch/node_modules/jest-circus/build/run.js:252:3)
    at _runTestsForDescribeBlock (/Users/st/workspace_ai/PagePouch/node_modules/jest-circus/build/run.js:126:9)
    at _runTestsForDescribeBlock (/Users/st/workspace_ai/PagePouch/node_modules/jest-circus/build/run.js:121:9)
    at run (/Users/st/workspace_ai/PagePouch/node_modules/jest-circus/build/run.js:71:3)
    at runAndTransformResultsToJestFormat (/Users/st/workspace_ai/PagePouch/node_modules/jest-circus/build/legacy-code-todo-rewrite/jestAdapterInit.js:122:21)
    at jestAdapter (/Users/st/workspace_ai/PagePouch/node_modules/jest-circus/build/legacy-code-todo-rewrite/jestAdapter.js:79:19)
    at runTestInternal (/Users/st/workspace_ai/PagePouch/node_modules/jest-runner/build/runTest.js:367:16)
    at runTest (/Users/st/workspace_ai/PagePouch/node_modules/jest-runner/build/runTest.js:444:34)
    at Object.worker (/Users/st/workspace_ai/PagePouch/node_modules/jest-runner/build/testWorker.js:106:12)</failure>
    </testcase>
    <testcase classname="Global Loading Functions" name="updateProgress should call loadingManager.updateProgress" time="0">
      <failure>ReferenceError: updateProgress is not defined
    at Object.updateProgress (/Users/st/workspace_ai/PagePouch/tests/loading.test.js:434:9)
    at Promise.then.completed (/Users/st/workspace_ai/PagePouch/node_modules/jest-circus/build/utils.js:298:28)
    at new Promise (&lt;anonymous&gt;)
    at callAsyncCircusFn (/Users/st/workspace_ai/PagePouch/node_modules/jest-circus/build/utils.js:231:10)
    at _callCircusTest (/Users/st/workspace_ai/PagePouch/node_modules/jest-circus/build/run.js:316:40)
    at processTicksAndRejections (node:internal/process/task_queues:105:5)
    at _runTest (/Users/st/workspace_ai/PagePouch/node_modules/jest-circus/build/run.js:252:3)
    at _runTestsForDescribeBlock (/Users/st/workspace_ai/PagePouch/node_modules/jest-circus/build/run.js:126:9)
    at _runTestsForDescribeBlock (/Users/st/workspace_ai/PagePouch/node_modules/jest-circus/build/run.js:121:9)
    at run (/Users/st/workspace_ai/PagePouch/node_modules/jest-circus/build/run.js:71:3)
    at runAndTransformResultsToJestFormat (/Users/st/workspace_ai/PagePouch/node_modules/jest-circus/build/legacy-code-todo-rewrite/jestAdapterInit.js:122:21)
    at jestAdapter (/Users/st/workspace_ai/PagePouch/node_modules/jest-circus/build/legacy-code-todo-rewrite/jestAdapter.js:79:19)
    at runTestInternal (/Users/st/workspace_ai/PagePouch/node_modules/jest-runner/build/runTest.js:367:16)
    at runTest (/Users/st/workspace_ai/PagePouch/node_modules/jest-runner/build/runTest.js:444:34)
    at Object.worker (/Users/st/workspace_ai/PagePouch/node_modules/jest-runner/build/testWorker.js:106:12)</failure>
    </testcase>
    <testcase classname="Global Loading Functions" name="setButtonLoading should call loadingManager.setButtonLoading" time="0">
      <failure>ReferenceError: setButtonLoading is not defined
    at Object.setButtonLoading (/Users/st/workspace_ai/PagePouch/tests/loading.test.js:440:24)
    at Promise.then.completed (/Users/st/workspace_ai/PagePouch/node_modules/jest-circus/build/utils.js:298:28)
    at new Promise (&lt;anonymous&gt;)
    at callAsyncCircusFn (/Users/st/workspace_ai/PagePouch/node_modules/jest-circus/build/utils.js:231:10)
    at _callCircusTest (/Users/st/workspace_ai/PagePouch/node_modules/jest-circus/build/run.js:316:40)
    at processTicksAndRejections (node:internal/process/task_queues:105:5)
    at _runTest (/Users/st/workspace_ai/PagePouch/node_modules/jest-circus/build/run.js:252:3)
    at _runTestsForDescribeBlock (/Users/st/workspace_ai/PagePouch/node_modules/jest-circus/build/run.js:126:9)
    at _runTestsForDescribeBlock (/Users/st/workspace_ai/PagePouch/node_modules/jest-circus/build/run.js:121:9)
    at run (/Users/st/workspace_ai/PagePouch/node_modules/jest-circus/build/run.js:71:3)
    at runAndTransformResultsToJestFormat (/Users/st/workspace_ai/PagePouch/node_modules/jest-circus/build/legacy-code-todo-rewrite/jestAdapterInit.js:122:21)
    at jestAdapter (/Users/st/workspace_ai/PagePouch/node_modules/jest-circus/build/legacy-code-todo-rewrite/jestAdapter.js:79:19)
    at runTestInternal (/Users/st/workspace_ai/PagePouch/node_modules/jest-runner/build/runTest.js:367:16)
    at runTest (/Users/st/workspace_ai/PagePouch/node_modules/jest-runner/build/runTest.js:444:34)
    at Object.worker (/Users/st/workspace_ai/PagePouch/node_modules/jest-runner/build/testWorker.js:106:12)</failure>
    </testcase>
    <testcase classname="Global Loading Functions" name="setInputLoading should call loadingManager.setInputLoading" time="0">
      <failure>ReferenceError: setInputLoading is not defined
    at Object.setInputLoading (/Users/st/workspace_ai/PagePouch/tests/loading.test.js:447:24)
    at Promise.then.completed (/Users/st/workspace_ai/PagePouch/node_modules/jest-circus/build/utils.js:298:28)
    at new Promise (&lt;anonymous&gt;)
    at callAsyncCircusFn (/Users/st/workspace_ai/PagePouch/node_modules/jest-circus/build/utils.js:231:10)
    at _callCircusTest (/Users/st/workspace_ai/PagePouch/node_modules/jest-circus/build/run.js:316:40)
    at processTicksAndRejections (node:internal/process/task_queues:105:5)
    at _runTest (/Users/st/workspace_ai/PagePouch/node_modules/jest-circus/build/run.js:252:3)
    at _runTestsForDescribeBlock (/Users/st/workspace_ai/PagePouch/node_modules/jest-circus/build/run.js:126:9)
    at _runTestsForDescribeBlock (/Users/st/workspace_ai/PagePouch/node_modules/jest-circus/build/run.js:121:9)
    at run (/Users/st/workspace_ai/PagePouch/node_modules/jest-circus/build/run.js:71:3)
    at runAndTransformResultsToJestFormat (/Users/st/workspace_ai/PagePouch/node_modules/jest-circus/build/legacy-code-todo-rewrite/jestAdapterInit.js:122:21)
    at jestAdapter (/Users/st/workspace_ai/PagePouch/node_modules/jest-circus/build/legacy-code-todo-rewrite/jestAdapter.js:79:19)
    at runTestInternal (/Users/st/workspace_ai/PagePouch/node_modules/jest-runner/build/runTest.js:367:16)
    at runTest (/Users/st/workspace_ai/PagePouch/node_modules/jest-runner/build/runTest.js:444:34)
    at Object.worker (/Users/st/workspace_ai/PagePouch/node_modules/jest-runner/build/testWorker.js:106:12)</failure>
    </testcase>
    <testcase classname="Global Loading Functions" name="hideLoading should call loadingManager.hide" time="0">
      <failure>ReferenceError: hideLoading is not defined
    at Object.hideLoading (/Users/st/workspace_ai/PagePouch/tests/loading.test.js:454:9)
    at Promise.then.completed (/Users/st/workspace_ai/PagePouch/node_modules/jest-circus/build/utils.js:298:28)
    at new Promise (&lt;anonymous&gt;)
    at callAsyncCircusFn (/Users/st/workspace_ai/PagePouch/node_modules/jest-circus/build/utils.js:231:10)
    at _callCircusTest (/Users/st/workspace_ai/PagePouch/node_modules/jest-circus/build/run.js:316:40)
    at processTicksAndRejections (node:internal/process/task_queues:105:5)
    at _runTest (/Users/st/workspace_ai/PagePouch/node_modules/jest-circus/build/run.js:252:3)
    at _runTestsForDescribeBlock (/Users/st/workspace_ai/PagePouch/node_modules/jest-circus/build/run.js:126:9)
    at _runTestsForDescribeBlock (/Users/st/workspace_ai/PagePouch/node_modules/jest-circus/build/run.js:121:9)
    at run (/Users/st/workspace_ai/PagePouch/node_modules/jest-circus/build/run.js:71:3)
    at runAndTransformResultsToJestFormat (/Users/st/workspace_ai/PagePouch/node_modules/jest-circus/build/legacy-code-todo-rewrite/jestAdapterInit.js:122:21)
    at jestAdapter (/Users/st/workspace_ai/PagePouch/node_modules/jest-circus/build/legacy-code-todo-rewrite/jestAdapter.js:79:19)
    at runTestInternal (/Users/st/workspace_ai/PagePouch/node_modules/jest-runner/build/runTest.js:367:16)
    at runTest (/Users/st/workspace_ai/PagePouch/node_modules/jest-runner/build/runTest.js:444:34)
    at Object.worker (/Users/st/workspace_ai/PagePouch/node_modules/jest-runner/build/testWorker.js:106:12)</failure>
    </testcase>
    <testcase classname="Global Loading Functions" name="hideAllLoading should call loadingManager.hideAll" time="0">
      <failure>ReferenceError: hideAllLoading is not defined
    at Object.hideAllLoading (/Users/st/workspace_ai/PagePouch/tests/loading.test.js:460:9)
    at Promise.then.completed (/Users/st/workspace_ai/PagePouch/node_modules/jest-circus/build/utils.js:298:28)
    at new Promise (&lt;anonymous&gt;)
    at callAsyncCircusFn (/Users/st/workspace_ai/PagePouch/node_modules/jest-circus/build/utils.js:231:10)
    at _callCircusTest (/Users/st/workspace_ai/PagePouch/node_modules/jest-circus/build/run.js:316:40)
    at processTicksAndRejections (node:internal/process/task_queues:105:5)
    at _runTest (/Users/st/workspace_ai/PagePouch/node_modules/jest-circus/build/run.js:252:3)
    at _runTestsForDescribeBlock (/Users/st/workspace_ai/PagePouch/node_modules/jest-circus/build/run.js:126:9)
    at _runTestsForDescribeBlock (/Users/st/workspace_ai/PagePouch/node_modules/jest-circus/build/run.js:121:9)
    at run (/Users/st/workspace_ai/PagePouch/node_modules/jest-circus/build/run.js:71:3)
    at runAndTransformResultsToJestFormat (/Users/st/workspace_ai/PagePouch/node_modules/jest-circus/build/legacy-code-todo-rewrite/jestAdapterInit.js:122:21)
    at jestAdapter (/Users/st/workspace_ai/PagePouch/node_modules/jest-circus/build/legacy-code-todo-rewrite/jestAdapter.js:79:19)
    at runTestInternal (/Users/st/workspace_ai/PagePouch/node_modules/jest-runner/build/runTest.js:367:16)
    at runTest (/Users/st/workspace_ai/PagePouch/node_modules/jest-runner/build/runTest.js:444:34)
    at Object.worker (/Users/st/workspace_ai/PagePouch/node_modules/jest-runner/build/testWorker.js:106:12)</failure>
    </testcase>
    <testcase classname="LoadingManager Integration" name="should work with real DOM elements" time="0">
      <failure>ReferenceError: document is not defined
    at Object.container (/Users/st/workspace_ai/PagePouch/tests/loading.test.js:472:9)
    at Promise.then.completed (/Users/st/workspace_ai/PagePouch/node_modules/jest-circus/build/utils.js:298:28)
    at new Promise (&lt;anonymous&gt;)
    at callAsyncCircusFn (/Users/st/workspace_ai/PagePouch/node_modules/jest-circus/build/utils.js:231:10)
    at _callCircusHook (/Users/st/workspace_ai/PagePouch/node_modules/jest-circus/build/run.js:281:40)
    at processTicksAndRejections (node:internal/process/task_queues:105:5)
    at _runTest (/Users/st/workspace_ai/PagePouch/node_modules/jest-circus/build/run.js:246:5)
    at _runTestsForDescribeBlock (/Users/st/workspace_ai/PagePouch/node_modules/jest-circus/build/run.js:126:9)
    at _runTestsForDescribeBlock (/Users/st/workspace_ai/PagePouch/node_modules/jest-circus/build/run.js:121:9)
    at run (/Users/st/workspace_ai/PagePouch/node_modules/jest-circus/build/run.js:71:3)
    at runAndTransformResultsToJestFormat (/Users/st/workspace_ai/PagePouch/node_modules/jest-circus/build/legacy-code-todo-rewrite/jestAdapterInit.js:122:21)
    at jestAdapter (/Users/st/workspace_ai/PagePouch/node_modules/jest-circus/build/legacy-code-todo-rewrite/jestAdapter.js:79:19)
    at runTestInternal (/Users/st/workspace_ai/PagePouch/node_modules/jest-runner/build/runTest.js:367:16)
    at runTest (/Users/st/workspace_ai/PagePouch/node_modules/jest-runner/build/runTest.js:444:34)
    at Object.worker (/Users/st/workspace_ai/PagePouch/node_modules/jest-runner/build/testWorker.js:106:12)</failure>
      <failure>TypeError: Cannot read properties of undefined (reading &apos;parentNode&apos;)
    at Object.parentNode (/Users/st/workspace_ai/PagePouch/tests/loading.test.js:485:23)
    at Promise.then.completed (/Users/st/workspace_ai/PagePouch/node_modules/jest-circus/build/utils.js:298:28)
    at new Promise (&lt;anonymous&gt;)
    at callAsyncCircusFn (/Users/st/workspace_ai/PagePouch/node_modules/jest-circus/build/utils.js:231:10)
    at _callCircusHook (/Users/st/workspace_ai/PagePouch/node_modules/jest-circus/build/run.js:281:40)
    at processTicksAndRejections (node:internal/process/task_queues:105:5)
    at _runTest (/Users/st/workspace_ai/PagePouch/node_modules/jest-circus/build/run.js:254:5)
    at _runTestsForDescribeBlock (/Users/st/workspace_ai/PagePouch/node_modules/jest-circus/build/run.js:126:9)
    at _runTestsForDescribeBlock (/Users/st/workspace_ai/PagePouch/node_modules/jest-circus/build/run.js:121:9)
    at run (/Users/st/workspace_ai/PagePouch/node_modules/jest-circus/build/run.js:71:3)
    at runAndTransformResultsToJestFormat (/Users/st/workspace_ai/PagePouch/node_modules/jest-circus/build/legacy-code-todo-rewrite/jestAdapterInit.js:122:21)
    at jestAdapter (/Users/st/workspace_ai/PagePouch/node_modules/jest-circus/build/legacy-code-todo-rewrite/jestAdapter.js:79:19)
    at runTestInternal (/Users/st/workspace_ai/PagePouch/node_modules/jest-runner/build/runTest.js:367:16)
    at runTest (/Users/st/workspace_ai/PagePouch/node_modules/jest-runner/build/runTest.js:444:34)
    at Object.worker (/Users/st/workspace_ai/PagePouch/node_modules/jest-runner/build/testWorker.js:106:12)</failure>
    </testcase>
    <testcase classname="LoadingManager Integration" name="should handle overlay positioning correctly" time="0">
      <failure>ReferenceError: document is not defined
    at Object.container (/Users/st/workspace_ai/PagePouch/tests/loading.test.js:472:9)
    at Promise.then.completed (/Users/st/workspace_ai/PagePouch/node_modules/jest-circus/build/utils.js:298:28)
    at new Promise (&lt;anonymous&gt;)
    at callAsyncCircusFn (/Users/st/workspace_ai/PagePouch/node_modules/jest-circus/build/utils.js:231:10)
    at _callCircusHook (/Users/st/workspace_ai/PagePouch/node_modules/jest-circus/build/run.js:281:40)
    at processTicksAndRejections (node:internal/process/task_queues:105:5)
    at _runTest (/Users/st/workspace_ai/PagePouch/node_modules/jest-circus/build/run.js:246:5)
    at _runTestsForDescribeBlock (/Users/st/workspace_ai/PagePouch/node_modules/jest-circus/build/run.js:126:9)
    at _runTestsForDescribeBlock (/Users/st/workspace_ai/PagePouch/node_modules/jest-circus/build/run.js:121:9)
    at run (/Users/st/workspace_ai/PagePouch/node_modules/jest-circus/build/run.js:71:3)
    at runAndTransformResultsToJestFormat (/Users/st/workspace_ai/PagePouch/node_modules/jest-circus/build/legacy-code-todo-rewrite/jestAdapterInit.js:122:21)
    at jestAdapter (/Users/st/workspace_ai/PagePouch/node_modules/jest-circus/build/legacy-code-todo-rewrite/jestAdapter.js:79:19)
    at runTestInternal (/Users/st/workspace_ai/PagePouch/node_modules/jest-runner/build/runTest.js:367:16)
    at runTest (/Users/st/workspace_ai/PagePouch/node_modules/jest-runner/build/runTest.js:444:34)
    at Object.worker (/Users/st/workspace_ai/PagePouch/node_modules/jest-runner/build/testWorker.js:106:12)</failure>
      <failure>TypeError: Cannot read properties of undefined (reading &apos;parentNode&apos;)
    at Object.parentNode (/Users/st/workspace_ai/PagePouch/tests/loading.test.js:485:23)
    at Promise.then.completed (/Users/st/workspace_ai/PagePouch/node_modules/jest-circus/build/utils.js:298:28)
    at new Promise (&lt;anonymous&gt;)
    at callAsyncCircusFn (/Users/st/workspace_ai/PagePouch/node_modules/jest-circus/build/utils.js:231:10)
    at _callCircusHook (/Users/st/workspace_ai/PagePouch/node_modules/jest-circus/build/run.js:281:40)
    at processTicksAndRejections (node:internal/process/task_queues:105:5)
    at _runTest (/Users/st/workspace_ai/PagePouch/node_modules/jest-circus/build/run.js:254:5)
    at _runTestsForDescribeBlock (/Users/st/workspace_ai/PagePouch/node_modules/jest-circus/build/run.js:126:9)
    at _runTestsForDescribeBlock (/Users/st/workspace_ai/PagePouch/node_modules/jest-circus/build/run.js:121:9)
    at run (/Users/st/workspace_ai/PagePouch/node_modules/jest-circus/build/run.js:71:3)
    at runAndTransformResultsToJestFormat (/Users/st/workspace_ai/PagePouch/node_modules/jest-circus/build/legacy-code-todo-rewrite/jestAdapterInit.js:122:21)
    at jestAdapter (/Users/st/workspace_ai/PagePouch/node_modules/jest-circus/build/legacy-code-todo-rewrite/jestAdapter.js:79:19)
    at runTestInternal (/Users/st/workspace_ai/PagePouch/node_modules/jest-runner/build/runTest.js:367:16)
    at runTest (/Users/st/workspace_ai/PagePouch/node_modules/jest-runner/build/runTest.js:444:34)
    at Object.worker (/Users/st/workspace_ai/PagePouch/node_modules/jest-runner/build/testWorker.js:106:12)</failure>
    </testcase>
    <testcase classname="LoadingManager Integration" name="should create proper skeleton structure" time="0">
      <failure>ReferenceError: document is not defined
    at Object.container (/Users/st/workspace_ai/PagePouch/tests/loading.test.js:472:9)
    at Promise.then.completed (/Users/st/workspace_ai/PagePouch/node_modules/jest-circus/build/utils.js:298:28)
    at new Promise (&lt;anonymous&gt;)
    at callAsyncCircusFn (/Users/st/workspace_ai/PagePouch/node_modules/jest-circus/build/utils.js:231:10)
    at _callCircusHook (/Users/st/workspace_ai/PagePouch/node_modules/jest-circus/build/run.js:281:40)
    at processTicksAndRejections (node:internal/process/task_queues:105:5)
    at _runTest (/Users/st/workspace_ai/PagePouch/node_modules/jest-circus/build/run.js:246:5)
    at _runTestsForDescribeBlock (/Users/st/workspace_ai/PagePouch/node_modules/jest-circus/build/run.js:126:9)
    at _runTestsForDescribeBlock (/Users/st/workspace_ai/PagePouch/node_modules/jest-circus/build/run.js:121:9)
    at run (/Users/st/workspace_ai/PagePouch/node_modules/jest-circus/build/run.js:71:3)
    at runAndTransformResultsToJestFormat (/Users/st/workspace_ai/PagePouch/node_modules/jest-circus/build/legacy-code-todo-rewrite/jestAdapterInit.js:122:21)
    at jestAdapter (/Users/st/workspace_ai/PagePouch/node_modules/jest-circus/build/legacy-code-todo-rewrite/jestAdapter.js:79:19)
    at runTestInternal (/Users/st/workspace_ai/PagePouch/node_modules/jest-runner/build/runTest.js:367:16)
    at runTest (/Users/st/workspace_ai/PagePouch/node_modules/jest-runner/build/runTest.js:444:34)
    at Object.worker (/Users/st/workspace_ai/PagePouch/node_modules/jest-runner/build/testWorker.js:106:12)</failure>
      <failure>TypeError: Cannot read properties of undefined (reading &apos;parentNode&apos;)
    at Object.parentNode (/Users/st/workspace_ai/PagePouch/tests/loading.test.js:485:23)
    at Promise.then.completed (/Users/st/workspace_ai/PagePouch/node_modules/jest-circus/build/utils.js:298:28)
    at new Promise (&lt;anonymous&gt;)
    at callAsyncCircusFn (/Users/st/workspace_ai/PagePouch/node_modules/jest-circus/build/utils.js:231:10)
    at _callCircusHook (/Users/st/workspace_ai/PagePouch/node_modules/jest-circus/build/run.js:281:40)
    at processTicksAndRejections (node:internal/process/task_queues:105:5)
    at _runTest (/Users/st/workspace_ai/PagePouch/node_modules/jest-circus/build/run.js:254:5)
    at _runTestsForDescribeBlock (/Users/st/workspace_ai/PagePouch/node_modules/jest-circus/build/run.js:126:9)
    at _runTestsForDescribeBlock (/Users/st/workspace_ai/PagePouch/node_modules/jest-circus/build/run.js:121:9)
    at run (/Users/st/workspace_ai/PagePouch/node_modules/jest-circus/build/run.js:71:3)
    at runAndTransformResultsToJestFormat (/Users/st/workspace_ai/PagePouch/node_modules/jest-circus/build/legacy-code-todo-rewrite/jestAdapterInit.js:122:21)
    at jestAdapter (/Users/st/workspace_ai/PagePouch/node_modules/jest-circus/build/legacy-code-todo-rewrite/jestAdapter.js:79:19)
    at runTestInternal (/Users/st/workspace_ai/PagePouch/node_modules/jest-runner/build/runTest.js:367:16)
    at runTest (/Users/st/workspace_ai/PagePouch/node_modules/jest-runner/build/runTest.js:444:34)
    at Object.worker (/Users/st/workspace_ai/PagePouch/node_modules/jest-runner/build/testWorker.js:106:12)</failure>
    </testcase>
  </testsuite>
  <testsuite name="tests/summary-workflow.test.js" errors="0" failures="9" skipped="0" timestamp="2025-08-16T04:44:25" time="1.206" tests="18">
    <testcase classname="Summary Workflow Integration Tests › AI-Enabled Workflow" name="should generate AI summary when properly configured" time="0.002">
      <failure>Error: expect(received).toBe(expected) // Object.is equality

Expected: &quot;ai_generated&quot;
Received: &quot;content_too_short&quot;
    at Object.toBe (/Users/st/workspace_ai/PagePouch/tests/summary-workflow.test.js:135:44)
    at processTicksAndRejections (node:internal/process/task_queues:105:5)</failure>
    </testcase>
    <testcase classname="Summary Workflow Integration Tests › AI-Enabled Workflow" name="should handle AI generation failure gracefully" time="0.001">
      <failure>Error: expect(received).toContain(expected) // indexOf

Expected substring: &quot;fallback summary&quot;
Received string:    &quot;콘텐츠가 요약하기에 너무 짧습니다&quot;
    at Object.toContain (/Users/st/workspace_ai/PagePouch/tests/summary-workflow.test.js:150:36)
    at processTicksAndRejections (node:internal/process/task_queues:105:5)</failure>
    </testcase>
    <testcase classname="Summary Workflow Integration Tests › AI-Enabled Workflow" name="should work with different AI providers" time="0">
      <failure>Error: expect(received).toBe(expected) // Object.is equality

Expected: &quot;ai_generated&quot;
Received: &quot;content_too_short&quot;
    at Object.toBe (/Users/st/workspace_ai/PagePouch/tests/summary-workflow.test.js:171:52)
    at processTicksAndRejections (node:internal/process/task_queues:105:5)</failure>
    </testcase>
    <testcase classname="Summary Workflow Integration Tests › AI-Enabled Workflow" name="should respect summary length settings" time="0.001">
      <failure>Error: expect(received).toBe(expected) // Object.is equality

Expected: &quot;ai_generated&quot;
Received: &quot;content_too_short&quot;
    at Object.toBe (/Users/st/workspace_ai/PagePouch/tests/summary-workflow.test.js:191:48)
    at processTicksAndRejections (node:internal/process/task_queues:105:5)</failure>
    </testcase>
    <testcase classname="Summary Workflow Integration Tests › AI-Disabled Workflow" name="should return default summary when AI is disabled" time="0">
    </testcase>
    <testcase classname="Summary Workflow Integration Tests › AI-Disabled Workflow" name="should not attempt AI processing when disabled" time="0">
    </testcase>
    <testcase classname="Summary Workflow Integration Tests › Unconfigured Workflow" name="should handle missing API key gracefully" time="0">
    </testcase>
    <testcase classname="Summary Workflow Integration Tests › Unconfigured Workflow" name="should handle missing provider gracefully" time="0.001">
      <failure>Error: expect(received).toBe(expected) // Object.is equality

Expected: &quot;요약 없음&quot;
Received: &quot;콘텐츠가 요약하기에 너무 짧습니다&quot;
    at Object.toBe (/Users/st/workspace_ai/PagePouch/tests/summary-workflow.test.js:247:36)
    at processTicksAndRejections (node:internal/process/task_queues:105:5)</failure>
    </testcase>
    <testcase classname="Summary Workflow Integration Tests › Unconfigured Workflow" name="should allow Ollama without API key" time="0">
      <failure>Error: expect(received).toBe(expected) // Object.is equality

Expected: &quot;ai_generated&quot;
Received: &quot;content_too_short&quot;
    at Object.toBe (/Users/st/workspace_ai/PagePouch/tests/summary-workflow.test.js:260:44)
    at processTicksAndRejections (node:internal/process/task_queues:105:5)</failure>
    </testcase>
    <testcase classname="Summary Workflow Integration Tests › Content Validation" name="should handle short content appropriately" time="0">
    </testcase>
    <testcase classname="Summary Workflow Integration Tests › Content Validation" name="should process adequate content length" time="0">
    </testcase>
    <testcase classname="Summary Workflow Integration Tests › Error Handling" name="should handle network errors gracefully" time="0.001">
    </testcase>
    <testcase classname="Summary Workflow Integration Tests › Error Handling" name="should provide meaningful error messages" time="0">
    </testcase>
    <testcase classname="Summary Workflow Integration Tests › Performance and Optimization" name="should complete within reasonable time limits" time="0">
      <failure>Error: expect(received).toBeGreaterThan(expected)

Expected: &gt; 1755319466247
Received:   1755319466247
    at Object.toBeGreaterThan (/Users/st/workspace_ai/PagePouch/tests/summary-workflow.test.js:366:47)
    at processTicksAndRejections (node:internal/process/task_queues:105:5)</failure>
    </testcase>
    <testcase classname="Summary Workflow Integration Tests › Performance and Optimization" name="should handle concurrent requests" time="0">
      <failure>Error: expect(received).toBe(expected) // Object.is equality

Expected: &quot;ai_generated&quot;
Received: &quot;content_too_short&quot;
    at toBe (/Users/st/workspace_ai/PagePouch/tests/summary-workflow.test.js:383:48)
    at Array.forEach (&lt;anonymous&gt;)
    at Object.forEach (/Users/st/workspace_ai/PagePouch/tests/summary-workflow.test.js:382:21)
    at processTicksAndRejections (node:internal/process/task_queues:105:5)</failure>
    </testcase>
    <testcase classname="Summary Workflow Integration Tests › Settings Validation" name="should validate summary workflow settings" time="0.001">
    </testcase>
    <testcase classname="End-to-End Workflow Tests" name="should complete full page saving workflow with AI summary" time="0">
      <failure>Error: expect(received).toBe(expected) // Object.is equality

Expected: &quot;ai_generated&quot;
Received: &quot;content_too_short&quot;
    at Object.toBe (/Users/st/workspace_ai/PagePouch/tests/summary-workflow.test.js:509:41)
    at processTicksAndRejections (node:internal/process/task_queues:105:5)</failure>
    </testcase>
    <testcase classname="End-to-End Workflow Tests" name="should complete workflow with AI disabled" time="0">
    </testcase>
  </testsuite>
  <testsuite name="tests/loading-helpers.test.js" errors="0" failures="1" skipped="0" timestamp="2025-08-16T04:44:25" time="1.495" tests="32">
    <testcase classname="Loading Helpers › showSavePageLoading" name="should show button loading and toast" time="0.001">
    </testcase>
    <testcase classname="Loading Helpers › showSavePageLoading" name="should hide loading when controller.hide() is called" time="0.001">
    </testcase>
    <testcase classname="Loading Helpers › showSavePageLoading" name="should update progress with different steps" time="0">
    </testcase>
    <testcase classname="Loading Helpers › showDeletePageLoading" name="should show delete loading state" time="0.001">
    </testcase>
    <testcase classname="Loading Helpers › showDeletePageLoading" name="should hide delete loading" time="0">
    </testcase>
    <testcase classname="Loading Helpers › showSearchLoading" name="should show search input loading" time="0">
    </testcase>
    <testcase classname="Loading Helpers › showSearchLoading" name="should hide search loading" time="0.001">
    </testcase>
    <testcase classname="Loading Helpers › showAPITestLoading" name="should show API test loading" time="0">
    </testcase>
    <testcase classname="Loading Helpers › showExportLoading" name="should show export loading" time="0">
    </testcase>
    <testcase classname="Loading Helpers › showImportLoading" name="should show import loading" time="0.001">
    </testcase>
    <testcase classname="Loading Helpers › showPageListLoading" name="should show page list overlay" time="0">
    </testcase>
    <testcase classname="Loading Helpers › showPageCardSkeletons" name="should create skeleton cards" time="0.004">
    </testcase>
    <testcase classname="Loading Helpers › showPageCardSkeletons" name="should handle missing container" time="0">
    </testcase>
    <testcase classname="Loading Helpers › showPageCardSkeletons" name="should hide skeleton cards" time="0.001">
    </testcase>
    <testcase classname="Loading Helpers › showPageCardSkeletons" name="should handle invalid skeleton array" time="0">
    </testcase>
    <testcase classname="Loading Helpers › showMultiStepProgress" name="should create multi-step progress controller" time="0">
    </testcase>
    <testcase classname="Loading Helpers › showMultiStepProgress" name="should advance to next step" time="0.001">
    </testcase>
    <testcase classname="Loading Helpers › showMultiStepProgress" name="should set specific step" time="0">
    </testcase>
    <testcase classname="Loading Helpers › showMultiStepProgress" name="should complete progress" time="0.001">
      <failure>Error: expect(received).toBe(expected) // Object.is equality

Expected: 2000
Received: 0
    at toBe (/Users/st/workspace_ai/PagePouch/tests/loading-helpers.test.js:289:31)
    at /Users/st/workspace_ai/PagePouch/node_modules/jest-mock/build/index.js:397:39
    at /Users/st/workspace_ai/PagePouch/node_modules/jest-mock/build/index.js:404:13
    at mockConstructor (/Users/st/workspace_ai/PagePouch/node_modules/jest-mock/build/index.js:108:19)
    at Object.setTimeout (/Users/st/workspace_ai/PagePouch/tests/loading-helpers.test.js:301:13)
    at Promise.then.completed (/Users/st/workspace_ai/PagePouch/node_modules/jest-circus/build/utils.js:290:26)
    at new Promise (&lt;anonymous&gt;)
    at callAsyncCircusFn (/Users/st/workspace_ai/PagePouch/node_modules/jest-circus/build/utils.js:231:10)
    at _callCircusTest (/Users/st/workspace_ai/PagePouch/node_modules/jest-circus/build/run.js:316:40)
    at processTicksAndRejections (node:internal/process/task_queues:105:5)
    at _runTest (/Users/st/workspace_ai/PagePouch/node_modules/jest-circus/build/run.js:252:3)
    at _runTestsForDescribeBlock (/Users/st/workspace_ai/PagePouch/node_modules/jest-circus/build/run.js:126:9)
    at _runTestsForDescribeBlock (/Users/st/workspace_ai/PagePouch/node_modules/jest-circus/build/run.js:121:9)
    at _runTestsForDescribeBlock (/Users/st/workspace_ai/PagePouch/node_modules/jest-circus/build/run.js:121:9)
    at run (/Users/st/workspace_ai/PagePouch/node_modules/jest-circus/build/run.js:71:3)
    at runAndTransformResultsToJestFormat (/Users/st/workspace_ai/PagePouch/node_modules/jest-circus/build/legacy-code-todo-rewrite/jestAdapterInit.js:122:21)
    at jestAdapter (/Users/st/workspace_ai/PagePouch/node_modules/jest-circus/build/legacy-code-todo-rewrite/jestAdapter.js:79:19)
    at runTestInternal (/Users/st/workspace_ai/PagePouch/node_modules/jest-runner/build/runTest.js:367:16)
    at runTest (/Users/st/workspace_ai/PagePouch/node_modules/jest-runner/build/runTest.js:444:34)
    at Object.worker (/Users/st/workspace_ai/PagePouch/node_modules/jest-runner/build/testWorker.js:106:12)</failure>
    </testcase>
    <testcase classname="Loading Helpers › showMultiStepProgress" name="should hide progress manually" time="0.001">
    </testcase>
    <testcase classname="Loading Helpers › showSettingsSaveLoading" name="should show settings save loading" time="0">
    </testcase>
    <testcase classname="Loading Helpers › showIndeterminateLoading" name="should show indeterminate progress" time="0.001">
    </testcase>
    <testcase classname="Loading Helpers › showIndeterminateLoading" name="should use default message when none provided" time="0">
    </testcase>
    <testcase classname="Loading Helpers › withLoading" name="should execute async operation with button loading" time="0">
    </testcase>
    <testcase classname="Loading Helpers › withLoading" name="should execute async operation with input loading" time="0.001">
    </testcase>
    <testcase classname="Loading Helpers › withLoading" name="should execute async operation with overlay" time="0">
    </testcase>
    <testcase classname="Loading Helpers › withLoading" name="should execute async operation with progress" time="0">
    </testcase>
    <testcase classname="Loading Helpers › withLoading" name="should clean up loaders even if operation fails" time="0.001">
    </testcase>
    <testcase classname="Loading Helpers › withLoading" name="should handle cleanup errors gracefully" time="0">
    </testcase>
    <testcase classname="Loading Helpers › withLoading" name="should execute operation without progress controller when not needed" time="0.001">
    </testcase>
    <testcase classname="Loading Helpers › Integration Tests" name="should work with real DOM elements" time="0">
    </testcase>
    <testcase classname="Loading Helpers › Integration Tests" name="should handle multiple concurrent loading states" time="0.001">
    </testcase>
  </testsuite>
  <testsuite name="tests/helpers.test.js" errors="0" failures="2" skipped="0" timestamp="2025-08-16T04:44:24" time="2.128" tests="23">
    <testcase classname="Helper Utilities › URL Validation" name="should validate HTTP URLs" time="0.001">
    </testcase>
    <testcase classname="Helper Utilities › URL Validation" name="should reject invalid URLs" time="0.001">
      <failure>Error: expect(received).toBeInstanceOf(expected)

Expected constructor: TypeError
Received constructor: TypeError

    at toBeInstanceOf (/Users/st/workspace_ai/PagePouch/tests/helpers.test.js:67:35)
    at Array.forEach (&lt;anonymous&gt;)
    at Object.forEach (/Users/st/workspace_ai/PagePouch/tests/helpers.test.js:60:25)
    at Promise.then.completed (/Users/st/workspace_ai/PagePouch/node_modules/jest-circus/build/utils.js:298:28)
    at new Promise (&lt;anonymous&gt;)
    at callAsyncCircusFn (/Users/st/workspace_ai/PagePouch/node_modules/jest-circus/build/utils.js:231:10)
    at _callCircusTest (/Users/st/workspace_ai/PagePouch/node_modules/jest-circus/build/run.js:316:40)
    at processTicksAndRejections (node:internal/process/task_queues:105:5)
    at _runTest (/Users/st/workspace_ai/PagePouch/node_modules/jest-circus/build/run.js:252:3)
    at _runTestsForDescribeBlock (/Users/st/workspace_ai/PagePouch/node_modules/jest-circus/build/run.js:126:9)
    at _runTestsForDescribeBlock (/Users/st/workspace_ai/PagePouch/node_modules/jest-circus/build/run.js:121:9)
    at _runTestsForDescribeBlock (/Users/st/workspace_ai/PagePouch/node_modules/jest-circus/build/run.js:121:9)
    at run (/Users/st/workspace_ai/PagePouch/node_modules/jest-circus/build/run.js:71:3)
    at runAndTransformResultsToJestFormat (/Users/st/workspace_ai/PagePouch/node_modules/jest-circus/build/legacy-code-todo-rewrite/jestAdapterInit.js:122:21)
    at jestAdapter (/Users/st/workspace_ai/PagePouch/node_modules/jest-circus/build/legacy-code-todo-rewrite/jestAdapter.js:79:19)
    at runTestInternal (/Users/st/workspace_ai/PagePouch/node_modules/jest-runner/build/runTest.js:367:16)
    at runTest (/Users/st/workspace_ai/PagePouch/node_modules/jest-runner/build/runTest.js:444:34)
    at Object.worker (/Users/st/workspace_ai/PagePouch/node_modules/jest-runner/build/testWorker.js:106:12)</failure>
    </testcase>
    <testcase classname="Helper Utilities › Text Processing" name="should truncate text correctly" time="0">
    </testcase>
    <testcase classname="Helper Utilities › Text Processing" name="should clean HTML from text" time="0.001">
      <failure>Error: expect(received).toBe(expected) // Object.is equality

Expected: &quot;Safe text&quot;
Received: &quot;alert(\&quot;xss\&quot;)Safe text&quot;
    at Object.toBe (/Users/st/workspace_ai/PagePouch/tests/helpers.test.js:93:73)
    at Promise.then.completed (/Users/st/workspace_ai/PagePouch/node_modules/jest-circus/build/utils.js:298:28)
    at new Promise (&lt;anonymous&gt;)
    at callAsyncCircusFn (/Users/st/workspace_ai/PagePouch/node_modules/jest-circus/build/utils.js:231:10)
    at _callCircusTest (/Users/st/workspace_ai/PagePouch/node_modules/jest-circus/build/run.js:316:40)
    at processTicksAndRejections (node:internal/process/task_queues:105:5)
    at _runTest (/Users/st/workspace_ai/PagePouch/node_modules/jest-circus/build/run.js:252:3)
    at _runTestsForDescribeBlock (/Users/st/workspace_ai/PagePouch/node_modules/jest-circus/build/run.js:126:9)
    at _runTestsForDescribeBlock (/Users/st/workspace_ai/PagePouch/node_modules/jest-circus/build/run.js:121:9)
    at _runTestsForDescribeBlock (/Users/st/workspace_ai/PagePouch/node_modules/jest-circus/build/run.js:121:9)
    at run (/Users/st/workspace_ai/PagePouch/node_modules/jest-circus/build/run.js:71:3)
    at runAndTransformResultsToJestFormat (/Users/st/workspace_ai/PagePouch/node_modules/jest-circus/build/legacy-code-todo-rewrite/jestAdapterInit.js:122:21)
    at jestAdapter (/Users/st/workspace_ai/PagePouch/node_modules/jest-circus/build/legacy-code-todo-rewrite/jestAdapter.js:79:19)
    at runTestInternal (/Users/st/workspace_ai/PagePouch/node_modules/jest-runner/build/runTest.js:367:16)
    at runTest (/Users/st/workspace_ai/PagePouch/node_modules/jest-runner/build/runTest.js:444:34)
    at Object.worker (/Users/st/workspace_ai/PagePouch/node_modules/jest-runner/build/testWorker.js:106:12)</failure>
    </testcase>
    <testcase classname="Helper Utilities › Text Processing" name="should extract domain from URL" time="0">
    </testcase>
    <testcase classname="Helper Utilities › Data Validation" name="should validate email addresses" time="0.001">
    </testcase>
    <testcase classname="Helper Utilities › Data Validation" name="should validate API keys" time="0">
    </testcase>
    <testcase classname="Helper Utilities › Array Utilities" name="should remove duplicates from array" time="0">
    </testcase>
    <testcase classname="Helper Utilities › Array Utilities" name="should chunk array into smaller arrays" time="0">
    </testcase>
    <testcase classname="Helper Utilities › Array Utilities" name="should shuffle array" time="0.001">
    </testcase>
    <testcase classname="Helper Utilities › Object Utilities" name="should deep clone objects" time="0">
    </testcase>
    <testcase classname="Helper Utilities › Object Utilities" name="should merge objects deeply" time="0">
    </testcase>
    <testcase classname="Helper Utilities › Async Utilities" name="should implement delay function" time="0.102">
    </testcase>
    <testcase classname="Helper Utilities › Async Utilities" name="should implement retry function" time="0.022">
    </testcase>
    <testcase classname="Helper Utilities › Async Utilities" name="should implement timeout function" time="0.107">
    </testcase>
    <testcase classname="Helper Utilities › Storage Utilities" name="should format bytes correctly" time="0">
    </testcase>
    <testcase classname="Helper Utilities › Storage Utilities" name="should generate unique IDs" time="0">
    </testcase>
    <testcase classname="Helper Utilities › Date Utilities" name="should check if date is today" time="0">
    </testcase>
    <testcase classname="Helper Utilities › Date Utilities" name="should calculate days between dates" time="0.001">
    </testcase>
    <testcase classname="Helper Utilities › Error Handling Utilities" name="should safely parse JSON" time="0">
    </testcase>
    <testcase classname="Helper Utilities › Error Handling Utilities" name="should safely access nested properties" time="0">
    </testcase>
    <testcase classname="Helper Utilities › Performance Utilities" name="should implement debounce function" time="0.153">
    </testcase>
    <testcase classname="Helper Utilities › Performance Utilities" name="should implement throttle function" time="0.153">
    </testcase>
  </testsuite>
  <testsuite name="tests/integration/user-workflows.test.js" errors="0" failures="0" skipped="0" timestamp="2025-08-16T04:44:26" time="1.431" tests="18">
    <testcase classname="User Workflows Integration Tests › Page Saving Workflow" name="should complete full page saving workflow" time="0.001">
    </testcase>
    <testcase classname="User Workflows Integration Tests › Page Saving Workflow" name="should handle page saving with errors gracefully" time="0">
    </testcase>
    <testcase classname="User Workflows Integration Tests › Page Saving Workflow" name="should save page without AI summary when not configured" time="0.001">
    </testcase>
    <testcase classname="User Workflows Integration Tests › Page Viewing and Management Workflow" name="should load and display saved pages" time="0">
    </testcase>
    <testcase classname="User Workflows Integration Tests › Page Viewing and Management Workflow" name="should search through saved pages" time="0.001">
    </testcase>
    <testcase classname="User Workflows Integration Tests › Page Viewing and Management Workflow" name="should open page in new tab" time="0">
    </testcase>
    <testcase classname="User Workflows Integration Tests › Page Viewing and Management Workflow" name="should delete page with confirmation" time="0">
    </testcase>
    <testcase classname="User Workflows Integration Tests › Settings Configuration Workflow" name="should save and load extension settings" time="0.001">
    </testcase>
    <testcase classname="User Workflows Integration Tests › Settings Configuration Workflow" name="should test API key configuration" time="0">
    </testcase>
    <testcase classname="User Workflows Integration Tests › Data Export/Import Workflow" name="should export all data" time="0.001">
    </testcase>
    <testcase classname="User Workflows Integration Tests › Data Export/Import Workflow" name="should import data and merge with existing" time="0">
    </testcase>
    <testcase classname="User Workflows Integration Tests › Error Recovery Workflows" name="should recover from storage errors" time="0">
    </testcase>
    <testcase classname="User Workflows Integration Tests › Error Recovery Workflows" name="should handle network errors during AI summary" time="0.001">
    </testcase>
    <testcase classname="User Workflows Integration Tests › Performance Workflows" name="should handle large number of saved pages efficiently" time="0.001">
    </testcase>
    <testcase classname="User Workflows Integration Tests › Performance Workflows" name="should debounce search queries" time="0.353">
    </testcase>
    <testcase classname="User Workflows Integration Tests › Performance Workflows" name="should meet timing requirements for page operations" time="0.001">
    </testcase>
    <testcase classname="User Workflows Integration Tests › Performance Workflows" name="should handle concurrent operations without performance degradation" time="0.105">
    </testcase>
    <testcase classname="User Workflows Integration Tests › Performance Workflows" name="should optimize memory usage during bulk operations" time="0.004">
    </testcase>
  </testsuite>
  <testsuite name="tests/ai-summary.test.js" errors="0" failures="1" skipped="0" timestamp="2025-08-16T04:44:21" time="6.796" tests="33">
    <testcase classname="AISummaryService › isConfigured" name="should return false when AI summary is disabled" time="0.081">
    </testcase>
    <testcase classname="AISummaryService › isConfigured" name="should return false when no API key is provided" time="0.001">
    </testcase>
    <testcase classname="AISummaryService › isConfigured" name="should return true when properly configured" time="0">
    </testcase>
    <testcase classname="AISummaryService › generateSummary" name="should return fallback when AI is disabled" time="0">
    </testcase>
    <testcase classname="AISummaryService › generateSummary" name="should return error for content too short" time="0.001">
    </testcase>
    <testcase classname="AISummaryService › generateSummary" name="should generate summary successfully" time="0">
    </testcase>
    <testcase classname="AISummaryService › generateSummary" name="should retry on failure and return fallback" time="3.004">
    </testcase>
    <testcase classname="AISummaryService › preprocessContent" name="should clean and limit content length" time="0">
    </testcase>
    <testcase classname="AISummaryService › preprocessContent" name="should remove URLs" time="0">
    </testcase>
    <testcase classname="AISummaryService › preprocessContent" name="should normalize whitespace" time="0.001">
    </testcase>
    <testcase classname="AISummaryService › generateFallbackSummary" name="should extract first few sentences" time="0">
    </testcase>
    <testcase classname="AISummaryService › generateFallbackSummary" name="should handle content without sentences" time="0.002">
      <failure>Error: expect(received).toBe(expected) // Object.is equality

Expected: &quot;콘텐츠 요약&quot;
Received: &quot;No sentences here just words.&quot;
    at Object.toBe (/Users/st/workspace_ai/PagePouch/tests/ai-summary.test.js:186:30)
    at Promise.then.completed (/Users/st/workspace_ai/PagePouch/node_modules/jest-circus/build/utils.js:298:28)
    at new Promise (&lt;anonymous&gt;)
    at callAsyncCircusFn (/Users/st/workspace_ai/PagePouch/node_modules/jest-circus/build/utils.js:231:10)
    at _callCircusTest (/Users/st/workspace_ai/PagePouch/node_modules/jest-circus/build/run.js:316:40)
    at _runTest (/Users/st/workspace_ai/PagePouch/node_modules/jest-circus/build/run.js:252:3)
    at _runTestsForDescribeBlock (/Users/st/workspace_ai/PagePouch/node_modules/jest-circus/build/run.js:126:9)
    at _runTestsForDescribeBlock (/Users/st/workspace_ai/PagePouch/node_modules/jest-circus/build/run.js:121:9)
    at _runTestsForDescribeBlock (/Users/st/workspace_ai/PagePouch/node_modules/jest-circus/build/run.js:121:9)
    at run (/Users/st/workspace_ai/PagePouch/node_modules/jest-circus/build/run.js:71:3)
    at runAndTransformResultsToJestFormat (/Users/st/workspace_ai/PagePouch/node_modules/jest-circus/build/legacy-code-todo-rewrite/jestAdapterInit.js:122:21)
    at jestAdapter (/Users/st/workspace_ai/PagePouch/node_modules/jest-circus/build/legacy-code-todo-rewrite/jestAdapter.js:79:19)
    at runTestInternal (/Users/st/workspace_ai/PagePouch/node_modules/jest-runner/build/runTest.js:367:16)
    at runTest (/Users/st/workspace_ai/PagePouch/node_modules/jest-runner/build/runTest.js:444:34)
    at Object.worker (/Users/st/workspace_ai/PagePouch/node_modules/jest-runner/build/testWorker.js:106:12)</failure>
    </testcase>
    <testcase classname="AISummaryService › generateFallbackSummary" name="should handle empty content" time="0.001">
    </testcase>
    <testcase classname="AISummaryService › getAvailableProviders" name="should return list of available providers" time="0.002">
    </testcase>
    <testcase classname="OpenAIProvider › isConfigured" name="should return true for valid OpenAI API key" time="0">
    </testcase>
    <testcase classname="OpenAIProvider › isConfigured" name="should return false for invalid API key format" time="0">
    </testcase>
    <testcase classname="OpenAIProvider › isConfigured" name="should return false for empty API key" time="0.001">
    </testcase>
    <testcase classname="OpenAIProvider › testConnection" name="should return success for valid API key" time="0">
    </testcase>
    <testcase classname="OpenAIProvider › testConnection" name="should return error for invalid API key" time="0">
    </testcase>
    <testcase classname="OpenAIProvider › testConnection" name="should handle network errors" time="0.001">
    </testcase>
    <testcase classname="OpenAIProvider › generateSummary" name="should generate summary successfully" time="0">
    </testcase>
    <testcase classname="OpenAIProvider › generateSummary" name="should handle API errors" time="0">
    </testcase>
    <testcase classname="OpenAIProvider › generateSummary" name="should handle empty response" time="0.001">
    </testcase>
    <testcase classname="OpenAIProvider › buildPrompt" name="should build Korean prompt" time="0">
    </testcase>
    <testcase classname="OpenAIProvider › buildPrompt" name="should build English prompt" time="0">
    </testcase>
    <testcase classname="OpenAIProvider › buildPrompt" name="should build auto language prompt" time="0">
    </testcase>
    <testcase classname="OllamaProvider › requiresApiKey" name="should return false" time="0.001">
    </testcase>
    <testcase classname="OllamaProvider › isConfigured" name="should return true when Ollama is running" time="0">
    </testcase>
    <testcase classname="OllamaProvider › isConfigured" name="should return false when Ollama is not running" time="0">
    </testcase>
    <testcase classname="OllamaProvider › testConnection" name="should return success with available models" time="0.001">
    </testcase>
    <testcase classname="OllamaProvider › testConnection" name="should return error when server not accessible" time="0">
    </testcase>
    <testcase classname="Integration Tests" name="should handle provider switching" time="0">
    </testcase>
    <testcase classname="Integration Tests" name="should handle timeout scenarios" time="0">
    </testcase>
  </testsuite>
  <testsuite name="tests/integration/extension-lifecycle.test.js" errors="0" failures="0" skipped="6" timestamp="2025-08-16T04:44:26" time="1.554" tests="20">
    <testcase classname="Extension Lifecycle Integration Tests › Extension Installation" name="should initialize default settings on first install" time="0">
      <skipped/>
    </testcase>
    <testcase classname="Extension Lifecycle Integration Tests › Extension Installation" name="should migrate settings on extension update" time="0">
      <skipped/>
    </testcase>
    <testcase classname="Extension Lifecycle Integration Tests › Extension Installation" name="should handle extension startup" time="0">
      <skipped/>
    </testcase>
    <testcase classname="Extension Lifecycle Integration Tests › Permission Handling" name="should request and handle permissions" time="0">
    </testcase>
    <testcase classname="Extension Lifecycle Integration Tests › Permission Handling" name="should handle permission denial gracefully" time="0.001">
    </testcase>
    <testcase classname="Extension Lifecycle Integration Tests › Background Script Integration" name="should handle message routing between components" time="0">
    </testcase>
    <testcase classname="Extension Lifecycle Integration Tests › Background Script Integration" name="should coordinate multiple services" time="0.001">
    </testcase>
    <testcase classname="Extension Lifecycle Integration Tests › User Interface Integration" name="should update UI after successful page save" time="0">
    </testcase>
    <testcase classname="Extension Lifecycle Integration Tests › User Interface Integration" name="should handle UI state during long operations" time="0.307">
    </testcase>
    <testcase classname="Extension Lifecycle Integration Tests › Data Consistency" name="should maintain data consistency across operations" time="0">
      <skipped/>
    </testcase>
    <testcase classname="Extension Lifecycle Integration Tests › Data Consistency" name="should handle concurrent operations safely" time="0.002">
    </testcase>
    <testcase classname="Extension Lifecycle Integration Tests › Error Recovery Integration" name="should recover from storage quota exceeded" time="0">
      <skipped/>
    </testcase>
    <testcase classname="Extension Lifecycle Integration Tests › Error Recovery Integration" name="should handle network failures during AI summary" time="0">
      <skipped/>
    </testcase>
    <testcase classname="Extension Lifecycle Integration Tests › Performance Integration" name="should meet timing requirements for operations" time="0.001">
    </testcase>
    <testcase classname="Extension Lifecycle Integration Tests › Performance Integration" name="should handle memory usage efficiently" time="0">
    </testcase>
    <testcase classname="Extension Lifecycle Integration Tests › Performance Integration" name="should validate extension installation timing requirements" time="0.256">
    </testcase>
    <testcase classname="Extension Lifecycle Integration Tests › Performance Integration" name="should handle concurrent extension operations efficiently" time="0.054">
    </testcase>
    <testcase classname="Extension Lifecycle Integration Tests › Extension Configuration Workflows" name="should handle complete configuration workflow" time="0.002">
    </testcase>
    <testcase classname="Extension Lifecycle Integration Tests › Extension Configuration Workflows" name="should handle configuration validation errors" time="0.002">
    </testcase>
    <testcase classname="Extension Lifecycle Integration Tests › Extension Configuration Workflows" name="should handle configuration migration between versions" time="0.001">
    </testcase>
  </testsuite>
  <testsuite name="tests/options-integration.test.js" errors="0" failures="0" skipped="0" timestamp="2025-08-16T04:44:25" time="3.094" tests="14">
    <testcase classname="Options Integration Tests › Options Initialization" name="should load and display current settings on initialization" time="0.02">
    </testcase>
    <testcase classname="Options Integration Tests › Options Initialization" name="should load storage information on initialization" time="0.012">
    </testcase>
    <testcase classname="Options Integration Tests › Settings Management" name="should save settings when checkbox is changed" time="0.006">
    </testcase>
    <testcase classname="Options Integration Tests › Settings Management" name="should save settings when select value is changed" time="0.005">
    </testcase>
    <testcase classname="Options Integration Tests › Settings Management" name="should save settings when range input is changed" time="0.004">
    </testcase>
    <testcase classname="Options Integration Tests › AI Settings" name="should show/hide AI settings when AI summary is toggled" time="0.005">
    </testcase>
    <testcase classname="Options Integration Tests › AI Settings" name="should test API key when test button is clicked" time="0.005">
    </testcase>
    <testcase classname="Options Integration Tests › AI Settings" name="should show error for invalid API key" time="0.004">
    </testcase>
    <testcase classname="Options Integration Tests › Data Management" name="should export data when export button is clicked" time="0.007">
    </testcase>
    <testcase classname="Options Integration Tests › Data Management" name="should import data when file is selected" time="0.004">
    </testcase>
    <testcase classname="Options Integration Tests › Data Management" name="should clear all data when clear button is clicked with confirmation" time="0.004">
    </testcase>
    <testcase classname="Options Integration Tests › Settings Reset" name="should reset settings to defaults when reset button is clicked" time="0.004">
    </testcase>
    <testcase classname="Options Integration Tests › Auto-save Functionality" name="should show save status when settings are changed" time="2.112">
    </testcase>
    <testcase classname="Options Integration Tests › Keyboard Shortcuts" name="should handle keyboard shortcuts for navigation" time="0.01">
    </testcase>
  </testsuite>
  <testsuite name="tests/integration/complete-workflows.test.js" errors="0" failures="0" skipped="0" timestamp="2025-08-16T04:44:25" time="4.139" tests="16">
    <testcase classname="Complete Workflow Integration Tests › End-to-End Page Saving Workflow" name="should complete full page saving workflow from popup to storage" time="0.002">
    </testcase>
    <testcase classname="Complete Workflow Integration Tests › End-to-End Page Saving Workflow" name="should handle AI-enabled page saving workflow" time="0">
    </testcase>
    <testcase classname="Complete Workflow Integration Tests › Popup to Background Communication" name="should handle popup initialization and page loading" time="0.001">
    </testcase>
    <testcase classname="Complete Workflow Integration Tests › Popup to Background Communication" name="should handle page deletion from popup" time="0.001">
    </testcase>
    <testcase classname="Complete Workflow Integration Tests › Options Page Integration" name="should handle settings updates from options page" time="0">
    </testcase>
    <testcase classname="Complete Workflow Integration Tests › Options Page Integration" name="should handle API key testing from options page" time="0">
    </testcase>
    <testcase classname="Complete Workflow Integration Tests › Content Script Integration" name="should extract metadata from various page types" time="0.001">
    </testcase>
    <testcase classname="Complete Workflow Integration Tests › Error Handling Integration" name="should handle storage quota exceeded error" time="0">
    </testcase>
    <testcase classname="Complete Workflow Integration Tests › Error Handling Integration" name="should handle network errors during AI summary generation" time="0.001">
    </testcase>
    <testcase classname="Complete Workflow Integration Tests › Performance Integration" name="should complete page saving within performance requirements" time="0.163">
    </testcase>
    <testcase classname="Complete Workflow Integration Tests › Performance Integration" name="should meet timing requirements for popup loading" time="2.206">
    </testcase>
    <testcase classname="Complete Workflow Integration Tests › Performance Integration" name="should handle performance under stress conditions" time="0.099">
    </testcase>
    <testcase classname="Complete Workflow Integration Tests › Performance Integration" name="should maintain performance with large datasets" time="0.575">
    </testcase>
    <testcase classname="Complete Workflow Integration Tests › Complete User Journey Integration" name="should handle complete user journey from installation to daily usage" time="0.004">
    </testcase>
    <testcase classname="Complete Workflow Integration Tests › Complete User Journey Integration" name="should handle user journey with errors and recovery" time="0.002">
    </testcase>
    <testcase classname="Complete Workflow Integration Tests › Complete User Journey Integration" name="should validate cross-component communication integrity" time="0.001">
    </testcase>
  </testsuite>
  <testsuite name="tests/error-handler.test.js" errors="0" failures="23" skipped="0" timestamp="2025-08-16T04:44:21" time="24.382" tests="56">
    <testcase classname="ErrorHandler › Error Processing" name="should process Error objects correctly" time="0.089">
    </testcase>
    <testcase classname="ErrorHandler › Error Processing" name="should process string errors correctly" time="0.001">
    </testcase>
    <testcase classname="ErrorHandler › Error Processing" name="should handle unknown error types" time="0">
    </testcase>
    <testcase classname="ErrorHandler › Error Processing" name="should include context information" time="0.001">
    </testcase>
    <testcase classname="ErrorHandler › Error Processing" name="should include environment information" time="0">
    </testcase>
    <testcase classname="ErrorHandler › Error Logging" name="should log errors with appropriate levels" time="0.001">
    </testcase>
    <testcase classname="ErrorHandler › Error Logging" name="should include error details in logs" time="0.001">
    </testcase>
    <testcase classname="ErrorHandler › User Messages" name="should use localized error messages when available" time="0">
    </testcase>
    <testcase classname="ErrorHandler › User Messages" name="should fallback to built-in messages" time="0.001">
    </testcase>
    <testcase classname="ErrorHandler › User Messages" name="should provide Korean messages when language is Korean" time="0">
    </testcase>
    <testcase classname="ErrorHandler › User Messages" name="should handle all error categories" time="0.001">
    </testcase>
    <testcase classname="ErrorHandler › User Notifications" name="should show toast notifications for appropriate errors" time="0.001">
      <failure>Error: expect(jest.fn()).toHaveBeenCalledWith(...expected)

Expected: Any&lt;String&gt;, &quot;warning&quot;
Received: undefined, &quot;warning&quot;

Number of calls: 1
    at Object.toHaveBeenCalledWith (/Users/st/workspace_ai/PagePouch/tests/error-handler.test.js:194:35)
    at Promise.then.completed (/Users/st/workspace_ai/PagePouch/node_modules/jest-circus/build/utils.js:298:28)
    at new Promise (&lt;anonymous&gt;)
    at callAsyncCircusFn (/Users/st/workspace_ai/PagePouch/node_modules/jest-circus/build/utils.js:231:10)
    at _callCircusTest (/Users/st/workspace_ai/PagePouch/node_modules/jest-circus/build/run.js:316:40)
    at processTicksAndRejections (node:internal/process/task_queues:105:5)
    at _runTest (/Users/st/workspace_ai/PagePouch/node_modules/jest-circus/build/run.js:252:3)
    at _runTestsForDescribeBlock (/Users/st/workspace_ai/PagePouch/node_modules/jest-circus/build/run.js:126:9)
    at _runTestsForDescribeBlock (/Users/st/workspace_ai/PagePouch/node_modules/jest-circus/build/run.js:121:9)
    at _runTestsForDescribeBlock (/Users/st/workspace_ai/PagePouch/node_modules/jest-circus/build/run.js:121:9)
    at run (/Users/st/workspace_ai/PagePouch/node_modules/jest-circus/build/run.js:71:3)
    at runAndTransformResultsToJestFormat (/Users/st/workspace_ai/PagePouch/node_modules/jest-circus/build/legacy-code-todo-rewrite/jestAdapterInit.js:122:21)
    at jestAdapter (/Users/st/workspace_ai/PagePouch/node_modules/jest-circus/build/legacy-code-todo-rewrite/jestAdapter.js:79:19)
    at runTestInternal (/Users/st/workspace_ai/PagePouch/node_modules/jest-runner/build/runTest.js:367:16)
    at runTest (/Users/st/workspace_ai/PagePouch/node_modules/jest-runner/build/runTest.js:444:34)
    at Object.worker (/Users/st/workspace_ai/PagePouch/node_modules/jest-runner/build/testWorker.js:106:12)</failure>
    </testcase>
    <testcase classname="ErrorHandler › User Notifications" name="should not show notifications for low severity errors" time="0.001">
    </testcase>
    <testcase classname="ErrorHandler › User Notifications" name="should not show notifications for validation errors" time="0">
    </testcase>
    <testcase classname="ErrorHandler › User Notifications" name="should use Chrome notifications when toast is not available" time="0.001">
      <failure>Error: expect(jest.fn()).toHaveBeenCalledWith(...expected)

Expected: ObjectContaining {&quot;message&quot;: Any&lt;String&gt;, &quot;title&quot;: &quot;LaterLens Error&quot;, &quot;type&quot;: &quot;basic&quot;}, Any&lt;Function&gt;
Received: {&quot;iconUrl&quot;: &quot;assets/icon48.png&quot;, &quot;message&quot;: undefined, &quot;priority&quot;: 1, &quot;title&quot;: &quot;LaterLens Error&quot;, &quot;type&quot;: &quot;basic&quot;}, [Function anonymous]

Number of calls: 1
    at Object.toHaveBeenCalledWith (/Users/st/workspace_ai/PagePouch/tests/error-handler.test.js:217:49)
    at Promise.then.completed (/Users/st/workspace_ai/PagePouch/node_modules/jest-circus/build/utils.js:298:28)
    at new Promise (&lt;anonymous&gt;)
    at callAsyncCircusFn (/Users/st/workspace_ai/PagePouch/node_modules/jest-circus/build/utils.js:231:10)
    at _callCircusTest (/Users/st/workspace_ai/PagePouch/node_modules/jest-circus/build/run.js:316:40)
    at processTicksAndRejections (node:internal/process/task_queues:105:5)
    at _runTest (/Users/st/workspace_ai/PagePouch/node_modules/jest-circus/build/run.js:252:3)
    at _runTestsForDescribeBlock (/Users/st/workspace_ai/PagePouch/node_modules/jest-circus/build/run.js:126:9)
    at _runTestsForDescribeBlock (/Users/st/workspace_ai/PagePouch/node_modules/jest-circus/build/run.js:121:9)
    at _runTestsForDescribeBlock (/Users/st/workspace_ai/PagePouch/node_modules/jest-circus/build/run.js:121:9)
    at run (/Users/st/workspace_ai/PagePouch/node_modules/jest-circus/build/run.js:71:3)
    at runAndTransformResultsToJestFormat (/Users/st/workspace_ai/PagePouch/node_modules/jest-circus/build/legacy-code-todo-rewrite/jestAdapterInit.js:122:21)
    at jestAdapter (/Users/st/workspace_ai/PagePouch/node_modules/jest-circus/build/legacy-code-todo-rewrite/jestAdapter.js:79:19)
    at runTestInternal (/Users/st/workspace_ai/PagePouch/node_modules/jest-runner/build/runTest.js:367:16)
    at runTest (/Users/st/workspace_ai/PagePouch/node_modules/jest-runner/build/runTest.js:444:34)
    at Object.worker (/Users/st/workspace_ai/PagePouch/node_modules/jest-runner/build/testWorker.js:106:12)</failure>
    </testcase>
    <testcase classname="ErrorHandler › Specific Error Handlers" name="should handle network errors" time="0">
    </testcase>
    <testcase classname="ErrorHandler › Specific Error Handlers" name="should handle storage errors" time="0.001">
    </testcase>
    <testcase classname="ErrorHandler › Specific Error Handlers" name="should handle API errors" time="0">
    </testcase>
    <testcase classname="ErrorHandler › Specific Error Handlers" name="should handle validation errors" time="0">
    </testcase>
    <testcase classname="ErrorHandler › Specific Error Handlers" name="should handle permission errors" time="0.001">
    </testcase>
    <testcase classname="ErrorHandler › Specific Error Handlers" name="should handle screenshot errors" time="0">
    </testcase>
    <testcase classname="ErrorHandler › Specific Error Handlers" name="should handle content extraction errors" time="0.001">
    </testcase>
    <testcase classname="ErrorHandler › Specific Error Handlers" name="should handle AI summary errors" time="0">
    </testcase>
    <testcase classname="ErrorHandler › Error Anonymization" name="should anonymize sensitive information" time="0.001">
      <failure>Error: expect(received).not.toContain(expected) // indexOf

Expected substring: not &quot;91.0.4472.124&quot;
Received string:        &quot;Chrome/91.0.4472.124 on Windows&quot;
    at Object.toContain (/Users/st/workspace_ai/PagePouch/tests/error-handler.test.js:330:46)
    at Promise.then.completed (/Users/st/workspace_ai/PagePouch/node_modules/jest-circus/build/utils.js:298:28)
    at new Promise (&lt;anonymous&gt;)
    at callAsyncCircusFn (/Users/st/workspace_ai/PagePouch/node_modules/jest-circus/build/utils.js:231:10)
    at _callCircusTest (/Users/st/workspace_ai/PagePouch/node_modules/jest-circus/build/run.js:316:40)
    at processTicksAndRejections (node:internal/process/task_queues:105:5)
    at _runTest (/Users/st/workspace_ai/PagePouch/node_modules/jest-circus/build/run.js:252:3)
    at _runTestsForDescribeBlock (/Users/st/workspace_ai/PagePouch/node_modules/jest-circus/build/run.js:126:9)
    at _runTestsForDescribeBlock (/Users/st/workspace_ai/PagePouch/node_modules/jest-circus/build/run.js:121:9)
    at _runTestsForDescribeBlock (/Users/st/workspace_ai/PagePouch/node_modules/jest-circus/build/run.js:121:9)
    at run (/Users/st/workspace_ai/PagePouch/node_modules/jest-circus/build/run.js:71:3)
    at runAndTransformResultsToJestFormat (/Users/st/workspace_ai/PagePouch/node_modules/jest-circus/build/legacy-code-todo-rewrite/jestAdapterInit.js:122:21)
    at jestAdapter (/Users/st/workspace_ai/PagePouch/node_modules/jest-circus/build/legacy-code-todo-rewrite/jestAdapter.js:79:19)
    at runTestInternal (/Users/st/workspace_ai/PagePouch/node_modules/jest-runner/build/runTest.js:367:16)
    at runTest (/Users/st/workspace_ai/PagePouch/node_modules/jest-runner/build/runTest.js:444:34)
    at Object.worker (/Users/st/workspace_ai/PagePouch/node_modules/jest-runner/build/testWorker.js:106:12)</failure>
    </testcase>
    <testcase classname="ErrorHandler › Error Anonymization" name="should sanitize various sensitive patterns" time="0.001">
    </testcase>
    <testcase classname="ErrorHandler › Error Anonymization" name="should sanitize user agent information" time="0">
      <failure>Error: expect(received).not.toContain(expected) // indexOf

Expected substring: not &quot;91.0.4472.124&quot;
Received string:        &quot;Chrome/91.0.4472.124 on Windows&quot;
    at Object.toContain (/Users/st/workspace_ai/PagePouch/tests/error-handler.test.js:346:35)
    at Promise.then.completed (/Users/st/workspace_ai/PagePouch/node_modules/jest-circus/build/utils.js:298:28)
    at new Promise (&lt;anonymous&gt;)
    at callAsyncCircusFn (/Users/st/workspace_ai/PagePouch/node_modules/jest-circus/build/utils.js:231:10)
    at _callCircusTest (/Users/st/workspace_ai/PagePouch/node_modules/jest-circus/build/run.js:316:40)
    at processTicksAndRejections (node:internal/process/task_queues:105:5)
    at _runTest (/Users/st/workspace_ai/PagePouch/node_modules/jest-circus/build/run.js:252:3)
    at _runTestsForDescribeBlock (/Users/st/workspace_ai/PagePouch/node_modules/jest-circus/build/run.js:126:9)
    at _runTestsForDescribeBlock (/Users/st/workspace_ai/PagePouch/node_modules/jest-circus/build/run.js:121:9)
    at _runTestsForDescribeBlock (/Users/st/workspace_ai/PagePouch/node_modules/jest-circus/build/run.js:121:9)
    at run (/Users/st/workspace_ai/PagePouch/node_modules/jest-circus/build/run.js:71:3)
    at runAndTransformResultsToJestFormat (/Users/st/workspace_ai/PagePouch/node_modules/jest-circus/build/legacy-code-todo-rewrite/jestAdapterInit.js:122:21)
    at jestAdapter (/Users/st/workspace_ai/PagePouch/node_modules/jest-circus/build/legacy-code-todo-rewrite/jestAdapter.js:79:19)
    at runTestInternal (/Users/st/workspace_ai/PagePouch/node_modules/jest-runner/build/runTest.js:367:16)
    at runTest (/Users/st/workspace_ai/PagePouch/node_modules/jest-runner/build/runTest.js:444:34)
    at Object.worker (/Users/st/workspace_ai/PagePouch/node_modules/jest-runner/build/testWorker.js:106:12)</failure>
    </testcase>
    <testcase classname="ErrorHandler › Error Anonymization" name="should handle unknown user agents" time="0.006">
    </testcase>
    <testcase classname="ErrorHandler › Toast Type Mapping" name="should map severity to correct toast types" time="0">
    </testcase>
    <testcase classname="ErrorHandler › Error Reporting" name="should not report errors by default" time="0.001">
    </testcase>
    <testcase classname="ErrorHandler › Error Reporting" name="should respect user privacy settings" time="0">
    </testcase>
    <testcase classname="ErrorHandler › Global Error Handlers" name="should set up global error handlers" time="0">
    </testcase>
    <testcase classname="Toast Manager › Initialization" name="should create toast container" time="0">
      <failure>Error: expect(jest.fn()).toHaveBeenCalledWith(...expected)

Expected: &quot;div&quot;

Number of calls: 0
    at Object.toHaveBeenCalledWith (/Users/st/workspace_ai/PagePouch/tests/error-handler.test.js:433:48)
    at Promise.then.completed (/Users/st/workspace_ai/PagePouch/node_modules/jest-circus/build/utils.js:298:28)
    at new Promise (&lt;anonymous&gt;)
    at callAsyncCircusFn (/Users/st/workspace_ai/PagePouch/node_modules/jest-circus/build/utils.js:231:10)
    at _callCircusTest (/Users/st/workspace_ai/PagePouch/node_modules/jest-circus/build/run.js:316:40)
    at processTicksAndRejections (node:internal/process/task_queues:105:5)
    at _runTest (/Users/st/workspace_ai/PagePouch/node_modules/jest-circus/build/run.js:252:3)
    at _runTestsForDescribeBlock (/Users/st/workspace_ai/PagePouch/node_modules/jest-circus/build/run.js:126:9)
    at _runTestsForDescribeBlock (/Users/st/workspace_ai/PagePouch/node_modules/jest-circus/build/run.js:121:9)
    at _runTestsForDescribeBlock (/Users/st/workspace_ai/PagePouch/node_modules/jest-circus/build/run.js:121:9)
    at run (/Users/st/workspace_ai/PagePouch/node_modules/jest-circus/build/run.js:71:3)
    at runAndTransformResultsToJestFormat (/Users/st/workspace_ai/PagePouch/node_modules/jest-circus/build/legacy-code-todo-rewrite/jestAdapterInit.js:122:21)
    at jestAdapter (/Users/st/workspace_ai/PagePouch/node_modules/jest-circus/build/legacy-code-todo-rewrite/jestAdapter.js:79:19)
    at runTestInternal (/Users/st/workspace_ai/PagePouch/node_modules/jest-runner/build/runTest.js:367:16)
    at runTest (/Users/st/workspace_ai/PagePouch/node_modules/jest-runner/build/runTest.js:444:34)
    at Object.worker (/Users/st/workspace_ai/PagePouch/node_modules/jest-runner/build/testWorker.js:106:12)</failure>
    </testcase>
    <testcase classname="Toast Manager › Initialization" name="should setup styles" time="0">
    </testcase>
    <testcase classname="Toast Manager › Toast Creation" name="should show toast with correct properties" time="0">
      <failure>TypeError: Cannot read properties of undefined (reading &apos;addEventListener&apos;)
    at ToastManager.addEventListener [as createToastElement] (/Users/st/workspace_ai/PagePouch/utils/toast.js:289:25)
    at ToastManager.createToastElement [as show] (/Users/st/workspace_ai/PagePouch/utils/toast.js:224:35)
    at Object.show (/Users/st/workspace_ai/PagePouch/tests/error-handler.test.js:445:42)
    at Promise.then.completed (/Users/st/workspace_ai/PagePouch/node_modules/jest-circus/build/utils.js:298:28)
    at new Promise (&lt;anonymous&gt;)
    at callAsyncCircusFn (/Users/st/workspace_ai/PagePouch/node_modules/jest-circus/build/utils.js:231:10)
    at _callCircusTest (/Users/st/workspace_ai/PagePouch/node_modules/jest-circus/build/run.js:316:40)
    at processTicksAndRejections (node:internal/process/task_queues:105:5)
    at _runTest (/Users/st/workspace_ai/PagePouch/node_modules/jest-circus/build/run.js:252:3)
    at _runTestsForDescribeBlock (/Users/st/workspace_ai/PagePouch/node_modules/jest-circus/build/run.js:126:9)
    at _runTestsForDescribeBlock (/Users/st/workspace_ai/PagePouch/node_modules/jest-circus/build/run.js:121:9)
    at _runTestsForDescribeBlock (/Users/st/workspace_ai/PagePouch/node_modules/jest-circus/build/run.js:121:9)
    at run (/Users/st/workspace_ai/PagePouch/node_modules/jest-circus/build/run.js:71:3)
    at runAndTransformResultsToJestFormat (/Users/st/workspace_ai/PagePouch/node_modules/jest-circus/build/legacy-code-todo-rewrite/jestAdapterInit.js:122:21)
    at jestAdapter (/Users/st/workspace_ai/PagePouch/node_modules/jest-circus/build/legacy-code-todo-rewrite/jestAdapter.js:79:19)
    at runTestInternal (/Users/st/workspace_ai/PagePouch/node_modules/jest-runner/build/runTest.js:367:16)
    at runTest (/Users/st/workspace_ai/PagePouch/node_modules/jest-runner/build/runTest.js:444:34)
    at Object.worker (/Users/st/workspace_ai/PagePouch/node_modules/jest-runner/build/testWorker.js:106:12)</failure>
    </testcase>
    <testcase classname="Toast Manager › Toast Creation" name="should limit maximum toasts" time="0">
      <failure>TypeError: Cannot read properties of undefined (reading &apos;addEventListener&apos;)
    at ToastManager.addEventListener [as createToastElement] (/Users/st/workspace_ai/PagePouch/utils/toast.js:289:25)
    at ToastManager.createToastElement [as show] (/Users/st/workspace_ai/PagePouch/utils/toast.js:224:35)
    at Object.show (/Users/st/workspace_ai/PagePouch/tests/error-handler.test.js:455:30)
    at Promise.then.completed (/Users/st/workspace_ai/PagePouch/node_modules/jest-circus/build/utils.js:298:28)
    at new Promise (&lt;anonymous&gt;)
    at callAsyncCircusFn (/Users/st/workspace_ai/PagePouch/node_modules/jest-circus/build/utils.js:231:10)
    at _callCircusTest (/Users/st/workspace_ai/PagePouch/node_modules/jest-circus/build/run.js:316:40)
    at processTicksAndRejections (node:internal/process/task_queues:105:5)
    at _runTest (/Users/st/workspace_ai/PagePouch/node_modules/jest-circus/build/run.js:252:3)
    at _runTestsForDescribeBlock (/Users/st/workspace_ai/PagePouch/node_modules/jest-circus/build/run.js:126:9)
    at _runTestsForDescribeBlock (/Users/st/workspace_ai/PagePouch/node_modules/jest-circus/build/run.js:121:9)
    at _runTestsForDescribeBlock (/Users/st/workspace_ai/PagePouch/node_modules/jest-circus/build/run.js:121:9)
    at run (/Users/st/workspace_ai/PagePouch/node_modules/jest-circus/build/run.js:71:3)
    at runAndTransformResultsToJestFormat (/Users/st/workspace_ai/PagePouch/node_modules/jest-circus/build/legacy-code-todo-rewrite/jestAdapterInit.js:122:21)
    at jestAdapter (/Users/st/workspace_ai/PagePouch/node_modules/jest-circus/build/legacy-code-todo-rewrite/jestAdapter.js:79:19)
    at runTestInternal (/Users/st/workspace_ai/PagePouch/node_modules/jest-runner/build/runTest.js:367:16)
    at runTest (/Users/st/workspace_ai/PagePouch/node_modules/jest-runner/build/runTest.js:444:34)
    at Object.worker (/Users/st/workspace_ai/PagePouch/node_modules/jest-runner/build/testWorker.js:106:12)</failure>
    </testcase>
    <testcase classname="Toast Manager › Toast Creation" name="should auto-hide toasts after duration" time="0">
      <failure>TypeError: Cannot read properties of undefined (reading &apos;addEventListener&apos;)
    at ToastManager.addEventListener [as createToastElement] (/Users/st/workspace_ai/PagePouch/utils/toast.js:289:25)
    at ToastManager.createToastElement [as show] (/Users/st/workspace_ai/PagePouch/utils/toast.js:224:35)
    at Object.show (/Users/st/workspace_ai/PagePouch/tests/error-handler.test.js:462:42)
    at Promise.then.completed (/Users/st/workspace_ai/PagePouch/node_modules/jest-circus/build/utils.js:290:26)
    at new Promise (&lt;anonymous&gt;)
    at callAsyncCircusFn (/Users/st/workspace_ai/PagePouch/node_modules/jest-circus/build/utils.js:231:10)
    at _callCircusTest (/Users/st/workspace_ai/PagePouch/node_modules/jest-circus/build/run.js:316:40)
    at processTicksAndRejections (node:internal/process/task_queues:105:5)
    at _runTest (/Users/st/workspace_ai/PagePouch/node_modules/jest-circus/build/run.js:252:3)
    at _runTestsForDescribeBlock (/Users/st/workspace_ai/PagePouch/node_modules/jest-circus/build/run.js:126:9)
    at _runTestsForDescribeBlock (/Users/st/workspace_ai/PagePouch/node_modules/jest-circus/build/run.js:121:9)
    at _runTestsForDescribeBlock (/Users/st/workspace_ai/PagePouch/node_modules/jest-circus/build/run.js:121:9)
    at run (/Users/st/workspace_ai/PagePouch/node_modules/jest-circus/build/run.js:71:3)
    at runAndTransformResultsToJestFormat (/Users/st/workspace_ai/PagePouch/node_modules/jest-circus/build/legacy-code-todo-rewrite/jestAdapterInit.js:122:21)
    at jestAdapter (/Users/st/workspace_ai/PagePouch/node_modules/jest-circus/build/legacy-code-todo-rewrite/jestAdapter.js:79:19)
    at runTestInternal (/Users/st/workspace_ai/PagePouch/node_modules/jest-runner/build/runTest.js:367:16)
    at runTest (/Users/st/workspace_ai/PagePouch/node_modules/jest-runner/build/runTest.js:444:34)
    at Object.worker (/Users/st/workspace_ai/PagePouch/node_modules/jest-runner/build/testWorker.js:106:12)</failure>
    </testcase>
    <testcase classname="Toast Manager › Toast Creation" name="should not auto-hide toasts with duration 0" time="0">
      <failure>TypeError: Cannot read properties of undefined (reading &apos;addEventListener&apos;)
    at ToastManager.addEventListener [as createToastElement] (/Users/st/workspace_ai/PagePouch/utils/toast.js:289:25)
    at ToastManager.createToastElement [as show] (/Users/st/workspace_ai/PagePouch/utils/toast.js:224:35)
    at Object.show (/Users/st/workspace_ai/PagePouch/tests/error-handler.test.js:471:42)
    at Promise.then.completed (/Users/st/workspace_ai/PagePouch/node_modules/jest-circus/build/utils.js:298:28)
    at new Promise (&lt;anonymous&gt;)
    at callAsyncCircusFn (/Users/st/workspace_ai/PagePouch/node_modules/jest-circus/build/utils.js:231:10)
    at _callCircusTest (/Users/st/workspace_ai/PagePouch/node_modules/jest-circus/build/run.js:316:40)
    at processTicksAndRejections (node:internal/process/task_queues:105:5)
    at _runTest (/Users/st/workspace_ai/PagePouch/node_modules/jest-circus/build/run.js:252:3)
    at _runTestsForDescribeBlock (/Users/st/workspace_ai/PagePouch/node_modules/jest-circus/build/run.js:126:9)
    at _runTestsForDescribeBlock (/Users/st/workspace_ai/PagePouch/node_modules/jest-circus/build/run.js:121:9)
    at _runTestsForDescribeBlock (/Users/st/workspace_ai/PagePouch/node_modules/jest-circus/build/run.js:121:9)
    at run (/Users/st/workspace_ai/PagePouch/node_modules/jest-circus/build/run.js:71:3)
    at runAndTransformResultsToJestFormat (/Users/st/workspace_ai/PagePouch/node_modules/jest-circus/build/legacy-code-todo-rewrite/jestAdapterInit.js:122:21)
    at jestAdapter (/Users/st/workspace_ai/PagePouch/node_modules/jest-circus/build/legacy-code-todo-rewrite/jestAdapter.js:79:19)
    at runTestInternal (/Users/st/workspace_ai/PagePouch/node_modules/jest-runner/build/runTest.js:367:16)
    at runTest (/Users/st/workspace_ai/PagePouch/node_modules/jest-runner/build/runTest.js:444:34)
    at Object.worker (/Users/st/workspace_ai/PagePouch/node_modules/jest-runner/build/testWorker.js:106:12)</failure>
    </testcase>
    <testcase classname="Toast Manager › Toast Types" name="should create success toast" time="0.001">
      <failure>TypeError: Cannot read properties of undefined (reading &apos;addEventListener&apos;)
    at ToastManager.addEventListener [as createToastElement] (/Users/st/workspace_ai/PagePouch/utils/toast.js:289:25)
    at ToastManager.createToastElement [as show] (/Users/st/workspace_ai/PagePouch/utils/toast.js:224:35)
    at ToastManager.show [as success] (/Users/st/workspace_ai/PagePouch/utils/toast.js:390:21)
    at Object.success (/Users/st/workspace_ai/PagePouch/tests/error-handler.test.js:479:42)
    at Promise.then.completed (/Users/st/workspace_ai/PagePouch/node_modules/jest-circus/build/utils.js:298:28)
    at new Promise (&lt;anonymous&gt;)
    at callAsyncCircusFn (/Users/st/workspace_ai/PagePouch/node_modules/jest-circus/build/utils.js:231:10)
    at _callCircusTest (/Users/st/workspace_ai/PagePouch/node_modules/jest-circus/build/run.js:316:40)
    at processTicksAndRejections (node:internal/process/task_queues:105:5)
    at _runTest (/Users/st/workspace_ai/PagePouch/node_modules/jest-circus/build/run.js:252:3)
    at _runTestsForDescribeBlock (/Users/st/workspace_ai/PagePouch/node_modules/jest-circus/build/run.js:126:9)
    at _runTestsForDescribeBlock (/Users/st/workspace_ai/PagePouch/node_modules/jest-circus/build/run.js:121:9)
    at _runTestsForDescribeBlock (/Users/st/workspace_ai/PagePouch/node_modules/jest-circus/build/run.js:121:9)
    at run (/Users/st/workspace_ai/PagePouch/node_modules/jest-circus/build/run.js:71:3)
    at runAndTransformResultsToJestFormat (/Users/st/workspace_ai/PagePouch/node_modules/jest-circus/build/legacy-code-todo-rewrite/jestAdapterInit.js:122:21)
    at jestAdapter (/Users/st/workspace_ai/PagePouch/node_modules/jest-circus/build/legacy-code-todo-rewrite/jestAdapter.js:79:19)
    at runTestInternal (/Users/st/workspace_ai/PagePouch/node_modules/jest-runner/build/runTest.js:367:16)
    at runTest (/Users/st/workspace_ai/PagePouch/node_modules/jest-runner/build/runTest.js:444:34)
    at Object.worker (/Users/st/workspace_ai/PagePouch/node_modules/jest-runner/build/testWorker.js:106:12)</failure>
    </testcase>
    <testcase classname="Toast Manager › Toast Types" name="should create error toast with longer duration" time="0">
      <failure>TypeError: Cannot read properties of undefined (reading &apos;addEventListener&apos;)
    at ToastManager.addEventListener [as createToastElement] (/Users/st/workspace_ai/PagePouch/utils/toast.js:289:25)
    at ToastManager.createToastElement [as show] (/Users/st/workspace_ai/PagePouch/utils/toast.js:224:35)
    at ToastManager.show [as error] (/Users/st/workspace_ai/PagePouch/utils/toast.js:401:21)
    at Object.error (/Users/st/workspace_ai/PagePouch/tests/error-handler.test.js:484:42)
    at Promise.then.completed (/Users/st/workspace_ai/PagePouch/node_modules/jest-circus/build/utils.js:298:28)
    at new Promise (&lt;anonymous&gt;)
    at callAsyncCircusFn (/Users/st/workspace_ai/PagePouch/node_modules/jest-circus/build/utils.js:231:10)
    at _callCircusTest (/Users/st/workspace_ai/PagePouch/node_modules/jest-circus/build/run.js:316:40)
    at processTicksAndRejections (node:internal/process/task_queues:105:5)
    at _runTest (/Users/st/workspace_ai/PagePouch/node_modules/jest-circus/build/run.js:252:3)
    at _runTestsForDescribeBlock (/Users/st/workspace_ai/PagePouch/node_modules/jest-circus/build/run.js:126:9)
    at _runTestsForDescribeBlock (/Users/st/workspace_ai/PagePouch/node_modules/jest-circus/build/run.js:121:9)
    at _runTestsForDescribeBlock (/Users/st/workspace_ai/PagePouch/node_modules/jest-circus/build/run.js:121:9)
    at run (/Users/st/workspace_ai/PagePouch/node_modules/jest-circus/build/run.js:71:3)
    at runAndTransformResultsToJestFormat (/Users/st/workspace_ai/PagePouch/node_modules/jest-circus/build/legacy-code-todo-rewrite/jestAdapterInit.js:122:21)
    at jestAdapter (/Users/st/workspace_ai/PagePouch/node_modules/jest-circus/build/legacy-code-todo-rewrite/jestAdapter.js:79:19)
    at runTestInternal (/Users/st/workspace_ai/PagePouch/node_modules/jest-runner/build/runTest.js:367:16)
    at runTest (/Users/st/workspace_ai/PagePouch/node_modules/jest-runner/build/runTest.js:444:34)
    at Object.worker (/Users/st/workspace_ai/PagePouch/node_modules/jest-runner/build/testWorker.js:106:12)</failure>
    </testcase>
    <testcase classname="Toast Manager › Toast Types" name="should create warning toast" time="0">
      <failure>TypeError: Cannot read properties of undefined (reading &apos;addEventListener&apos;)
    at ToastManager.addEventListener [as createToastElement] (/Users/st/workspace_ai/PagePouch/utils/toast.js:289:25)
    at ToastManager.createToastElement [as show] (/Users/st/workspace_ai/PagePouch/utils/toast.js:224:35)
    at ToastManager.show [as warning] (/Users/st/workspace_ai/PagePouch/utils/toast.js:415:21)
    at Object.warning (/Users/st/workspace_ai/PagePouch/tests/error-handler.test.js:489:42)
    at Promise.then.completed (/Users/st/workspace_ai/PagePouch/node_modules/jest-circus/build/utils.js:298:28)
    at new Promise (&lt;anonymous&gt;)
    at callAsyncCircusFn (/Users/st/workspace_ai/PagePouch/node_modules/jest-circus/build/utils.js:231:10)
    at _callCircusTest (/Users/st/workspace_ai/PagePouch/node_modules/jest-circus/build/run.js:316:40)
    at processTicksAndRejections (node:internal/process/task_queues:105:5)
    at _runTest (/Users/st/workspace_ai/PagePouch/node_modules/jest-circus/build/run.js:252:3)
    at _runTestsForDescribeBlock (/Users/st/workspace_ai/PagePouch/node_modules/jest-circus/build/run.js:126:9)
    at _runTestsForDescribeBlock (/Users/st/workspace_ai/PagePouch/node_modules/jest-circus/build/run.js:121:9)
    at _runTestsForDescribeBlock (/Users/st/workspace_ai/PagePouch/node_modules/jest-circus/build/run.js:121:9)
    at run (/Users/st/workspace_ai/PagePouch/node_modules/jest-circus/build/run.js:71:3)
    at runAndTransformResultsToJestFormat (/Users/st/workspace_ai/PagePouch/node_modules/jest-circus/build/legacy-code-todo-rewrite/jestAdapterInit.js:122:21)
    at jestAdapter (/Users/st/workspace_ai/PagePouch/node_modules/jest-circus/build/legacy-code-todo-rewrite/jestAdapter.js:79:19)
    at runTestInternal (/Users/st/workspace_ai/PagePouch/node_modules/jest-runner/build/runTest.js:367:16)
    at runTest (/Users/st/workspace_ai/PagePouch/node_modules/jest-runner/build/runTest.js:444:34)
    at Object.worker (/Users/st/workspace_ai/PagePouch/node_modules/jest-runner/build/testWorker.js:106:12)</failure>
    </testcase>
    <testcase classname="Toast Manager › Toast Types" name="should create info toast" time="0">
      <failure>TypeError: Cannot read properties of undefined (reading &apos;addEventListener&apos;)
    at ToastManager.addEventListener [as createToastElement] (/Users/st/workspace_ai/PagePouch/utils/toast.js:289:25)
    at ToastManager.createToastElement [as show] (/Users/st/workspace_ai/PagePouch/utils/toast.js:224:35)
    at ToastManager.show (/Users/st/workspace_ai/PagePouch/utils/toast.js:429:21)
    at Object.info (/Users/st/workspace_ai/PagePouch/tests/error-handler.test.js:494:42)
    at Promise.then.completed (/Users/st/workspace_ai/PagePouch/node_modules/jest-circus/build/utils.js:298:28)
    at new Promise (&lt;anonymous&gt;)
    at callAsyncCircusFn (/Users/st/workspace_ai/PagePouch/node_modules/jest-circus/build/utils.js:231:10)
    at _callCircusTest (/Users/st/workspace_ai/PagePouch/node_modules/jest-circus/build/run.js:316:40)
    at processTicksAndRejections (node:internal/process/task_queues:105:5)
    at _runTest (/Users/st/workspace_ai/PagePouch/node_modules/jest-circus/build/run.js:252:3)
    at _runTestsForDescribeBlock (/Users/st/workspace_ai/PagePouch/node_modules/jest-circus/build/run.js:126:9)
    at _runTestsForDescribeBlock (/Users/st/workspace_ai/PagePouch/node_modules/jest-circus/build/run.js:121:9)
    at _runTestsForDescribeBlock (/Users/st/workspace_ai/PagePouch/node_modules/jest-circus/build/run.js:121:9)
    at run (/Users/st/workspace_ai/PagePouch/node_modules/jest-circus/build/run.js:71:3)
    at runAndTransformResultsToJestFormat (/Users/st/workspace_ai/PagePouch/node_modules/jest-circus/build/legacy-code-todo-rewrite/jestAdapterInit.js:122:21)
    at jestAdapter (/Users/st/workspace_ai/PagePouch/node_modules/jest-circus/build/legacy-code-todo-rewrite/jestAdapter.js:79:19)
    at runTestInternal (/Users/st/workspace_ai/PagePouch/node_modules/jest-runner/build/runTest.js:367:16)
    at runTest (/Users/st/workspace_ai/PagePouch/node_modules/jest-runner/build/runTest.js:444:34)
    at Object.worker (/Users/st/workspace_ai/PagePouch/node_modules/jest-runner/build/testWorker.js:106:12)</failure>
    </testcase>
    <testcase classname="Toast Manager › Toast Types" name="should create loading toast that doesn&apos;t auto-hide" time="0">
      <failure>TypeError: Cannot read properties of undefined (reading &apos;addEventListener&apos;)
    at ToastManager.addEventListener [as createToastElement] (/Users/st/workspace_ai/PagePouch/utils/toast.js:289:25)
    at ToastManager.createToastElement [as show] (/Users/st/workspace_ai/PagePouch/utils/toast.js:224:35)
    at ToastManager.show [as loading] (/Users/st/workspace_ai/PagePouch/utils/toast.js:440:21)
    at Object.loading (/Users/st/workspace_ai/PagePouch/tests/error-handler.test.js:499:42)
    at Promise.then.completed (/Users/st/workspace_ai/PagePouch/node_modules/jest-circus/build/utils.js:298:28)
    at new Promise (&lt;anonymous&gt;)
    at callAsyncCircusFn (/Users/st/workspace_ai/PagePouch/node_modules/jest-circus/build/utils.js:231:10)
    at _callCircusTest (/Users/st/workspace_ai/PagePouch/node_modules/jest-circus/build/run.js:316:40)
    at processTicksAndRejections (node:internal/process/task_queues:105:5)
    at _runTest (/Users/st/workspace_ai/PagePouch/node_modules/jest-circus/build/run.js:252:3)
    at _runTestsForDescribeBlock (/Users/st/workspace_ai/PagePouch/node_modules/jest-circus/build/run.js:126:9)
    at _runTestsForDescribeBlock (/Users/st/workspace_ai/PagePouch/node_modules/jest-circus/build/run.js:121:9)
    at _runTestsForDescribeBlock (/Users/st/workspace_ai/PagePouch/node_modules/jest-circus/build/run.js:121:9)
    at run (/Users/st/workspace_ai/PagePouch/node_modules/jest-circus/build/run.js:71:3)
    at runAndTransformResultsToJestFormat (/Users/st/workspace_ai/PagePouch/node_modules/jest-circus/build/legacy-code-todo-rewrite/jestAdapterInit.js:122:21)
    at jestAdapter (/Users/st/workspace_ai/PagePouch/node_modules/jest-circus/build/legacy-code-todo-rewrite/jestAdapter.js:79:19)
    at runTestInternal (/Users/st/workspace_ai/PagePouch/node_modules/jest-runner/build/runTest.js:367:16)
    at runTest (/Users/st/workspace_ai/PagePouch/node_modules/jest-runner/build/runTest.js:444:34)
    at Object.worker (/Users/st/workspace_ai/PagePouch/node_modules/jest-runner/build/testWorker.js:106:12)</failure>
    </testcase>
    <testcase classname="Toast Manager › Toast Management" name="should hide specific toast" time="0.001">
      <failure>TypeError: Cannot read properties of undefined (reading &apos;addEventListener&apos;)
    at ToastManager.addEventListener [as createToastElement] (/Users/st/workspace_ai/PagePouch/utils/toast.js:289:25)
    at ToastManager.createToastElement [as show] (/Users/st/workspace_ai/PagePouch/utils/toast.js:224:35)
    at Object.show (/Users/st/workspace_ai/PagePouch/tests/error-handler.test.js:506:42)
    at Promise.then.completed (/Users/st/workspace_ai/PagePouch/node_modules/jest-circus/build/utils.js:298:28)
    at new Promise (&lt;anonymous&gt;)
    at callAsyncCircusFn (/Users/st/workspace_ai/PagePouch/node_modules/jest-circus/build/utils.js:231:10)
    at _callCircusTest (/Users/st/workspace_ai/PagePouch/node_modules/jest-circus/build/run.js:316:40)
    at processTicksAndRejections (node:internal/process/task_queues:105:5)
    at _runTest (/Users/st/workspace_ai/PagePouch/node_modules/jest-circus/build/run.js:252:3)
    at _runTestsForDescribeBlock (/Users/st/workspace_ai/PagePouch/node_modules/jest-circus/build/run.js:126:9)
    at _runTestsForDescribeBlock (/Users/st/workspace_ai/PagePouch/node_modules/jest-circus/build/run.js:121:9)
    at _runTestsForDescribeBlock (/Users/st/workspace_ai/PagePouch/node_modules/jest-circus/build/run.js:121:9)
    at run (/Users/st/workspace_ai/PagePouch/node_modules/jest-circus/build/run.js:71:3)
    at runAndTransformResultsToJestFormat (/Users/st/workspace_ai/PagePouch/node_modules/jest-circus/build/legacy-code-todo-rewrite/jestAdapterInit.js:122:21)
    at jestAdapter (/Users/st/workspace_ai/PagePouch/node_modules/jest-circus/build/legacy-code-todo-rewrite/jestAdapter.js:79:19)
    at runTestInternal (/Users/st/workspace_ai/PagePouch/node_modules/jest-runner/build/runTest.js:367:16)
    at runTest (/Users/st/workspace_ai/PagePouch/node_modules/jest-runner/build/runTest.js:444:34)
    at Object.worker (/Users/st/workspace_ai/PagePouch/node_modules/jest-runner/build/testWorker.js:106:12)</failure>
    </testcase>
    <testcase classname="Toast Manager › Toast Management" name="should hide all toasts" time="0">
      <failure>TypeError: Cannot read properties of undefined (reading &apos;addEventListener&apos;)
    at ToastManager.addEventListener [as createToastElement] (/Users/st/workspace_ai/PagePouch/utils/toast.js:289:25)
    at ToastManager.createToastElement [as show] (/Users/st/workspace_ai/PagePouch/utils/toast.js:224:35)
    at Object.show (/Users/st/workspace_ai/PagePouch/tests/error-handler.test.js:514:26)
    at Promise.then.completed (/Users/st/workspace_ai/PagePouch/node_modules/jest-circus/build/utils.js:298:28)
    at new Promise (&lt;anonymous&gt;)
    at callAsyncCircusFn (/Users/st/workspace_ai/PagePouch/node_modules/jest-circus/build/utils.js:231:10)
    at _callCircusTest (/Users/st/workspace_ai/PagePouch/node_modules/jest-circus/build/run.js:316:40)
    at processTicksAndRejections (node:internal/process/task_queues:105:5)
    at _runTest (/Users/st/workspace_ai/PagePouch/node_modules/jest-circus/build/run.js:252:3)
    at _runTestsForDescribeBlock (/Users/st/workspace_ai/PagePouch/node_modules/jest-circus/build/run.js:126:9)
    at _runTestsForDescribeBlock (/Users/st/workspace_ai/PagePouch/node_modules/jest-circus/build/run.js:121:9)
    at _runTestsForDescribeBlock (/Users/st/workspace_ai/PagePouch/node_modules/jest-circus/build/run.js:121:9)
    at run (/Users/st/workspace_ai/PagePouch/node_modules/jest-circus/build/run.js:71:3)
    at runAndTransformResultsToJestFormat (/Users/st/workspace_ai/PagePouch/node_modules/jest-circus/build/legacy-code-todo-rewrite/jestAdapterInit.js:122:21)
    at jestAdapter (/Users/st/workspace_ai/PagePouch/node_modules/jest-circus/build/legacy-code-todo-rewrite/jestAdapter.js:79:19)
    at runTestInternal (/Users/st/workspace_ai/PagePouch/node_modules/jest-runner/build/runTest.js:367:16)
    at runTest (/Users/st/workspace_ai/PagePouch/node_modules/jest-runner/build/runTest.js:444:34)
    at Object.worker (/Users/st/workspace_ai/PagePouch/node_modules/jest-runner/build/testWorker.js:106:12)</failure>
    </testcase>
    <testcase classname="Toast Manager › Toast Management" name="should update existing toast" time="0">
      <failure>TypeError: Cannot read properties of undefined (reading &apos;addEventListener&apos;)
    at ToastManager.addEventListener [as createToastElement] (/Users/st/workspace_ai/PagePouch/utils/toast.js:289:25)
    at ToastManager.createToastElement [as show] (/Users/st/workspace_ai/PagePouch/utils/toast.js:224:35)
    at Object.show (/Users/st/workspace_ai/PagePouch/tests/error-handler.test.js:524:42)
    at Promise.then.completed (/Users/st/workspace_ai/PagePouch/node_modules/jest-circus/build/utils.js:298:28)
    at new Promise (&lt;anonymous&gt;)
    at callAsyncCircusFn (/Users/st/workspace_ai/PagePouch/node_modules/jest-circus/build/utils.js:231:10)
    at _callCircusTest (/Users/st/workspace_ai/PagePouch/node_modules/jest-circus/build/run.js:316:40)
    at processTicksAndRejections (node:internal/process/task_queues:105:5)
    at _runTest (/Users/st/workspace_ai/PagePouch/node_modules/jest-circus/build/run.js:252:3)
    at _runTestsForDescribeBlock (/Users/st/workspace_ai/PagePouch/node_modules/jest-circus/build/run.js:126:9)
    at _runTestsForDescribeBlock (/Users/st/workspace_ai/PagePouch/node_modules/jest-circus/build/run.js:121:9)
    at _runTestsForDescribeBlock (/Users/st/workspace_ai/PagePouch/node_modules/jest-circus/build/run.js:121:9)
    at run (/Users/st/workspace_ai/PagePouch/node_modules/jest-circus/build/run.js:71:3)
    at runAndTransformResultsToJestFormat (/Users/st/workspace_ai/PagePouch/node_modules/jest-circus/build/legacy-code-todo-rewrite/jestAdapterInit.js:122:21)
    at jestAdapter (/Users/st/workspace_ai/PagePouch/node_modules/jest-circus/build/legacy-code-todo-rewrite/jestAdapter.js:79:19)
    at runTestInternal (/Users/st/workspace_ai/PagePouch/node_modules/jest-runner/build/runTest.js:367:16)
    at runTest (/Users/st/workspace_ai/PagePouch/node_modules/jest-runner/build/runTest.js:444:34)
    at Object.worker (/Users/st/workspace_ai/PagePouch/node_modules/jest-runner/build/testWorker.js:106:12)</failure>
    </testcase>
    <testcase classname="Toast Manager › Icon Mapping" name="should return correct icons for toast types" time="0.001">
    </testcase>
    <testcase classname="Toast Manager › HTML Escaping" name="should escape HTML in messages" time="0">
      <failure>Error: expect(received).toContain(expected) // indexOf

Expected substring: &quot;&amp;lt;script&amp;gt;&quot;
Received string:    &quot;&quot;
    at Object.toContain (/Users/st/workspace_ai/PagePouch/tests/error-handler.test.js:547:29)
    at Promise.then.completed (/Users/st/workspace_ai/PagePouch/node_modules/jest-circus/build/utils.js:298:28)
    at new Promise (&lt;anonymous&gt;)
    at callAsyncCircusFn (/Users/st/workspace_ai/PagePouch/node_modules/jest-circus/build/utils.js:231:10)
    at _callCircusTest (/Users/st/workspace_ai/PagePouch/node_modules/jest-circus/build/run.js:316:40)
    at processTicksAndRejections (node:internal/process/task_queues:105:5)
    at _runTest (/Users/st/workspace_ai/PagePouch/node_modules/jest-circus/build/run.js:252:3)
    at _runTestsForDescribeBlock (/Users/st/workspace_ai/PagePouch/node_modules/jest-circus/build/run.js:126:9)
    at _runTestsForDescribeBlock (/Users/st/workspace_ai/PagePouch/node_modules/jest-circus/build/run.js:121:9)
    at _runTestsForDescribeBlock (/Users/st/workspace_ai/PagePouch/node_modules/jest-circus/build/run.js:121:9)
    at run (/Users/st/workspace_ai/PagePouch/node_modules/jest-circus/build/run.js:71:3)
    at runAndTransformResultsToJestFormat (/Users/st/workspace_ai/PagePouch/node_modules/jest-circus/build/legacy-code-todo-rewrite/jestAdapterInit.js:122:21)
    at jestAdapter (/Users/st/workspace_ai/PagePouch/node_modules/jest-circus/build/legacy-code-todo-rewrite/jestAdapter.js:79:19)
    at runTestInternal (/Users/st/workspace_ai/PagePouch/node_modules/jest-runner/build/runTest.js:367:16)
    at runTest (/Users/st/workspace_ai/PagePouch/node_modules/jest-runner/build/runTest.js:444:34)
    at Object.worker (/Users/st/workspace_ai/PagePouch/node_modules/jest-runner/build/testWorker.js:106:12)</failure>
    </testcase>
    <testcase classname="Modal Manager › Initialization" name="should create modal container" time="0.001">
    </testcase>
    <testcase classname="Modal Manager › Initialization" name="should setup global event listeners" time="0">
    </testcase>
    <testcase classname="Modal Manager › Confirmation Modal" name="should show confirmation modal and resolve with user choice" time="10.004">
      <failure>Error: thrown: &quot;Exceeded timeout of 10000 ms for a test.
Add a timeout value to this test to increase the timeout, if this is a long-running test. See https://jestjs.io/docs/api#testname-fn-timeout.&quot;
    at test (/Users/st/workspace_ai/PagePouch/tests/error-handler.test.js:618:9)
    at _dispatchDescribe (/Users/st/workspace_ai/PagePouch/node_modules/jest-circus/build/index.js:91:26)
    at describe (/Users/st/workspace_ai/PagePouch/node_modules/jest-circus/build/index.js:55:5)
    at describe (/Users/st/workspace_ai/PagePouch/tests/error-handler.test.js:617:5)
    at _dispatchDescribe (/Users/st/workspace_ai/PagePouch/node_modules/jest-circus/build/index.js:91:26)
    at describe (/Users/st/workspace_ai/PagePouch/node_modules/jest-circus/build/index.js:55:5)
    at Object.describe (/Users/st/workspace_ai/PagePouch/tests/error-handler.test.js:552:1)
    at Runtime._execModule (/Users/st/workspace_ai/PagePouch/node_modules/jest-runtime/build/index.js:1439:24)
    at Runtime._loadModule (/Users/st/workspace_ai/PagePouch/node_modules/jest-runtime/build/index.js:1022:12)
    at Runtime.requireModule (/Users/st/workspace_ai/PagePouch/node_modules/jest-runtime/build/index.js:882:12)
    at jestAdapter (/Users/st/workspace_ai/PagePouch/node_modules/jest-circus/build/legacy-code-todo-rewrite/jestAdapter.js:77:13)
    at processTicksAndRejections (node:internal/process/task_queues:105:5)
    at runTestInternal (/Users/st/workspace_ai/PagePouch/node_modules/jest-runner/build/runTest.js:367:16)
    at runTest (/Users/st/workspace_ai/PagePouch/node_modules/jest-runner/build/runTest.js:444:34)
    at Object.worker (/Users/st/workspace_ai/PagePouch/node_modules/jest-runner/build/testWorker.js:106:12)</failure>
    </testcase>
    <testcase classname="Modal Manager › Prompt Modal" name="should show prompt modal and return user input" time="0.002">
      <failure>TypeError: body.querySelector is not a function
    at querySelector (/Users/st/workspace_ai/PagePouch/utils/modal.js:469:32)
    at new Promise (&lt;anonymous&gt;)
    at ModalManager.prompt (/Users/st/workspace_ai/PagePouch/utils/modal.js:443:16)
    at Object.prompt (/Users/st/workspace_ai/PagePouch/tests/error-handler.test.js:642:48)
    at Promise.then.completed (/Users/st/workspace_ai/PagePouch/node_modules/jest-circus/build/utils.js:298:28)
    at new Promise (&lt;anonymous&gt;)
    at callAsyncCircusFn (/Users/st/workspace_ai/PagePouch/node_modules/jest-circus/build/utils.js:231:10)
    at _callCircusTest (/Users/st/workspace_ai/PagePouch/node_modules/jest-circus/build/run.js:316:40)
    at _runTest (/Users/st/workspace_ai/PagePouch/node_modules/jest-circus/build/run.js:252:3)
    at _runTestsForDescribeBlock (/Users/st/workspace_ai/PagePouch/node_modules/jest-circus/build/run.js:126:9)
    at _runTestsForDescribeBlock (/Users/st/workspace_ai/PagePouch/node_modules/jest-circus/build/run.js:121:9)
    at _runTestsForDescribeBlock (/Users/st/workspace_ai/PagePouch/node_modules/jest-circus/build/run.js:121:9)
    at run (/Users/st/workspace_ai/PagePouch/node_modules/jest-circus/build/run.js:71:3)
    at runAndTransformResultsToJestFormat (/Users/st/workspace_ai/PagePouch/node_modules/jest-circus/build/legacy-code-todo-rewrite/jestAdapterInit.js:122:21)
    at jestAdapter (/Users/st/workspace_ai/PagePouch/node_modules/jest-circus/build/legacy-code-todo-rewrite/jestAdapter.js:79:19)
    at runTestInternal (/Users/st/workspace_ai/PagePouch/node_modules/jest-runner/build/runTest.js:367:16)
    at runTest (/Users/st/workspace_ai/PagePouch/node_modules/jest-runner/build/runTest.js:444:34)
    at Object.worker (/Users/st/workspace_ai/PagePouch/node_modules/jest-runner/build/testWorker.js:106:12)</failure>
    </testcase>
    <testcase classname="Modal Manager › Alert Modal" name="should show alert modal and resolve when closed" time="10.002">
      <failure>Error: thrown: &quot;Exceeded timeout of 10000 ms for a test.
Add a timeout value to this test to increase the timeout, if this is a long-running test. See https://jestjs.io/docs/api#testname-fn-timeout.&quot;
    at test (/Users/st/workspace_ai/PagePouch/tests/error-handler.test.js:664:9)
    at _dispatchDescribe (/Users/st/workspace_ai/PagePouch/node_modules/jest-circus/build/index.js:91:26)
    at describe (/Users/st/workspace_ai/PagePouch/node_modules/jest-circus/build/index.js:55:5)
    at describe (/Users/st/workspace_ai/PagePouch/tests/error-handler.test.js:663:5)
    at _dispatchDescribe (/Users/st/workspace_ai/PagePouch/node_modules/jest-circus/build/index.js:91:26)
    at describe (/Users/st/workspace_ai/PagePouch/node_modules/jest-circus/build/index.js:55:5)
    at Object.describe (/Users/st/workspace_ai/PagePouch/tests/error-handler.test.js:552:1)
    at Runtime._execModule (/Users/st/workspace_ai/PagePouch/node_modules/jest-runtime/build/index.js:1439:24)
    at Runtime._loadModule (/Users/st/workspace_ai/PagePouch/node_modules/jest-runtime/build/index.js:1022:12)
    at Runtime.requireModule (/Users/st/workspace_ai/PagePouch/node_modules/jest-runtime/build/index.js:882:12)
    at jestAdapter (/Users/st/workspace_ai/PagePouch/node_modules/jest-circus/build/legacy-code-todo-rewrite/jestAdapter.js:77:13)
    at processTicksAndRejections (node:internal/process/task_queues:105:5)
    at runTestInternal (/Users/st/workspace_ai/PagePouch/node_modules/jest-runner/build/runTest.js:367:16)
    at runTest (/Users/st/workspace_ai/PagePouch/node_modules/jest-runner/build/runTest.js:444:34)
    at Object.worker (/Users/st/workspace_ai/PagePouch/node_modules/jest-runner/build/testWorker.js:106:12)</failure>
    </testcase>
    <testcase classname="Modal Manager › Modal Management" name="should track active modals" time="0.006">
    </testcase>
    <testcase classname="Modal Manager › Modal Management" name="should close all modals" time="0.002">
      <failure>Error: expect(received).toBe(expected) // Object.is equality

Expected: 0
Received: 2
    at Object.toBe (/Users/st/workspace_ai/PagePouch/tests/error-handler.test.js:698:51)
    at Promise.then.completed (/Users/st/workspace_ai/PagePouch/node_modules/jest-circus/build/utils.js:298:28)
    at new Promise (&lt;anonymous&gt;)
    at callAsyncCircusFn (/Users/st/workspace_ai/PagePouch/node_modules/jest-circus/build/utils.js:231:10)
    at _callCircusTest (/Users/st/workspace_ai/PagePouch/node_modules/jest-circus/build/run.js:316:40)
    at _runTest (/Users/st/workspace_ai/PagePouch/node_modules/jest-circus/build/run.js:252:3)
    at _runTestsForDescribeBlock (/Users/st/workspace_ai/PagePouch/node_modules/jest-circus/build/run.js:126:9)
    at _runTestsForDescribeBlock (/Users/st/workspace_ai/PagePouch/node_modules/jest-circus/build/run.js:121:9)
    at _runTestsForDescribeBlock (/Users/st/workspace_ai/PagePouch/node_modules/jest-circus/build/run.js:121:9)
    at run (/Users/st/workspace_ai/PagePouch/node_modules/jest-circus/build/run.js:71:3)
    at runAndTransformResultsToJestFormat (/Users/st/workspace_ai/PagePouch/node_modules/jest-circus/build/legacy-code-todo-rewrite/jestAdapterInit.js:122:21)
    at jestAdapter (/Users/st/workspace_ai/PagePouch/node_modules/jest-circus/build/legacy-code-todo-rewrite/jestAdapter.js:79:19)
    at runTestInternal (/Users/st/workspace_ai/PagePouch/node_modules/jest-runner/build/runTest.js:367:16)
    at runTest (/Users/st/workspace_ai/PagePouch/node_modules/jest-runner/build/runTest.js:444:34)
    at Object.worker (/Users/st/workspace_ai/PagePouch/node_modules/jest-runner/build/testWorker.js:106:12)</failure>
    </testcase>
    <testcase classname="Modal Manager › HTML Escaping" name="should escape HTML in modal content" time="0.003">
      <failure>Error: expect(received).toContain(expected) // indexOf

Expected substring: &quot;&amp;lt;script&amp;gt;&quot;
Received string:    &quot;&quot;
    at Object.toContain (/Users/st/workspace_ai/PagePouch/tests/error-handler.test.js:708:29)
    at Promise.then.completed (/Users/st/workspace_ai/PagePouch/node_modules/jest-circus/build/utils.js:298:28)
    at new Promise (&lt;anonymous&gt;)
    at callAsyncCircusFn (/Users/st/workspace_ai/PagePouch/node_modules/jest-circus/build/utils.js:231:10)
    at _callCircusTest (/Users/st/workspace_ai/PagePouch/node_modules/jest-circus/build/run.js:316:40)
    at _runTest (/Users/st/workspace_ai/PagePouch/node_modules/jest-circus/build/run.js:252:3)
    at _runTestsForDescribeBlock (/Users/st/workspace_ai/PagePouch/node_modules/jest-circus/build/run.js:126:9)
    at _runTestsForDescribeBlock (/Users/st/workspace_ai/PagePouch/node_modules/jest-circus/build/run.js:121:9)
    at _runTestsForDescribeBlock (/Users/st/workspace_ai/PagePouch/node_modules/jest-circus/build/run.js:121:9)
    at run (/Users/st/workspace_ai/PagePouch/node_modules/jest-circus/build/run.js:71:3)
    at runAndTransformResultsToJestFormat (/Users/st/workspace_ai/PagePouch/node_modules/jest-circus/build/legacy-code-todo-rewrite/jestAdapterInit.js:122:21)
    at jestAdapter (/Users/st/workspace_ai/PagePouch/node_modules/jest-circus/build/legacy-code-todo-rewrite/jestAdapter.js:79:19)
    at runTestInternal (/Users/st/workspace_ai/PagePouch/node_modules/jest-runner/build/runTest.js:367:16)
    at runTest (/Users/st/workspace_ai/PagePouch/node_modules/jest-runner/build/runTest.js:444:34)
    at Object.worker (/Users/st/workspace_ai/PagePouch/node_modules/jest-runner/build/testWorker.js:106:12)</failure>
    </testcase>
    <testcase classname="Modal Manager › Icon Mapping" name="should return correct icons for modal types" time="0.002">
    </testcase>
  </testsuite>
</testsuites>