<?xml version="1.0" encoding="UTF-8"?>
<testExecutions version="1">
  <file path="/Users/st/workspace_ai/PagePouch/tests/date-formatter.test.js">
    <testCase name="DateFormatter Initialization should initialize with English as default language" duration="81"/>
    <testCase name="DateFormatter Initialization should detect Korean language from browser settings" duration="1"/>
    <testCase name="DateFormatter Locale Detection should return correct locale for supported languages" duration="0"/>
    <testCase name="DateFormatter Locale Detection should fallback to en-US for unsupported languages" duration="2">
      <failure message="Error: expect(received).toBe(expected) // Object.is equality"><![CDATA[Error: expect(received).toBe(expected) // Object.is equality

Expected: "en-US"
Received: "fr-FR"
    at Object.toBe (/Users/st/workspace_ai/PagePouch/tests/date-formatter.test.js:73:47)
    at Promise.then.completed (/Users/st/workspace_ai/PagePouch/node_modules/jest-circus/build/utils.js:298:28)
    at new Promise (<anonymous>)
    at callAsyncCircusFn (/Users/st/workspace_ai/PagePouch/node_modules/jest-circus/build/utils.js:231:10)
    at _callCircusTest (/Users/st/workspace_ai/PagePouch/node_modules/jest-circus/build/run.js:316:40)
    at processTicksAndRejections (node:internal/process/task_queues:105:5)
    at _runTest (/Users/st/workspace_ai/PagePouch/node_modules/jest-circus/build/run.js:252:3)
    at _runTestsForDescribeBlock (/Users/st/workspace_ai/PagePouch/node_modules/jest-circus/build/run.js:126:9)
    at _runTestsForDescribeBlock (/Users/st/workspace_ai/PagePouch/node_modules/jest-circus/build/run.js:121:9)
    at _runTestsForDescribeBlock (/Users/st/workspace_ai/PagePouch/node_modules/jest-circus/build/run.js:121:9)
    at run (/Users/st/workspace_ai/PagePouch/node_modules/jest-circus/build/run.js:71:3)
    at runAndTransformResultsToJestFormat (/Users/st/workspace_ai/PagePouch/node_modules/jest-circus/build/legacy-code-todo-rewrite/jestAdapterInit.js:122:21)
    at jestAdapter (/Users/st/workspace_ai/PagePouch/node_modules/jest-circus/build/legacy-code-todo-rewrite/jestAdapter.js:79:19)
    at runTestInternal (/Users/st/workspace_ai/PagePouch/node_modules/jest-runner/build/runTest.js:367:16)
    at runTest (/Users/st/workspace_ai/PagePouch/node_modules/jest-runner/build/runTest.js:444:34)
    at Object.worker (/Users/st/workspace_ai/PagePouch/node_modules/jest-runner/build/testWorker.js:106:12)]]></failure>
    </testCase>
    <testCase name="DateFormatter Date Parsing should parse Date objects correctly" duration="1"/>
    <testCase name="DateFormatter Date Parsing should parse string dates correctly" duration="0"/>
    <testCase name="DateFormatter Date Parsing should parse timestamp numbers correctly" duration="1"/>
    <testCase name="DateFormatter Date Parsing should return null for invalid dates" duration="0"/>
    <testCase name="DateFormatter Date Formatting should format dates with default options" duration="1"/>
    <testCase name="DateFormatter Date Formatting should format dates with custom options" duration="0"/>
    <testCase name="DateFormatter Date Formatting should use Korean locale when language is set to Korean" duration="1"/>
    <testCase name="DateFormatter Date Formatting should handle invalid dates gracefully" duration="0"/>
    <testCase name="DateFormatter Time Formatting should format time with default options" duration="0"/>
    <testCase name="DateFormatter Time Formatting should format time with custom options" duration="0"/>
    <testCase name="DateFormatter DateTime Formatting should format datetime with default options" duration="1"/>
    <testCase name="DateFormatter Relative Time Formatting should format relative time for past dates" duration="0"/>
    <testCase name="DateFormatter Relative Time Formatting should format relative time for future dates" duration="0"/>
    <testCase name="DateFormatter Relative Time Formatting should choose appropriate time unit" duration="1"/>
    <testCase name="DateFormatter Short and Long Date Formatting should format short dates" duration="0"/>
    <testCase name="DateFormatter Short and Long Date Formatting should format long dates" duration="0"/>
    <testCase name="DateFormatter Display Formatting should show relative time for today" duration="0"/>
    <testCase name="DateFormatter Display Formatting should show &quot;Yesterday&quot; for yesterday dates" duration="1"/>
    <testCase name="DateFormatter Month and Day Names should return array of month names" duration="0"/>
    <testCase name="DateFormatter Month and Day Names should return array of day names" duration="0"/>
    <testCase name="DateFormatter Month and Day Names should support different formats for month names" duration="1"/>
    <testCase name="DateFormatter Fallback Formatting should use fallback for date formatting" duration="0"/>
    <testCase name="DateFormatter Fallback Formatting should use fallback for time formatting" duration="0"/>
    <testCase name="DateFormatter Fallback Formatting should use fallback for relative time formatting" duration="1"/>
    <testCase name="DateFormatter Fallback Formatting should format Korean fallback correctly" duration="0"/>
    <testCase name="DateFormatter Fallback Formatting should format English fallback correctly" duration="1"/>
    <testCase name="DateFormatter Language Management should set and get current language" duration="0"/>
    <testCase name="Localize Date Functions should use dateFormatter when available" duration="1">
      <failure message="ReferenceError: formatDate is not defined"><![CDATA[ReferenceError: formatDate is not defined
    at Object.formatDate (/Users/st/workspace_ai/PagePouch/tests/date-formatter.test.js:385:9)
    at Promise.then.completed (/Users/st/workspace_ai/PagePouch/node_modules/jest-circus/build/utils.js:298:28)
    at new Promise (<anonymous>)
    at callAsyncCircusFn (/Users/st/workspace_ai/PagePouch/node_modules/jest-circus/build/utils.js:231:10)
    at _callCircusTest (/Users/st/workspace_ai/PagePouch/node_modules/jest-circus/build/run.js:316:40)
    at processTicksAndRejections (node:internal/process/task_queues:105:5)
    at _runTest (/Users/st/workspace_ai/PagePouch/node_modules/jest-circus/build/run.js:252:3)
    at _runTestsForDescribeBlock (/Users/st/workspace_ai/PagePouch/node_modules/jest-circus/build/run.js:126:9)
    at _runTestsForDescribeBlock (/Users/st/workspace_ai/PagePouch/node_modules/jest-circus/build/run.js:121:9)
    at run (/Users/st/workspace_ai/PagePouch/node_modules/jest-circus/build/run.js:71:3)
    at runAndTransformResultsToJestFormat (/Users/st/workspace_ai/PagePouch/node_modules/jest-circus/build/legacy-code-todo-rewrite/jestAdapterInit.js:122:21)
    at jestAdapter (/Users/st/workspace_ai/PagePouch/node_modules/jest-circus/build/legacy-code-todo-rewrite/jestAdapter.js:79:19)
    at runTestInternal (/Users/st/workspace_ai/PagePouch/node_modules/jest-runner/build/runTest.js:367:16)
    at runTest (/Users/st/workspace_ai/PagePouch/node_modules/jest-runner/build/runTest.js:444:34)
    at Object.worker (/Users/st/workspace_ai/PagePouch/node_modules/jest-runner/build/testWorker.js:106:12)]]></failure>
    </testCase>
    <testCase name="Localize Date Functions should fallback to Intl when dateFormatter is not available" duration="0">
      <failure message="ReferenceError: formatDate is not defined"><![CDATA[ReferenceError: formatDate is not defined
    at Object.formatDate (/Users/st/workspace_ai/PagePouch/tests/date-formatter.test.js:411:9)
    at Promise.then.completed (/Users/st/workspace_ai/PagePouch/node_modules/jest-circus/build/utils.js:298:28)
    at new Promise (<anonymous>)
    at callAsyncCircusFn (/Users/st/workspace_ai/PagePouch/node_modules/jest-circus/build/utils.js:231:10)
    at _callCircusTest (/Users/st/workspace_ai/PagePouch/node_modules/jest-circus/build/run.js:316:40)
    at processTicksAndRejections (node:internal/process/task_queues:105:5)
    at _runTest (/Users/st/workspace_ai/PagePouch/node_modules/jest-circus/build/run.js:252:3)
    at _runTestsForDescribeBlock (/Users/st/workspace_ai/PagePouch/node_modules/jest-circus/build/run.js:126:9)
    at _runTestsForDescribeBlock (/Users/st/workspace_ai/PagePouch/node_modules/jest-circus/build/run.js:121:9)
    at run (/Users/st/workspace_ai/PagePouch/node_modules/jest-circus/build/run.js:71:3)
    at runAndTransformResultsToJestFormat (/Users/st/workspace_ai/PagePouch/node_modules/jest-circus/build/legacy-code-todo-rewrite/jestAdapterInit.js:122:21)
    at jestAdapter (/Users/st/workspace_ai/PagePouch/node_modules/jest-circus/build/legacy-code-todo-rewrite/jestAdapter.js:79:19)
    at runTestInternal (/Users/st/workspace_ai/PagePouch/node_modules/jest-runner/build/runTest.js:367:16)
    at runTest (/Users/st/workspace_ai/PagePouch/node_modules/jest-runner/build/runTest.js:444:34)
    at Object.worker (/Users/st/workspace_ai/PagePouch/node_modules/jest-runner/build/testWorker.js:106:12)]]></failure>
    </testCase>
    <testCase name="Localize Date Functions should handle errors gracefully" duration="0">
      <failure message="ReferenceError: formatDate is not defined"><![CDATA[ReferenceError: formatDate is not defined
    at Object.formatDate (/Users/st/workspace_ai/PagePouch/tests/date-formatter.test.js:422:24)
    at Promise.then.completed (/Users/st/workspace_ai/PagePouch/node_modules/jest-circus/build/utils.js:298:28)
    at new Promise (<anonymous>)
    at callAsyncCircusFn (/Users/st/workspace_ai/PagePouch/node_modules/jest-circus/build/utils.js:231:10)
    at _callCircusTest (/Users/st/workspace_ai/PagePouch/node_modules/jest-circus/build/run.js:316:40)
    at processTicksAndRejections (node:internal/process/task_queues:105:5)
    at _runTest (/Users/st/workspace_ai/PagePouch/node_modules/jest-circus/build/run.js:252:3)
    at _runTestsForDescribeBlock (/Users/st/workspace_ai/PagePouch/node_modules/jest-circus/build/run.js:126:9)
    at _runTestsForDescribeBlock (/Users/st/workspace_ai/PagePouch/node_modules/jest-circus/build/run.js:121:9)
    at run (/Users/st/workspace_ai/PagePouch/node_modules/jest-circus/build/run.js:71:3)
    at runAndTransformResultsToJestFormat (/Users/st/workspace_ai/PagePouch/node_modules/jest-circus/build/legacy-code-todo-rewrite/jestAdapterInit.js:122:21)
    at jestAdapter (/Users/st/workspace_ai/PagePouch/node_modules/jest-circus/build/legacy-code-todo-rewrite/jestAdapter.js:79:19)
    at runTestInternal (/Users/st/workspace_ai/PagePouch/node_modules/jest-runner/build/runTest.js:367:16)
    at runTest (/Users/st/workspace_ai/PagePouch/node_modules/jest-runner/build/runTest.js:444:34)
    at Object.worker (/Users/st/workspace_ai/PagePouch/node_modules/jest-runner/build/testWorker.js:106:12)]]></failure>
    </testCase>
  </file>
  <file path="/Users/st/workspace_ai/PagePouch/tests/i18n.test.js">
    <testCase name="I18nManager Language Detection should detect English as default language" duration="65"/>
    <testCase name="I18nManager Language Detection should detect Korean when browser language is ko-KR" duration="1"/>
    <testCase name="I18nManager Language Detection should fallback to English for unsupported languages" duration="0"/>
    <testCase name="I18nManager Message Retrieval should get message by key" duration="0"/>
    <testCase name="I18nManager Message Retrieval should return key as fallback for missing messages" duration="0"/>
    <testCase name="I18nManager Message Retrieval should handle substitutions" duration="1"/>
    <testCase name="I18nManager Language Support should return supported languages" duration="0"/>
    <testCase name="I18nManager Language Support should check if language is supported" duration="1"/>
    <testCase name="I18nManager Language Support should set language manually" duration="0"/>
    <testCase name="I18nManager Language Support should not set unsupported language" duration="0"/>
    <testCase name="I18nManager Language Display Names should return correct display names" duration="0"/>
    <testCase name="I18nManager Language Display Names should return uppercase code for unknown languages" duration="0"/>
    <testCase name="I18nManager Text Direction should return LTR for supported languages" duration="0"/>
    <testCase name="I18nManager Number Formatting should format numbers according to locale" duration="14"/>
    <testCase name="I18nManager Number Formatting should handle formatting errors gracefully" duration="0"/>
    <testCase name="I18nManager Message Formatting should format messages with named substitutions" duration="0"/>
    <testCase name="I18nManager Common Texts should return common UI texts" duration="1"/>
    <testCase name="Localization Functions Element Localization should localize elements with data-i18n attribute" duration="10"/>
    <testCase name="Localization Functions Element Localization should localize input placeholders" duration="2"/>
    <testCase name="Localization Functions Element Localization should localize element titles" duration="2"/>
    <testCase name="Localization Functions Dynamic Content Localization should update element text with localized content" duration="26">
      <failure message="ReferenceError: updateElementText is not defined"><![CDATA[ReferenceError: updateElementText is not defined
    at Object.updateElementText (/Users/st/workspace_ai/PagePouch/tests/i18n.test.js:256:13)
    at Promise.then.completed (/Users/st/workspace_ai/PagePouch/node_modules/jest-circus/build/utils.js:298:28)
    at new Promise (<anonymous>)
    at callAsyncCircusFn (/Users/st/workspace_ai/PagePouch/node_modules/jest-circus/build/utils.js:231:10)
    at _callCircusTest (/Users/st/workspace_ai/PagePouch/node_modules/jest-circus/build/run.js:316:40)
    at processTicksAndRejections (node:internal/process/task_queues:105:5)
    at _runTest (/Users/st/workspace_ai/PagePouch/node_modules/jest-circus/build/run.js:252:3)
    at _runTestsForDescribeBlock (/Users/st/workspace_ai/PagePouch/node_modules/jest-circus/build/run.js:126:9)
    at _runTestsForDescribeBlock (/Users/st/workspace_ai/PagePouch/node_modules/jest-circus/build/run.js:121:9)
    at _runTestsForDescribeBlock (/Users/st/workspace_ai/PagePouch/node_modules/jest-circus/build/run.js:121:9)
    at run (/Users/st/workspace_ai/PagePouch/node_modules/jest-circus/build/run.js:71:3)
    at runAndTransformResultsToJestFormat (/Users/st/workspace_ai/PagePouch/node_modules/jest-circus/build/legacy-code-todo-rewrite/jestAdapterInit.js:122:21)
    at jestAdapter (/Users/st/workspace_ai/PagePouch/node_modules/jest-circus/build/legacy-code-todo-rewrite/jestAdapter.js:79:19)
    at runTestInternal (/Users/st/workspace_ai/PagePouch/node_modules/jest-runner/build/runTest.js:367:16)
    at runTest (/Users/st/workspace_ai/PagePouch/node_modules/jest-runner/build/runTest.js:444:34)
    at Object.worker (/Users/st/workspace_ai/PagePouch/node_modules/jest-runner/build/testWorker.js:106:12)]]></failure>
    </testCase>
    <testCase name="Localization Functions Dynamic Content Localization should handle missing elements gracefully" duration="34">
      <failure message="Error: expect(received).not.toThrow()"><![CDATA[Error: expect(received).not.toThrow()

Error name:    "ReferenceError"
Error message: "updateElementText is not defined"

      262 |         test('should handle missing elements gracefully', () => {
      263 |             expect(() => {
    > 264 |                 updateElementText('nonexistent-element', 'popup_title');
          |                 ^
      265 |             }).not.toThrow();
      266 |         });
      267 |     });

      at updateElementText (tests/i18n.test.js:264:17)
      at Object.<anonymous> (node_modules/expect/build/toThrowMatchers.js:74:11)
      at Object.throwingMatcher [as toThrow] (node_modules/expect/build/index.js:320:21)
      at Object.toThrow (tests/i18n.test.js:265:20)
    at Object.toThrow (/Users/st/workspace_ai/PagePouch/tests/i18n.test.js:265:20)
    at Promise.then.completed (/Users/st/workspace_ai/PagePouch/node_modules/jest-circus/build/utils.js:298:28)
    at new Promise (<anonymous>)
    at callAsyncCircusFn (/Users/st/workspace_ai/PagePouch/node_modules/jest-circus/build/utils.js:231:10)
    at _callCircusTest (/Users/st/workspace_ai/PagePouch/node_modules/jest-circus/build/run.js:316:40)
    at processTicksAndRejections (node:internal/process/task_queues:105:5)
    at _runTest (/Users/st/workspace_ai/PagePouch/node_modules/jest-circus/build/run.js:252:3)
    at _runTestsForDescribeBlock (/Users/st/workspace_ai/PagePouch/node_modules/jest-circus/build/run.js:126:9)
    at _runTestsForDescribeBlock (/Users/st/workspace_ai/PagePouch/node_modules/jest-circus/build/run.js:121:9)
    at _runTestsForDescribeBlock (/Users/st/workspace_ai/PagePouch/node_modules/jest-circus/build/run.js:121:9)
    at run (/Users/st/workspace_ai/PagePouch/node_modules/jest-circus/build/run.js:71:3)
    at runAndTransformResultsToJestFormat (/Users/st/workspace_ai/PagePouch/node_modules/jest-circus/build/legacy-code-todo-rewrite/jestAdapterInit.js:122:21)
    at jestAdapter (/Users/st/workspace_ai/PagePouch/node_modules/jest-circus/build/legacy-code-todo-rewrite/jestAdapter.js:79:19)
    at runTestInternal (/Users/st/workspace_ai/PagePouch/node_modules/jest-runner/build/runTest.js:367:16)
    at runTest (/Users/st/workspace_ai/PagePouch/node_modules/jest-runner/build/runTest.js:444:34)
    at Object.worker (/Users/st/workspace_ai/PagePouch/node_modules/jest-runner/build/testWorker.js:106:12)]]></failure>
    </testCase>
    <testCase name="Localization Functions HTML Template Localization should create localized HTML from template" duration="0">
      <failure message="ReferenceError: createLocalizedHTML is not defined"><![CDATA[ReferenceError: createLocalizedHTML is not defined
    at Object.createLocalizedHTML (/Users/st/workspace_ai/PagePouch/tests/i18n.test.js:274:28)
    at Promise.then.completed (/Users/st/workspace_ai/PagePouch/node_modules/jest-circus/build/utils.js:298:28)
    at new Promise (<anonymous>)
    at callAsyncCircusFn (/Users/st/workspace_ai/PagePouch/node_modules/jest-circus/build/utils.js:231:10)
    at _callCircusTest (/Users/st/workspace_ai/PagePouch/node_modules/jest-circus/build/run.js:316:40)
    at processTicksAndRejections (node:internal/process/task_queues:105:5)
    at _runTest (/Users/st/workspace_ai/PagePouch/node_modules/jest-circus/build/run.js:252:3)
    at _runTestsForDescribeBlock (/Users/st/workspace_ai/PagePouch/node_modules/jest-circus/build/run.js:126:9)
    at _runTestsForDescribeBlock (/Users/st/workspace_ai/PagePouch/node_modules/jest-circus/build/run.js:121:9)
    at _runTestsForDescribeBlock (/Users/st/workspace_ai/PagePouch/node_modules/jest-circus/build/run.js:121:9)
    at run (/Users/st/workspace_ai/PagePouch/node_modules/jest-circus/build/run.js:71:3)
    at runAndTransformResultsToJestFormat (/Users/st/workspace_ai/PagePouch/node_modules/jest-circus/build/legacy-code-todo-rewrite/jestAdapterInit.js:122:21)
    at jestAdapter (/Users/st/workspace_ai/PagePouch/node_modules/jest-circus/build/legacy-code-todo-rewrite/jestAdapter.js:79:19)
    at runTestInternal (/Users/st/workspace_ai/PagePouch/node_modules/jest-runner/build/runTest.js:367:16)
    at runTest (/Users/st/workspace_ai/PagePouch/node_modules/jest-runner/build/runTest.js:444:34)
    at Object.worker (/Users/st/workspace_ai/PagePouch/node_modules/jest-runner/build/testWorker.js:106:12)]]></failure>
    </testCase>
    <testCase name="Localization Functions Select Options Localization should localize select options" duration="1">
      <failure message="ReferenceError: localizeSelectOptions is not defined"><![CDATA[ReferenceError: localizeSelectOptions is not defined
    at Object.localizeSelectOptions (/Users/st/workspace_ai/PagePouch/tests/i18n.test.js:298:13)
    at Promise.then.completed (/Users/st/workspace_ai/PagePouch/node_modules/jest-circus/build/utils.js:298:28)
    at new Promise (<anonymous>)
    at callAsyncCircusFn (/Users/st/workspace_ai/PagePouch/node_modules/jest-circus/build/utils.js:231:10)
    at _callCircusTest (/Users/st/workspace_ai/PagePouch/node_modules/jest-circus/build/run.js:316:40)
    at processTicksAndRejections (node:internal/process/task_queues:105:5)
    at _runTest (/Users/st/workspace_ai/PagePouch/node_modules/jest-circus/build/run.js:252:3)
    at _runTestsForDescribeBlock (/Users/st/workspace_ai/PagePouch/node_modules/jest-circus/build/run.js:126:9)
    at _runTestsForDescribeBlock (/Users/st/workspace_ai/PagePouch/node_modules/jest-circus/build/run.js:121:9)
    at _runTestsForDescribeBlock (/Users/st/workspace_ai/PagePouch/node_modules/jest-circus/build/run.js:121:9)
    at run (/Users/st/workspace_ai/PagePouch/node_modules/jest-circus/build/run.js:71:3)
    at runAndTransformResultsToJestFormat (/Users/st/workspace_ai/PagePouch/node_modules/jest-circus/build/legacy-code-todo-rewrite/jestAdapterInit.js:122:21)
    at jestAdapter (/Users/st/workspace_ai/PagePouch/node_modules/jest-circus/build/legacy-code-todo-rewrite/jestAdapter.js:79:19)
    at runTestInternal (/Users/st/workspace_ai/PagePouch/node_modules/jest-runner/build/runTest.js:367:16)
    at runTest (/Users/st/workspace_ai/PagePouch/node_modules/jest-runner/build/runTest.js:444:34)
    at Object.worker (/Users/st/workspace_ai/PagePouch/node_modules/jest-runner/build/testWorker.js:106:12)]]></failure>
    </testCase>
    <testCase name="Localization Functions Error Message Localization should return localized error messages" duration="1">
      <failure message="ReferenceError: getLocalizedErrorMessage is not defined"><![CDATA[ReferenceError: getLocalizedErrorMessage is not defined
    at Object.expect (/Users/st/workspace_ai/PagePouch/tests/i18n.test.js:310:13)
    at Promise.then.completed (/Users/st/workspace_ai/PagePouch/node_modules/jest-circus/build/utils.js:298:28)
    at new Promise (<anonymous>)
    at callAsyncCircusFn (/Users/st/workspace_ai/PagePouch/node_modules/jest-circus/build/utils.js:231:10)
    at _callCircusTest (/Users/st/workspace_ai/PagePouch/node_modules/jest-circus/build/run.js:316:40)
    at processTicksAndRejections (node:internal/process/task_queues:105:5)
    at _runTest (/Users/st/workspace_ai/PagePouch/node_modules/jest-circus/build/run.js:252:3)
    at _runTestsForDescribeBlock (/Users/st/workspace_ai/PagePouch/node_modules/jest-circus/build/run.js:126:9)
    at _runTestsForDescribeBlock (/Users/st/workspace_ai/PagePouch/node_modules/jest-circus/build/run.js:121:9)
    at _runTestsForDescribeBlock (/Users/st/workspace_ai/PagePouch/node_modules/jest-circus/build/run.js:121:9)
    at run (/Users/st/workspace_ai/PagePouch/node_modules/jest-circus/build/run.js:71:3)
    at runAndTransformResultsToJestFormat (/Users/st/workspace_ai/PagePouch/node_modules/jest-circus/build/legacy-code-todo-rewrite/jestAdapterInit.js:122:21)
    at jestAdapter (/Users/st/workspace_ai/PagePouch/node_modules/jest-circus/build/legacy-code-todo-rewrite/jestAdapter.js:79:19)
    at runTestInternal (/Users/st/workspace_ai/PagePouch/node_modules/jest-runner/build/runTest.js:367:16)
    at runTest (/Users/st/workspace_ai/PagePouch/node_modules/jest-runner/build/runTest.js:444:34)
    at Object.worker (/Users/st/workspace_ai/PagePouch/node_modules/jest-runner/build/testWorker.js:106:12)]]></failure>
    </testCase>
    <testCase name="Localization Functions Error Message Localization should include error details when provided" duration="0">
      <failure message="ReferenceError: getLocalizedErrorMessage is not defined"><![CDATA[ReferenceError: getLocalizedErrorMessage is not defined
    at Object.getLocalizedErrorMessage (/Users/st/workspace_ai/PagePouch/tests/i18n.test.js:317:34)
    at Promise.then.completed (/Users/st/workspace_ai/PagePouch/node_modules/jest-circus/build/utils.js:298:28)
    at new Promise (<anonymous>)
    at callAsyncCircusFn (/Users/st/workspace_ai/PagePouch/node_modules/jest-circus/build/utils.js:231:10)
    at _callCircusTest (/Users/st/workspace_ai/PagePouch/node_modules/jest-circus/build/run.js:316:40)
    at processTicksAndRejections (node:internal/process/task_queues:105:5)
    at _runTest (/Users/st/workspace_ai/PagePouch/node_modules/jest-circus/build/run.js:252:3)
    at _runTestsForDescribeBlock (/Users/st/workspace_ai/PagePouch/node_modules/jest-circus/build/run.js:126:9)
    at _runTestsForDescribeBlock (/Users/st/workspace_ai/PagePouch/node_modules/jest-circus/build/run.js:121:9)
    at _runTestsForDescribeBlock (/Users/st/workspace_ai/PagePouch/node_modules/jest-circus/build/run.js:121:9)
    at run (/Users/st/workspace_ai/PagePouch/node_modules/jest-circus/build/run.js:71:3)
    at runAndTransformResultsToJestFormat (/Users/st/workspace_ai/PagePouch/node_modules/jest-circus/build/legacy-code-todo-rewrite/jestAdapterInit.js:122:21)
    at jestAdapter (/Users/st/workspace_ai/PagePouch/node_modules/jest-circus/build/legacy-code-todo-rewrite/jestAdapter.js:79:19)
    at runTestInternal (/Users/st/workspace_ai/PagePouch/node_modules/jest-runner/build/runTest.js:367:16)
    at runTest (/Users/st/workspace_ai/PagePouch/node_modules/jest-runner/build/runTest.js:444:34)
    at Object.worker (/Users/st/workspace_ai/PagePouch/node_modules/jest-runner/build/testWorker.js:106:12)]]></failure>
    </testCase>
    <testCase name="Localization Functions Language Detection Helpers should detect current language correctly" duration="0">
      <failure message="ReferenceError: getCurrentLanguage is not defined"><![CDATA[ReferenceError: getCurrentLanguage is not defined
    at Object.expect (/Users/st/workspace_ai/PagePouch/tests/i18n.test.js:326:13)
    at Promise.then.completed (/Users/st/workspace_ai/PagePouch/node_modules/jest-circus/build/utils.js:298:28)
    at new Promise (<anonymous>)
    at callAsyncCircusFn (/Users/st/workspace_ai/PagePouch/node_modules/jest-circus/build/utils.js:231:10)
    at _callCircusTest (/Users/st/workspace_ai/PagePouch/node_modules/jest-circus/build/run.js:316:40)
    at processTicksAndRejections (node:internal/process/task_queues:105:5)
    at _runTest (/Users/st/workspace_ai/PagePouch/node_modules/jest-circus/build/run.js:252:3)
    at _runTestsForDescribeBlock (/Users/st/workspace_ai/PagePouch/node_modules/jest-circus/build/run.js:126:9)
    at _runTestsForDescribeBlock (/Users/st/workspace_ai/PagePouch/node_modules/jest-circus/build/run.js:121:9)
    at _runTestsForDescribeBlock (/Users/st/workspace_ai/PagePouch/node_modules/jest-circus/build/run.js:121:9)
    at run (/Users/st/workspace_ai/PagePouch/node_modules/jest-circus/build/run.js:71:3)
    at runAndTransformResultsToJestFormat (/Users/st/workspace_ai/PagePouch/node_modules/jest-circus/build/legacy-code-todo-rewrite/jestAdapterInit.js:122:21)
    at jestAdapter (/Users/st/workspace_ai/PagePouch/node_modules/jest-circus/build/legacy-code-todo-rewrite/jestAdapter.js:79:19)
    at runTestInternal (/Users/st/workspace_ai/PagePouch/node_modules/jest-runner/build/runTest.js:367:16)
    at runTest (/Users/st/workspace_ai/PagePouch/node_modules/jest-runner/build/runTest.js:444:34)
    at Object.worker (/Users/st/workspace_ai/PagePouch/node_modules/jest-runner/build/testWorker.js:106:12)]]></failure>
    </testCase>
    <testCase name="Date and Number Formatting should format dates according to locale" duration="1">
      <failure message="ReferenceError: formatDate is not defined"><![CDATA[ReferenceError: formatDate is not defined
    at Object.formatDate (/Users/st/workspace_ai/PagePouch/tests/i18n.test.js:351:27)
    at Promise.then.completed (/Users/st/workspace_ai/PagePouch/node_modules/jest-circus/build/utils.js:298:28)
    at new Promise (<anonymous>)
    at callAsyncCircusFn (/Users/st/workspace_ai/PagePouch/node_modules/jest-circus/build/utils.js:231:10)
    at _callCircusTest (/Users/st/workspace_ai/PagePouch/node_modules/jest-circus/build/run.js:316:40)
    at processTicksAndRejections (node:internal/process/task_queues:105:5)
    at _runTest (/Users/st/workspace_ai/PagePouch/node_modules/jest-circus/build/run.js:252:3)
    at _runTestsForDescribeBlock (/Users/st/workspace_ai/PagePouch/node_modules/jest-circus/build/run.js:126:9)
    at _runTestsForDescribeBlock (/Users/st/workspace_ai/PagePouch/node_modules/jest-circus/build/run.js:121:9)
    at run (/Users/st/workspace_ai/PagePouch/node_modules/jest-circus/build/run.js:71:3)
    at runAndTransformResultsToJestFormat (/Users/st/workspace_ai/PagePouch/node_modules/jest-circus/build/legacy-code-todo-rewrite/jestAdapterInit.js:122:21)
    at jestAdapter (/Users/st/workspace_ai/PagePouch/node_modules/jest-circus/build/legacy-code-todo-rewrite/jestAdapter.js:79:19)
    at runTestInternal (/Users/st/workspace_ai/PagePouch/node_modules/jest-runner/build/runTest.js:367:16)
    at runTest (/Users/st/workspace_ai/PagePouch/node_modules/jest-runner/build/runTest.js:444:34)
    at Object.worker (/Users/st/workspace_ai/PagePouch/node_modules/jest-runner/build/testWorker.js:106:12)]]></failure>
    </testCase>
    <testCase name="Date and Number Formatting should format numbers according to locale" duration="0">
      <failure message="ReferenceError: formatNumber is not defined"><![CDATA[ReferenceError: formatNumber is not defined
    at Object.formatNumber (/Users/st/workspace_ai/PagePouch/tests/i18n.test.js:359:27)
    at Promise.then.completed (/Users/st/workspace_ai/PagePouch/node_modules/jest-circus/build/utils.js:298:28)
    at new Promise (<anonymous>)
    at callAsyncCircusFn (/Users/st/workspace_ai/PagePouch/node_modules/jest-circus/build/utils.js:231:10)
    at _callCircusTest (/Users/st/workspace_ai/PagePouch/node_modules/jest-circus/build/run.js:316:40)
    at processTicksAndRejections (node:internal/process/task_queues:105:5)
    at _runTest (/Users/st/workspace_ai/PagePouch/node_modules/jest-circus/build/run.js:252:3)
    at _runTestsForDescribeBlock (/Users/st/workspace_ai/PagePouch/node_modules/jest-circus/build/run.js:126:9)
    at _runTestsForDescribeBlock (/Users/st/workspace_ai/PagePouch/node_modules/jest-circus/build/run.js:121:9)
    at run (/Users/st/workspace_ai/PagePouch/node_modules/jest-circus/build/run.js:71:3)
    at runAndTransformResultsToJestFormat (/Users/st/workspace_ai/PagePouch/node_modules/jest-circus/build/legacy-code-todo-rewrite/jestAdapterInit.js:122:21)
    at jestAdapter (/Users/st/workspace_ai/PagePouch/node_modules/jest-circus/build/legacy-code-todo-rewrite/jestAdapter.js:79:19)
    at runTestInternal (/Users/st/workspace_ai/PagePouch/node_modules/jest-runner/build/runTest.js:367:16)
    at runTest (/Users/st/workspace_ai/PagePouch/node_modules/jest-runner/build/runTest.js:444:34)
    at Object.worker (/Users/st/workspace_ai/PagePouch/node_modules/jest-runner/build/testWorker.js:106:12)]]></failure>
    </testCase>
    <testCase name="Date and Number Formatting should format relative time" duration="0">
      <failure message="ReferenceError: formatRelativeTime is not defined"><![CDATA[ReferenceError: formatRelativeTime is not defined
    at Object.formatRelativeTime (/Users/st/workspace_ai/PagePouch/tests/i18n.test.js:367:27)
    at Promise.then.completed (/Users/st/workspace_ai/PagePouch/node_modules/jest-circus/build/utils.js:298:28)
    at new Promise (<anonymous>)
    at callAsyncCircusFn (/Users/st/workspace_ai/PagePouch/node_modules/jest-circus/build/utils.js:231:10)
    at _callCircusTest (/Users/st/workspace_ai/PagePouch/node_modules/jest-circus/build/run.js:316:40)
    at processTicksAndRejections (node:internal/process/task_queues:105:5)
    at _runTest (/Users/st/workspace_ai/PagePouch/node_modules/jest-circus/build/run.js:252:3)
    at _runTestsForDescribeBlock (/Users/st/workspace_ai/PagePouch/node_modules/jest-circus/build/run.js:126:9)
    at _runTestsForDescribeBlock (/Users/st/workspace_ai/PagePouch/node_modules/jest-circus/build/run.js:121:9)
    at run (/Users/st/workspace_ai/PagePouch/node_modules/jest-circus/build/run.js:71:3)
    at runAndTransformResultsToJestFormat (/Users/st/workspace_ai/PagePouch/node_modules/jest-circus/build/legacy-code-todo-rewrite/jestAdapterInit.js:122:21)
    at jestAdapter (/Users/st/workspace_ai/PagePouch/node_modules/jest-circus/build/legacy-code-todo-rewrite/jestAdapter.js:79:19)
    at runTestInternal (/Users/st/workspace_ai/PagePouch/node_modules/jest-runner/build/runTest.js:367:16)
    at runTest (/Users/st/workspace_ai/PagePouch/node_modules/jest-runner/build/runTest.js:444:34)
    at Object.worker (/Users/st/workspace_ai/PagePouch/node_modules/jest-runner/build/testWorker.js:106:12)]]></failure>
    </testCase>
  </file>
  <file path="/Users/st/workspace_ai/PagePouch/tests/lifecycle-management.test.js">
    <testCase name="ExtensionLifecycleManager Installation Handling should handle first-time installation" duration="101">
      <failure message="Error: expect(received).toBeTruthy()"><![CDATA[Error: expect(received).toBeTruthy()

Received: null
    at Object.toBeTruthy (/Users/st/workspace_ai/PagePouch/tests/lifecycle-management.test.js:407:50)
    at processTicksAndRejections (node:internal/process/task_queues:105:5)]]></failure>
    </testCase>
    <testCase name="ExtensionLifecycleManager Installation Handling should handle extension updates" duration="42">
      <failure message="Error: expect(received).toBeTruthy()"><![CDATA[Error: expect(received).toBeTruthy()

Received: null
    at Object.toBeTruthy (/Users/st/workspace_ai/PagePouch/tests/lifecycle-management.test.js:423:53)
    at processTicksAndRejections (node:internal/process/task_queues:105:5)]]></failure>
    </testCase>
    <testCase name="ExtensionLifecycleManager Installation Handling should handle Chrome updates" duration="1">
      <failure message="Error: expect(received).toBeTruthy()"><![CDATA[Error: expect(received).toBeTruthy()

Received: null
    at Object.toBeTruthy (/Users/st/workspace_ai/PagePouch/tests/lifecycle-management.test.js:432:50)
    at processTicksAndRejections (node:internal/process/task_queues:105:5)]]></failure>
    </testCase>
    <testCase name="ExtensionLifecycleManager Installation Handling should handle shared module updates" duration="0">
      <failure message="Error: expect(received).toBeTruthy()"><![CDATA[Error: expect(received).toBeTruthy()

Received: null
    at Object.toBeTruthy (/Users/st/workspace_ai/PagePouch/tests/lifecycle-management.test.js:440:50)
    at processTicksAndRejections (node:internal/process/task_queues:105:5)]]></failure>
    </testCase>
    <testCase name="ExtensionLifecycleManager Installation Handling should handle installation errors gracefully" duration="0">
      <failure message="Error: expect(received).toBeGreaterThan(expected)"><![CDATA[Error: expect(received).toBeGreaterThan(expected)

Expected: > 0
Received:   0
    at Object.toBeGreaterThan (/Users/st/workspace_ai/PagePouch/tests/lifecycle-management.test.js:449:49)
    at processTicksAndRejections (node:internal/process/task_queues:105:5)]]></failure>
    </testCase>
    <testCase name="ExtensionLifecycleManager Service Worker Lifecycle should handle startup correctly" duration="0"/>
    <testCase name="ExtensionLifecycleManager Service Worker Lifecycle should handle suspend correctly" duration="0"/>
    <testCase name="ExtensionLifecycleManager Service Worker Lifecycle should handle suspend cancellation" duration="0"/>
    <testCase name="ExtensionLifecycleManager Error Handling should handle unhandled promise rejections" duration="2">
      <failure message="Error: expect(received).toBe(expected) // Object.is equality"><![CDATA[Error: expect(received).toBe(expected) // Object.is equality

Expected: 1
Received: 0
    at Object.toBe (/Users/st/workspace_ai/PagePouch/tests/lifecycle-management.test.js:487:49)
    at processTicksAndRejections (node:internal/process/task_queues:105:5)]]></failure>
    </testCase>
    <testCase name="ExtensionLifecycleManager Error Handling should handle uncaught errors" duration="1">
      <failure message="Error: expect(received).toBe(expected) // Object.is equality"><![CDATA[Error: expect(received).toBe(expected) // Object.is equality

Expected: 1
Received: 0
    at Object.toBe (/Users/st/workspace_ai/PagePouch/tests/lifecycle-management.test.js:499:49)
    at processTicksAndRejections (node:internal/process/task_queues:105:5)]]></failure>
    </testCase>
    <testCase name="ExtensionLifecycleManager Error Handling should attempt recovery on errors" duration="0">
      <failure message="Error: Settings error"><![CDATA[Error: Settings error
    at Object.<anonymous> (/Users/st/workspace_ai/PagePouch/tests/lifecycle-management.test.js:445:57)
    at Promise.then.completed (/Users/st/workspace_ai/PagePouch/node_modules/jest-circus/build/utils.js:298:28)
    at new Promise (<anonymous>)
    at callAsyncCircusFn (/Users/st/workspace_ai/PagePouch/node_modules/jest-circus/build/utils.js:231:10)
    at _callCircusTest (/Users/st/workspace_ai/PagePouch/node_modules/jest-circus/build/run.js:316:40)
    at processTicksAndRejections (node:internal/process/task_queues:105:5)
    at _runTest (/Users/st/workspace_ai/PagePouch/node_modules/jest-circus/build/run.js:252:3)
    at _runTestsForDescribeBlock (/Users/st/workspace_ai/PagePouch/node_modules/jest-circus/build/run.js:126:9)
    at _runTestsForDescribeBlock (/Users/st/workspace_ai/PagePouch/node_modules/jest-circus/build/run.js:121:9)
    at _runTestsForDescribeBlock (/Users/st/workspace_ai/PagePouch/node_modules/jest-circus/build/run.js:121:9)
    at run (/Users/st/workspace_ai/PagePouch/node_modules/jest-circus/build/run.js:71:3)
    at runAndTransformResultsToJestFormat (/Users/st/workspace_ai/PagePouch/node_modules/jest-circus/build/legacy-code-todo-rewrite/jestAdapterInit.js:122:21)
    at jestAdapter (/Users/st/workspace_ai/PagePouch/node_modules/jest-circus/build/legacy-code-todo-rewrite/jestAdapter.js:79:19)
    at runTestInternal (/Users/st/workspace_ai/PagePouch/node_modules/jest-runner/build/runTest.js:367:16)
    at runTest (/Users/st/workspace_ai/PagePouch/node_modules/jest-runner/build/runTest.js:444:34)
    at Object.worker (/Users/st/workspace_ai/PagePouch/node_modules/jest-runner/build/testWorker.js:106:12)]]></failure>
    </testCase>
    <testCase name="ExtensionLifecycleManager Error Handling should perform emergency reset after max recovery attempts" duration="3">
      <failure message="Error: expect(jest.fn()).toHaveBeenCalled()"><![CDATA[Error: expect(jest.fn()).toHaveBeenCalled()

Expected number of calls: >= 1
Received number of calls:    0
    at Object.toHaveBeenCalled (/Users/st/workspace_ai/PagePouch/tests/lifecycle-management.test.js:520:48)
    at processTicksAndRejections (node:internal/process/task_queues:105:5)]]></failure>
    </testCase>
    <testCase name="ExtensionLifecycleManager Health Monitoring should initialize health monitoring" duration="0"/>
    <testCase name="ExtensionLifecycleManager Health Monitoring should stop health monitoring" duration="1"/>
    <testCase name="ExtensionLifecycleManager Health Monitoring should perform health checks" duration="0"/>
    <testCase name="ExtensionLifecycleManager Health Monitoring should detect high memory usage" duration="0">
      <failure message="Error: expect(received).toBeGreaterThan(expected)"><![CDATA[Error: expect(received).toBeGreaterThan(expected)

Expected: > 0
Received:   0
    at Object.toBeGreaterThan (/Users/st/workspace_ai/PagePouch/tests/lifecycle-management.test.js:554:49)
    at processTicksAndRejections (node:internal/process/task_queues:105:5)]]></failure>
    </testCase>
    <testCase name="ExtensionLifecycleManager Health Monitoring should detect high error count" duration="26">
      <failure message="Error: expect(received).toBeGreaterThan(expected)"><![CDATA[Error: expect(received).toBeGreaterThan(expected)

Expected: > 0
Received:   0
    at Object.toBeGreaterThan (/Users/st/workspace_ai/PagePouch/tests/lifecycle-management.test.js:562:55)
    at processTicksAndRejections (node:internal/process/task_queues:105:5)]]></failure>
    </testCase>
    <testCase name="ExtensionLifecycleManager Health Monitoring should limit memory usage metrics" duration="0"/>
    <testCase name="ExtensionLifecycleManager Recovery Strategies should recover from storage errors" duration="0">
      <failure message="Error: Settings error"><![CDATA[Error: Settings error
    at Object.<anonymous> (/Users/st/workspace_ai/PagePouch/tests/lifecycle-management.test.js:445:57)
    at Promise.then.completed (/Users/st/workspace_ai/PagePouch/node_modules/jest-circus/build/utils.js:298:28)
    at new Promise (<anonymous>)
    at callAsyncCircusFn (/Users/st/workspace_ai/PagePouch/node_modules/jest-circus/build/utils.js:231:10)
    at _callCircusTest (/Users/st/workspace_ai/PagePouch/node_modules/jest-circus/build/run.js:316:40)
    at processTicksAndRejections (node:internal/process/task_queues:105:5)
    at _runTest (/Users/st/workspace_ai/PagePouch/node_modules/jest-circus/build/run.js:252:3)
    at _runTestsForDescribeBlock (/Users/st/workspace_ai/PagePouch/node_modules/jest-circus/build/run.js:126:9)
    at _runTestsForDescribeBlock (/Users/st/workspace_ai/PagePouch/node_modules/jest-circus/build/run.js:121:9)
    at _runTestsForDescribeBlock (/Users/st/workspace_ai/PagePouch/node_modules/jest-circus/build/run.js:121:9)
    at run (/Users/st/workspace_ai/PagePouch/node_modules/jest-circus/build/run.js:71:3)
    at runAndTransformResultsToJestFormat (/Users/st/workspace_ai/PagePouch/node_modules/jest-circus/build/legacy-code-todo-rewrite/jestAdapterInit.js:122:21)
    at jestAdapter (/Users/st/workspace_ai/PagePouch/node_modules/jest-circus/build/legacy-code-todo-rewrite/jestAdapter.js:79:19)
    at runTestInternal (/Users/st/workspace_ai/PagePouch/node_modules/jest-runner/build/runTest.js:367:16)
    at runTest (/Users/st/workspace_ai/PagePouch/node_modules/jest-runner/build/runTest.js:444:34)
    at Object.worker (/Users/st/workspace_ai/PagePouch/node_modules/jest-runner/build/testWorker.js:106:12)]]></failure>
    </testCase>
    <testCase name="ExtensionLifecycleManager Recovery Strategies should recover from API errors" duration="4">
      <failure message="Error: expect(jest.fn()).toHaveBeenCalledWith(...expected)"><![CDATA[Error: expect(jest.fn()).toHaveBeenCalledWith(...expected)

Expected: {"_apiErrorRecovery": true, "enableAISummary": false}

Number of calls: 0
    at Object.toHaveBeenCalledWith (/Users/st/workspace_ai/PagePouch/tests/lifecycle-management.test.js:599:54)
    at processTicksAndRejections (node:internal/process/task_queues:105:5)]]></failure>
    </testCase>
    <testCase name="ExtensionLifecycleManager Recovery Strategies should recover from memory errors" duration="0"/>
    <testCase name="ExtensionLifecycleManager Recovery Strategies should perform generic recovery" duration="0"/>
    <testCase name="ExtensionLifecycleManager Metrics and Analytics should record lifecycle events" duration="0"/>
    <testCase name="ExtensionLifecycleManager Metrics and Analytics should record installation analytics" duration="0">
      <failure message="TypeError: chrome.runtime.getManifest is not a function"><![CDATA[TypeError: chrome.runtime.getManifest is not a function
    at ExtensionLifecycleManager.getManifest [as recordInstallationAnalytics] (/Users/st/workspace_ai/PagePouch/tests/lifecycle-management.test.js:342:37)
    at Object.recordInstallationAnalytics (/Users/st/workspace_ai/PagePouch/tests/lifecycle-management.test.js:634:36)
    at Promise.then.completed (/Users/st/workspace_ai/PagePouch/node_modules/jest-circus/build/utils.js:298:28)
    at new Promise (<anonymous>)
    at callAsyncCircusFn (/Users/st/workspace_ai/PagePouch/node_modules/jest-circus/build/utils.js:231:10)
    at _callCircusTest (/Users/st/workspace_ai/PagePouch/node_modules/jest-circus/build/run.js:316:40)
    at processTicksAndRejections (node:internal/process/task_queues:105:5)
    at _runTest (/Users/st/workspace_ai/PagePouch/node_modules/jest-circus/build/run.js:252:3)
    at _runTestsForDescribeBlock (/Users/st/workspace_ai/PagePouch/node_modules/jest-circus/build/run.js:126:9)
    at _runTestsForDescribeBlock (/Users/st/workspace_ai/PagePouch/node_modules/jest-circus/build/run.js:121:9)
    at _runTestsForDescribeBlock (/Users/st/workspace_ai/PagePouch/node_modules/jest-circus/build/run.js:121:9)
    at run (/Users/st/workspace_ai/PagePouch/node_modules/jest-circus/build/run.js:71:3)
    at runAndTransformResultsToJestFormat (/Users/st/workspace_ai/PagePouch/node_modules/jest-circus/build/legacy-code-todo-rewrite/jestAdapterInit.js:122:21)
    at jestAdapter (/Users/st/workspace_ai/PagePouch/node_modules/jest-circus/build/legacy-code-todo-rewrite/jestAdapter.js:79:19)
    at runTestInternal (/Users/st/workspace_ai/PagePouch/node_modules/jest-runner/build/runTest.js:367:16)
    at runTest (/Users/st/workspace_ai/PagePouch/node_modules/jest-runner/build/runTest.js:444:34)
    at Object.worker (/Users/st/workspace_ai/PagePouch/node_modules/jest-runner/build/testWorker.js:106:12)]]></failure>
    </testCase>
    <testCase name="ExtensionLifecycleManager Metrics and Analytics should log errors with metrics" duration="1"/>
    <testCase name="ExtensionLifecycleManager Metrics and Analytics should save lifecycle metrics" duration="0"/>
    <testCase name="ExtensionLifecycleManager Metrics and Analytics should cleanup old metrics" duration="1"/>
    <testCase name="ExtensionLifecycleManager Integration Tests should handle complete lifecycle flow" duration="0">
      <failure message="Error: expect(received).toBeTruthy()"><![CDATA[Error: expect(received).toBeTruthy()

Received: null
    at Object.toBeTruthy (/Users/st/workspace_ai/PagePouch/tests/lifecycle-management.test.js:688:50)
    at processTicksAndRejections (node:internal/process/task_queues:105:5)]]></failure>
    </testCase>
    <testCase name="ExtensionLifecycleManager Integration Tests should maintain state consistency" duration="0">
      <failure message="Error: expect(received).toBe(expected) // Object.is equality"><![CDATA[Error: expect(received).toBe(expected) // Object.is equality

Expected: 1
Received: 0
    at Object.toBe (/Users/st/workspace_ai/PagePouch/tests/lifecycle-management.test.js:713:49)
    at processTicksAndRejections (node:internal/process/task_queues:105:5)]]></failure>
    </testCase>
    <testCase name="ExtensionLifecycleManager Integration Tests should handle concurrent operations" duration="1">
      <failure message="Error: expect(received).toBe(expected) // Object.is equality"><![CDATA[Error: expect(received).toBe(expected) // Object.is equality

Expected: 2
Received: 0
    at Object.toBe (/Users/st/workspace_ai/PagePouch/tests/lifecycle-management.test.js:727:49)
    at processTicksAndRejections (node:internal/process/task_queues:105:5)]]></failure>
    </testCase>
  </file>
  <file path="/Users/st/workspace_ai/PagePouch/tests/message-router.test.js">
    <testCase name="MessageRouter Handler Registration should register handlers correctly" duration="91"/>
    <testCase name="MessageRouter Handler Registration should allow custom handler registration" duration="1"/>
    <testCase name="MessageRouter Middleware System should execute middleware in order" duration="1"/>
    <testCase name="MessageRouter Middleware System should handle middleware errors" duration="49"/>
    <testCase name="MessageRouter Request Validation should reject messages without action" duration="0"/>
    <testCase name="MessageRouter Request Validation should reject unknown actions" duration="1"/>
    <testCase name="MessageRouter Request Validation should accept valid messages" duration="0"/>
    <testCase name="MessageRouter Rate Limiting should allow requests under rate limit" duration="0"/>
    <testCase name="MessageRouter Rate Limiting should block requests over rate limit" duration="1"/>
    <testCase name="MessageRouter Rate Limiting should reset rate limits after time window" duration="0">
      <failure message="Error: Rate limit exceeded"><![CDATA[Error: Rate limit exceeded
    at /Users/st/workspace_ai/PagePouch/tests/message-router.test.js:111:23
    at middleware (/Users/st/workspace_ai/PagePouch/tests/message-router.test.js:161:30)
    at next (/Users/st/workspace_ai/PagePouch/tests/message-router.test.js:95:38)
    at middleware (/Users/st/workspace_ai/PagePouch/tests/message-router.test.js:161:30)
    at MessageRouter.next [as processMessage] (/Users/st/workspace_ai/PagePouch/tests/message-router.test.js:168:22)
    at Object.processMessage (/Users/st/workspace_ai/PagePouch/tests/message-router.test.js:363:48)
    at processTicksAndRejections (node:internal/process/task_queues:105:5)]]></failure>
    </testCase>
    <testCase name="MessageRouter Request Tracking should track active requests" duration="102"/>
    <testCase name="MessageRouter Request Tracking should track requests by tab" duration="51"/>
    <testCase name="MessageRouter System Information should provide system information" duration="0"/>
    <testCase name="MessageRouter Error Handling should handle handler errors gracefully" duration="1"/>
    <testCase name="MessageRouter Error Handling should provide meaningful error messages" duration="0"/>
    <testCase name="PageSaveOrchestrator Successful Page Save should complete all steps successfully" duration="1">
      <failure message="TypeError: Cannot read properties of undefined (reading &apos;mockResolvedValue&apos;)"><![CDATA[TypeError: Cannot read properties of undefined (reading 'mockResolvedValue')
    at Object.mockResolvedValue (/Users/st/workspace_ai/PagePouch/tests/message-router.test.js:597:25)
    at Promise.then.completed (/Users/st/workspace_ai/PagePouch/node_modules/jest-circus/build/utils.js:298:28)
    at new Promise (<anonymous>)
    at callAsyncCircusFn (/Users/st/workspace_ai/PagePouch/node_modules/jest-circus/build/utils.js:231:10)
    at _callCircusHook (/Users/st/workspace_ai/PagePouch/node_modules/jest-circus/build/run.js:281:40)
    at _runTest (/Users/st/workspace_ai/PagePouch/node_modules/jest-circus/build/run.js:246:5)
    at _runTestsForDescribeBlock (/Users/st/workspace_ai/PagePouch/node_modules/jest-circus/build/run.js:126:9)
    at _runTestsForDescribeBlock (/Users/st/workspace_ai/PagePouch/node_modules/jest-circus/build/run.js:121:9)
    at _runTestsForDescribeBlock (/Users/st/workspace_ai/PagePouch/node_modules/jest-circus/build/run.js:121:9)
    at run (/Users/st/workspace_ai/PagePouch/node_modules/jest-circus/build/run.js:71:3)
    at runAndTransformResultsToJestFormat (/Users/st/workspace_ai/PagePouch/node_modules/jest-circus/build/legacy-code-todo-rewrite/jestAdapterInit.js:122:21)
    at jestAdapter (/Users/st/workspace_ai/PagePouch/node_modules/jest-circus/build/legacy-code-todo-rewrite/jestAdapter.js:79:19)
    at runTestInternal (/Users/st/workspace_ai/PagePouch/node_modules/jest-runner/build/runTest.js:367:16)
    at runTest (/Users/st/workspace_ai/PagePouch/node_modules/jest-runner/build/runTest.js:444:34)
    at Object.worker (/Users/st/workspace_ai/PagePouch/node_modules/jest-runner/build/testWorker.js:106:12)]]></failure>
    </testCase>
    <testCase name="PageSaveOrchestrator Successful Page Save should provide timing information" duration="0">
      <failure message="TypeError: Cannot read properties of undefined (reading &apos;mockResolvedValue&apos;)"><![CDATA[TypeError: Cannot read properties of undefined (reading 'mockResolvedValue')
    at Object.mockResolvedValue (/Users/st/workspace_ai/PagePouch/tests/message-router.test.js:597:25)
    at Promise.then.completed (/Users/st/workspace_ai/PagePouch/node_modules/jest-circus/build/utils.js:298:28)
    at new Promise (<anonymous>)
    at callAsyncCircusFn (/Users/st/workspace_ai/PagePouch/node_modules/jest-circus/build/utils.js:231:10)
    at _callCircusHook (/Users/st/workspace_ai/PagePouch/node_modules/jest-circus/build/run.js:281:40)
    at _runTest (/Users/st/workspace_ai/PagePouch/node_modules/jest-circus/build/run.js:246:5)
    at _runTestsForDescribeBlock (/Users/st/workspace_ai/PagePouch/node_modules/jest-circus/build/run.js:126:9)
    at _runTestsForDescribeBlock (/Users/st/workspace_ai/PagePouch/node_modules/jest-circus/build/run.js:121:9)
    at _runTestsForDescribeBlock (/Users/st/workspace_ai/PagePouch/node_modules/jest-circus/build/run.js:121:9)
    at run (/Users/st/workspace_ai/PagePouch/node_modules/jest-circus/build/run.js:71:3)
    at runAndTransformResultsToJestFormat (/Users/st/workspace_ai/PagePouch/node_modules/jest-circus/build/legacy-code-todo-rewrite/jestAdapterInit.js:122:21)
    at jestAdapter (/Users/st/workspace_ai/PagePouch/node_modules/jest-circus/build/legacy-code-todo-rewrite/jestAdapter.js:79:19)
    at runTestInternal (/Users/st/workspace_ai/PagePouch/node_modules/jest-runner/build/runTest.js:367:16)
    at runTest (/Users/st/workspace_ai/PagePouch/node_modules/jest-runner/build/runTest.js:444:34)
    at Object.worker (/Users/st/workspace_ai/PagePouch/node_modules/jest-runner/build/testWorker.js:106:12)]]></failure>
    </testCase>
    <testCase name="PageSaveOrchestrator Successful Page Save should create proper page object" duration="0">
      <failure message="TypeError: Cannot read properties of undefined (reading &apos;mockResolvedValue&apos;)"><![CDATA[TypeError: Cannot read properties of undefined (reading 'mockResolvedValue')
    at Object.mockResolvedValue (/Users/st/workspace_ai/PagePouch/tests/message-router.test.js:597:25)
    at Promise.then.completed (/Users/st/workspace_ai/PagePouch/node_modules/jest-circus/build/utils.js:298:28)
    at new Promise (<anonymous>)
    at callAsyncCircusFn (/Users/st/workspace_ai/PagePouch/node_modules/jest-circus/build/utils.js:231:10)
    at _callCircusHook (/Users/st/workspace_ai/PagePouch/node_modules/jest-circus/build/run.js:281:40)
    at _runTest (/Users/st/workspace_ai/PagePouch/node_modules/jest-circus/build/run.js:246:5)
    at _runTestsForDescribeBlock (/Users/st/workspace_ai/PagePouch/node_modules/jest-circus/build/run.js:126:9)
    at _runTestsForDescribeBlock (/Users/st/workspace_ai/PagePouch/node_modules/jest-circus/build/run.js:121:9)
    at _runTestsForDescribeBlock (/Users/st/workspace_ai/PagePouch/node_modules/jest-circus/build/run.js:121:9)
    at run (/Users/st/workspace_ai/PagePouch/node_modules/jest-circus/build/run.js:71:3)
    at runAndTransformResultsToJestFormat (/Users/st/workspace_ai/PagePouch/node_modules/jest-circus/build/legacy-code-todo-rewrite/jestAdapterInit.js:122:21)
    at jestAdapter (/Users/st/workspace_ai/PagePouch/node_modules/jest-circus/build/legacy-code-todo-rewrite/jestAdapter.js:79:19)
    at runTestInternal (/Users/st/workspace_ai/PagePouch/node_modules/jest-runner/build/runTest.js:367:16)
    at runTest (/Users/st/workspace_ai/PagePouch/node_modules/jest-runner/build/runTest.js:444:34)
    at Object.worker (/Users/st/workspace_ai/PagePouch/node_modules/jest-runner/build/testWorker.js:106:12)]]></failure>
    </testCase>
    <testCase name="PageSaveOrchestrator Error Handling should fail on critical step errors" duration="1">
      <failure message="TypeError: Cannot read properties of undefined (reading &apos;mockResolvedValue&apos;)"><![CDATA[TypeError: Cannot read properties of undefined (reading 'mockResolvedValue')
    at Object.mockResolvedValue (/Users/st/workspace_ai/PagePouch/tests/message-router.test.js:597:25)
    at Promise.then.completed (/Users/st/workspace_ai/PagePouch/node_modules/jest-circus/build/utils.js:298:28)
    at new Promise (<anonymous>)
    at callAsyncCircusFn (/Users/st/workspace_ai/PagePouch/node_modules/jest-circus/build/utils.js:231:10)
    at _callCircusHook (/Users/st/workspace_ai/PagePouch/node_modules/jest-circus/build/run.js:281:40)
    at _runTest (/Users/st/workspace_ai/PagePouch/node_modules/jest-circus/build/run.js:246:5)
    at _runTestsForDescribeBlock (/Users/st/workspace_ai/PagePouch/node_modules/jest-circus/build/run.js:126:9)
    at _runTestsForDescribeBlock (/Users/st/workspace_ai/PagePouch/node_modules/jest-circus/build/run.js:121:9)
    at _runTestsForDescribeBlock (/Users/st/workspace_ai/PagePouch/node_modules/jest-circus/build/run.js:121:9)
    at run (/Users/st/workspace_ai/PagePouch/node_modules/jest-circus/build/run.js:71:3)
    at runAndTransformResultsToJestFormat (/Users/st/workspace_ai/PagePouch/node_modules/jest-circus/build/legacy-code-todo-rewrite/jestAdapterInit.js:122:21)
    at jestAdapter (/Users/st/workspace_ai/PagePouch/node_modules/jest-circus/build/legacy-code-todo-rewrite/jestAdapter.js:79:19)
    at runTestInternal (/Users/st/workspace_ai/PagePouch/node_modules/jest-runner/build/runTest.js:367:16)
    at runTest (/Users/st/workspace_ai/PagePouch/node_modules/jest-runner/build/runTest.js:444:34)
    at Object.worker (/Users/st/workspace_ai/PagePouch/node_modules/jest-runner/build/testWorker.js:106:12)]]></failure>
    </testCase>
    <testCase name="PageSaveOrchestrator Error Handling should continue on non-critical step errors" duration="0">
      <failure message="TypeError: Cannot read properties of undefined (reading &apos;mockResolvedValue&apos;)"><![CDATA[TypeError: Cannot read properties of undefined (reading 'mockResolvedValue')
    at Object.mockResolvedValue (/Users/st/workspace_ai/PagePouch/tests/message-router.test.js:597:25)
    at Promise.then.completed (/Users/st/workspace_ai/PagePouch/node_modules/jest-circus/build/utils.js:298:28)
    at new Promise (<anonymous>)
    at callAsyncCircusFn (/Users/st/workspace_ai/PagePouch/node_modules/jest-circus/build/utils.js:231:10)
    at _callCircusHook (/Users/st/workspace_ai/PagePouch/node_modules/jest-circus/build/run.js:281:40)
    at _runTest (/Users/st/workspace_ai/PagePouch/node_modules/jest-circus/build/run.js:246:5)
    at _runTestsForDescribeBlock (/Users/st/workspace_ai/PagePouch/node_modules/jest-circus/build/run.js:126:9)
    at _runTestsForDescribeBlock (/Users/st/workspace_ai/PagePouch/node_modules/jest-circus/build/run.js:121:9)
    at _runTestsForDescribeBlock (/Users/st/workspace_ai/PagePouch/node_modules/jest-circus/build/run.js:121:9)
    at run (/Users/st/workspace_ai/PagePouch/node_modules/jest-circus/build/run.js:71:3)
    at runAndTransformResultsToJestFormat (/Users/st/workspace_ai/PagePouch/node_modules/jest-circus/build/legacy-code-todo-rewrite/jestAdapterInit.js:122:21)
    at jestAdapter (/Users/st/workspace_ai/PagePouch/node_modules/jest-circus/build/legacy-code-todo-rewrite/jestAdapter.js:79:19)
    at runTestInternal (/Users/st/workspace_ai/PagePouch/node_modules/jest-runner/build/runTest.js:367:16)
    at runTest (/Users/st/workspace_ai/PagePouch/node_modules/jest-runner/build/runTest.js:444:34)
    at Object.worker (/Users/st/workspace_ai/PagePouch/node_modules/jest-runner/build/testWorker.js:106:12)]]></failure>
    </testCase>
    <testCase name="PageSaveOrchestrator Step Execution Order should execute steps in correct order" duration="0">
      <failure message="TypeError: Cannot read properties of undefined (reading &apos;mockResolvedValue&apos;)"><![CDATA[TypeError: Cannot read properties of undefined (reading 'mockResolvedValue')
    at Object.mockResolvedValue (/Users/st/workspace_ai/PagePouch/tests/message-router.test.js:597:25)
    at Promise.then.completed (/Users/st/workspace_ai/PagePouch/node_modules/jest-circus/build/utils.js:298:28)
    at new Promise (<anonymous>)
    at callAsyncCircusFn (/Users/st/workspace_ai/PagePouch/node_modules/jest-circus/build/utils.js:231:10)
    at _callCircusHook (/Users/st/workspace_ai/PagePouch/node_modules/jest-circus/build/run.js:281:40)
    at _runTest (/Users/st/workspace_ai/PagePouch/node_modules/jest-circus/build/run.js:246:5)
    at _runTestsForDescribeBlock (/Users/st/workspace_ai/PagePouch/node_modules/jest-circus/build/run.js:126:9)
    at _runTestsForDescribeBlock (/Users/st/workspace_ai/PagePouch/node_modules/jest-circus/build/run.js:121:9)
    at _runTestsForDescribeBlock (/Users/st/workspace_ai/PagePouch/node_modules/jest-circus/build/run.js:121:9)
    at run (/Users/st/workspace_ai/PagePouch/node_modules/jest-circus/build/run.js:71:3)
    at runAndTransformResultsToJestFormat (/Users/st/workspace_ai/PagePouch/node_modules/jest-circus/build/legacy-code-todo-rewrite/jestAdapterInit.js:122:21)
    at jestAdapter (/Users/st/workspace_ai/PagePouch/node_modules/jest-circus/build/legacy-code-todo-rewrite/jestAdapter.js:79:19)
    at runTestInternal (/Users/st/workspace_ai/PagePouch/node_modules/jest-runner/build/runTest.js:367:16)
    at runTest (/Users/st/workspace_ai/PagePouch/node_modules/jest-runner/build/runTest.js:444:34)
    at Object.worker (/Users/st/workspace_ai/PagePouch/node_modules/jest-runner/build/testWorker.js:106:12)]]></failure>
    </testCase>
    <testCase name="Integration Tests should handle complete message flow" duration="0"/>
    <testCase name="Integration Tests should handle concurrent requests" duration="1"/>
    <testCase name="Integration Tests should maintain request isolation" duration="101"/>
  </file>
  <file path="/Users/st/workspace_ai/PagePouch/tests/loading.test.js">
    <testCase name="LoadingManager Initialization should initialize with empty state" duration="96">
      <failure message="ReferenceError: LoadingManager is not defined"><![CDATA[ReferenceError: LoadingManager is not defined
    at Object.loadingManager (/Users/st/workspace_ai/PagePouch/tests/loading.test.js:44:9)
    at Promise.then.completed (/Users/st/workspace_ai/PagePouch/node_modules/jest-circus/build/utils.js:298:28)
    at new Promise (<anonymous>)
    at callAsyncCircusFn (/Users/st/workspace_ai/PagePouch/node_modules/jest-circus/build/utils.js:231:10)
    at _callCircusHook (/Users/st/workspace_ai/PagePouch/node_modules/jest-circus/build/run.js:281:40)
    at processTicksAndRejections (node:internal/process/task_queues:105:5)
    at _runTest (/Users/st/workspace_ai/PagePouch/node_modules/jest-circus/build/run.js:246:5)
    at _runTestsForDescribeBlock (/Users/st/workspace_ai/PagePouch/node_modules/jest-circus/build/run.js:126:9)
    at _runTestsForDescribeBlock (/Users/st/workspace_ai/PagePouch/node_modules/jest-circus/build/run.js:121:9)
    at _runTestsForDescribeBlock (/Users/st/workspace_ai/PagePouch/node_modules/jest-circus/build/run.js:121:9)
    at run (/Users/st/workspace_ai/PagePouch/node_modules/jest-circus/build/run.js:71:3)
    at runAndTransformResultsToJestFormat (/Users/st/workspace_ai/PagePouch/node_modules/jest-circus/build/legacy-code-todo-rewrite/jestAdapterInit.js:122:21)
    at jestAdapter (/Users/st/workspace_ai/PagePouch/node_modules/jest-circus/build/legacy-code-todo-rewrite/jestAdapter.js:79:19)
    at runTestInternal (/Users/st/workspace_ai/PagePouch/node_modules/jest-runner/build/runTest.js:367:16)
    at runTest (/Users/st/workspace_ai/PagePouch/node_modules/jest-runner/build/runTest.js:444:34)
    at Object.worker (/Users/st/workspace_ai/PagePouch/node_modules/jest-runner/build/testWorker.js:106:12)]]></failure>
    </testCase>
    <testCase name="LoadingManager Initialization should setup styles on initialization" duration="1">
      <failure message="ReferenceError: LoadingManager is not defined"><![CDATA[ReferenceError: LoadingManager is not defined
    at Object.loadingManager (/Users/st/workspace_ai/PagePouch/tests/loading.test.js:44:9)
    at Promise.then.completed (/Users/st/workspace_ai/PagePouch/node_modules/jest-circus/build/utils.js:298:28)
    at new Promise (<anonymous>)
    at callAsyncCircusFn (/Users/st/workspace_ai/PagePouch/node_modules/jest-circus/build/utils.js:231:10)
    at _callCircusHook (/Users/st/workspace_ai/PagePouch/node_modules/jest-circus/build/run.js:281:40)
    at processTicksAndRejections (node:internal/process/task_queues:105:5)
    at _runTest (/Users/st/workspace_ai/PagePouch/node_modules/jest-circus/build/run.js:246:5)
    at _runTestsForDescribeBlock (/Users/st/workspace_ai/PagePouch/node_modules/jest-circus/build/run.js:126:9)
    at _runTestsForDescribeBlock (/Users/st/workspace_ai/PagePouch/node_modules/jest-circus/build/run.js:121:9)
    at _runTestsForDescribeBlock (/Users/st/workspace_ai/PagePouch/node_modules/jest-circus/build/run.js:121:9)
    at run (/Users/st/workspace_ai/PagePouch/node_modules/jest-circus/build/run.js:71:3)
    at runAndTransformResultsToJestFormat (/Users/st/workspace_ai/PagePouch/node_modules/jest-circus/build/legacy-code-todo-rewrite/jestAdapterInit.js:122:21)
    at jestAdapter (/Users/st/workspace_ai/PagePouch/node_modules/jest-circus/build/legacy-code-todo-rewrite/jestAdapter.js:79:19)
    at runTestInternal (/Users/st/workspace_ai/PagePouch/node_modules/jest-runner/build/runTest.js:367:16)
    at runTest (/Users/st/workspace_ai/PagePouch/node_modules/jest-runner/build/runTest.js:444:34)
    at Object.worker (/Users/st/workspace_ai/PagePouch/node_modules/jest-runner/build/testWorker.js:106:12)]]></failure>
    </testCase>
    <testCase name="LoadingManager Spinner Loading should show spinner with default options" duration="0">
      <failure message="ReferenceError: LoadingManager is not defined"><![CDATA[ReferenceError: LoadingManager is not defined
    at Object.loadingManager (/Users/st/workspace_ai/PagePouch/tests/loading.test.js:44:9)
    at Promise.then.completed (/Users/st/workspace_ai/PagePouch/node_modules/jest-circus/build/utils.js:298:28)
    at new Promise (<anonymous>)
    at callAsyncCircusFn (/Users/st/workspace_ai/PagePouch/node_modules/jest-circus/build/utils.js:231:10)
    at _callCircusHook (/Users/st/workspace_ai/PagePouch/node_modules/jest-circus/build/run.js:281:40)
    at processTicksAndRejections (node:internal/process/task_queues:105:5)
    at _runTest (/Users/st/workspace_ai/PagePouch/node_modules/jest-circus/build/run.js:246:5)
    at _runTestsForDescribeBlock (/Users/st/workspace_ai/PagePouch/node_modules/jest-circus/build/run.js:126:9)
    at _runTestsForDescribeBlock (/Users/st/workspace_ai/PagePouch/node_modules/jest-circus/build/run.js:121:9)
    at _runTestsForDescribeBlock (/Users/st/workspace_ai/PagePouch/node_modules/jest-circus/build/run.js:121:9)
    at run (/Users/st/workspace_ai/PagePouch/node_modules/jest-circus/build/run.js:71:3)
    at runAndTransformResultsToJestFormat (/Users/st/workspace_ai/PagePouch/node_modules/jest-circus/build/legacy-code-todo-rewrite/jestAdapterInit.js:122:21)
    at jestAdapter (/Users/st/workspace_ai/PagePouch/node_modules/jest-circus/build/legacy-code-todo-rewrite/jestAdapter.js:79:19)
    at runTestInternal (/Users/st/workspace_ai/PagePouch/node_modules/jest-runner/build/runTest.js:367:16)
    at runTest (/Users/st/workspace_ai/PagePouch/node_modules/jest-runner/build/runTest.js:444:34)
    at Object.worker (/Users/st/workspace_ai/PagePouch/node_modules/jest-runner/build/testWorker.js:106:12)]]></failure>
    </testCase>
    <testCase name="LoadingManager Spinner Loading should show spinner with custom options" duration="1">
      <failure message="ReferenceError: LoadingManager is not defined"><![CDATA[ReferenceError: LoadingManager is not defined
    at Object.loadingManager (/Users/st/workspace_ai/PagePouch/tests/loading.test.js:44:9)
    at Promise.then.completed (/Users/st/workspace_ai/PagePouch/node_modules/jest-circus/build/utils.js:298:28)
    at new Promise (<anonymous>)
    at callAsyncCircusFn (/Users/st/workspace_ai/PagePouch/node_modules/jest-circus/build/utils.js:231:10)
    at _callCircusHook (/Users/st/workspace_ai/PagePouch/node_modules/jest-circus/build/run.js:281:40)
    at processTicksAndRejections (node:internal/process/task_queues:105:5)
    at _runTest (/Users/st/workspace_ai/PagePouch/node_modules/jest-circus/build/run.js:246:5)
    at _runTestsForDescribeBlock (/Users/st/workspace_ai/PagePouch/node_modules/jest-circus/build/run.js:126:9)
    at _runTestsForDescribeBlock (/Users/st/workspace_ai/PagePouch/node_modules/jest-circus/build/run.js:121:9)
    at _runTestsForDescribeBlock (/Users/st/workspace_ai/PagePouch/node_modules/jest-circus/build/run.js:121:9)
    at run (/Users/st/workspace_ai/PagePouch/node_modules/jest-circus/build/run.js:71:3)
    at runAndTransformResultsToJestFormat (/Users/st/workspace_ai/PagePouch/node_modules/jest-circus/build/legacy-code-todo-rewrite/jestAdapterInit.js:122:21)
    at jestAdapter (/Users/st/workspace_ai/PagePouch/node_modules/jest-circus/build/legacy-code-todo-rewrite/jestAdapter.js:79:19)
    at runTestInternal (/Users/st/workspace_ai/PagePouch/node_modules/jest-runner/build/runTest.js:367:16)
    at runTest (/Users/st/workspace_ai/PagePouch/node_modules/jest-runner/build/runTest.js:444:34)
    at Object.worker (/Users/st/workspace_ai/PagePouch/node_modules/jest-runner/build/testWorker.js:106:12)]]></failure>
    </testCase>
    <testCase name="LoadingManager Spinner Loading should handle missing target element" duration="0">
      <failure message="ReferenceError: LoadingManager is not defined"><![CDATA[ReferenceError: LoadingManager is not defined
    at Object.loadingManager (/Users/st/workspace_ai/PagePouch/tests/loading.test.js:44:9)
    at Promise.then.completed (/Users/st/workspace_ai/PagePouch/node_modules/jest-circus/build/utils.js:298:28)
    at new Promise (<anonymous>)
    at callAsyncCircusFn (/Users/st/workspace_ai/PagePouch/node_modules/jest-circus/build/utils.js:231:10)
    at _callCircusHook (/Users/st/workspace_ai/PagePouch/node_modules/jest-circus/build/run.js:281:40)
    at processTicksAndRejections (node:internal/process/task_queues:105:5)
    at _runTest (/Users/st/workspace_ai/PagePouch/node_modules/jest-circus/build/run.js:246:5)
    at _runTestsForDescribeBlock (/Users/st/workspace_ai/PagePouch/node_modules/jest-circus/build/run.js:126:9)
    at _runTestsForDescribeBlock (/Users/st/workspace_ai/PagePouch/node_modules/jest-circus/build/run.js:121:9)
    at _runTestsForDescribeBlock (/Users/st/workspace_ai/PagePouch/node_modules/jest-circus/build/run.js:121:9)
    at run (/Users/st/workspace_ai/PagePouch/node_modules/jest-circus/build/run.js:71:3)
    at runAndTransformResultsToJestFormat (/Users/st/workspace_ai/PagePouch/node_modules/jest-circus/build/legacy-code-todo-rewrite/jestAdapterInit.js:122:21)
    at jestAdapter (/Users/st/workspace_ai/PagePouch/node_modules/jest-circus/build/legacy-code-todo-rewrite/jestAdapter.js:79:19)
    at runTestInternal (/Users/st/workspace_ai/PagePouch/node_modules/jest-runner/build/runTest.js:367:16)
    at runTest (/Users/st/workspace_ai/PagePouch/node_modules/jest-runner/build/runTest.js:444:34)
    at Object.worker (/Users/st/workspace_ai/PagePouch/node_modules/jest-runner/build/testWorker.js:106:12)]]></failure>
    </testCase>
    <testCase name="LoadingManager Spinner Loading should hide spinner correctly" duration="0">
      <failure message="ReferenceError: LoadingManager is not defined"><![CDATA[ReferenceError: LoadingManager is not defined
    at Object.loadingManager (/Users/st/workspace_ai/PagePouch/tests/loading.test.js:44:9)
    at Promise.then.completed (/Users/st/workspace_ai/PagePouch/node_modules/jest-circus/build/utils.js:298:28)
    at new Promise (<anonymous>)
    at callAsyncCircusFn (/Users/st/workspace_ai/PagePouch/node_modules/jest-circus/build/utils.js:231:10)
    at _callCircusHook (/Users/st/workspace_ai/PagePouch/node_modules/jest-circus/build/run.js:281:40)
    at processTicksAndRejections (node:internal/process/task_queues:105:5)
    at _runTest (/Users/st/workspace_ai/PagePouch/node_modules/jest-circus/build/run.js:246:5)
    at _runTestsForDescribeBlock (/Users/st/workspace_ai/PagePouch/node_modules/jest-circus/build/run.js:126:9)
    at _runTestsForDescribeBlock (/Users/st/workspace_ai/PagePouch/node_modules/jest-circus/build/run.js:121:9)
    at _runTestsForDescribeBlock (/Users/st/workspace_ai/PagePouch/node_modules/jest-circus/build/run.js:121:9)
    at run (/Users/st/workspace_ai/PagePouch/node_modules/jest-circus/build/run.js:71:3)
    at runAndTransformResultsToJestFormat (/Users/st/workspace_ai/PagePouch/node_modules/jest-circus/build/legacy-code-todo-rewrite/jestAdapterInit.js:122:21)
    at jestAdapter (/Users/st/workspace_ai/PagePouch/node_modules/jest-circus/build/legacy-code-todo-rewrite/jestAdapter.js:79:19)
    at runTestInternal (/Users/st/workspace_ai/PagePouch/node_modules/jest-runner/build/runTest.js:367:16)
    at runTest (/Users/st/workspace_ai/PagePouch/node_modules/jest-runner/build/runTest.js:444:34)
    at Object.worker (/Users/st/workspace_ai/PagePouch/node_modules/jest-runner/build/testWorker.js:106:12)]]></failure>
    </testCase>
    <testCase name="LoadingManager Spinner Loading should restore original content when replacing" duration="0">
      <failure message="ReferenceError: LoadingManager is not defined"><![CDATA[ReferenceError: LoadingManager is not defined
    at Object.loadingManager (/Users/st/workspace_ai/PagePouch/tests/loading.test.js:44:9)
    at Promise.then.completed (/Users/st/workspace_ai/PagePouch/node_modules/jest-circus/build/utils.js:298:28)
    at new Promise (<anonymous>)
    at callAsyncCircusFn (/Users/st/workspace_ai/PagePouch/node_modules/jest-circus/build/utils.js:231:10)
    at _callCircusHook (/Users/st/workspace_ai/PagePouch/node_modules/jest-circus/build/run.js:281:40)
    at processTicksAndRejections (node:internal/process/task_queues:105:5)
    at _runTest (/Users/st/workspace_ai/PagePouch/node_modules/jest-circus/build/run.js:246:5)
    at _runTestsForDescribeBlock (/Users/st/workspace_ai/PagePouch/node_modules/jest-circus/build/run.js:126:9)
    at _runTestsForDescribeBlock (/Users/st/workspace_ai/PagePouch/node_modules/jest-circus/build/run.js:121:9)
    at _runTestsForDescribeBlock (/Users/st/workspace_ai/PagePouch/node_modules/jest-circus/build/run.js:121:9)
    at run (/Users/st/workspace_ai/PagePouch/node_modules/jest-circus/build/run.js:71:3)
    at runAndTransformResultsToJestFormat (/Users/st/workspace_ai/PagePouch/node_modules/jest-circus/build/legacy-code-todo-rewrite/jestAdapterInit.js:122:21)
    at jestAdapter (/Users/st/workspace_ai/PagePouch/node_modules/jest-circus/build/legacy-code-todo-rewrite/jestAdapter.js:79:19)
    at runTestInternal (/Users/st/workspace_ai/PagePouch/node_modules/jest-runner/build/runTest.js:367:16)
    at runTest (/Users/st/workspace_ai/PagePouch/node_modules/jest-runner/build/runTest.js:444:34)
    at Object.worker (/Users/st/workspace_ai/PagePouch/node_modules/jest-runner/build/testWorker.js:106:12)]]></failure>
    </testCase>
    <testCase name="LoadingManager Dots Loading should show loading dots" duration="0">
      <failure message="ReferenceError: LoadingManager is not defined"><![CDATA[ReferenceError: LoadingManager is not defined
    at Object.loadingManager (/Users/st/workspace_ai/PagePouch/tests/loading.test.js:44:9)
    at Promise.then.completed (/Users/st/workspace_ai/PagePouch/node_modules/jest-circus/build/utils.js:298:28)
    at new Promise (<anonymous>)
    at callAsyncCircusFn (/Users/st/workspace_ai/PagePouch/node_modules/jest-circus/build/utils.js:231:10)
    at _callCircusHook (/Users/st/workspace_ai/PagePouch/node_modules/jest-circus/build/run.js:281:40)
    at processTicksAndRejections (node:internal/process/task_queues:105:5)
    at _runTest (/Users/st/workspace_ai/PagePouch/node_modules/jest-circus/build/run.js:246:5)
    at _runTestsForDescribeBlock (/Users/st/workspace_ai/PagePouch/node_modules/jest-circus/build/run.js:126:9)
    at _runTestsForDescribeBlock (/Users/st/workspace_ai/PagePouch/node_modules/jest-circus/build/run.js:121:9)
    at _runTestsForDescribeBlock (/Users/st/workspace_ai/PagePouch/node_modules/jest-circus/build/run.js:121:9)
    at run (/Users/st/workspace_ai/PagePouch/node_modules/jest-circus/build/run.js:71:3)
    at runAndTransformResultsToJestFormat (/Users/st/workspace_ai/PagePouch/node_modules/jest-circus/build/legacy-code-todo-rewrite/jestAdapterInit.js:122:21)
    at jestAdapter (/Users/st/workspace_ai/PagePouch/node_modules/jest-circus/build/legacy-code-todo-rewrite/jestAdapter.js:79:19)
    at runTestInternal (/Users/st/workspace_ai/PagePouch/node_modules/jest-runner/build/runTest.js:367:16)
    at runTest (/Users/st/workspace_ai/PagePouch/node_modules/jest-runner/build/runTest.js:444:34)
    at Object.worker (/Users/st/workspace_ai/PagePouch/node_modules/jest-runner/build/testWorker.js:106:12)]]></failure>
    </testCase>
    <testCase name="LoadingManager Dots Loading should create dots with correct structure" duration="0">
      <failure message="ReferenceError: LoadingManager is not defined"><![CDATA[ReferenceError: LoadingManager is not defined
    at Object.loadingManager (/Users/st/workspace_ai/PagePouch/tests/loading.test.js:44:9)
    at Promise.then.completed (/Users/st/workspace_ai/PagePouch/node_modules/jest-circus/build/utils.js:298:28)
    at new Promise (<anonymous>)
    at callAsyncCircusFn (/Users/st/workspace_ai/PagePouch/node_modules/jest-circus/build/utils.js:231:10)
    at _callCircusHook (/Users/st/workspace_ai/PagePouch/node_modules/jest-circus/build/run.js:281:40)
    at processTicksAndRejections (node:internal/process/task_queues:105:5)
    at _runTest (/Users/st/workspace_ai/PagePouch/node_modules/jest-circus/build/run.js:246:5)
    at _runTestsForDescribeBlock (/Users/st/workspace_ai/PagePouch/node_modules/jest-circus/build/run.js:126:9)
    at _runTestsForDescribeBlock (/Users/st/workspace_ai/PagePouch/node_modules/jest-circus/build/run.js:121:9)
    at _runTestsForDescribeBlock (/Users/st/workspace_ai/PagePouch/node_modules/jest-circus/build/run.js:121:9)
    at run (/Users/st/workspace_ai/PagePouch/node_modules/jest-circus/build/run.js:71:3)
    at runAndTransformResultsToJestFormat (/Users/st/workspace_ai/PagePouch/node_modules/jest-circus/build/legacy-code-todo-rewrite/jestAdapterInit.js:122:21)
    at jestAdapter (/Users/st/workspace_ai/PagePouch/node_modules/jest-circus/build/legacy-code-todo-rewrite/jestAdapter.js:79:19)
    at runTestInternal (/Users/st/workspace_ai/PagePouch/node_modules/jest-runner/build/runTest.js:367:16)
    at runTest (/Users/st/workspace_ai/PagePouch/node_modules/jest-runner/build/runTest.js:444:34)
    at Object.worker (/Users/st/workspace_ai/PagePouch/node_modules/jest-runner/build/testWorker.js:106:12)]]></failure>
    </testCase>
    <testCase name="LoadingManager Overlay Loading should show loading overlay" duration="0">
      <failure message="ReferenceError: LoadingManager is not defined"><![CDATA[ReferenceError: LoadingManager is not defined
    at Object.loadingManager (/Users/st/workspace_ai/PagePouch/tests/loading.test.js:44:9)
    at Promise.then.completed (/Users/st/workspace_ai/PagePouch/node_modules/jest-circus/build/utils.js:298:28)
    at new Promise (<anonymous>)
    at callAsyncCircusFn (/Users/st/workspace_ai/PagePouch/node_modules/jest-circus/build/utils.js:231:10)
    at _callCircusHook (/Users/st/workspace_ai/PagePouch/node_modules/jest-circus/build/run.js:281:40)
    at processTicksAndRejections (node:internal/process/task_queues:105:5)
    at _runTest (/Users/st/workspace_ai/PagePouch/node_modules/jest-circus/build/run.js:246:5)
    at _runTestsForDescribeBlock (/Users/st/workspace_ai/PagePouch/node_modules/jest-circus/build/run.js:126:9)
    at _runTestsForDescribeBlock (/Users/st/workspace_ai/PagePouch/node_modules/jest-circus/build/run.js:121:9)
    at _runTestsForDescribeBlock (/Users/st/workspace_ai/PagePouch/node_modules/jest-circus/build/run.js:121:9)
    at run (/Users/st/workspace_ai/PagePouch/node_modules/jest-circus/build/run.js:71:3)
    at runAndTransformResultsToJestFormat (/Users/st/workspace_ai/PagePouch/node_modules/jest-circus/build/legacy-code-todo-rewrite/jestAdapterInit.js:122:21)
    at jestAdapter (/Users/st/workspace_ai/PagePouch/node_modules/jest-circus/build/legacy-code-todo-rewrite/jestAdapter.js:79:19)
    at runTestInternal (/Users/st/workspace_ai/PagePouch/node_modules/jest-runner/build/runTest.js:367:16)
    at runTest (/Users/st/workspace_ai/PagePouch/node_modules/jest-runner/build/runTest.js:444:34)
    at Object.worker (/Users/st/workspace_ai/PagePouch/node_modules/jest-runner/build/testWorker.js:106:12)]]></failure>
    </testCase>
    <testCase name="LoadingManager Overlay Loading should show overlay with custom message" duration="0">
      <failure message="ReferenceError: LoadingManager is not defined"><![CDATA[ReferenceError: LoadingManager is not defined
    at Object.loadingManager (/Users/st/workspace_ai/PagePouch/tests/loading.test.js:44:9)
    at Promise.then.completed (/Users/st/workspace_ai/PagePouch/node_modules/jest-circus/build/utils.js:298:28)
    at new Promise (<anonymous>)
    at callAsyncCircusFn (/Users/st/workspace_ai/PagePouch/node_modules/jest-circus/build/utils.js:231:10)
    at _callCircusHook (/Users/st/workspace_ai/PagePouch/node_modules/jest-circus/build/run.js:281:40)
    at processTicksAndRejections (node:internal/process/task_queues:105:5)
    at _runTest (/Users/st/workspace_ai/PagePouch/node_modules/jest-circus/build/run.js:246:5)
    at _runTestsForDescribeBlock (/Users/st/workspace_ai/PagePouch/node_modules/jest-circus/build/run.js:126:9)
    at _runTestsForDescribeBlock (/Users/st/workspace_ai/PagePouch/node_modules/jest-circus/build/run.js:121:9)
    at _runTestsForDescribeBlock (/Users/st/workspace_ai/PagePouch/node_modules/jest-circus/build/run.js:121:9)
    at run (/Users/st/workspace_ai/PagePouch/node_modules/jest-circus/build/run.js:71:3)
    at runAndTransformResultsToJestFormat (/Users/st/workspace_ai/PagePouch/node_modules/jest-circus/build/legacy-code-todo-rewrite/jestAdapterInit.js:122:21)
    at jestAdapter (/Users/st/workspace_ai/PagePouch/node_modules/jest-circus/build/legacy-code-todo-rewrite/jestAdapter.js:79:19)
    at runTestInternal (/Users/st/workspace_ai/PagePouch/node_modules/jest-runner/build/runTest.js:367:16)
    at runTest (/Users/st/workspace_ai/PagePouch/node_modules/jest-runner/build/runTest.js:444:34)
    at Object.worker (/Users/st/workspace_ai/PagePouch/node_modules/jest-runner/build/testWorker.js:106:12)]]></failure>
    </testCase>
    <testCase name="LoadingManager Overlay Loading should preserve original position when hiding" duration="0">
      <failure message="ReferenceError: LoadingManager is not defined"><![CDATA[ReferenceError: LoadingManager is not defined
    at Object.loadingManager (/Users/st/workspace_ai/PagePouch/tests/loading.test.js:44:9)
    at Promise.then.completed (/Users/st/workspace_ai/PagePouch/node_modules/jest-circus/build/utils.js:298:28)
    at new Promise (<anonymous>)
    at callAsyncCircusFn (/Users/st/workspace_ai/PagePouch/node_modules/jest-circus/build/utils.js:231:10)
    at _callCircusHook (/Users/st/workspace_ai/PagePouch/node_modules/jest-circus/build/run.js:281:40)
    at processTicksAndRejections (node:internal/process/task_queues:105:5)
    at _runTest (/Users/st/workspace_ai/PagePouch/node_modules/jest-circus/build/run.js:246:5)
    at _runTestsForDescribeBlock (/Users/st/workspace_ai/PagePouch/node_modules/jest-circus/build/run.js:126:9)
    at _runTestsForDescribeBlock (/Users/st/workspace_ai/PagePouch/node_modules/jest-circus/build/run.js:121:9)
    at _runTestsForDescribeBlock (/Users/st/workspace_ai/PagePouch/node_modules/jest-circus/build/run.js:121:9)
    at run (/Users/st/workspace_ai/PagePouch/node_modules/jest-circus/build/run.js:71:3)
    at runAndTransformResultsToJestFormat (/Users/st/workspace_ai/PagePouch/node_modules/jest-circus/build/legacy-code-todo-rewrite/jestAdapterInit.js:122:21)
    at jestAdapter (/Users/st/workspace_ai/PagePouch/node_modules/jest-circus/build/legacy-code-todo-rewrite/jestAdapter.js:79:19)
    at runTestInternal (/Users/st/workspace_ai/PagePouch/node_modules/jest-runner/build/runTest.js:367:16)
    at runTest (/Users/st/workspace_ai/PagePouch/node_modules/jest-runner/build/runTest.js:444:34)
    at Object.worker (/Users/st/workspace_ai/PagePouch/node_modules/jest-runner/build/testWorker.js:106:12)]]></failure>
    </testCase>
    <testCase name="LoadingManager Skeleton Loading should show skeleton loading" duration="0">
      <failure message="ReferenceError: LoadingManager is not defined"><![CDATA[ReferenceError: LoadingManager is not defined
    at Object.loadingManager (/Users/st/workspace_ai/PagePouch/tests/loading.test.js:44:9)
    at Promise.then.completed (/Users/st/workspace_ai/PagePouch/node_modules/jest-circus/build/utils.js:298:28)
    at new Promise (<anonymous>)
    at callAsyncCircusFn (/Users/st/workspace_ai/PagePouch/node_modules/jest-circus/build/utils.js:231:10)
    at _callCircusHook (/Users/st/workspace_ai/PagePouch/node_modules/jest-circus/build/run.js:281:40)
    at processTicksAndRejections (node:internal/process/task_queues:105:5)
    at _runTest (/Users/st/workspace_ai/PagePouch/node_modules/jest-circus/build/run.js:246:5)
    at _runTestsForDescribeBlock (/Users/st/workspace_ai/PagePouch/node_modules/jest-circus/build/run.js:126:9)
    at _runTestsForDescribeBlock (/Users/st/workspace_ai/PagePouch/node_modules/jest-circus/build/run.js:121:9)
    at _runTestsForDescribeBlock (/Users/st/workspace_ai/PagePouch/node_modules/jest-circus/build/run.js:121:9)
    at run (/Users/st/workspace_ai/PagePouch/node_modules/jest-circus/build/run.js:71:3)
    at runAndTransformResultsToJestFormat (/Users/st/workspace_ai/PagePouch/node_modules/jest-circus/build/legacy-code-todo-rewrite/jestAdapterInit.js:122:21)
    at jestAdapter (/Users/st/workspace_ai/PagePouch/node_modules/jest-circus/build/legacy-code-todo-rewrite/jestAdapter.js:79:19)
    at runTestInternal (/Users/st/workspace_ai/PagePouch/node_modules/jest-runner/build/runTest.js:367:16)
    at runTest (/Users/st/workspace_ai/PagePouch/node_modules/jest-runner/build/runTest.js:444:34)
    at Object.worker (/Users/st/workspace_ai/PagePouch/node_modules/jest-runner/build/testWorker.js:106:12)]]></failure>
    </testCase>
    <testCase name="LoadingManager Skeleton Loading should create multiple lines for text skeleton" duration="0">
      <failure message="ReferenceError: LoadingManager is not defined"><![CDATA[ReferenceError: LoadingManager is not defined
    at Object.loadingManager (/Users/st/workspace_ai/PagePouch/tests/loading.test.js:44:9)
    at Promise.then.completed (/Users/st/workspace_ai/PagePouch/node_modules/jest-circus/build/utils.js:298:28)
    at new Promise (<anonymous>)
    at callAsyncCircusFn (/Users/st/workspace_ai/PagePouch/node_modules/jest-circus/build/utils.js:231:10)
    at _callCircusHook (/Users/st/workspace_ai/PagePouch/node_modules/jest-circus/build/run.js:281:40)
    at processTicksAndRejections (node:internal/process/task_queues:105:5)
    at _runTest (/Users/st/workspace_ai/PagePouch/node_modules/jest-circus/build/run.js:246:5)
    at _runTestsForDescribeBlock (/Users/st/workspace_ai/PagePouch/node_modules/jest-circus/build/run.js:126:9)
    at _runTestsForDescribeBlock (/Users/st/workspace_ai/PagePouch/node_modules/jest-circus/build/run.js:121:9)
    at _runTestsForDescribeBlock (/Users/st/workspace_ai/PagePouch/node_modules/jest-circus/build/run.js:121:9)
    at run (/Users/st/workspace_ai/PagePouch/node_modules/jest-circus/build/run.js:71:3)
    at runAndTransformResultsToJestFormat (/Users/st/workspace_ai/PagePouch/node_modules/jest-circus/build/legacy-code-todo-rewrite/jestAdapterInit.js:122:21)
    at jestAdapter (/Users/st/workspace_ai/PagePouch/node_modules/jest-circus/build/legacy-code-todo-rewrite/jestAdapter.js:79:19)
    at runTestInternal (/Users/st/workspace_ai/PagePouch/node_modules/jest-runner/build/runTest.js:367:16)
    at runTest (/Users/st/workspace_ai/PagePouch/node_modules/jest-runner/build/runTest.js:444:34)
    at Object.worker (/Users/st/workspace_ai/PagePouch/node_modules/jest-runner/build/testWorker.js:106:12)]]></failure>
    </testCase>
    <testCase name="LoadingManager Skeleton Loading should support different skeleton types" duration="0">
      <failure message="ReferenceError: LoadingManager is not defined"><![CDATA[ReferenceError: LoadingManager is not defined
    at Object.loadingManager (/Users/st/workspace_ai/PagePouch/tests/loading.test.js:44:9)
    at Promise.then.completed (/Users/st/workspace_ai/PagePouch/node_modules/jest-circus/build/utils.js:298:28)
    at new Promise (<anonymous>)
    at callAsyncCircusFn (/Users/st/workspace_ai/PagePouch/node_modules/jest-circus/build/utils.js:231:10)
    at _callCircusHook (/Users/st/workspace_ai/PagePouch/node_modules/jest-circus/build/run.js:281:40)
    at processTicksAndRejections (node:internal/process/task_queues:105:5)
    at _runTest (/Users/st/workspace_ai/PagePouch/node_modules/jest-circus/build/run.js:246:5)
    at _runTestsForDescribeBlock (/Users/st/workspace_ai/PagePouch/node_modules/jest-circus/build/run.js:126:9)
    at _runTestsForDescribeBlock (/Users/st/workspace_ai/PagePouch/node_modules/jest-circus/build/run.js:121:9)
    at _runTestsForDescribeBlock (/Users/st/workspace_ai/PagePouch/node_modules/jest-circus/build/run.js:121:9)
    at run (/Users/st/workspace_ai/PagePouch/node_modules/jest-circus/build/run.js:71:3)
    at runAndTransformResultsToJestFormat (/Users/st/workspace_ai/PagePouch/node_modules/jest-circus/build/legacy-code-todo-rewrite/jestAdapterInit.js:122:21)
    at jestAdapter (/Users/st/workspace_ai/PagePouch/node_modules/jest-circus/build/legacy-code-todo-rewrite/jestAdapter.js:79:19)
    at runTestInternal (/Users/st/workspace_ai/PagePouch/node_modules/jest-runner/build/runTest.js:367:16)
    at runTest (/Users/st/workspace_ai/PagePouch/node_modules/jest-runner/build/runTest.js:444:34)
    at Object.worker (/Users/st/workspace_ai/PagePouch/node_modules/jest-runner/build/testWorker.js:106:12)]]></failure>
    </testCase>
    <testCase name="LoadingManager Progress Bar should show progress bar" duration="0">
      <failure message="ReferenceError: LoadingManager is not defined"><![CDATA[ReferenceError: LoadingManager is not defined
    at Object.loadingManager (/Users/st/workspace_ai/PagePouch/tests/loading.test.js:44:9)
    at Promise.then.completed (/Users/st/workspace_ai/PagePouch/node_modules/jest-circus/build/utils.js:298:28)
    at new Promise (<anonymous>)
    at callAsyncCircusFn (/Users/st/workspace_ai/PagePouch/node_modules/jest-circus/build/utils.js:231:10)
    at _callCircusHook (/Users/st/workspace_ai/PagePouch/node_modules/jest-circus/build/run.js:281:40)
    at processTicksAndRejections (node:internal/process/task_queues:105:5)
    at _runTest (/Users/st/workspace_ai/PagePouch/node_modules/jest-circus/build/run.js:246:5)
    at _runTestsForDescribeBlock (/Users/st/workspace_ai/PagePouch/node_modules/jest-circus/build/run.js:126:9)
    at _runTestsForDescribeBlock (/Users/st/workspace_ai/PagePouch/node_modules/jest-circus/build/run.js:121:9)
    at _runTestsForDescribeBlock (/Users/st/workspace_ai/PagePouch/node_modules/jest-circus/build/run.js:121:9)
    at run (/Users/st/workspace_ai/PagePouch/node_modules/jest-circus/build/run.js:71:3)
    at runAndTransformResultsToJestFormat (/Users/st/workspace_ai/PagePouch/node_modules/jest-circus/build/legacy-code-todo-rewrite/jestAdapterInit.js:122:21)
    at jestAdapter (/Users/st/workspace_ai/PagePouch/node_modules/jest-circus/build/legacy-code-todo-rewrite/jestAdapter.js:79:19)
    at runTestInternal (/Users/st/workspace_ai/PagePouch/node_modules/jest-runner/build/runTest.js:367:16)
    at runTest (/Users/st/workspace_ai/PagePouch/node_modules/jest-runner/build/runTest.js:444:34)
    at Object.worker (/Users/st/workspace_ai/PagePouch/node_modules/jest-runner/build/testWorker.js:106:12)]]></failure>
    </testCase>
    <testCase name="LoadingManager Progress Bar should show progress with initial value" duration="0">
      <failure message="ReferenceError: LoadingManager is not defined"><![CDATA[ReferenceError: LoadingManager is not defined
    at Object.loadingManager (/Users/st/workspace_ai/PagePouch/tests/loading.test.js:44:9)
    at Promise.then.completed (/Users/st/workspace_ai/PagePouch/node_modules/jest-circus/build/utils.js:298:28)
    at new Promise (<anonymous>)
    at callAsyncCircusFn (/Users/st/workspace_ai/PagePouch/node_modules/jest-circus/build/utils.js:231:10)
    at _callCircusHook (/Users/st/workspace_ai/PagePouch/node_modules/jest-circus/build/run.js:281:40)
    at processTicksAndRejections (node:internal/process/task_queues:105:5)
    at _runTest (/Users/st/workspace_ai/PagePouch/node_modules/jest-circus/build/run.js:246:5)
    at _runTestsForDescribeBlock (/Users/st/workspace_ai/PagePouch/node_modules/jest-circus/build/run.js:126:9)
    at _runTestsForDescribeBlock (/Users/st/workspace_ai/PagePouch/node_modules/jest-circus/build/run.js:121:9)
    at _runTestsForDescribeBlock (/Users/st/workspace_ai/PagePouch/node_modules/jest-circus/build/run.js:121:9)
    at run (/Users/st/workspace_ai/PagePouch/node_modules/jest-circus/build/run.js:71:3)
    at runAndTransformResultsToJestFormat (/Users/st/workspace_ai/PagePouch/node_modules/jest-circus/build/legacy-code-todo-rewrite/jestAdapterInit.js:122:21)
    at jestAdapter (/Users/st/workspace_ai/PagePouch/node_modules/jest-circus/build/legacy-code-todo-rewrite/jestAdapter.js:79:19)
    at runTestInternal (/Users/st/workspace_ai/PagePouch/node_modules/jest-runner/build/runTest.js:367:16)
    at runTest (/Users/st/workspace_ai/PagePouch/node_modules/jest-runner/build/runTest.js:444:34)
    at Object.worker (/Users/st/workspace_ai/PagePouch/node_modules/jest-runner/build/testWorker.js:106:12)]]></failure>
    </testCase>
    <testCase name="LoadingManager Progress Bar should update progress value" duration="0">
      <failure message="ReferenceError: LoadingManager is not defined"><![CDATA[ReferenceError: LoadingManager is not defined
    at Object.loadingManager (/Users/st/workspace_ai/PagePouch/tests/loading.test.js:44:9)
    at Promise.then.completed (/Users/st/workspace_ai/PagePouch/node_modules/jest-circus/build/utils.js:298:28)
    at new Promise (<anonymous>)
    at callAsyncCircusFn (/Users/st/workspace_ai/PagePouch/node_modules/jest-circus/build/utils.js:231:10)
    at _callCircusHook (/Users/st/workspace_ai/PagePouch/node_modules/jest-circus/build/run.js:281:40)
    at processTicksAndRejections (node:internal/process/task_queues:105:5)
    at _runTest (/Users/st/workspace_ai/PagePouch/node_modules/jest-circus/build/run.js:246:5)
    at _runTestsForDescribeBlock (/Users/st/workspace_ai/PagePouch/node_modules/jest-circus/build/run.js:126:9)
    at _runTestsForDescribeBlock (/Users/st/workspace_ai/PagePouch/node_modules/jest-circus/build/run.js:121:9)
    at _runTestsForDescribeBlock (/Users/st/workspace_ai/PagePouch/node_modules/jest-circus/build/run.js:121:9)
    at run (/Users/st/workspace_ai/PagePouch/node_modules/jest-circus/build/run.js:71:3)
    at runAndTransformResultsToJestFormat (/Users/st/workspace_ai/PagePouch/node_modules/jest-circus/build/legacy-code-todo-rewrite/jestAdapterInit.js:122:21)
    at jestAdapter (/Users/st/workspace_ai/PagePouch/node_modules/jest-circus/build/legacy-code-todo-rewrite/jestAdapter.js:79:19)
    at runTestInternal (/Users/st/workspace_ai/PagePouch/node_modules/jest-runner/build/runTest.js:367:16)
    at runTest (/Users/st/workspace_ai/PagePouch/node_modules/jest-runner/build/runTest.js:444:34)
    at Object.worker (/Users/st/workspace_ai/PagePouch/node_modules/jest-runner/build/testWorker.js:106:12)]]></failure>
    </testCase>
    <testCase name="LoadingManager Progress Bar should show indeterminate progress" duration="0">
      <failure message="ReferenceError: LoadingManager is not defined"><![CDATA[ReferenceError: LoadingManager is not defined
    at Object.loadingManager (/Users/st/workspace_ai/PagePouch/tests/loading.test.js:44:9)
    at Promise.then.completed (/Users/st/workspace_ai/PagePouch/node_modules/jest-circus/build/utils.js:298:28)
    at new Promise (<anonymous>)
    at callAsyncCircusFn (/Users/st/workspace_ai/PagePouch/node_modules/jest-circus/build/utils.js:231:10)
    at _callCircusHook (/Users/st/workspace_ai/PagePouch/node_modules/jest-circus/build/run.js:281:40)
    at processTicksAndRejections (node:internal/process/task_queues:105:5)
    at _runTest (/Users/st/workspace_ai/PagePouch/node_modules/jest-circus/build/run.js:246:5)
    at _runTestsForDescribeBlock (/Users/st/workspace_ai/PagePouch/node_modules/jest-circus/build/run.js:126:9)
    at _runTestsForDescribeBlock (/Users/st/workspace_ai/PagePouch/node_modules/jest-circus/build/run.js:121:9)
    at _runTestsForDescribeBlock (/Users/st/workspace_ai/PagePouch/node_modules/jest-circus/build/run.js:121:9)
    at run (/Users/st/workspace_ai/PagePouch/node_modules/jest-circus/build/run.js:71:3)
    at runAndTransformResultsToJestFormat (/Users/st/workspace_ai/PagePouch/node_modules/jest-circus/build/legacy-code-todo-rewrite/jestAdapterInit.js:122:21)
    at jestAdapter (/Users/st/workspace_ai/PagePouch/node_modules/jest-circus/build/legacy-code-todo-rewrite/jestAdapter.js:79:19)
    at runTestInternal (/Users/st/workspace_ai/PagePouch/node_modules/jest-runner/build/runTest.js:367:16)
    at runTest (/Users/st/workspace_ai/PagePouch/node_modules/jest-runner/build/runTest.js:444:34)
    at Object.worker (/Users/st/workspace_ai/PagePouch/node_modules/jest-runner/build/testWorker.js:106:12)]]></failure>
    </testCase>
    <testCase name="LoadingManager Progress Bar should hide progress bar" duration="0">
      <failure message="ReferenceError: LoadingManager is not defined"><![CDATA[ReferenceError: LoadingManager is not defined
    at Object.loadingManager (/Users/st/workspace_ai/PagePouch/tests/loading.test.js:44:9)
    at Promise.then.completed (/Users/st/workspace_ai/PagePouch/node_modules/jest-circus/build/utils.js:298:28)
    at new Promise (<anonymous>)
    at callAsyncCircusFn (/Users/st/workspace_ai/PagePouch/node_modules/jest-circus/build/utils.js:231:10)
    at _callCircusHook (/Users/st/workspace_ai/PagePouch/node_modules/jest-circus/build/run.js:281:40)
    at processTicksAndRejections (node:internal/process/task_queues:105:5)
    at _runTest (/Users/st/workspace_ai/PagePouch/node_modules/jest-circus/build/run.js:246:5)
    at _runTestsForDescribeBlock (/Users/st/workspace_ai/PagePouch/node_modules/jest-circus/build/run.js:126:9)
    at _runTestsForDescribeBlock (/Users/st/workspace_ai/PagePouch/node_modules/jest-circus/build/run.js:121:9)
    at _runTestsForDescribeBlock (/Users/st/workspace_ai/PagePouch/node_modules/jest-circus/build/run.js:121:9)
    at run (/Users/st/workspace_ai/PagePouch/node_modules/jest-circus/build/run.js:71:3)
    at runAndTransformResultsToJestFormat (/Users/st/workspace_ai/PagePouch/node_modules/jest-circus/build/legacy-code-todo-rewrite/jestAdapterInit.js:122:21)
    at jestAdapter (/Users/st/workspace_ai/PagePouch/node_modules/jest-circus/build/legacy-code-todo-rewrite/jestAdapter.js:79:19)
    at runTestInternal (/Users/st/workspace_ai/PagePouch/node_modules/jest-runner/build/runTest.js:367:16)
    at runTest (/Users/st/workspace_ai/PagePouch/node_modules/jest-runner/build/runTest.js:444:34)
    at Object.worker (/Users/st/workspace_ai/PagePouch/node_modules/jest-runner/build/testWorker.js:106:12)]]></failure>
    </testCase>
    <testCase name="LoadingManager Button Loading States should set button loading state" duration="0">
      <failure message="ReferenceError: LoadingManager is not defined"><![CDATA[ReferenceError: LoadingManager is not defined
    at Object.loadingManager (/Users/st/workspace_ai/PagePouch/tests/loading.test.js:44:9)
    at Promise.then.completed (/Users/st/workspace_ai/PagePouch/node_modules/jest-circus/build/utils.js:298:28)
    at new Promise (<anonymous>)
    at callAsyncCircusFn (/Users/st/workspace_ai/PagePouch/node_modules/jest-circus/build/utils.js:231:10)
    at _callCircusHook (/Users/st/workspace_ai/PagePouch/node_modules/jest-circus/build/run.js:281:40)
    at processTicksAndRejections (node:internal/process/task_queues:105:5)
    at _runTest (/Users/st/workspace_ai/PagePouch/node_modules/jest-circus/build/run.js:246:5)
    at _runTestsForDescribeBlock (/Users/st/workspace_ai/PagePouch/node_modules/jest-circus/build/run.js:126:9)
    at _runTestsForDescribeBlock (/Users/st/workspace_ai/PagePouch/node_modules/jest-circus/build/run.js:121:9)
    at _runTestsForDescribeBlock (/Users/st/workspace_ai/PagePouch/node_modules/jest-circus/build/run.js:121:9)
    at run (/Users/st/workspace_ai/PagePouch/node_modules/jest-circus/build/run.js:71:3)
    at runAndTransformResultsToJestFormat (/Users/st/workspace_ai/PagePouch/node_modules/jest-circus/build/legacy-code-todo-rewrite/jestAdapterInit.js:122:21)
    at jestAdapter (/Users/st/workspace_ai/PagePouch/node_modules/jest-circus/build/legacy-code-todo-rewrite/jestAdapter.js:79:19)
    at runTestInternal (/Users/st/workspace_ai/PagePouch/node_modules/jest-runner/build/runTest.js:367:16)
    at runTest (/Users/st/workspace_ai/PagePouch/node_modules/jest-runner/build/runTest.js:444:34)
    at Object.worker (/Users/st/workspace_ai/PagePouch/node_modules/jest-runner/build/testWorker.js:106:12)]]></failure>
    </testCase>
    <testCase name="LoadingManager Button Loading States should restore button state when hiding" duration="0">
      <failure message="ReferenceError: LoadingManager is not defined"><![CDATA[ReferenceError: LoadingManager is not defined
    at Object.loadingManager (/Users/st/workspace_ai/PagePouch/tests/loading.test.js:44:9)
    at Promise.then.completed (/Users/st/workspace_ai/PagePouch/node_modules/jest-circus/build/utils.js:298:28)
    at new Promise (<anonymous>)
    at callAsyncCircusFn (/Users/st/workspace_ai/PagePouch/node_modules/jest-circus/build/utils.js:231:10)
    at _callCircusHook (/Users/st/workspace_ai/PagePouch/node_modules/jest-circus/build/run.js:281:40)
    at processTicksAndRejections (node:internal/process/task_queues:105:5)
    at _runTest (/Users/st/workspace_ai/PagePouch/node_modules/jest-circus/build/run.js:246:5)
    at _runTestsForDescribeBlock (/Users/st/workspace_ai/PagePouch/node_modules/jest-circus/build/run.js:126:9)
    at _runTestsForDescribeBlock (/Users/st/workspace_ai/PagePouch/node_modules/jest-circus/build/run.js:121:9)
    at _runTestsForDescribeBlock (/Users/st/workspace_ai/PagePouch/node_modules/jest-circus/build/run.js:121:9)
    at run (/Users/st/workspace_ai/PagePouch/node_modules/jest-circus/build/run.js:71:3)
    at runAndTransformResultsToJestFormat (/Users/st/workspace_ai/PagePouch/node_modules/jest-circus/build/legacy-code-todo-rewrite/jestAdapterInit.js:122:21)
    at jestAdapter (/Users/st/workspace_ai/PagePouch/node_modules/jest-circus/build/legacy-code-todo-rewrite/jestAdapter.js:79:19)
    at runTestInternal (/Users/st/workspace_ai/PagePouch/node_modules/jest-runner/build/runTest.js:367:16)
    at runTest (/Users/st/workspace_ai/PagePouch/node_modules/jest-runner/build/runTest.js:444:34)
    at Object.worker (/Users/st/workspace_ai/PagePouch/node_modules/jest-runner/build/testWorker.js:106:12)]]></failure>
    </testCase>
    <testCase name="LoadingManager Button Loading States should handle missing button element" duration="1">
      <failure message="ReferenceError: LoadingManager is not defined"><![CDATA[ReferenceError: LoadingManager is not defined
    at Object.loadingManager (/Users/st/workspace_ai/PagePouch/tests/loading.test.js:44:9)
    at Promise.then.completed (/Users/st/workspace_ai/PagePouch/node_modules/jest-circus/build/utils.js:298:28)
    at new Promise (<anonymous>)
    at callAsyncCircusFn (/Users/st/workspace_ai/PagePouch/node_modules/jest-circus/build/utils.js:231:10)
    at _callCircusHook (/Users/st/workspace_ai/PagePouch/node_modules/jest-circus/build/run.js:281:40)
    at processTicksAndRejections (node:internal/process/task_queues:105:5)
    at _runTest (/Users/st/workspace_ai/PagePouch/node_modules/jest-circus/build/run.js:246:5)
    at _runTestsForDescribeBlock (/Users/st/workspace_ai/PagePouch/node_modules/jest-circus/build/run.js:126:9)
    at _runTestsForDescribeBlock (/Users/st/workspace_ai/PagePouch/node_modules/jest-circus/build/run.js:121:9)
    at _runTestsForDescribeBlock (/Users/st/workspace_ai/PagePouch/node_modules/jest-circus/build/run.js:121:9)
    at run (/Users/st/workspace_ai/PagePouch/node_modules/jest-circus/build/run.js:71:3)
    at runAndTransformResultsToJestFormat (/Users/st/workspace_ai/PagePouch/node_modules/jest-circus/build/legacy-code-todo-rewrite/jestAdapterInit.js:122:21)
    at jestAdapter (/Users/st/workspace_ai/PagePouch/node_modules/jest-circus/build/legacy-code-todo-rewrite/jestAdapter.js:79:19)
    at runTestInternal (/Users/st/workspace_ai/PagePouch/node_modules/jest-runner/build/runTest.js:367:16)
    at runTest (/Users/st/workspace_ai/PagePouch/node_modules/jest-runner/build/runTest.js:444:34)
    at Object.worker (/Users/st/workspace_ai/PagePouch/node_modules/jest-runner/build/testWorker.js:106:12)]]></failure>
    </testCase>
    <testCase name="LoadingManager Input Loading States should set input loading state" duration="0">
      <failure message="ReferenceError: LoadingManager is not defined"><![CDATA[ReferenceError: LoadingManager is not defined
    at Object.loadingManager (/Users/st/workspace_ai/PagePouch/tests/loading.test.js:44:9)
    at Promise.then.completed (/Users/st/workspace_ai/PagePouch/node_modules/jest-circus/build/utils.js:298:28)
    at new Promise (<anonymous>)
    at callAsyncCircusFn (/Users/st/workspace_ai/PagePouch/node_modules/jest-circus/build/utils.js:231:10)
    at _callCircusHook (/Users/st/workspace_ai/PagePouch/node_modules/jest-circus/build/run.js:281:40)
    at processTicksAndRejections (node:internal/process/task_queues:105:5)
    at _runTest (/Users/st/workspace_ai/PagePouch/node_modules/jest-circus/build/run.js:246:5)
    at _runTestsForDescribeBlock (/Users/st/workspace_ai/PagePouch/node_modules/jest-circus/build/run.js:126:9)
    at _runTestsForDescribeBlock (/Users/st/workspace_ai/PagePouch/node_modules/jest-circus/build/run.js:121:9)
    at _runTestsForDescribeBlock (/Users/st/workspace_ai/PagePouch/node_modules/jest-circus/build/run.js:121:9)
    at run (/Users/st/workspace_ai/PagePouch/node_modules/jest-circus/build/run.js:71:3)
    at runAndTransformResultsToJestFormat (/Users/st/workspace_ai/PagePouch/node_modules/jest-circus/build/legacy-code-todo-rewrite/jestAdapterInit.js:122:21)
    at jestAdapter (/Users/st/workspace_ai/PagePouch/node_modules/jest-circus/build/legacy-code-todo-rewrite/jestAdapter.js:79:19)
    at runTestInternal (/Users/st/workspace_ai/PagePouch/node_modules/jest-runner/build/runTest.js:367:16)
    at runTest (/Users/st/workspace_ai/PagePouch/node_modules/jest-runner/build/runTest.js:444:34)
    at Object.worker (/Users/st/workspace_ai/PagePouch/node_modules/jest-runner/build/testWorker.js:106:12)]]></failure>
    </testCase>
    <testCase name="LoadingManager Input Loading States should remove input loading state" duration="0">
      <failure message="ReferenceError: LoadingManager is not defined"><![CDATA[ReferenceError: LoadingManager is not defined
    at Object.loadingManager (/Users/st/workspace_ai/PagePouch/tests/loading.test.js:44:9)
    at Promise.then.completed (/Users/st/workspace_ai/PagePouch/node_modules/jest-circus/build/utils.js:298:28)
    at new Promise (<anonymous>)
    at callAsyncCircusFn (/Users/st/workspace_ai/PagePouch/node_modules/jest-circus/build/utils.js:231:10)
    at _callCircusHook (/Users/st/workspace_ai/PagePouch/node_modules/jest-circus/build/run.js:281:40)
    at processTicksAndRejections (node:internal/process/task_queues:105:5)
    at _runTest (/Users/st/workspace_ai/PagePouch/node_modules/jest-circus/build/run.js:246:5)
    at _runTestsForDescribeBlock (/Users/st/workspace_ai/PagePouch/node_modules/jest-circus/build/run.js:126:9)
    at _runTestsForDescribeBlock (/Users/st/workspace_ai/PagePouch/node_modules/jest-circus/build/run.js:121:9)
    at _runTestsForDescribeBlock (/Users/st/workspace_ai/PagePouch/node_modules/jest-circus/build/run.js:121:9)
    at run (/Users/st/workspace_ai/PagePouch/node_modules/jest-circus/build/run.js:71:3)
    at runAndTransformResultsToJestFormat (/Users/st/workspace_ai/PagePouch/node_modules/jest-circus/build/legacy-code-todo-rewrite/jestAdapterInit.js:122:21)
    at jestAdapter (/Users/st/workspace_ai/PagePouch/node_modules/jest-circus/build/legacy-code-todo-rewrite/jestAdapter.js:79:19)
    at runTestInternal (/Users/st/workspace_ai/PagePouch/node_modules/jest-runner/build/runTest.js:367:16)
    at runTest (/Users/st/workspace_ai/PagePouch/node_modules/jest-runner/build/runTest.js:444:34)
    at Object.worker (/Users/st/workspace_ai/PagePouch/node_modules/jest-runner/build/testWorker.js:106:12)]]></failure>
    </testCase>
    <testCase name="LoadingManager Element Resolution should resolve string selectors" duration="0">
      <failure message="ReferenceError: LoadingManager is not defined"><![CDATA[ReferenceError: LoadingManager is not defined
    at Object.loadingManager (/Users/st/workspace_ai/PagePouch/tests/loading.test.js:44:9)
    at Promise.then.completed (/Users/st/workspace_ai/PagePouch/node_modules/jest-circus/build/utils.js:298:28)
    at new Promise (<anonymous>)
    at callAsyncCircusFn (/Users/st/workspace_ai/PagePouch/node_modules/jest-circus/build/utils.js:231:10)
    at _callCircusHook (/Users/st/workspace_ai/PagePouch/node_modules/jest-circus/build/run.js:281:40)
    at processTicksAndRejections (node:internal/process/task_queues:105:5)
    at _runTest (/Users/st/workspace_ai/PagePouch/node_modules/jest-circus/build/run.js:246:5)
    at _runTestsForDescribeBlock (/Users/st/workspace_ai/PagePouch/node_modules/jest-circus/build/run.js:126:9)
    at _runTestsForDescribeBlock (/Users/st/workspace_ai/PagePouch/node_modules/jest-circus/build/run.js:121:9)
    at _runTestsForDescribeBlock (/Users/st/workspace_ai/PagePouch/node_modules/jest-circus/build/run.js:121:9)
    at run (/Users/st/workspace_ai/PagePouch/node_modules/jest-circus/build/run.js:71:3)
    at runAndTransformResultsToJestFormat (/Users/st/workspace_ai/PagePouch/node_modules/jest-circus/build/legacy-code-todo-rewrite/jestAdapterInit.js:122:21)
    at jestAdapter (/Users/st/workspace_ai/PagePouch/node_modules/jest-circus/build/legacy-code-todo-rewrite/jestAdapter.js:79:19)
    at runTestInternal (/Users/st/workspace_ai/PagePouch/node_modules/jest-runner/build/runTest.js:367:16)
    at runTest (/Users/st/workspace_ai/PagePouch/node_modules/jest-runner/build/runTest.js:444:34)
    at Object.worker (/Users/st/workspace_ai/PagePouch/node_modules/jest-runner/build/testWorker.js:106:12)]]></failure>
    </testCase>
    <testCase name="LoadingManager Element Resolution should return HTMLElement directly" duration="1">
      <failure message="ReferenceError: LoadingManager is not defined"><![CDATA[ReferenceError: LoadingManager is not defined
    at Object.loadingManager (/Users/st/workspace_ai/PagePouch/tests/loading.test.js:44:9)
    at Promise.then.completed (/Users/st/workspace_ai/PagePouch/node_modules/jest-circus/build/utils.js:298:28)
    at new Promise (<anonymous>)
    at callAsyncCircusFn (/Users/st/workspace_ai/PagePouch/node_modules/jest-circus/build/utils.js:231:10)
    at _callCircusHook (/Users/st/workspace_ai/PagePouch/node_modules/jest-circus/build/run.js:281:40)
    at processTicksAndRejections (node:internal/process/task_queues:105:5)
    at _runTest (/Users/st/workspace_ai/PagePouch/node_modules/jest-circus/build/run.js:246:5)
    at _runTestsForDescribeBlock (/Users/st/workspace_ai/PagePouch/node_modules/jest-circus/build/run.js:126:9)
    at _runTestsForDescribeBlock (/Users/st/workspace_ai/PagePouch/node_modules/jest-circus/build/run.js:121:9)
    at _runTestsForDescribeBlock (/Users/st/workspace_ai/PagePouch/node_modules/jest-circus/build/run.js:121:9)
    at run (/Users/st/workspace_ai/PagePouch/node_modules/jest-circus/build/run.js:71:3)
    at runAndTransformResultsToJestFormat (/Users/st/workspace_ai/PagePouch/node_modules/jest-circus/build/legacy-code-todo-rewrite/jestAdapterInit.js:122:21)
    at jestAdapter (/Users/st/workspace_ai/PagePouch/node_modules/jest-circus/build/legacy-code-todo-rewrite/jestAdapter.js:79:19)
    at runTestInternal (/Users/st/workspace_ai/PagePouch/node_modules/jest-runner/build/runTest.js:367:16)
    at runTest (/Users/st/workspace_ai/PagePouch/node_modules/jest-runner/build/runTest.js:444:34)
    at Object.worker (/Users/st/workspace_ai/PagePouch/node_modules/jest-runner/build/testWorker.js:106:12)]]></failure>
    </testCase>
    <testCase name="LoadingManager Element Resolution should return null for invalid input" duration="0">
      <failure message="ReferenceError: LoadingManager is not defined"><![CDATA[ReferenceError: LoadingManager is not defined
    at Object.loadingManager (/Users/st/workspace_ai/PagePouch/tests/loading.test.js:44:9)
    at Promise.then.completed (/Users/st/workspace_ai/PagePouch/node_modules/jest-circus/build/utils.js:298:28)
    at new Promise (<anonymous>)
    at callAsyncCircusFn (/Users/st/workspace_ai/PagePouch/node_modules/jest-circus/build/utils.js:231:10)
    at _callCircusHook (/Users/st/workspace_ai/PagePouch/node_modules/jest-circus/build/run.js:281:40)
    at processTicksAndRejections (node:internal/process/task_queues:105:5)
    at _runTest (/Users/st/workspace_ai/PagePouch/node_modules/jest-circus/build/run.js:246:5)
    at _runTestsForDescribeBlock (/Users/st/workspace_ai/PagePouch/node_modules/jest-circus/build/run.js:126:9)
    at _runTestsForDescribeBlock (/Users/st/workspace_ai/PagePouch/node_modules/jest-circus/build/run.js:121:9)
    at _runTestsForDescribeBlock (/Users/st/workspace_ai/PagePouch/node_modules/jest-circus/build/run.js:121:9)
    at run (/Users/st/workspace_ai/PagePouch/node_modules/jest-circus/build/run.js:71:3)
    at runAndTransformResultsToJestFormat (/Users/st/workspace_ai/PagePouch/node_modules/jest-circus/build/legacy-code-todo-rewrite/jestAdapterInit.js:122:21)
    at jestAdapter (/Users/st/workspace_ai/PagePouch/node_modules/jest-circus/build/legacy-code-todo-rewrite/jestAdapter.js:79:19)
    at runTestInternal (/Users/st/workspace_ai/PagePouch/node_modules/jest-runner/build/runTest.js:367:16)
    at runTest (/Users/st/workspace_ai/PagePouch/node_modules/jest-runner/build/runTest.js:444:34)
    at Object.worker (/Users/st/workspace_ai/PagePouch/node_modules/jest-runner/build/testWorker.js:106:12)]]></failure>
    </testCase>
    <testCase name="LoadingManager Loader Management should track multiple loaders" duration="0">
      <failure message="ReferenceError: LoadingManager is not defined"><![CDATA[ReferenceError: LoadingManager is not defined
    at Object.loadingManager (/Users/st/workspace_ai/PagePouch/tests/loading.test.js:44:9)
    at Promise.then.completed (/Users/st/workspace_ai/PagePouch/node_modules/jest-circus/build/utils.js:298:28)
    at new Promise (<anonymous>)
    at callAsyncCircusFn (/Users/st/workspace_ai/PagePouch/node_modules/jest-circus/build/utils.js:231:10)
    at _callCircusHook (/Users/st/workspace_ai/PagePouch/node_modules/jest-circus/build/run.js:281:40)
    at processTicksAndRejections (node:internal/process/task_queues:105:5)
    at _runTest (/Users/st/workspace_ai/PagePouch/node_modules/jest-circus/build/run.js:246:5)
    at _runTestsForDescribeBlock (/Users/st/workspace_ai/PagePouch/node_modules/jest-circus/build/run.js:126:9)
    at _runTestsForDescribeBlock (/Users/st/workspace_ai/PagePouch/node_modules/jest-circus/build/run.js:121:9)
    at _runTestsForDescribeBlock (/Users/st/workspace_ai/PagePouch/node_modules/jest-circus/build/run.js:121:9)
    at run (/Users/st/workspace_ai/PagePouch/node_modules/jest-circus/build/run.js:71:3)
    at runAndTransformResultsToJestFormat (/Users/st/workspace_ai/PagePouch/node_modules/jest-circus/build/legacy-code-todo-rewrite/jestAdapterInit.js:122:21)
    at jestAdapter (/Users/st/workspace_ai/PagePouch/node_modules/jest-circus/build/legacy-code-todo-rewrite/jestAdapter.js:79:19)
    at runTestInternal (/Users/st/workspace_ai/PagePouch/node_modules/jest-runner/build/runTest.js:367:16)
    at runTest (/Users/st/workspace_ai/PagePouch/node_modules/jest-runner/build/runTest.js:444:34)
    at Object.worker (/Users/st/workspace_ai/PagePouch/node_modules/jest-runner/build/testWorker.js:106:12)]]></failure>
    </testCase>
    <testCase name="LoadingManager Loader Management should hide all loaders" duration="1">
      <failure message="ReferenceError: LoadingManager is not defined"><![CDATA[ReferenceError: LoadingManager is not defined
    at Object.loadingManager (/Users/st/workspace_ai/PagePouch/tests/loading.test.js:44:9)
    at Promise.then.completed (/Users/st/workspace_ai/PagePouch/node_modules/jest-circus/build/utils.js:298:28)
    at new Promise (<anonymous>)
    at callAsyncCircusFn (/Users/st/workspace_ai/PagePouch/node_modules/jest-circus/build/utils.js:231:10)
    at _callCircusHook (/Users/st/workspace_ai/PagePouch/node_modules/jest-circus/build/run.js:281:40)
    at processTicksAndRejections (node:internal/process/task_queues:105:5)
    at _runTest (/Users/st/workspace_ai/PagePouch/node_modules/jest-circus/build/run.js:246:5)
    at _runTestsForDescribeBlock (/Users/st/workspace_ai/PagePouch/node_modules/jest-circus/build/run.js:126:9)
    at _runTestsForDescribeBlock (/Users/st/workspace_ai/PagePouch/node_modules/jest-circus/build/run.js:121:9)
    at _runTestsForDescribeBlock (/Users/st/workspace_ai/PagePouch/node_modules/jest-circus/build/run.js:121:9)
    at run (/Users/st/workspace_ai/PagePouch/node_modules/jest-circus/build/run.js:71:3)
    at runAndTransformResultsToJestFormat (/Users/st/workspace_ai/PagePouch/node_modules/jest-circus/build/legacy-code-todo-rewrite/jestAdapterInit.js:122:21)
    at jestAdapter (/Users/st/workspace_ai/PagePouch/node_modules/jest-circus/build/legacy-code-todo-rewrite/jestAdapter.js:79:19)
    at runTestInternal (/Users/st/workspace_ai/PagePouch/node_modules/jest-runner/build/runTest.js:367:16)
    at runTest (/Users/st/workspace_ai/PagePouch/node_modules/jest-runner/build/runTest.js:444:34)
    at Object.worker (/Users/st/workspace_ai/PagePouch/node_modules/jest-runner/build/testWorker.js:106:12)]]></failure>
    </testCase>
    <testCase name="LoadingManager Loader Management should generate unique loader IDs" duration="0">
      <failure message="ReferenceError: LoadingManager is not defined"><![CDATA[ReferenceError: LoadingManager is not defined
    at Object.loadingManager (/Users/st/workspace_ai/PagePouch/tests/loading.test.js:44:9)
    at Promise.then.completed (/Users/st/workspace_ai/PagePouch/node_modules/jest-circus/build/utils.js:298:28)
    at new Promise (<anonymous>)
    at callAsyncCircusFn (/Users/st/workspace_ai/PagePouch/node_modules/jest-circus/build/utils.js:231:10)
    at _callCircusHook (/Users/st/workspace_ai/PagePouch/node_modules/jest-circus/build/run.js:281:40)
    at processTicksAndRejections (node:internal/process/task_queues:105:5)
    at _runTest (/Users/st/workspace_ai/PagePouch/node_modules/jest-circus/build/run.js:246:5)
    at _runTestsForDescribeBlock (/Users/st/workspace_ai/PagePouch/node_modules/jest-circus/build/run.js:126:9)
    at _runTestsForDescribeBlock (/Users/st/workspace_ai/PagePouch/node_modules/jest-circus/build/run.js:121:9)
    at _runTestsForDescribeBlock (/Users/st/workspace_ai/PagePouch/node_modules/jest-circus/build/run.js:121:9)
    at run (/Users/st/workspace_ai/PagePouch/node_modules/jest-circus/build/run.js:71:3)
    at runAndTransformResultsToJestFormat (/Users/st/workspace_ai/PagePouch/node_modules/jest-circus/build/legacy-code-todo-rewrite/jestAdapterInit.js:122:21)
    at jestAdapter (/Users/st/workspace_ai/PagePouch/node_modules/jest-circus/build/legacy-code-todo-rewrite/jestAdapter.js:79:19)
    at runTestInternal (/Users/st/workspace_ai/PagePouch/node_modules/jest-runner/build/runTest.js:367:16)
    at runTest (/Users/st/workspace_ai/PagePouch/node_modules/jest-runner/build/runTest.js:444:34)
    at Object.worker (/Users/st/workspace_ai/PagePouch/node_modules/jest-runner/build/testWorker.js:106:12)]]></failure>
    </testCase>
    <testCase name="LoadingManager Error Handling should handle hide() with invalid loader ID" duration="0">
      <failure message="ReferenceError: LoadingManager is not defined"><![CDATA[ReferenceError: LoadingManager is not defined
    at Object.loadingManager (/Users/st/workspace_ai/PagePouch/tests/loading.test.js:44:9)
    at Promise.then.completed (/Users/st/workspace_ai/PagePouch/node_modules/jest-circus/build/utils.js:298:28)
    at new Promise (<anonymous>)
    at callAsyncCircusFn (/Users/st/workspace_ai/PagePouch/node_modules/jest-circus/build/utils.js:231:10)
    at _callCircusHook (/Users/st/workspace_ai/PagePouch/node_modules/jest-circus/build/run.js:281:40)
    at processTicksAndRejections (node:internal/process/task_queues:105:5)
    at _runTest (/Users/st/workspace_ai/PagePouch/node_modules/jest-circus/build/run.js:246:5)
    at _runTestsForDescribeBlock (/Users/st/workspace_ai/PagePouch/node_modules/jest-circus/build/run.js:126:9)
    at _runTestsForDescribeBlock (/Users/st/workspace_ai/PagePouch/node_modules/jest-circus/build/run.js:121:9)
    at _runTestsForDescribeBlock (/Users/st/workspace_ai/PagePouch/node_modules/jest-circus/build/run.js:121:9)
    at run (/Users/st/workspace_ai/PagePouch/node_modules/jest-circus/build/run.js:71:3)
    at runAndTransformResultsToJestFormat (/Users/st/workspace_ai/PagePouch/node_modules/jest-circus/build/legacy-code-todo-rewrite/jestAdapterInit.js:122:21)
    at jestAdapter (/Users/st/workspace_ai/PagePouch/node_modules/jest-circus/build/legacy-code-todo-rewrite/jestAdapter.js:79:19)
    at runTestInternal (/Users/st/workspace_ai/PagePouch/node_modules/jest-runner/build/runTest.js:367:16)
    at runTest (/Users/st/workspace_ai/PagePouch/node_modules/jest-runner/build/runTest.js:444:34)
    at Object.worker (/Users/st/workspace_ai/PagePouch/node_modules/jest-runner/build/testWorker.js:106:12)]]></failure>
    </testCase>
    <testCase name="LoadingManager Error Handling should handle updateProgress() with invalid progress ID" duration="0">
      <failure message="ReferenceError: LoadingManager is not defined"><![CDATA[ReferenceError: LoadingManager is not defined
    at Object.loadingManager (/Users/st/workspace_ai/PagePouch/tests/loading.test.js:44:9)
    at Promise.then.completed (/Users/st/workspace_ai/PagePouch/node_modules/jest-circus/build/utils.js:298:28)
    at new Promise (<anonymous>)
    at callAsyncCircusFn (/Users/st/workspace_ai/PagePouch/node_modules/jest-circus/build/utils.js:231:10)
    at _callCircusHook (/Users/st/workspace_ai/PagePouch/node_modules/jest-circus/build/run.js:281:40)
    at processTicksAndRejections (node:internal/process/task_queues:105:5)
    at _runTest (/Users/st/workspace_ai/PagePouch/node_modules/jest-circus/build/run.js:246:5)
    at _runTestsForDescribeBlock (/Users/st/workspace_ai/PagePouch/node_modules/jest-circus/build/run.js:126:9)
    at _runTestsForDescribeBlock (/Users/st/workspace_ai/PagePouch/node_modules/jest-circus/build/run.js:121:9)
    at _runTestsForDescribeBlock (/Users/st/workspace_ai/PagePouch/node_modules/jest-circus/build/run.js:121:9)
    at run (/Users/st/workspace_ai/PagePouch/node_modules/jest-circus/build/run.js:71:3)
    at runAndTransformResultsToJestFormat (/Users/st/workspace_ai/PagePouch/node_modules/jest-circus/build/legacy-code-todo-rewrite/jestAdapterInit.js:122:21)
    at jestAdapter (/Users/st/workspace_ai/PagePouch/node_modules/jest-circus/build/legacy-code-todo-rewrite/jestAdapter.js:79:19)
    at runTestInternal (/Users/st/workspace_ai/PagePouch/node_modules/jest-runner/build/runTest.js:367:16)
    at runTest (/Users/st/workspace_ai/PagePouch/node_modules/jest-runner/build/runTest.js:444:34)
    at Object.worker (/Users/st/workspace_ai/PagePouch/node_modules/jest-runner/build/testWorker.js:106:12)]]></failure>
    </testCase>
    <testCase name="LoadingManager Error Handling should log warnings for missing elements" duration="0">
      <failure message="ReferenceError: LoadingManager is not defined"><![CDATA[ReferenceError: LoadingManager is not defined
    at Object.loadingManager (/Users/st/workspace_ai/PagePouch/tests/loading.test.js:44:9)
    at Promise.then.completed (/Users/st/workspace_ai/PagePouch/node_modules/jest-circus/build/utils.js:298:28)
    at new Promise (<anonymous>)
    at callAsyncCircusFn (/Users/st/workspace_ai/PagePouch/node_modules/jest-circus/build/utils.js:231:10)
    at _callCircusHook (/Users/st/workspace_ai/PagePouch/node_modules/jest-circus/build/run.js:281:40)
    at processTicksAndRejections (node:internal/process/task_queues:105:5)
    at _runTest (/Users/st/workspace_ai/PagePouch/node_modules/jest-circus/build/run.js:246:5)
    at _runTestsForDescribeBlock (/Users/st/workspace_ai/PagePouch/node_modules/jest-circus/build/run.js:126:9)
    at _runTestsForDescribeBlock (/Users/st/workspace_ai/PagePouch/node_modules/jest-circus/build/run.js:121:9)
    at _runTestsForDescribeBlock (/Users/st/workspace_ai/PagePouch/node_modules/jest-circus/build/run.js:121:9)
    at run (/Users/st/workspace_ai/PagePouch/node_modules/jest-circus/build/run.js:71:3)
    at runAndTransformResultsToJestFormat (/Users/st/workspace_ai/PagePouch/node_modules/jest-circus/build/legacy-code-todo-rewrite/jestAdapterInit.js:122:21)
    at jestAdapter (/Users/st/workspace_ai/PagePouch/node_modules/jest-circus/build/legacy-code-todo-rewrite/jestAdapter.js:79:19)
    at runTestInternal (/Users/st/workspace_ai/PagePouch/node_modules/jest-runner/build/runTest.js:367:16)
    at runTest (/Users/st/workspace_ai/PagePouch/node_modules/jest-runner/build/runTest.js:444:34)
    at Object.worker (/Users/st/workspace_ai/PagePouch/node_modules/jest-runner/build/testWorker.js:106:12)]]></failure>
    </testCase>
    <testCase name="Global Loading Functions showSpinner should call loadingManager.showSpinner" duration="0">
      <failure message="ReferenceError: showSpinner is not defined"><![CDATA[ReferenceError: showSpinner is not defined
    at Object.showSpinner (/Users/st/workspace_ai/PagePouch/tests/loading.test.js:399:24)
    at Promise.then.completed (/Users/st/workspace_ai/PagePouch/node_modules/jest-circus/build/utils.js:298:28)
    at new Promise (<anonymous>)
    at callAsyncCircusFn (/Users/st/workspace_ai/PagePouch/node_modules/jest-circus/build/utils.js:231:10)
    at _callCircusTest (/Users/st/workspace_ai/PagePouch/node_modules/jest-circus/build/run.js:316:40)
    at processTicksAndRejections (node:internal/process/task_queues:105:5)
    at _runTest (/Users/st/workspace_ai/PagePouch/node_modules/jest-circus/build/run.js:252:3)
    at _runTestsForDescribeBlock (/Users/st/workspace_ai/PagePouch/node_modules/jest-circus/build/run.js:126:9)
    at _runTestsForDescribeBlock (/Users/st/workspace_ai/PagePouch/node_modules/jest-circus/build/run.js:121:9)
    at run (/Users/st/workspace_ai/PagePouch/node_modules/jest-circus/build/run.js:71:3)
    at runAndTransformResultsToJestFormat (/Users/st/workspace_ai/PagePouch/node_modules/jest-circus/build/legacy-code-todo-rewrite/jestAdapterInit.js:122:21)
    at jestAdapter (/Users/st/workspace_ai/PagePouch/node_modules/jest-circus/build/legacy-code-todo-rewrite/jestAdapter.js:79:19)
    at runTestInternal (/Users/st/workspace_ai/PagePouch/node_modules/jest-runner/build/runTest.js:367:16)
    at runTest (/Users/st/workspace_ai/PagePouch/node_modules/jest-runner/build/runTest.js:444:34)
    at Object.worker (/Users/st/workspace_ai/PagePouch/node_modules/jest-runner/build/testWorker.js:106:12)]]></failure>
    </testCase>
    <testCase name="Global Loading Functions showDots should call loadingManager.showDots" duration="0">
      <failure message="ReferenceError: showDots is not defined"><![CDATA[ReferenceError: showDots is not defined
    at Object.showDots (/Users/st/workspace_ai/PagePouch/tests/loading.test.js:406:24)
    at Promise.then.completed (/Users/st/workspace_ai/PagePouch/node_modules/jest-circus/build/utils.js:298:28)
    at new Promise (<anonymous>)
    at callAsyncCircusFn (/Users/st/workspace_ai/PagePouch/node_modules/jest-circus/build/utils.js:231:10)
    at _callCircusTest (/Users/st/workspace_ai/PagePouch/node_modules/jest-circus/build/run.js:316:40)
    at processTicksAndRejections (node:internal/process/task_queues:105:5)
    at _runTest (/Users/st/workspace_ai/PagePouch/node_modules/jest-circus/build/run.js:252:3)
    at _runTestsForDescribeBlock (/Users/st/workspace_ai/PagePouch/node_modules/jest-circus/build/run.js:126:9)
    at _runTestsForDescribeBlock (/Users/st/workspace_ai/PagePouch/node_modules/jest-circus/build/run.js:121:9)
    at run (/Users/st/workspace_ai/PagePouch/node_modules/jest-circus/build/run.js:71:3)
    at runAndTransformResultsToJestFormat (/Users/st/workspace_ai/PagePouch/node_modules/jest-circus/build/legacy-code-todo-rewrite/jestAdapterInit.js:122:21)
    at jestAdapter (/Users/st/workspace_ai/PagePouch/node_modules/jest-circus/build/legacy-code-todo-rewrite/jestAdapter.js:79:19)
    at runTestInternal (/Users/st/workspace_ai/PagePouch/node_modules/jest-runner/build/runTest.js:367:16)
    at runTest (/Users/st/workspace_ai/PagePouch/node_modules/jest-runner/build/runTest.js:444:34)
    at Object.worker (/Users/st/workspace_ai/PagePouch/node_modules/jest-runner/build/testWorker.js:106:12)]]></failure>
    </testCase>
    <testCase name="Global Loading Functions showOverlay should call loadingManager.showOverlay" duration="0">
      <failure message="ReferenceError: showOverlay is not defined"><![CDATA[ReferenceError: showOverlay is not defined
    at Object.showOverlay (/Users/st/workspace_ai/PagePouch/tests/loading.test.js:413:24)
    at Promise.then.completed (/Users/st/workspace_ai/PagePouch/node_modules/jest-circus/build/utils.js:298:28)
    at new Promise (<anonymous>)
    at callAsyncCircusFn (/Users/st/workspace_ai/PagePouch/node_modules/jest-circus/build/utils.js:231:10)
    at _callCircusTest (/Users/st/workspace_ai/PagePouch/node_modules/jest-circus/build/run.js:316:40)
    at processTicksAndRejections (node:internal/process/task_queues:105:5)
    at _runTest (/Users/st/workspace_ai/PagePouch/node_modules/jest-circus/build/run.js:252:3)
    at _runTestsForDescribeBlock (/Users/st/workspace_ai/PagePouch/node_modules/jest-circus/build/run.js:126:9)
    at _runTestsForDescribeBlock (/Users/st/workspace_ai/PagePouch/node_modules/jest-circus/build/run.js:121:9)
    at run (/Users/st/workspace_ai/PagePouch/node_modules/jest-circus/build/run.js:71:3)
    at runAndTransformResultsToJestFormat (/Users/st/workspace_ai/PagePouch/node_modules/jest-circus/build/legacy-code-todo-rewrite/jestAdapterInit.js:122:21)
    at jestAdapter (/Users/st/workspace_ai/PagePouch/node_modules/jest-circus/build/legacy-code-todo-rewrite/jestAdapter.js:79:19)
    at runTestInternal (/Users/st/workspace_ai/PagePouch/node_modules/jest-runner/build/runTest.js:367:16)
    at runTest (/Users/st/workspace_ai/PagePouch/node_modules/jest-runner/build/runTest.js:444:34)
    at Object.worker (/Users/st/workspace_ai/PagePouch/node_modules/jest-runner/build/testWorker.js:106:12)]]></failure>
    </testCase>
    <testCase name="Global Loading Functions showSkeleton should call loadingManager.showSkeleton" duration="0">
      <failure message="ReferenceError: showSkeleton is not defined"><![CDATA[ReferenceError: showSkeleton is not defined
    at Object.showSkeleton (/Users/st/workspace_ai/PagePouch/tests/loading.test.js:420:24)
    at Promise.then.completed (/Users/st/workspace_ai/PagePouch/node_modules/jest-circus/build/utils.js:298:28)
    at new Promise (<anonymous>)
    at callAsyncCircusFn (/Users/st/workspace_ai/PagePouch/node_modules/jest-circus/build/utils.js:231:10)
    at _callCircusTest (/Users/st/workspace_ai/PagePouch/node_modules/jest-circus/build/run.js:316:40)
    at processTicksAndRejections (node:internal/process/task_queues:105:5)
    at _runTest (/Users/st/workspace_ai/PagePouch/node_modules/jest-circus/build/run.js:252:3)
    at _runTestsForDescribeBlock (/Users/st/workspace_ai/PagePouch/node_modules/jest-circus/build/run.js:126:9)
    at _runTestsForDescribeBlock (/Users/st/workspace_ai/PagePouch/node_modules/jest-circus/build/run.js:121:9)
    at run (/Users/st/workspace_ai/PagePouch/node_modules/jest-circus/build/run.js:71:3)
    at runAndTransformResultsToJestFormat (/Users/st/workspace_ai/PagePouch/node_modules/jest-circus/build/legacy-code-todo-rewrite/jestAdapterInit.js:122:21)
    at jestAdapter (/Users/st/workspace_ai/PagePouch/node_modules/jest-circus/build/legacy-code-todo-rewrite/jestAdapter.js:79:19)
    at runTestInternal (/Users/st/workspace_ai/PagePouch/node_modules/jest-runner/build/runTest.js:367:16)
    at runTest (/Users/st/workspace_ai/PagePouch/node_modules/jest-runner/build/runTest.js:444:34)
    at Object.worker (/Users/st/workspace_ai/PagePouch/node_modules/jest-runner/build/testWorker.js:106:12)]]></failure>
    </testCase>
    <testCase name="Global Loading Functions showProgress should call loadingManager.showProgress" duration="1">
      <failure message="ReferenceError: showProgress is not defined"><![CDATA[ReferenceError: showProgress is not defined
    at Object.showProgress (/Users/st/workspace_ai/PagePouch/tests/loading.test.js:427:24)
    at Promise.then.completed (/Users/st/workspace_ai/PagePouch/node_modules/jest-circus/build/utils.js:298:28)
    at new Promise (<anonymous>)
    at callAsyncCircusFn (/Users/st/workspace_ai/PagePouch/node_modules/jest-circus/build/utils.js:231:10)
    at _callCircusTest (/Users/st/workspace_ai/PagePouch/node_modules/jest-circus/build/run.js:316:40)
    at processTicksAndRejections (node:internal/process/task_queues:105:5)
    at _runTest (/Users/st/workspace_ai/PagePouch/node_modules/jest-circus/build/run.js:252:3)
    at _runTestsForDescribeBlock (/Users/st/workspace_ai/PagePouch/node_modules/jest-circus/build/run.js:126:9)
    at _runTestsForDescribeBlock (/Users/st/workspace_ai/PagePouch/node_modules/jest-circus/build/run.js:121:9)
    at run (/Users/st/workspace_ai/PagePouch/node_modules/jest-circus/build/run.js:71:3)
    at runAndTransformResultsToJestFormat (/Users/st/workspace_ai/PagePouch/node_modules/jest-circus/build/legacy-code-todo-rewrite/jestAdapterInit.js:122:21)
    at jestAdapter (/Users/st/workspace_ai/PagePouch/node_modules/jest-circus/build/legacy-code-todo-rewrite/jestAdapter.js:79:19)
    at runTestInternal (/Users/st/workspace_ai/PagePouch/node_modules/jest-runner/build/runTest.js:367:16)
    at runTest (/Users/st/workspace_ai/PagePouch/node_modules/jest-runner/build/runTest.js:444:34)
    at Object.worker (/Users/st/workspace_ai/PagePouch/node_modules/jest-runner/build/testWorker.js:106:12)]]></failure>
    </testCase>
    <testCase name="Global Loading Functions updateProgress should call loadingManager.updateProgress" duration="0">
      <failure message="ReferenceError: updateProgress is not defined"><![CDATA[ReferenceError: updateProgress is not defined
    at Object.updateProgress (/Users/st/workspace_ai/PagePouch/tests/loading.test.js:434:9)
    at Promise.then.completed (/Users/st/workspace_ai/PagePouch/node_modules/jest-circus/build/utils.js:298:28)
    at new Promise (<anonymous>)
    at callAsyncCircusFn (/Users/st/workspace_ai/PagePouch/node_modules/jest-circus/build/utils.js:231:10)
    at _callCircusTest (/Users/st/workspace_ai/PagePouch/node_modules/jest-circus/build/run.js:316:40)
    at processTicksAndRejections (node:internal/process/task_queues:105:5)
    at _runTest (/Users/st/workspace_ai/PagePouch/node_modules/jest-circus/build/run.js:252:3)
    at _runTestsForDescribeBlock (/Users/st/workspace_ai/PagePouch/node_modules/jest-circus/build/run.js:126:9)
    at _runTestsForDescribeBlock (/Users/st/workspace_ai/PagePouch/node_modules/jest-circus/build/run.js:121:9)
    at run (/Users/st/workspace_ai/PagePouch/node_modules/jest-circus/build/run.js:71:3)
    at runAndTransformResultsToJestFormat (/Users/st/workspace_ai/PagePouch/node_modules/jest-circus/build/legacy-code-todo-rewrite/jestAdapterInit.js:122:21)
    at jestAdapter (/Users/st/workspace_ai/PagePouch/node_modules/jest-circus/build/legacy-code-todo-rewrite/jestAdapter.js:79:19)
    at runTestInternal (/Users/st/workspace_ai/PagePouch/node_modules/jest-runner/build/runTest.js:367:16)
    at runTest (/Users/st/workspace_ai/PagePouch/node_modules/jest-runner/build/runTest.js:444:34)
    at Object.worker (/Users/st/workspace_ai/PagePouch/node_modules/jest-runner/build/testWorker.js:106:12)]]></failure>
    </testCase>
    <testCase name="Global Loading Functions setButtonLoading should call loadingManager.setButtonLoading" duration="0">
      <failure message="ReferenceError: setButtonLoading is not defined"><![CDATA[ReferenceError: setButtonLoading is not defined
    at Object.setButtonLoading (/Users/st/workspace_ai/PagePouch/tests/loading.test.js:440:24)
    at Promise.then.completed (/Users/st/workspace_ai/PagePouch/node_modules/jest-circus/build/utils.js:298:28)
    at new Promise (<anonymous>)
    at callAsyncCircusFn (/Users/st/workspace_ai/PagePouch/node_modules/jest-circus/build/utils.js:231:10)
    at _callCircusTest (/Users/st/workspace_ai/PagePouch/node_modules/jest-circus/build/run.js:316:40)
    at processTicksAndRejections (node:internal/process/task_queues:105:5)
    at _runTest (/Users/st/workspace_ai/PagePouch/node_modules/jest-circus/build/run.js:252:3)
    at _runTestsForDescribeBlock (/Users/st/workspace_ai/PagePouch/node_modules/jest-circus/build/run.js:126:9)
    at _runTestsForDescribeBlock (/Users/st/workspace_ai/PagePouch/node_modules/jest-circus/build/run.js:121:9)
    at run (/Users/st/workspace_ai/PagePouch/node_modules/jest-circus/build/run.js:71:3)
    at runAndTransformResultsToJestFormat (/Users/st/workspace_ai/PagePouch/node_modules/jest-circus/build/legacy-code-todo-rewrite/jestAdapterInit.js:122:21)
    at jestAdapter (/Users/st/workspace_ai/PagePouch/node_modules/jest-circus/build/legacy-code-todo-rewrite/jestAdapter.js:79:19)
    at runTestInternal (/Users/st/workspace_ai/PagePouch/node_modules/jest-runner/build/runTest.js:367:16)
    at runTest (/Users/st/workspace_ai/PagePouch/node_modules/jest-runner/build/runTest.js:444:34)
    at Object.worker (/Users/st/workspace_ai/PagePouch/node_modules/jest-runner/build/testWorker.js:106:12)]]></failure>
    </testCase>
    <testCase name="Global Loading Functions setInputLoading should call loadingManager.setInputLoading" duration="0">
      <failure message="ReferenceError: setInputLoading is not defined"><![CDATA[ReferenceError: setInputLoading is not defined
    at Object.setInputLoading (/Users/st/workspace_ai/PagePouch/tests/loading.test.js:447:24)
    at Promise.then.completed (/Users/st/workspace_ai/PagePouch/node_modules/jest-circus/build/utils.js:298:28)
    at new Promise (<anonymous>)
    at callAsyncCircusFn (/Users/st/workspace_ai/PagePouch/node_modules/jest-circus/build/utils.js:231:10)
    at _callCircusTest (/Users/st/workspace_ai/PagePouch/node_modules/jest-circus/build/run.js:316:40)
    at processTicksAndRejections (node:internal/process/task_queues:105:5)
    at _runTest (/Users/st/workspace_ai/PagePouch/node_modules/jest-circus/build/run.js:252:3)
    at _runTestsForDescribeBlock (/Users/st/workspace_ai/PagePouch/node_modules/jest-circus/build/run.js:126:9)
    at _runTestsForDescribeBlock (/Users/st/workspace_ai/PagePouch/node_modules/jest-circus/build/run.js:121:9)
    at run (/Users/st/workspace_ai/PagePouch/node_modules/jest-circus/build/run.js:71:3)
    at runAndTransformResultsToJestFormat (/Users/st/workspace_ai/PagePouch/node_modules/jest-circus/build/legacy-code-todo-rewrite/jestAdapterInit.js:122:21)
    at jestAdapter (/Users/st/workspace_ai/PagePouch/node_modules/jest-circus/build/legacy-code-todo-rewrite/jestAdapter.js:79:19)
    at runTestInternal (/Users/st/workspace_ai/PagePouch/node_modules/jest-runner/build/runTest.js:367:16)
    at runTest (/Users/st/workspace_ai/PagePouch/node_modules/jest-runner/build/runTest.js:444:34)
    at Object.worker (/Users/st/workspace_ai/PagePouch/node_modules/jest-runner/build/testWorker.js:106:12)]]></failure>
    </testCase>
    <testCase name="Global Loading Functions hideLoading should call loadingManager.hide" duration="0">
      <failure message="ReferenceError: hideLoading is not defined"><![CDATA[ReferenceError: hideLoading is not defined
    at Object.hideLoading (/Users/st/workspace_ai/PagePouch/tests/loading.test.js:454:9)
    at Promise.then.completed (/Users/st/workspace_ai/PagePouch/node_modules/jest-circus/build/utils.js:298:28)
    at new Promise (<anonymous>)
    at callAsyncCircusFn (/Users/st/workspace_ai/PagePouch/node_modules/jest-circus/build/utils.js:231:10)
    at _callCircusTest (/Users/st/workspace_ai/PagePouch/node_modules/jest-circus/build/run.js:316:40)
    at processTicksAndRejections (node:internal/process/task_queues:105:5)
    at _runTest (/Users/st/workspace_ai/PagePouch/node_modules/jest-circus/build/run.js:252:3)
    at _runTestsForDescribeBlock (/Users/st/workspace_ai/PagePouch/node_modules/jest-circus/build/run.js:126:9)
    at _runTestsForDescribeBlock (/Users/st/workspace_ai/PagePouch/node_modules/jest-circus/build/run.js:121:9)
    at run (/Users/st/workspace_ai/PagePouch/node_modules/jest-circus/build/run.js:71:3)
    at runAndTransformResultsToJestFormat (/Users/st/workspace_ai/PagePouch/node_modules/jest-circus/build/legacy-code-todo-rewrite/jestAdapterInit.js:122:21)
    at jestAdapter (/Users/st/workspace_ai/PagePouch/node_modules/jest-circus/build/legacy-code-todo-rewrite/jestAdapter.js:79:19)
    at runTestInternal (/Users/st/workspace_ai/PagePouch/node_modules/jest-runner/build/runTest.js:367:16)
    at runTest (/Users/st/workspace_ai/PagePouch/node_modules/jest-runner/build/runTest.js:444:34)
    at Object.worker (/Users/st/workspace_ai/PagePouch/node_modules/jest-runner/build/testWorker.js:106:12)]]></failure>
    </testCase>
    <testCase name="Global Loading Functions hideAllLoading should call loadingManager.hideAll" duration="0">
      <failure message="ReferenceError: hideAllLoading is not defined"><![CDATA[ReferenceError: hideAllLoading is not defined
    at Object.hideAllLoading (/Users/st/workspace_ai/PagePouch/tests/loading.test.js:460:9)
    at Promise.then.completed (/Users/st/workspace_ai/PagePouch/node_modules/jest-circus/build/utils.js:298:28)
    at new Promise (<anonymous>)
    at callAsyncCircusFn (/Users/st/workspace_ai/PagePouch/node_modules/jest-circus/build/utils.js:231:10)
    at _callCircusTest (/Users/st/workspace_ai/PagePouch/node_modules/jest-circus/build/run.js:316:40)
    at processTicksAndRejections (node:internal/process/task_queues:105:5)
    at _runTest (/Users/st/workspace_ai/PagePouch/node_modules/jest-circus/build/run.js:252:3)
    at _runTestsForDescribeBlock (/Users/st/workspace_ai/PagePouch/node_modules/jest-circus/build/run.js:126:9)
    at _runTestsForDescribeBlock (/Users/st/workspace_ai/PagePouch/node_modules/jest-circus/build/run.js:121:9)
    at run (/Users/st/workspace_ai/PagePouch/node_modules/jest-circus/build/run.js:71:3)
    at runAndTransformResultsToJestFormat (/Users/st/workspace_ai/PagePouch/node_modules/jest-circus/build/legacy-code-todo-rewrite/jestAdapterInit.js:122:21)
    at jestAdapter (/Users/st/workspace_ai/PagePouch/node_modules/jest-circus/build/legacy-code-todo-rewrite/jestAdapter.js:79:19)
    at runTestInternal (/Users/st/workspace_ai/PagePouch/node_modules/jest-runner/build/runTest.js:367:16)
    at runTest (/Users/st/workspace_ai/PagePouch/node_modules/jest-runner/build/runTest.js:444:34)
    at Object.worker (/Users/st/workspace_ai/PagePouch/node_modules/jest-runner/build/testWorker.js:106:12)]]></failure>
    </testCase>
    <testCase name="LoadingManager Integration should work with real DOM elements" duration="0">
      <failure message="ReferenceError: document is not defined"><![CDATA[ReferenceError: document is not defined
    at Object.container (/Users/st/workspace_ai/PagePouch/tests/loading.test.js:472:9)
    at Promise.then.completed (/Users/st/workspace_ai/PagePouch/node_modules/jest-circus/build/utils.js:298:28)
    at new Promise (<anonymous>)
    at callAsyncCircusFn (/Users/st/workspace_ai/PagePouch/node_modules/jest-circus/build/utils.js:231:10)
    at _callCircusHook (/Users/st/workspace_ai/PagePouch/node_modules/jest-circus/build/run.js:281:40)
    at processTicksAndRejections (node:internal/process/task_queues:105:5)
    at _runTest (/Users/st/workspace_ai/PagePouch/node_modules/jest-circus/build/run.js:246:5)
    at _runTestsForDescribeBlock (/Users/st/workspace_ai/PagePouch/node_modules/jest-circus/build/run.js:126:9)
    at _runTestsForDescribeBlock (/Users/st/workspace_ai/PagePouch/node_modules/jest-circus/build/run.js:121:9)
    at run (/Users/st/workspace_ai/PagePouch/node_modules/jest-circus/build/run.js:71:3)
    at runAndTransformResultsToJestFormat (/Users/st/workspace_ai/PagePouch/node_modules/jest-circus/build/legacy-code-todo-rewrite/jestAdapterInit.js:122:21)
    at jestAdapter (/Users/st/workspace_ai/PagePouch/node_modules/jest-circus/build/legacy-code-todo-rewrite/jestAdapter.js:79:19)
    at runTestInternal (/Users/st/workspace_ai/PagePouch/node_modules/jest-runner/build/runTest.js:367:16)
    at runTest (/Users/st/workspace_ai/PagePouch/node_modules/jest-runner/build/runTest.js:444:34)
    at Object.worker (/Users/st/workspace_ai/PagePouch/node_modules/jest-runner/build/testWorker.js:106:12)]]></failure>
      <failure message="TypeError: Cannot read properties of undefined (reading &apos;parentNode&apos;)"><![CDATA[TypeError: Cannot read properties of undefined (reading 'parentNode')
    at Object.parentNode (/Users/st/workspace_ai/PagePouch/tests/loading.test.js:485:23)
    at Promise.then.completed (/Users/st/workspace_ai/PagePouch/node_modules/jest-circus/build/utils.js:298:28)
    at new Promise (<anonymous>)
    at callAsyncCircusFn (/Users/st/workspace_ai/PagePouch/node_modules/jest-circus/build/utils.js:231:10)
    at _callCircusHook (/Users/st/workspace_ai/PagePouch/node_modules/jest-circus/build/run.js:281:40)
    at processTicksAndRejections (node:internal/process/task_queues:105:5)
    at _runTest (/Users/st/workspace_ai/PagePouch/node_modules/jest-circus/build/run.js:254:5)
    at _runTestsForDescribeBlock (/Users/st/workspace_ai/PagePouch/node_modules/jest-circus/build/run.js:126:9)
    at _runTestsForDescribeBlock (/Users/st/workspace_ai/PagePouch/node_modules/jest-circus/build/run.js:121:9)
    at run (/Users/st/workspace_ai/PagePouch/node_modules/jest-circus/build/run.js:71:3)
    at runAndTransformResultsToJestFormat (/Users/st/workspace_ai/PagePouch/node_modules/jest-circus/build/legacy-code-todo-rewrite/jestAdapterInit.js:122:21)
    at jestAdapter (/Users/st/workspace_ai/PagePouch/node_modules/jest-circus/build/legacy-code-todo-rewrite/jestAdapter.js:79:19)
    at runTestInternal (/Users/st/workspace_ai/PagePouch/node_modules/jest-runner/build/runTest.js:367:16)
    at runTest (/Users/st/workspace_ai/PagePouch/node_modules/jest-runner/build/runTest.js:444:34)
    at Object.worker (/Users/st/workspace_ai/PagePouch/node_modules/jest-runner/build/testWorker.js:106:12)]]></failure>
    </testCase>
    <testCase name="LoadingManager Integration should handle overlay positioning correctly" duration="0">
      <failure message="ReferenceError: document is not defined"><![CDATA[ReferenceError: document is not defined
    at Object.container (/Users/st/workspace_ai/PagePouch/tests/loading.test.js:472:9)
    at Promise.then.completed (/Users/st/workspace_ai/PagePouch/node_modules/jest-circus/build/utils.js:298:28)
    at new Promise (<anonymous>)
    at callAsyncCircusFn (/Users/st/workspace_ai/PagePouch/node_modules/jest-circus/build/utils.js:231:10)
    at _callCircusHook (/Users/st/workspace_ai/PagePouch/node_modules/jest-circus/build/run.js:281:40)
    at processTicksAndRejections (node:internal/process/task_queues:105:5)
    at _runTest (/Users/st/workspace_ai/PagePouch/node_modules/jest-circus/build/run.js:246:5)
    at _runTestsForDescribeBlock (/Users/st/workspace_ai/PagePouch/node_modules/jest-circus/build/run.js:126:9)
    at _runTestsForDescribeBlock (/Users/st/workspace_ai/PagePouch/node_modules/jest-circus/build/run.js:121:9)
    at run (/Users/st/workspace_ai/PagePouch/node_modules/jest-circus/build/run.js:71:3)
    at runAndTransformResultsToJestFormat (/Users/st/workspace_ai/PagePouch/node_modules/jest-circus/build/legacy-code-todo-rewrite/jestAdapterInit.js:122:21)
    at jestAdapter (/Users/st/workspace_ai/PagePouch/node_modules/jest-circus/build/legacy-code-todo-rewrite/jestAdapter.js:79:19)
    at runTestInternal (/Users/st/workspace_ai/PagePouch/node_modules/jest-runner/build/runTest.js:367:16)
    at runTest (/Users/st/workspace_ai/PagePouch/node_modules/jest-runner/build/runTest.js:444:34)
    at Object.worker (/Users/st/workspace_ai/PagePouch/node_modules/jest-runner/build/testWorker.js:106:12)]]></failure>
      <failure message="TypeError: Cannot read properties of undefined (reading &apos;parentNode&apos;)"><![CDATA[TypeError: Cannot read properties of undefined (reading 'parentNode')
    at Object.parentNode (/Users/st/workspace_ai/PagePouch/tests/loading.test.js:485:23)
    at Promise.then.completed (/Users/st/workspace_ai/PagePouch/node_modules/jest-circus/build/utils.js:298:28)
    at new Promise (<anonymous>)
    at callAsyncCircusFn (/Users/st/workspace_ai/PagePouch/node_modules/jest-circus/build/utils.js:231:10)
    at _callCircusHook (/Users/st/workspace_ai/PagePouch/node_modules/jest-circus/build/run.js:281:40)
    at processTicksAndRejections (node:internal/process/task_queues:105:5)
    at _runTest (/Users/st/workspace_ai/PagePouch/node_modules/jest-circus/build/run.js:254:5)
    at _runTestsForDescribeBlock (/Users/st/workspace_ai/PagePouch/node_modules/jest-circus/build/run.js:126:9)
    at _runTestsForDescribeBlock (/Users/st/workspace_ai/PagePouch/node_modules/jest-circus/build/run.js:121:9)
    at run (/Users/st/workspace_ai/PagePouch/node_modules/jest-circus/build/run.js:71:3)
    at runAndTransformResultsToJestFormat (/Users/st/workspace_ai/PagePouch/node_modules/jest-circus/build/legacy-code-todo-rewrite/jestAdapterInit.js:122:21)
    at jestAdapter (/Users/st/workspace_ai/PagePouch/node_modules/jest-circus/build/legacy-code-todo-rewrite/jestAdapter.js:79:19)
    at runTestInternal (/Users/st/workspace_ai/PagePouch/node_modules/jest-runner/build/runTest.js:367:16)
    at runTest (/Users/st/workspace_ai/PagePouch/node_modules/jest-runner/build/runTest.js:444:34)
    at Object.worker (/Users/st/workspace_ai/PagePouch/node_modules/jest-runner/build/testWorker.js:106:12)]]></failure>
    </testCase>
    <testCase name="LoadingManager Integration should create proper skeleton structure" duration="0">
      <failure message="ReferenceError: document is not defined"><![CDATA[ReferenceError: document is not defined
    at Object.container (/Users/st/workspace_ai/PagePouch/tests/loading.test.js:472:9)
    at Promise.then.completed (/Users/st/workspace_ai/PagePouch/node_modules/jest-circus/build/utils.js:298:28)
    at new Promise (<anonymous>)
    at callAsyncCircusFn (/Users/st/workspace_ai/PagePouch/node_modules/jest-circus/build/utils.js:231:10)
    at _callCircusHook (/Users/st/workspace_ai/PagePouch/node_modules/jest-circus/build/run.js:281:40)
    at processTicksAndRejections (node:internal/process/task_queues:105:5)
    at _runTest (/Users/st/workspace_ai/PagePouch/node_modules/jest-circus/build/run.js:246:5)
    at _runTestsForDescribeBlock (/Users/st/workspace_ai/PagePouch/node_modules/jest-circus/build/run.js:126:9)
    at _runTestsForDescribeBlock (/Users/st/workspace_ai/PagePouch/node_modules/jest-circus/build/run.js:121:9)
    at run (/Users/st/workspace_ai/PagePouch/node_modules/jest-circus/build/run.js:71:3)
    at runAndTransformResultsToJestFormat (/Users/st/workspace_ai/PagePouch/node_modules/jest-circus/build/legacy-code-todo-rewrite/jestAdapterInit.js:122:21)
    at jestAdapter (/Users/st/workspace_ai/PagePouch/node_modules/jest-circus/build/legacy-code-todo-rewrite/jestAdapter.js:79:19)
    at runTestInternal (/Users/st/workspace_ai/PagePouch/node_modules/jest-runner/build/runTest.js:367:16)
    at runTest (/Users/st/workspace_ai/PagePouch/node_modules/jest-runner/build/runTest.js:444:34)
    at Object.worker (/Users/st/workspace_ai/PagePouch/node_modules/jest-runner/build/testWorker.js:106:12)]]></failure>
      <failure message="TypeError: Cannot read properties of undefined (reading &apos;parentNode&apos;)"><![CDATA[TypeError: Cannot read properties of undefined (reading 'parentNode')
    at Object.parentNode (/Users/st/workspace_ai/PagePouch/tests/loading.test.js:485:23)
    at Promise.then.completed (/Users/st/workspace_ai/PagePouch/node_modules/jest-circus/build/utils.js:298:28)
    at new Promise (<anonymous>)
    at callAsyncCircusFn (/Users/st/workspace_ai/PagePouch/node_modules/jest-circus/build/utils.js:231:10)
    at _callCircusHook (/Users/st/workspace_ai/PagePouch/node_modules/jest-circus/build/run.js:281:40)
    at processTicksAndRejections (node:internal/process/task_queues:105:5)
    at _runTest (/Users/st/workspace_ai/PagePouch/node_modules/jest-circus/build/run.js:254:5)
    at _runTestsForDescribeBlock (/Users/st/workspace_ai/PagePouch/node_modules/jest-circus/build/run.js:126:9)
    at _runTestsForDescribeBlock (/Users/st/workspace_ai/PagePouch/node_modules/jest-circus/build/run.js:121:9)
    at run (/Users/st/workspace_ai/PagePouch/node_modules/jest-circus/build/run.js:71:3)
    at runAndTransformResultsToJestFormat (/Users/st/workspace_ai/PagePouch/node_modules/jest-circus/build/legacy-code-todo-rewrite/jestAdapterInit.js:122:21)
    at jestAdapter (/Users/st/workspace_ai/PagePouch/node_modules/jest-circus/build/legacy-code-todo-rewrite/jestAdapter.js:79:19)
    at runTestInternal (/Users/st/workspace_ai/PagePouch/node_modules/jest-runner/build/runTest.js:367:16)
    at runTest (/Users/st/workspace_ai/PagePouch/node_modules/jest-runner/build/runTest.js:444:34)
    at Object.worker (/Users/st/workspace_ai/PagePouch/node_modules/jest-runner/build/testWorker.js:106:12)]]></failure>
    </testCase>
  </file>
  <file path="/Users/st/workspace_ai/PagePouch/tests/summary-workflow.test.js">
    <testCase name="Summary Workflow Integration Tests AI-Enabled Workflow should generate AI summary when properly configured" duration="2">
      <failure message="Error: expect(received).toBe(expected) // Object.is equality"><![CDATA[Error: expect(received).toBe(expected) // Object.is equality

Expected: "ai_generated"
Received: "content_too_short"
    at Object.toBe (/Users/st/workspace_ai/PagePouch/tests/summary-workflow.test.js:135:44)
    at processTicksAndRejections (node:internal/process/task_queues:105:5)]]></failure>
    </testCase>
    <testCase name="Summary Workflow Integration Tests AI-Enabled Workflow should handle AI generation failure gracefully" duration="1">
      <failure message="Error: expect(received).toContain(expected) // indexOf"><![CDATA[Error: expect(received).toContain(expected) // indexOf

Expected substring: "fallback summary"
Received string:    "   "
    at Object.toContain (/Users/st/workspace_ai/PagePouch/tests/summary-workflow.test.js:150:36)
    at processTicksAndRejections (node:internal/process/task_queues:105:5)]]></failure>
    </testCase>
    <testCase name="Summary Workflow Integration Tests AI-Enabled Workflow should work with different AI providers" duration="0">
      <failure message="Error: expect(received).toBe(expected) // Object.is equality"><![CDATA[Error: expect(received).toBe(expected) // Object.is equality

Expected: "ai_generated"
Received: "content_too_short"
    at Object.toBe (/Users/st/workspace_ai/PagePouch/tests/summary-workflow.test.js:171:52)
    at processTicksAndRejections (node:internal/process/task_queues:105:5)]]></failure>
    </testCase>
    <testCase name="Summary Workflow Integration Tests AI-Enabled Workflow should respect summary length settings" duration="1">
      <failure message="Error: expect(received).toBe(expected) // Object.is equality"><![CDATA[Error: expect(received).toBe(expected) // Object.is equality

Expected: "ai_generated"
Received: "content_too_short"
    at Object.toBe (/Users/st/workspace_ai/PagePouch/tests/summary-workflow.test.js:191:48)
    at processTicksAndRejections (node:internal/process/task_queues:105:5)]]></failure>
    </testCase>
    <testCase name="Summary Workflow Integration Tests AI-Disabled Workflow should return default summary when AI is disabled" duration="0"/>
    <testCase name="Summary Workflow Integration Tests AI-Disabled Workflow should not attempt AI processing when disabled" duration="0"/>
    <testCase name="Summary Workflow Integration Tests Unconfigured Workflow should handle missing API key gracefully" duration="0"/>
    <testCase name="Summary Workflow Integration Tests Unconfigured Workflow should handle missing provider gracefully" duration="1">
      <failure message="Error: expect(received).toBe(expected) // Object.is equality"><![CDATA[Error: expect(received).toBe(expected) // Object.is equality

Expected: " "
Received: "   "
    at Object.toBe (/Users/st/workspace_ai/PagePouch/tests/summary-workflow.test.js:247:36)
    at processTicksAndRejections (node:internal/process/task_queues:105:5)]]></failure>
    </testCase>
    <testCase name="Summary Workflow Integration Tests Unconfigured Workflow should allow Ollama without API key" duration="0">
      <failure message="Error: expect(received).toBe(expected) // Object.is equality"><![CDATA[Error: expect(received).toBe(expected) // Object.is equality

Expected: "ai_generated"
Received: "content_too_short"
    at Object.toBe (/Users/st/workspace_ai/PagePouch/tests/summary-workflow.test.js:260:44)
    at processTicksAndRejections (node:internal/process/task_queues:105:5)]]></failure>
    </testCase>
    <testCase name="Summary Workflow Integration Tests Content Validation should handle short content appropriately" duration="0"/>
    <testCase name="Summary Workflow Integration Tests Content Validation should process adequate content length" duration="0"/>
    <testCase name="Summary Workflow Integration Tests Error Handling should handle network errors gracefully" duration="1"/>
    <testCase name="Summary Workflow Integration Tests Error Handling should provide meaningful error messages" duration="0"/>
    <testCase name="Summary Workflow Integration Tests Performance and Optimization should complete within reasonable time limits" duration="0">
      <failure message="Error: expect(received).toBeGreaterThan(expected)"><![CDATA[Error: expect(received).toBeGreaterThan(expected)

Expected: > 1755319466247
Received:   1755319466247
    at Object.toBeGreaterThan (/Users/st/workspace_ai/PagePouch/tests/summary-workflow.test.js:366:47)
    at processTicksAndRejections (node:internal/process/task_queues:105:5)]]></failure>
    </testCase>
    <testCase name="Summary Workflow Integration Tests Performance and Optimization should handle concurrent requests" duration="0">
      <failure message="Error: expect(received).toBe(expected) // Object.is equality"><![CDATA[Error: expect(received).toBe(expected) // Object.is equality

Expected: "ai_generated"
Received: "content_too_short"
    at toBe (/Users/st/workspace_ai/PagePouch/tests/summary-workflow.test.js:383:48)
    at Array.forEach (<anonymous>)
    at Object.forEach (/Users/st/workspace_ai/PagePouch/tests/summary-workflow.test.js:382:21)
    at processTicksAndRejections (node:internal/process/task_queues:105:5)]]></failure>
    </testCase>
    <testCase name="Summary Workflow Integration Tests Settings Validation should validate summary workflow settings" duration="1"/>
    <testCase name="End-to-End Workflow Tests should complete full page saving workflow with AI summary" duration="0">
      <failure message="Error: expect(received).toBe(expected) // Object.is equality"><![CDATA[Error: expect(received).toBe(expected) // Object.is equality

Expected: "ai_generated"
Received: "content_too_short"
    at Object.toBe (/Users/st/workspace_ai/PagePouch/tests/summary-workflow.test.js:509:41)
    at processTicksAndRejections (node:internal/process/task_queues:105:5)]]></failure>
    </testCase>
    <testCase name="End-to-End Workflow Tests should complete workflow with AI disabled" duration="0"/>
  </file>
  <file path="/Users/st/workspace_ai/PagePouch/tests/loading-helpers.test.js">
    <testCase name="Loading Helpers showSavePageLoading should show button loading and toast" duration="1"/>
    <testCase name="Loading Helpers showSavePageLoading should hide loading when controller.hide() is called" duration="1"/>
    <testCase name="Loading Helpers showSavePageLoading should update progress with different steps" duration="0"/>
    <testCase name="Loading Helpers showDeletePageLoading should show delete loading state" duration="1"/>
    <testCase name="Loading Helpers showDeletePageLoading should hide delete loading" duration="0"/>
    <testCase name="Loading Helpers showSearchLoading should show search input loading" duration="0"/>
    <testCase name="Loading Helpers showSearchLoading should hide search loading" duration="1"/>
    <testCase name="Loading Helpers showAPITestLoading should show API test loading" duration="0"/>
    <testCase name="Loading Helpers showExportLoading should show export loading" duration="0"/>
    <testCase name="Loading Helpers showImportLoading should show import loading" duration="1"/>
    <testCase name="Loading Helpers showPageListLoading should show page list overlay" duration="0"/>
    <testCase name="Loading Helpers showPageCardSkeletons should create skeleton cards" duration="4"/>
    <testCase name="Loading Helpers showPageCardSkeletons should handle missing container" duration="0"/>
    <testCase name="Loading Helpers showPageCardSkeletons should hide skeleton cards" duration="1"/>
    <testCase name="Loading Helpers showPageCardSkeletons should handle invalid skeleton array" duration="0"/>
    <testCase name="Loading Helpers showMultiStepProgress should create multi-step progress controller" duration="0"/>
    <testCase name="Loading Helpers showMultiStepProgress should advance to next step" duration="1"/>
    <testCase name="Loading Helpers showMultiStepProgress should set specific step" duration="0"/>
    <testCase name="Loading Helpers showMultiStepProgress should complete progress" duration="1">
      <failure message="Error: expect(received).toBe(expected) // Object.is equality"><![CDATA[Error: expect(received).toBe(expected) // Object.is equality

Expected: 2000
Received: 0
    at toBe (/Users/st/workspace_ai/PagePouch/tests/loading-helpers.test.js:289:31)
    at /Users/st/workspace_ai/PagePouch/node_modules/jest-mock/build/index.js:397:39
    at /Users/st/workspace_ai/PagePouch/node_modules/jest-mock/build/index.js:404:13
    at mockConstructor (/Users/st/workspace_ai/PagePouch/node_modules/jest-mock/build/index.js:108:19)
    at Object.setTimeout (/Users/st/workspace_ai/PagePouch/tests/loading-helpers.test.js:301:13)
    at Promise.then.completed (/Users/st/workspace_ai/PagePouch/node_modules/jest-circus/build/utils.js:290:26)
    at new Promise (<anonymous>)
    at callAsyncCircusFn (/Users/st/workspace_ai/PagePouch/node_modules/jest-circus/build/utils.js:231:10)
    at _callCircusTest (/Users/st/workspace_ai/PagePouch/node_modules/jest-circus/build/run.js:316:40)
    at processTicksAndRejections (node:internal/process/task_queues:105:5)
    at _runTest (/Users/st/workspace_ai/PagePouch/node_modules/jest-circus/build/run.js:252:3)
    at _runTestsForDescribeBlock (/Users/st/workspace_ai/PagePouch/node_modules/jest-circus/build/run.js:126:9)
    at _runTestsForDescribeBlock (/Users/st/workspace_ai/PagePouch/node_modules/jest-circus/build/run.js:121:9)
    at _runTestsForDescribeBlock (/Users/st/workspace_ai/PagePouch/node_modules/jest-circus/build/run.js:121:9)
    at run (/Users/st/workspace_ai/PagePouch/node_modules/jest-circus/build/run.js:71:3)
    at runAndTransformResultsToJestFormat (/Users/st/workspace_ai/PagePouch/node_modules/jest-circus/build/legacy-code-todo-rewrite/jestAdapterInit.js:122:21)
    at jestAdapter (/Users/st/workspace_ai/PagePouch/node_modules/jest-circus/build/legacy-code-todo-rewrite/jestAdapter.js:79:19)
    at runTestInternal (/Users/st/workspace_ai/PagePouch/node_modules/jest-runner/build/runTest.js:367:16)
    at runTest (/Users/st/workspace_ai/PagePouch/node_modules/jest-runner/build/runTest.js:444:34)
    at Object.worker (/Users/st/workspace_ai/PagePouch/node_modules/jest-runner/build/testWorker.js:106:12)]]></failure>
    </testCase>
    <testCase name="Loading Helpers showMultiStepProgress should hide progress manually" duration="1"/>
    <testCase name="Loading Helpers showSettingsSaveLoading should show settings save loading" duration="0"/>
    <testCase name="Loading Helpers showIndeterminateLoading should show indeterminate progress" duration="1"/>
    <testCase name="Loading Helpers showIndeterminateLoading should use default message when none provided" duration="0"/>
    <testCase name="Loading Helpers withLoading should execute async operation with button loading" duration="0"/>
    <testCase name="Loading Helpers withLoading should execute async operation with input loading" duration="1"/>
    <testCase name="Loading Helpers withLoading should execute async operation with overlay" duration="0"/>
    <testCase name="Loading Helpers withLoading should execute async operation with progress" duration="0"/>
    <testCase name="Loading Helpers withLoading should clean up loaders even if operation fails" duration="1"/>
    <testCase name="Loading Helpers withLoading should handle cleanup errors gracefully" duration="0"/>
    <testCase name="Loading Helpers withLoading should execute operation without progress controller when not needed" duration="1"/>
    <testCase name="Loading Helpers Integration Tests should work with real DOM elements" duration="0"/>
    <testCase name="Loading Helpers Integration Tests should handle multiple concurrent loading states" duration="1"/>
  </file>
  <file path="/Users/st/workspace_ai/PagePouch/tests/helpers.test.js">
    <testCase name="Helper Utilities URL Validation should validate HTTP URLs" duration="1"/>
    <testCase name="Helper Utilities URL Validation should reject invalid URLs" duration="1">
      <failure message="Error: expect(received).toBeInstanceOf(expected)"><![CDATA[Error: expect(received).toBeInstanceOf(expected)

Expected constructor: TypeError
Received constructor: TypeError

    at toBeInstanceOf (/Users/st/workspace_ai/PagePouch/tests/helpers.test.js:67:35)
    at Array.forEach (<anonymous>)
    at Object.forEach (/Users/st/workspace_ai/PagePouch/tests/helpers.test.js:60:25)
    at Promise.then.completed (/Users/st/workspace_ai/PagePouch/node_modules/jest-circus/build/utils.js:298:28)
    at new Promise (<anonymous>)
    at callAsyncCircusFn (/Users/st/workspace_ai/PagePouch/node_modules/jest-circus/build/utils.js:231:10)
    at _callCircusTest (/Users/st/workspace_ai/PagePouch/node_modules/jest-circus/build/run.js:316:40)
    at processTicksAndRejections (node:internal/process/task_queues:105:5)
    at _runTest (/Users/st/workspace_ai/PagePouch/node_modules/jest-circus/build/run.js:252:3)
    at _runTestsForDescribeBlock (/Users/st/workspace_ai/PagePouch/node_modules/jest-circus/build/run.js:126:9)
    at _runTestsForDescribeBlock (/Users/st/workspace_ai/PagePouch/node_modules/jest-circus/build/run.js:121:9)
    at _runTestsForDescribeBlock (/Users/st/workspace_ai/PagePouch/node_modules/jest-circus/build/run.js:121:9)
    at run (/Users/st/workspace_ai/PagePouch/node_modules/jest-circus/build/run.js:71:3)
    at runAndTransformResultsToJestFormat (/Users/st/workspace_ai/PagePouch/node_modules/jest-circus/build/legacy-code-todo-rewrite/jestAdapterInit.js:122:21)
    at jestAdapter (/Users/st/workspace_ai/PagePouch/node_modules/jest-circus/build/legacy-code-todo-rewrite/jestAdapter.js:79:19)
    at runTestInternal (/Users/st/workspace_ai/PagePouch/node_modules/jest-runner/build/runTest.js:367:16)
    at runTest (/Users/st/workspace_ai/PagePouch/node_modules/jest-runner/build/runTest.js:444:34)
    at Object.worker (/Users/st/workspace_ai/PagePouch/node_modules/jest-runner/build/testWorker.js:106:12)]]></failure>
    </testCase>
    <testCase name="Helper Utilities Text Processing should truncate text correctly" duration="0"/>
    <testCase name="Helper Utilities Text Processing should clean HTML from text" duration="1">
      <failure message="Error: expect(received).toBe(expected) // Object.is equality"><![CDATA[Error: expect(received).toBe(expected) // Object.is equality

Expected: "Safe text"
Received: "alert(\"xss\")Safe text"
    at Object.toBe (/Users/st/workspace_ai/PagePouch/tests/helpers.test.js:93:73)
    at Promise.then.completed (/Users/st/workspace_ai/PagePouch/node_modules/jest-circus/build/utils.js:298:28)
    at new Promise (<anonymous>)
    at callAsyncCircusFn (/Users/st/workspace_ai/PagePouch/node_modules/jest-circus/build/utils.js:231:10)
    at _callCircusTest (/Users/st/workspace_ai/PagePouch/node_modules/jest-circus/build/run.js:316:40)
    at processTicksAndRejections (node:internal/process/task_queues:105:5)
    at _runTest (/Users/st/workspace_ai/PagePouch/node_modules/jest-circus/build/run.js:252:3)
    at _runTestsForDescribeBlock (/Users/st/workspace_ai/PagePouch/node_modules/jest-circus/build/run.js:126:9)
    at _runTestsForDescribeBlock (/Users/st/workspace_ai/PagePouch/node_modules/jest-circus/build/run.js:121:9)
    at _runTestsForDescribeBlock (/Users/st/workspace_ai/PagePouch/node_modules/jest-circus/build/run.js:121:9)
    at run (/Users/st/workspace_ai/PagePouch/node_modules/jest-circus/build/run.js:71:3)
    at runAndTransformResultsToJestFormat (/Users/st/workspace_ai/PagePouch/node_modules/jest-circus/build/legacy-code-todo-rewrite/jestAdapterInit.js:122:21)
    at jestAdapter (/Users/st/workspace_ai/PagePouch/node_modules/jest-circus/build/legacy-code-todo-rewrite/jestAdapter.js:79:19)
    at runTestInternal (/Users/st/workspace_ai/PagePouch/node_modules/jest-runner/build/runTest.js:367:16)
    at runTest (/Users/st/workspace_ai/PagePouch/node_modules/jest-runner/build/runTest.js:444:34)
    at Object.worker (/Users/st/workspace_ai/PagePouch/node_modules/jest-runner/build/testWorker.js:106:12)]]></failure>
    </testCase>
    <testCase name="Helper Utilities Text Processing should extract domain from URL" duration="0"/>
    <testCase name="Helper Utilities Data Validation should validate email addresses" duration="1"/>
    <testCase name="Helper Utilities Data Validation should validate API keys" duration="0"/>
    <testCase name="Helper Utilities Array Utilities should remove duplicates from array" duration="0"/>
    <testCase name="Helper Utilities Array Utilities should chunk array into smaller arrays" duration="0"/>
    <testCase name="Helper Utilities Array Utilities should shuffle array" duration="1"/>
    <testCase name="Helper Utilities Object Utilities should deep clone objects" duration="0"/>
    <testCase name="Helper Utilities Object Utilities should merge objects deeply" duration="0"/>
    <testCase name="Helper Utilities Async Utilities should implement delay function" duration="102"/>
    <testCase name="Helper Utilities Async Utilities should implement retry function" duration="22"/>
    <testCase name="Helper Utilities Async Utilities should implement timeout function" duration="107"/>
    <testCase name="Helper Utilities Storage Utilities should format bytes correctly" duration="0"/>
    <testCase name="Helper Utilities Storage Utilities should generate unique IDs" duration="0"/>
    <testCase name="Helper Utilities Date Utilities should check if date is today" duration="0"/>
    <testCase name="Helper Utilities Date Utilities should calculate days between dates" duration="1"/>
    <testCase name="Helper Utilities Error Handling Utilities should safely parse JSON" duration="0"/>
    <testCase name="Helper Utilities Error Handling Utilities should safely access nested properties" duration="0"/>
    <testCase name="Helper Utilities Performance Utilities should implement debounce function" duration="153"/>
    <testCase name="Helper Utilities Performance Utilities should implement throttle function" duration="153"/>
  </file>
  <file path="/Users/st/workspace_ai/PagePouch/tests/integration/user-workflows.test.js">
    <testCase name="User Workflows Integration Tests Page Saving Workflow should complete full page saving workflow" duration="1"/>
    <testCase name="User Workflows Integration Tests Page Saving Workflow should handle page saving with errors gracefully" duration="0"/>
    <testCase name="User Workflows Integration Tests Page Saving Workflow should save page without AI summary when not configured" duration="1"/>
    <testCase name="User Workflows Integration Tests Page Viewing and Management Workflow should load and display saved pages" duration="0"/>
    <testCase name="User Workflows Integration Tests Page Viewing and Management Workflow should search through saved pages" duration="1"/>
    <testCase name="User Workflows Integration Tests Page Viewing and Management Workflow should open page in new tab" duration="0"/>
    <testCase name="User Workflows Integration Tests Page Viewing and Management Workflow should delete page with confirmation" duration="0"/>
    <testCase name="User Workflows Integration Tests Settings Configuration Workflow should save and load extension settings" duration="1"/>
    <testCase name="User Workflows Integration Tests Settings Configuration Workflow should test API key configuration" duration="0"/>
    <testCase name="User Workflows Integration Tests Data Export/Import Workflow should export all data" duration="1"/>
    <testCase name="User Workflows Integration Tests Data Export/Import Workflow should import data and merge with existing" duration="0"/>
    <testCase name="User Workflows Integration Tests Error Recovery Workflows should recover from storage errors" duration="0"/>
    <testCase name="User Workflows Integration Tests Error Recovery Workflows should handle network errors during AI summary" duration="1"/>
    <testCase name="User Workflows Integration Tests Performance Workflows should handle large number of saved pages efficiently" duration="1"/>
    <testCase name="User Workflows Integration Tests Performance Workflows should debounce search queries" duration="353"/>
    <testCase name="User Workflows Integration Tests Performance Workflows should meet timing requirements for page operations" duration="1"/>
    <testCase name="User Workflows Integration Tests Performance Workflows should handle concurrent operations without performance degradation" duration="105"/>
    <testCase name="User Workflows Integration Tests Performance Workflows should optimize memory usage during bulk operations" duration="4"/>
  </file>
  <file path="/Users/st/workspace_ai/PagePouch/tests/ai-summary.test.js">
    <testCase name="AISummaryService isConfigured should return false when AI summary is disabled" duration="81"/>
    <testCase name="AISummaryService isConfigured should return false when no API key is provided" duration="1"/>
    <testCase name="AISummaryService isConfigured should return true when properly configured" duration="0"/>
    <testCase name="AISummaryService generateSummary should return fallback when AI is disabled" duration="0"/>
    <testCase name="AISummaryService generateSummary should return error for content too short" duration="1"/>
    <testCase name="AISummaryService generateSummary should generate summary successfully" duration="0"/>
    <testCase name="AISummaryService generateSummary should retry on failure and return fallback" duration="3004"/>
    <testCase name="AISummaryService preprocessContent should clean and limit content length" duration="0"/>
    <testCase name="AISummaryService preprocessContent should remove URLs" duration="0"/>
    <testCase name="AISummaryService preprocessContent should normalize whitespace" duration="1"/>
    <testCase name="AISummaryService generateFallbackSummary should extract first few sentences" duration="0"/>
    <testCase name="AISummaryService generateFallbackSummary should handle content without sentences" duration="2">
      <failure message="Error: expect(received).toBe(expected) // Object.is equality"><![CDATA[Error: expect(received).toBe(expected) // Object.is equality

Expected: " "
Received: "No sentences here just words."
    at Object.toBe (/Users/st/workspace_ai/PagePouch/tests/ai-summary.test.js:186:30)
    at Promise.then.completed (/Users/st/workspace_ai/PagePouch/node_modules/jest-circus/build/utils.js:298:28)
    at new Promise (<anonymous>)
    at callAsyncCircusFn (/Users/st/workspace_ai/PagePouch/node_modules/jest-circus/build/utils.js:231:10)
    at _callCircusTest (/Users/st/workspace_ai/PagePouch/node_modules/jest-circus/build/run.js:316:40)
    at _runTest (/Users/st/workspace_ai/PagePouch/node_modules/jest-circus/build/run.js:252:3)
    at _runTestsForDescribeBlock (/Users/st/workspace_ai/PagePouch/node_modules/jest-circus/build/run.js:126:9)
    at _runTestsForDescribeBlock (/Users/st/workspace_ai/PagePouch/node_modules/jest-circus/build/run.js:121:9)
    at _runTestsForDescribeBlock (/Users/st/workspace_ai/PagePouch/node_modules/jest-circus/build/run.js:121:9)
    at run (/Users/st/workspace_ai/PagePouch/node_modules/jest-circus/build/run.js:71:3)
    at runAndTransformResultsToJestFormat (/Users/st/workspace_ai/PagePouch/node_modules/jest-circus/build/legacy-code-todo-rewrite/jestAdapterInit.js:122:21)
    at jestAdapter (/Users/st/workspace_ai/PagePouch/node_modules/jest-circus/build/legacy-code-todo-rewrite/jestAdapter.js:79:19)
    at runTestInternal (/Users/st/workspace_ai/PagePouch/node_modules/jest-runner/build/runTest.js:367:16)
    at runTest (/Users/st/workspace_ai/PagePouch/node_modules/jest-runner/build/runTest.js:444:34)
    at Object.worker (/Users/st/workspace_ai/PagePouch/node_modules/jest-runner/build/testWorker.js:106:12)]]></failure>
    </testCase>
    <testCase name="AISummaryService generateFallbackSummary should handle empty content" duration="1"/>
    <testCase name="AISummaryService getAvailableProviders should return list of available providers" duration="2"/>
    <testCase name="OpenAIProvider isConfigured should return true for valid OpenAI API key" duration="0"/>
    <testCase name="OpenAIProvider isConfigured should return false for invalid API key format" duration="0"/>
    <testCase name="OpenAIProvider isConfigured should return false for empty API key" duration="1"/>
    <testCase name="OpenAIProvider testConnection should return success for valid API key" duration="0"/>
    <testCase name="OpenAIProvider testConnection should return error for invalid API key" duration="0"/>
    <testCase name="OpenAIProvider testConnection should handle network errors" duration="1"/>
    <testCase name="OpenAIProvider generateSummary should generate summary successfully" duration="0"/>
    <testCase name="OpenAIProvider generateSummary should handle API errors" duration="0"/>
    <testCase name="OpenAIProvider generateSummary should handle empty response" duration="1"/>
    <testCase name="OpenAIProvider buildPrompt should build Korean prompt" duration="0"/>
    <testCase name="OpenAIProvider buildPrompt should build English prompt" duration="0"/>
    <testCase name="OpenAIProvider buildPrompt should build auto language prompt" duration="0"/>
    <testCase name="OllamaProvider requiresApiKey should return false" duration="1"/>
    <testCase name="OllamaProvider isConfigured should return true when Ollama is running" duration="0"/>
    <testCase name="OllamaProvider isConfigured should return false when Ollama is not running" duration="0"/>
    <testCase name="OllamaProvider testConnection should return success with available models" duration="1"/>
    <testCase name="OllamaProvider testConnection should return error when server not accessible" duration="0"/>
    <testCase name="Integration Tests should handle provider switching" duration="0"/>
    <testCase name="Integration Tests should handle timeout scenarios" duration="0"/>
  </file>
  <file path="/Users/st/workspace_ai/PagePouch/tests/integration/extension-lifecycle.test.js">
    <testCase name="Extension Lifecycle Integration Tests Extension Installation should initialize default settings on first install" duration="0"/>
    <testCase name="Extension Lifecycle Integration Tests Extension Installation should migrate settings on extension update" duration="0"/>
    <testCase name="Extension Lifecycle Integration Tests Extension Installation should handle extension startup" duration="0"/>
    <testCase name="Extension Lifecycle Integration Tests Permission Handling should request and handle permissions" duration="0"/>
    <testCase name="Extension Lifecycle Integration Tests Permission Handling should handle permission denial gracefully" duration="1"/>
    <testCase name="Extension Lifecycle Integration Tests Background Script Integration should handle message routing between components" duration="0"/>
    <testCase name="Extension Lifecycle Integration Tests Background Script Integration should coordinate multiple services" duration="1"/>
    <testCase name="Extension Lifecycle Integration Tests User Interface Integration should update UI after successful page save" duration="0"/>
    <testCase name="Extension Lifecycle Integration Tests User Interface Integration should handle UI state during long operations" duration="307"/>
    <testCase name="Extension Lifecycle Integration Tests Data Consistency should maintain data consistency across operations" duration="0"/>
    <testCase name="Extension Lifecycle Integration Tests Data Consistency should handle concurrent operations safely" duration="2"/>
    <testCase name="Extension Lifecycle Integration Tests Error Recovery Integration should recover from storage quota exceeded" duration="0"/>
    <testCase name="Extension Lifecycle Integration Tests Error Recovery Integration should handle network failures during AI summary" duration="0"/>
    <testCase name="Extension Lifecycle Integration Tests Performance Integration should meet timing requirements for operations" duration="1"/>
    <testCase name="Extension Lifecycle Integration Tests Performance Integration should handle memory usage efficiently" duration="0"/>
    <testCase name="Extension Lifecycle Integration Tests Performance Integration should validate extension installation timing requirements" duration="256"/>
    <testCase name="Extension Lifecycle Integration Tests Performance Integration should handle concurrent extension operations efficiently" duration="54"/>
    <testCase name="Extension Lifecycle Integration Tests Extension Configuration Workflows should handle complete configuration workflow" duration="2"/>
    <testCase name="Extension Lifecycle Integration Tests Extension Configuration Workflows should handle configuration validation errors" duration="2"/>
    <testCase name="Extension Lifecycle Integration Tests Extension Configuration Workflows should handle configuration migration between versions" duration="1"/>
  </file>
  <file path="/Users/st/workspace_ai/PagePouch/tests/options-integration.test.js">
    <testCase name="Options Integration Tests Options Initialization should load and display current settings on initialization" duration="20"/>
    <testCase name="Options Integration Tests Options Initialization should load storage information on initialization" duration="12"/>
    <testCase name="Options Integration Tests Settings Management should save settings when checkbox is changed" duration="6"/>
    <testCase name="Options Integration Tests Settings Management should save settings when select value is changed" duration="5"/>
    <testCase name="Options Integration Tests Settings Management should save settings when range input is changed" duration="4"/>
    <testCase name="Options Integration Tests AI Settings should show/hide AI settings when AI summary is toggled" duration="5"/>
    <testCase name="Options Integration Tests AI Settings should test API key when test button is clicked" duration="5"/>
    <testCase name="Options Integration Tests AI Settings should show error for invalid API key" duration="4"/>
    <testCase name="Options Integration Tests Data Management should export data when export button is clicked" duration="7"/>
    <testCase name="Options Integration Tests Data Management should import data when file is selected" duration="4"/>
    <testCase name="Options Integration Tests Data Management should clear all data when clear button is clicked with confirmation" duration="4"/>
    <testCase name="Options Integration Tests Settings Reset should reset settings to defaults when reset button is clicked" duration="4"/>
    <testCase name="Options Integration Tests Auto-save Functionality should show save status when settings are changed" duration="2112"/>
    <testCase name="Options Integration Tests Keyboard Shortcuts should handle keyboard shortcuts for navigation" duration="10"/>
  </file>
  <file path="/Users/st/workspace_ai/PagePouch/tests/integration/complete-workflows.test.js">
    <testCase name="Complete Workflow Integration Tests End-to-End Page Saving Workflow should complete full page saving workflow from popup to storage" duration="2"/>
    <testCase name="Complete Workflow Integration Tests End-to-End Page Saving Workflow should handle AI-enabled page saving workflow" duration="0"/>
    <testCase name="Complete Workflow Integration Tests Popup to Background Communication should handle popup initialization and page loading" duration="1"/>
    <testCase name="Complete Workflow Integration Tests Popup to Background Communication should handle page deletion from popup" duration="1"/>
    <testCase name="Complete Workflow Integration Tests Options Page Integration should handle settings updates from options page" duration="0"/>
    <testCase name="Complete Workflow Integration Tests Options Page Integration should handle API key testing from options page" duration="0"/>
    <testCase name="Complete Workflow Integration Tests Content Script Integration should extract metadata from various page types" duration="1"/>
    <testCase name="Complete Workflow Integration Tests Error Handling Integration should handle storage quota exceeded error" duration="0"/>
    <testCase name="Complete Workflow Integration Tests Error Handling Integration should handle network errors during AI summary generation" duration="1"/>
    <testCase name="Complete Workflow Integration Tests Performance Integration should complete page saving within performance requirements" duration="163"/>
    <testCase name="Complete Workflow Integration Tests Performance Integration should meet timing requirements for popup loading" duration="2206"/>
    <testCase name="Complete Workflow Integration Tests Performance Integration should handle performance under stress conditions" duration="99"/>
    <testCase name="Complete Workflow Integration Tests Performance Integration should maintain performance with large datasets" duration="575"/>
    <testCase name="Complete Workflow Integration Tests Complete User Journey Integration should handle complete user journey from installation to daily usage" duration="4"/>
    <testCase name="Complete Workflow Integration Tests Complete User Journey Integration should handle user journey with errors and recovery" duration="2"/>
    <testCase name="Complete Workflow Integration Tests Complete User Journey Integration should validate cross-component communication integrity" duration="1"/>
  </file>
  <file path="/Users/st/workspace_ai/PagePouch/tests/error-handler.test.js">
    <testCase name="ErrorHandler Error Processing should process Error objects correctly" duration="89"/>
    <testCase name="ErrorHandler Error Processing should process string errors correctly" duration="1"/>
    <testCase name="ErrorHandler Error Processing should handle unknown error types" duration="0"/>
    <testCase name="ErrorHandler Error Processing should include context information" duration="1"/>
    <testCase name="ErrorHandler Error Processing should include environment information" duration="0"/>
    <testCase name="ErrorHandler Error Logging should log errors with appropriate levels" duration="1"/>
    <testCase name="ErrorHandler Error Logging should include error details in logs" duration="1"/>
    <testCase name="ErrorHandler User Messages should use localized error messages when available" duration="0"/>
    <testCase name="ErrorHandler User Messages should fallback to built-in messages" duration="1"/>
    <testCase name="ErrorHandler User Messages should provide Korean messages when language is Korean" duration="0"/>
    <testCase name="ErrorHandler User Messages should handle all error categories" duration="1"/>
    <testCase name="ErrorHandler User Notifications should show toast notifications for appropriate errors" duration="1">
      <failure message="Error: expect(jest.fn()).toHaveBeenCalledWith(...expected)"><![CDATA[Error: expect(jest.fn()).toHaveBeenCalledWith(...expected)

Expected: Any<String>, "warning"
Received: undefined, "warning"

Number of calls: 1
    at Object.toHaveBeenCalledWith (/Users/st/workspace_ai/PagePouch/tests/error-handler.test.js:194:35)
    at Promise.then.completed (/Users/st/workspace_ai/PagePouch/node_modules/jest-circus/build/utils.js:298:28)
    at new Promise (<anonymous>)
    at callAsyncCircusFn (/Users/st/workspace_ai/PagePouch/node_modules/jest-circus/build/utils.js:231:10)
    at _callCircusTest (/Users/st/workspace_ai/PagePouch/node_modules/jest-circus/build/run.js:316:40)
    at processTicksAndRejections (node:internal/process/task_queues:105:5)
    at _runTest (/Users/st/workspace_ai/PagePouch/node_modules/jest-circus/build/run.js:252:3)
    at _runTestsForDescribeBlock (/Users/st/workspace_ai/PagePouch/node_modules/jest-circus/build/run.js:126:9)
    at _runTestsForDescribeBlock (/Users/st/workspace_ai/PagePouch/node_modules/jest-circus/build/run.js:121:9)
    at _runTestsForDescribeBlock (/Users/st/workspace_ai/PagePouch/node_modules/jest-circus/build/run.js:121:9)
    at run (/Users/st/workspace_ai/PagePouch/node_modules/jest-circus/build/run.js:71:3)
    at runAndTransformResultsToJestFormat (/Users/st/workspace_ai/PagePouch/node_modules/jest-circus/build/legacy-code-todo-rewrite/jestAdapterInit.js:122:21)
    at jestAdapter (/Users/st/workspace_ai/PagePouch/node_modules/jest-circus/build/legacy-code-todo-rewrite/jestAdapter.js:79:19)
    at runTestInternal (/Users/st/workspace_ai/PagePouch/node_modules/jest-runner/build/runTest.js:367:16)
    at runTest (/Users/st/workspace_ai/PagePouch/node_modules/jest-runner/build/runTest.js:444:34)
    at Object.worker (/Users/st/workspace_ai/PagePouch/node_modules/jest-runner/build/testWorker.js:106:12)]]></failure>
    </testCase>
    <testCase name="ErrorHandler User Notifications should not show notifications for low severity errors" duration="1"/>
    <testCase name="ErrorHandler User Notifications should not show notifications for validation errors" duration="0"/>
    <testCase name="ErrorHandler User Notifications should use Chrome notifications when toast is not available" duration="1">
      <failure message="Error: expect(jest.fn()).toHaveBeenCalledWith(...expected)"><![CDATA[Error: expect(jest.fn()).toHaveBeenCalledWith(...expected)

Expected: ObjectContaining {"message": Any<String>, "title": "LaterLens Error", "type": "basic"}, Any<Function>
Received: {"iconUrl": "assets/icon48.png", "message": undefined, "priority": 1, "title": "LaterLens Error", "type": "basic"}, [Function anonymous]

Number of calls: 1
    at Object.toHaveBeenCalledWith (/Users/st/workspace_ai/PagePouch/tests/error-handler.test.js:217:49)
    at Promise.then.completed (/Users/st/workspace_ai/PagePouch/node_modules/jest-circus/build/utils.js:298:28)
    at new Promise (<anonymous>)
    at callAsyncCircusFn (/Users/st/workspace_ai/PagePouch/node_modules/jest-circus/build/utils.js:231:10)
    at _callCircusTest (/Users/st/workspace_ai/PagePouch/node_modules/jest-circus/build/run.js:316:40)
    at processTicksAndRejections (node:internal/process/task_queues:105:5)
    at _runTest (/Users/st/workspace_ai/PagePouch/node_modules/jest-circus/build/run.js:252:3)
    at _runTestsForDescribeBlock (/Users/st/workspace_ai/PagePouch/node_modules/jest-circus/build/run.js:126:9)
    at _runTestsForDescribeBlock (/Users/st/workspace_ai/PagePouch/node_modules/jest-circus/build/run.js:121:9)
    at _runTestsForDescribeBlock (/Users/st/workspace_ai/PagePouch/node_modules/jest-circus/build/run.js:121:9)
    at run (/Users/st/workspace_ai/PagePouch/node_modules/jest-circus/build/run.js:71:3)
    at runAndTransformResultsToJestFormat (/Users/st/workspace_ai/PagePouch/node_modules/jest-circus/build/legacy-code-todo-rewrite/jestAdapterInit.js:122:21)
    at jestAdapter (/Users/st/workspace_ai/PagePouch/node_modules/jest-circus/build/legacy-code-todo-rewrite/jestAdapter.js:79:19)
    at runTestInternal (/Users/st/workspace_ai/PagePouch/node_modules/jest-runner/build/runTest.js:367:16)
    at runTest (/Users/st/workspace_ai/PagePouch/node_modules/jest-runner/build/runTest.js:444:34)
    at Object.worker (/Users/st/workspace_ai/PagePouch/node_modules/jest-runner/build/testWorker.js:106:12)]]></failure>
    </testCase>
    <testCase name="ErrorHandler Specific Error Handlers should handle network errors" duration="0"/>
    <testCase name="ErrorHandler Specific Error Handlers should handle storage errors" duration="1"/>
    <testCase name="ErrorHandler Specific Error Handlers should handle API errors" duration="0"/>
    <testCase name="ErrorHandler Specific Error Handlers should handle validation errors" duration="0"/>
    <testCase name="ErrorHandler Specific Error Handlers should handle permission errors" duration="1"/>
    <testCase name="ErrorHandler Specific Error Handlers should handle screenshot errors" duration="0"/>
    <testCase name="ErrorHandler Specific Error Handlers should handle content extraction errors" duration="1"/>
    <testCase name="ErrorHandler Specific Error Handlers should handle AI summary errors" duration="0"/>
    <testCase name="ErrorHandler Error Anonymization should anonymize sensitive information" duration="1">
      <failure message="Error: expect(received).not.toContain(expected) // indexOf"><![CDATA[Error: expect(received).not.toContain(expected) // indexOf

Expected substring: not "91.0.4472.124"
Received string:        "Chrome/91.0.4472.124 on Windows"
    at Object.toContain (/Users/st/workspace_ai/PagePouch/tests/error-handler.test.js:330:46)
    at Promise.then.completed (/Users/st/workspace_ai/PagePouch/node_modules/jest-circus/build/utils.js:298:28)
    at new Promise (<anonymous>)
    at callAsyncCircusFn (/Users/st/workspace_ai/PagePouch/node_modules/jest-circus/build/utils.js:231:10)
    at _callCircusTest (/Users/st/workspace_ai/PagePouch/node_modules/jest-circus/build/run.js:316:40)
    at processTicksAndRejections (node:internal/process/task_queues:105:5)
    at _runTest (/Users/st/workspace_ai/PagePouch/node_modules/jest-circus/build/run.js:252:3)
    at _runTestsForDescribeBlock (/Users/st/workspace_ai/PagePouch/node_modules/jest-circus/build/run.js:126:9)
    at _runTestsForDescribeBlock (/Users/st/workspace_ai/PagePouch/node_modules/jest-circus/build/run.js:121:9)
    at _runTestsForDescribeBlock (/Users/st/workspace_ai/PagePouch/node_modules/jest-circus/build/run.js:121:9)
    at run (/Users/st/workspace_ai/PagePouch/node_modules/jest-circus/build/run.js:71:3)
    at runAndTransformResultsToJestFormat (/Users/st/workspace_ai/PagePouch/node_modules/jest-circus/build/legacy-code-todo-rewrite/jestAdapterInit.js:122:21)
    at jestAdapter (/Users/st/workspace_ai/PagePouch/node_modules/jest-circus/build/legacy-code-todo-rewrite/jestAdapter.js:79:19)
    at runTestInternal (/Users/st/workspace_ai/PagePouch/node_modules/jest-runner/build/runTest.js:367:16)
    at runTest (/Users/st/workspace_ai/PagePouch/node_modules/jest-runner/build/runTest.js:444:34)
    at Object.worker (/Users/st/workspace_ai/PagePouch/node_modules/jest-runner/build/testWorker.js:106:12)]]></failure>
    </testCase>
    <testCase name="ErrorHandler Error Anonymization should sanitize various sensitive patterns" duration="1"/>
    <testCase name="ErrorHandler Error Anonymization should sanitize user agent information" duration="0">
      <failure message="Error: expect(received).not.toContain(expected) // indexOf"><![CDATA[Error: expect(received).not.toContain(expected) // indexOf

Expected substring: not "91.0.4472.124"
Received string:        "Chrome/91.0.4472.124 on Windows"
    at Object.toContain (/Users/st/workspace_ai/PagePouch/tests/error-handler.test.js:346:35)
    at Promise.then.completed (/Users/st/workspace_ai/PagePouch/node_modules/jest-circus/build/utils.js:298:28)
    at new Promise (<anonymous>)
    at callAsyncCircusFn (/Users/st/workspace_ai/PagePouch/node_modules/jest-circus/build/utils.js:231:10)
    at _callCircusTest (/Users/st/workspace_ai/PagePouch/node_modules/jest-circus/build/run.js:316:40)
    at processTicksAndRejections (node:internal/process/task_queues:105:5)
    at _runTest (/Users/st/workspace_ai/PagePouch/node_modules/jest-circus/build/run.js:252:3)
    at _runTestsForDescribeBlock (/Users/st/workspace_ai/PagePouch/node_modules/jest-circus/build/run.js:126:9)
    at _runTestsForDescribeBlock (/Users/st/workspace_ai/PagePouch/node_modules/jest-circus/build/run.js:121:9)
    at _runTestsForDescribeBlock (/Users/st/workspace_ai/PagePouch/node_modules/jest-circus/build/run.js:121:9)
    at run (/Users/st/workspace_ai/PagePouch/node_modules/jest-circus/build/run.js:71:3)
    at runAndTransformResultsToJestFormat (/Users/st/workspace_ai/PagePouch/node_modules/jest-circus/build/legacy-code-todo-rewrite/jestAdapterInit.js:122:21)
    at jestAdapter (/Users/st/workspace_ai/PagePouch/node_modules/jest-circus/build/legacy-code-todo-rewrite/jestAdapter.js:79:19)
    at runTestInternal (/Users/st/workspace_ai/PagePouch/node_modules/jest-runner/build/runTest.js:367:16)
    at runTest (/Users/st/workspace_ai/PagePouch/node_modules/jest-runner/build/runTest.js:444:34)
    at Object.worker (/Users/st/workspace_ai/PagePouch/node_modules/jest-runner/build/testWorker.js:106:12)]]></failure>
    </testCase>
    <testCase name="ErrorHandler Error Anonymization should handle unknown user agents" duration="6"/>
    <testCase name="ErrorHandler Toast Type Mapping should map severity to correct toast types" duration="0"/>
    <testCase name="ErrorHandler Error Reporting should not report errors by default" duration="1"/>
    <testCase name="ErrorHandler Error Reporting should respect user privacy settings" duration="0"/>
    <testCase name="ErrorHandler Global Error Handlers should set up global error handlers" duration="0"/>
    <testCase name="Toast Manager Initialization should create toast container" duration="0">
      <failure message="Error: expect(jest.fn()).toHaveBeenCalledWith(...expected)"><![CDATA[Error: expect(jest.fn()).toHaveBeenCalledWith(...expected)

Expected: "div"

Number of calls: 0
    at Object.toHaveBeenCalledWith (/Users/st/workspace_ai/PagePouch/tests/error-handler.test.js:433:48)
    at Promise.then.completed (/Users/st/workspace_ai/PagePouch/node_modules/jest-circus/build/utils.js:298:28)
    at new Promise (<anonymous>)
    at callAsyncCircusFn (/Users/st/workspace_ai/PagePouch/node_modules/jest-circus/build/utils.js:231:10)
    at _callCircusTest (/Users/st/workspace_ai/PagePouch/node_modules/jest-circus/build/run.js:316:40)
    at processTicksAndRejections (node:internal/process/task_queues:105:5)
    at _runTest (/Users/st/workspace_ai/PagePouch/node_modules/jest-circus/build/run.js:252:3)
    at _runTestsForDescribeBlock (/Users/st/workspace_ai/PagePouch/node_modules/jest-circus/build/run.js:126:9)
    at _runTestsForDescribeBlock (/Users/st/workspace_ai/PagePouch/node_modules/jest-circus/build/run.js:121:9)
    at _runTestsForDescribeBlock (/Users/st/workspace_ai/PagePouch/node_modules/jest-circus/build/run.js:121:9)
    at run (/Users/st/workspace_ai/PagePouch/node_modules/jest-circus/build/run.js:71:3)
    at runAndTransformResultsToJestFormat (/Users/st/workspace_ai/PagePouch/node_modules/jest-circus/build/legacy-code-todo-rewrite/jestAdapterInit.js:122:21)
    at jestAdapter (/Users/st/workspace_ai/PagePouch/node_modules/jest-circus/build/legacy-code-todo-rewrite/jestAdapter.js:79:19)
    at runTestInternal (/Users/st/workspace_ai/PagePouch/node_modules/jest-runner/build/runTest.js:367:16)
    at runTest (/Users/st/workspace_ai/PagePouch/node_modules/jest-runner/build/runTest.js:444:34)
    at Object.worker (/Users/st/workspace_ai/PagePouch/node_modules/jest-runner/build/testWorker.js:106:12)]]></failure>
    </testCase>
    <testCase name="Toast Manager Initialization should setup styles" duration="0"/>
    <testCase name="Toast Manager Toast Creation should show toast with correct properties" duration="0">
      <failure message="TypeError: Cannot read properties of undefined (reading &apos;addEventListener&apos;)"><![CDATA[TypeError: Cannot read properties of undefined (reading 'addEventListener')
    at ToastManager.addEventListener [as createToastElement] (/Users/st/workspace_ai/PagePouch/utils/toast.js:289:25)
    at ToastManager.createToastElement [as show] (/Users/st/workspace_ai/PagePouch/utils/toast.js:224:35)
    at Object.show (/Users/st/workspace_ai/PagePouch/tests/error-handler.test.js:445:42)
    at Promise.then.completed (/Users/st/workspace_ai/PagePouch/node_modules/jest-circus/build/utils.js:298:28)
    at new Promise (<anonymous>)
    at callAsyncCircusFn (/Users/st/workspace_ai/PagePouch/node_modules/jest-circus/build/utils.js:231:10)
    at _callCircusTest (/Users/st/workspace_ai/PagePouch/node_modules/jest-circus/build/run.js:316:40)
    at processTicksAndRejections (node:internal/process/task_queues:105:5)
    at _runTest (/Users/st/workspace_ai/PagePouch/node_modules/jest-circus/build/run.js:252:3)
    at _runTestsForDescribeBlock (/Users/st/workspace_ai/PagePouch/node_modules/jest-circus/build/run.js:126:9)
    at _runTestsForDescribeBlock (/Users/st/workspace_ai/PagePouch/node_modules/jest-circus/build/run.js:121:9)
    at _runTestsForDescribeBlock (/Users/st/workspace_ai/PagePouch/node_modules/jest-circus/build/run.js:121:9)
    at run (/Users/st/workspace_ai/PagePouch/node_modules/jest-circus/build/run.js:71:3)
    at runAndTransformResultsToJestFormat (/Users/st/workspace_ai/PagePouch/node_modules/jest-circus/build/legacy-code-todo-rewrite/jestAdapterInit.js:122:21)
    at jestAdapter (/Users/st/workspace_ai/PagePouch/node_modules/jest-circus/build/legacy-code-todo-rewrite/jestAdapter.js:79:19)
    at runTestInternal (/Users/st/workspace_ai/PagePouch/node_modules/jest-runner/build/runTest.js:367:16)
    at runTest (/Users/st/workspace_ai/PagePouch/node_modules/jest-runner/build/runTest.js:444:34)
    at Object.worker (/Users/st/workspace_ai/PagePouch/node_modules/jest-runner/build/testWorker.js:106:12)]]></failure>
    </testCase>
    <testCase name="Toast Manager Toast Creation should limit maximum toasts" duration="0">
      <failure message="TypeError: Cannot read properties of undefined (reading &apos;addEventListener&apos;)"><![CDATA[TypeError: Cannot read properties of undefined (reading 'addEventListener')
    at ToastManager.addEventListener [as createToastElement] (/Users/st/workspace_ai/PagePouch/utils/toast.js:289:25)
    at ToastManager.createToastElement [as show] (/Users/st/workspace_ai/PagePouch/utils/toast.js:224:35)
    at Object.show (/Users/st/workspace_ai/PagePouch/tests/error-handler.test.js:455:30)
    at Promise.then.completed (/Users/st/workspace_ai/PagePouch/node_modules/jest-circus/build/utils.js:298:28)
    at new Promise (<anonymous>)
    at callAsyncCircusFn (/Users/st/workspace_ai/PagePouch/node_modules/jest-circus/build/utils.js:231:10)
    at _callCircusTest (/Users/st/workspace_ai/PagePouch/node_modules/jest-circus/build/run.js:316:40)
    at processTicksAndRejections (node:internal/process/task_queues:105:5)
    at _runTest (/Users/st/workspace_ai/PagePouch/node_modules/jest-circus/build/run.js:252:3)
    at _runTestsForDescribeBlock (/Users/st/workspace_ai/PagePouch/node_modules/jest-circus/build/run.js:126:9)
    at _runTestsForDescribeBlock (/Users/st/workspace_ai/PagePouch/node_modules/jest-circus/build/run.js:121:9)
    at _runTestsForDescribeBlock (/Users/st/workspace_ai/PagePouch/node_modules/jest-circus/build/run.js:121:9)
    at run (/Users/st/workspace_ai/PagePouch/node_modules/jest-circus/build/run.js:71:3)
    at runAndTransformResultsToJestFormat (/Users/st/workspace_ai/PagePouch/node_modules/jest-circus/build/legacy-code-todo-rewrite/jestAdapterInit.js:122:21)
    at jestAdapter (/Users/st/workspace_ai/PagePouch/node_modules/jest-circus/build/legacy-code-todo-rewrite/jestAdapter.js:79:19)
    at runTestInternal (/Users/st/workspace_ai/PagePouch/node_modules/jest-runner/build/runTest.js:367:16)
    at runTest (/Users/st/workspace_ai/PagePouch/node_modules/jest-runner/build/runTest.js:444:34)
    at Object.worker (/Users/st/workspace_ai/PagePouch/node_modules/jest-runner/build/testWorker.js:106:12)]]></failure>
    </testCase>
    <testCase name="Toast Manager Toast Creation should auto-hide toasts after duration" duration="0">
      <failure message="TypeError: Cannot read properties of undefined (reading &apos;addEventListener&apos;)"><![CDATA[TypeError: Cannot read properties of undefined (reading 'addEventListener')
    at ToastManager.addEventListener [as createToastElement] (/Users/st/workspace_ai/PagePouch/utils/toast.js:289:25)
    at ToastManager.createToastElement [as show] (/Users/st/workspace_ai/PagePouch/utils/toast.js:224:35)
    at Object.show (/Users/st/workspace_ai/PagePouch/tests/error-handler.test.js:462:42)
    at Promise.then.completed (/Users/st/workspace_ai/PagePouch/node_modules/jest-circus/build/utils.js:290:26)
    at new Promise (<anonymous>)
    at callAsyncCircusFn (/Users/st/workspace_ai/PagePouch/node_modules/jest-circus/build/utils.js:231:10)
    at _callCircusTest (/Users/st/workspace_ai/PagePouch/node_modules/jest-circus/build/run.js:316:40)
    at processTicksAndRejections (node:internal/process/task_queues:105:5)
    at _runTest (/Users/st/workspace_ai/PagePouch/node_modules/jest-circus/build/run.js:252:3)
    at _runTestsForDescribeBlock (/Users/st/workspace_ai/PagePouch/node_modules/jest-circus/build/run.js:126:9)
    at _runTestsForDescribeBlock (/Users/st/workspace_ai/PagePouch/node_modules/jest-circus/build/run.js:121:9)
    at _runTestsForDescribeBlock (/Users/st/workspace_ai/PagePouch/node_modules/jest-circus/build/run.js:121:9)
    at run (/Users/st/workspace_ai/PagePouch/node_modules/jest-circus/build/run.js:71:3)
    at runAndTransformResultsToJestFormat (/Users/st/workspace_ai/PagePouch/node_modules/jest-circus/build/legacy-code-todo-rewrite/jestAdapterInit.js:122:21)
    at jestAdapter (/Users/st/workspace_ai/PagePouch/node_modules/jest-circus/build/legacy-code-todo-rewrite/jestAdapter.js:79:19)
    at runTestInternal (/Users/st/workspace_ai/PagePouch/node_modules/jest-runner/build/runTest.js:367:16)
    at runTest (/Users/st/workspace_ai/PagePouch/node_modules/jest-runner/build/runTest.js:444:34)
    at Object.worker (/Users/st/workspace_ai/PagePouch/node_modules/jest-runner/build/testWorker.js:106:12)]]></failure>
    </testCase>
    <testCase name="Toast Manager Toast Creation should not auto-hide toasts with duration 0" duration="0">
      <failure message="TypeError: Cannot read properties of undefined (reading &apos;addEventListener&apos;)"><![CDATA[TypeError: Cannot read properties of undefined (reading 'addEventListener')
    at ToastManager.addEventListener [as createToastElement] (/Users/st/workspace_ai/PagePouch/utils/toast.js:289:25)
    at ToastManager.createToastElement [as show] (/Users/st/workspace_ai/PagePouch/utils/toast.js:224:35)
    at Object.show (/Users/st/workspace_ai/PagePouch/tests/error-handler.test.js:471:42)
    at Promise.then.completed (/Users/st/workspace_ai/PagePouch/node_modules/jest-circus/build/utils.js:298:28)
    at new Promise (<anonymous>)
    at callAsyncCircusFn (/Users/st/workspace_ai/PagePouch/node_modules/jest-circus/build/utils.js:231:10)
    at _callCircusTest (/Users/st/workspace_ai/PagePouch/node_modules/jest-circus/build/run.js:316:40)
    at processTicksAndRejections (node:internal/process/task_queues:105:5)
    at _runTest (/Users/st/workspace_ai/PagePouch/node_modules/jest-circus/build/run.js:252:3)
    at _runTestsForDescribeBlock (/Users/st/workspace_ai/PagePouch/node_modules/jest-circus/build/run.js:126:9)
    at _runTestsForDescribeBlock (/Users/st/workspace_ai/PagePouch/node_modules/jest-circus/build/run.js:121:9)
    at _runTestsForDescribeBlock (/Users/st/workspace_ai/PagePouch/node_modules/jest-circus/build/run.js:121:9)
    at run (/Users/st/workspace_ai/PagePouch/node_modules/jest-circus/build/run.js:71:3)
    at runAndTransformResultsToJestFormat (/Users/st/workspace_ai/PagePouch/node_modules/jest-circus/build/legacy-code-todo-rewrite/jestAdapterInit.js:122:21)
    at jestAdapter (/Users/st/workspace_ai/PagePouch/node_modules/jest-circus/build/legacy-code-todo-rewrite/jestAdapter.js:79:19)
    at runTestInternal (/Users/st/workspace_ai/PagePouch/node_modules/jest-runner/build/runTest.js:367:16)
    at runTest (/Users/st/workspace_ai/PagePouch/node_modules/jest-runner/build/runTest.js:444:34)
    at Object.worker (/Users/st/workspace_ai/PagePouch/node_modules/jest-runner/build/testWorker.js:106:12)]]></failure>
    </testCase>
    <testCase name="Toast Manager Toast Types should create success toast" duration="1">
      <failure message="TypeError: Cannot read properties of undefined (reading &apos;addEventListener&apos;)"><![CDATA[TypeError: Cannot read properties of undefined (reading 'addEventListener')
    at ToastManager.addEventListener [as createToastElement] (/Users/st/workspace_ai/PagePouch/utils/toast.js:289:25)
    at ToastManager.createToastElement [as show] (/Users/st/workspace_ai/PagePouch/utils/toast.js:224:35)
    at ToastManager.show [as success] (/Users/st/workspace_ai/PagePouch/utils/toast.js:390:21)
    at Object.success (/Users/st/workspace_ai/PagePouch/tests/error-handler.test.js:479:42)
    at Promise.then.completed (/Users/st/workspace_ai/PagePouch/node_modules/jest-circus/build/utils.js:298:28)
    at new Promise (<anonymous>)
    at callAsyncCircusFn (/Users/st/workspace_ai/PagePouch/node_modules/jest-circus/build/utils.js:231:10)
    at _callCircusTest (/Users/st/workspace_ai/PagePouch/node_modules/jest-circus/build/run.js:316:40)
    at processTicksAndRejections (node:internal/process/task_queues:105:5)
    at _runTest (/Users/st/workspace_ai/PagePouch/node_modules/jest-circus/build/run.js:252:3)
    at _runTestsForDescribeBlock (/Users/st/workspace_ai/PagePouch/node_modules/jest-circus/build/run.js:126:9)
    at _runTestsForDescribeBlock (/Users/st/workspace_ai/PagePouch/node_modules/jest-circus/build/run.js:121:9)
    at _runTestsForDescribeBlock (/Users/st/workspace_ai/PagePouch/node_modules/jest-circus/build/run.js:121:9)
    at run (/Users/st/workspace_ai/PagePouch/node_modules/jest-circus/build/run.js:71:3)
    at runAndTransformResultsToJestFormat (/Users/st/workspace_ai/PagePouch/node_modules/jest-circus/build/legacy-code-todo-rewrite/jestAdapterInit.js:122:21)
    at jestAdapter (/Users/st/workspace_ai/PagePouch/node_modules/jest-circus/build/legacy-code-todo-rewrite/jestAdapter.js:79:19)
    at runTestInternal (/Users/st/workspace_ai/PagePouch/node_modules/jest-runner/build/runTest.js:367:16)
    at runTest (/Users/st/workspace_ai/PagePouch/node_modules/jest-runner/build/runTest.js:444:34)
    at Object.worker (/Users/st/workspace_ai/PagePouch/node_modules/jest-runner/build/testWorker.js:106:12)]]></failure>
    </testCase>
    <testCase name="Toast Manager Toast Types should create error toast with longer duration" duration="0">
      <failure message="TypeError: Cannot read properties of undefined (reading &apos;addEventListener&apos;)"><![CDATA[TypeError: Cannot read properties of undefined (reading 'addEventListener')
    at ToastManager.addEventListener [as createToastElement] (/Users/st/workspace_ai/PagePouch/utils/toast.js:289:25)
    at ToastManager.createToastElement [as show] (/Users/st/workspace_ai/PagePouch/utils/toast.js:224:35)
    at ToastManager.show [as error] (/Users/st/workspace_ai/PagePouch/utils/toast.js:401:21)
    at Object.error (/Users/st/workspace_ai/PagePouch/tests/error-handler.test.js:484:42)
    at Promise.then.completed (/Users/st/workspace_ai/PagePouch/node_modules/jest-circus/build/utils.js:298:28)
    at new Promise (<anonymous>)
    at callAsyncCircusFn (/Users/st/workspace_ai/PagePouch/node_modules/jest-circus/build/utils.js:231:10)
    at _callCircusTest (/Users/st/workspace_ai/PagePouch/node_modules/jest-circus/build/run.js:316:40)
    at processTicksAndRejections (node:internal/process/task_queues:105:5)
    at _runTest (/Users/st/workspace_ai/PagePouch/node_modules/jest-circus/build/run.js:252:3)
    at _runTestsForDescribeBlock (/Users/st/workspace_ai/PagePouch/node_modules/jest-circus/build/run.js:126:9)
    at _runTestsForDescribeBlock (/Users/st/workspace_ai/PagePouch/node_modules/jest-circus/build/run.js:121:9)
    at _runTestsForDescribeBlock (/Users/st/workspace_ai/PagePouch/node_modules/jest-circus/build/run.js:121:9)
    at run (/Users/st/workspace_ai/PagePouch/node_modules/jest-circus/build/run.js:71:3)
    at runAndTransformResultsToJestFormat (/Users/st/workspace_ai/PagePouch/node_modules/jest-circus/build/legacy-code-todo-rewrite/jestAdapterInit.js:122:21)
    at jestAdapter (/Users/st/workspace_ai/PagePouch/node_modules/jest-circus/build/legacy-code-todo-rewrite/jestAdapter.js:79:19)
    at runTestInternal (/Users/st/workspace_ai/PagePouch/node_modules/jest-runner/build/runTest.js:367:16)
    at runTest (/Users/st/workspace_ai/PagePouch/node_modules/jest-runner/build/runTest.js:444:34)
    at Object.worker (/Users/st/workspace_ai/PagePouch/node_modules/jest-runner/build/testWorker.js:106:12)]]></failure>
    </testCase>
    <testCase name="Toast Manager Toast Types should create warning toast" duration="0">
      <failure message="TypeError: Cannot read properties of undefined (reading &apos;addEventListener&apos;)"><![CDATA[TypeError: Cannot read properties of undefined (reading 'addEventListener')
    at ToastManager.addEventListener [as createToastElement] (/Users/st/workspace_ai/PagePouch/utils/toast.js:289:25)
    at ToastManager.createToastElement [as show] (/Users/st/workspace_ai/PagePouch/utils/toast.js:224:35)
    at ToastManager.show [as warning] (/Users/st/workspace_ai/PagePouch/utils/toast.js:415:21)
    at Object.warning (/Users/st/workspace_ai/PagePouch/tests/error-handler.test.js:489:42)
    at Promise.then.completed (/Users/st/workspace_ai/PagePouch/node_modules/jest-circus/build/utils.js:298:28)
    at new Promise (<anonymous>)
    at callAsyncCircusFn (/Users/st/workspace_ai/PagePouch/node_modules/jest-circus/build/utils.js:231:10)
    at _callCircusTest (/Users/st/workspace_ai/PagePouch/node_modules/jest-circus/build/run.js:316:40)
    at processTicksAndRejections (node:internal/process/task_queues:105:5)
    at _runTest (/Users/st/workspace_ai/PagePouch/node_modules/jest-circus/build/run.js:252:3)
    at _runTestsForDescribeBlock (/Users/st/workspace_ai/PagePouch/node_modules/jest-circus/build/run.js:126:9)
    at _runTestsForDescribeBlock (/Users/st/workspace_ai/PagePouch/node_modules/jest-circus/build/run.js:121:9)
    at _runTestsForDescribeBlock (/Users/st/workspace_ai/PagePouch/node_modules/jest-circus/build/run.js:121:9)
    at run (/Users/st/workspace_ai/PagePouch/node_modules/jest-circus/build/run.js:71:3)
    at runAndTransformResultsToJestFormat (/Users/st/workspace_ai/PagePouch/node_modules/jest-circus/build/legacy-code-todo-rewrite/jestAdapterInit.js:122:21)
    at jestAdapter (/Users/st/workspace_ai/PagePouch/node_modules/jest-circus/build/legacy-code-todo-rewrite/jestAdapter.js:79:19)
    at runTestInternal (/Users/st/workspace_ai/PagePouch/node_modules/jest-runner/build/runTest.js:367:16)
    at runTest (/Users/st/workspace_ai/PagePouch/node_modules/jest-runner/build/runTest.js:444:34)
    at Object.worker (/Users/st/workspace_ai/PagePouch/node_modules/jest-runner/build/testWorker.js:106:12)]]></failure>
    </testCase>
    <testCase name="Toast Manager Toast Types should create info toast" duration="0">
      <failure message="TypeError: Cannot read properties of undefined (reading &apos;addEventListener&apos;)"><![CDATA[TypeError: Cannot read properties of undefined (reading 'addEventListener')
    at ToastManager.addEventListener [as createToastElement] (/Users/st/workspace_ai/PagePouch/utils/toast.js:289:25)
    at ToastManager.createToastElement [as show] (/Users/st/workspace_ai/PagePouch/utils/toast.js:224:35)
    at ToastManager.show (/Users/st/workspace_ai/PagePouch/utils/toast.js:429:21)
    at Object.info (/Users/st/workspace_ai/PagePouch/tests/error-handler.test.js:494:42)
    at Promise.then.completed (/Users/st/workspace_ai/PagePouch/node_modules/jest-circus/build/utils.js:298:28)
    at new Promise (<anonymous>)
    at callAsyncCircusFn (/Users/st/workspace_ai/PagePouch/node_modules/jest-circus/build/utils.js:231:10)
    at _callCircusTest (/Users/st/workspace_ai/PagePouch/node_modules/jest-circus/build/run.js:316:40)
    at processTicksAndRejections (node:internal/process/task_queues:105:5)
    at _runTest (/Users/st/workspace_ai/PagePouch/node_modules/jest-circus/build/run.js:252:3)
    at _runTestsForDescribeBlock (/Users/st/workspace_ai/PagePouch/node_modules/jest-circus/build/run.js:126:9)
    at _runTestsForDescribeBlock (/Users/st/workspace_ai/PagePouch/node_modules/jest-circus/build/run.js:121:9)
    at _runTestsForDescribeBlock (/Users/st/workspace_ai/PagePouch/node_modules/jest-circus/build/run.js:121:9)
    at run (/Users/st/workspace_ai/PagePouch/node_modules/jest-circus/build/run.js:71:3)
    at runAndTransformResultsToJestFormat (/Users/st/workspace_ai/PagePouch/node_modules/jest-circus/build/legacy-code-todo-rewrite/jestAdapterInit.js:122:21)
    at jestAdapter (/Users/st/workspace_ai/PagePouch/node_modules/jest-circus/build/legacy-code-todo-rewrite/jestAdapter.js:79:19)
    at runTestInternal (/Users/st/workspace_ai/PagePouch/node_modules/jest-runner/build/runTest.js:367:16)
    at runTest (/Users/st/workspace_ai/PagePouch/node_modules/jest-runner/build/runTest.js:444:34)
    at Object.worker (/Users/st/workspace_ai/PagePouch/node_modules/jest-runner/build/testWorker.js:106:12)]]></failure>
    </testCase>
    <testCase name="Toast Manager Toast Types should create loading toast that doesn&apos;t auto-hide" duration="0">
      <failure message="TypeError: Cannot read properties of undefined (reading &apos;addEventListener&apos;)"><![CDATA[TypeError: Cannot read properties of undefined (reading 'addEventListener')
    at ToastManager.addEventListener [as createToastElement] (/Users/st/workspace_ai/PagePouch/utils/toast.js:289:25)
    at ToastManager.createToastElement [as show] (/Users/st/workspace_ai/PagePouch/utils/toast.js:224:35)
    at ToastManager.show [as loading] (/Users/st/workspace_ai/PagePouch/utils/toast.js:440:21)
    at Object.loading (/Users/st/workspace_ai/PagePouch/tests/error-handler.test.js:499:42)
    at Promise.then.completed (/Users/st/workspace_ai/PagePouch/node_modules/jest-circus/build/utils.js:298:28)
    at new Promise (<anonymous>)
    at callAsyncCircusFn (/Users/st/workspace_ai/PagePouch/node_modules/jest-circus/build/utils.js:231:10)
    at _callCircusTest (/Users/st/workspace_ai/PagePouch/node_modules/jest-circus/build/run.js:316:40)
    at processTicksAndRejections (node:internal/process/task_queues:105:5)
    at _runTest (/Users/st/workspace_ai/PagePouch/node_modules/jest-circus/build/run.js:252:3)
    at _runTestsForDescribeBlock (/Users/st/workspace_ai/PagePouch/node_modules/jest-circus/build/run.js:126:9)
    at _runTestsForDescribeBlock (/Users/st/workspace_ai/PagePouch/node_modules/jest-circus/build/run.js:121:9)
    at _runTestsForDescribeBlock (/Users/st/workspace_ai/PagePouch/node_modules/jest-circus/build/run.js:121:9)
    at run (/Users/st/workspace_ai/PagePouch/node_modules/jest-circus/build/run.js:71:3)
    at runAndTransformResultsToJestFormat (/Users/st/workspace_ai/PagePouch/node_modules/jest-circus/build/legacy-code-todo-rewrite/jestAdapterInit.js:122:21)
    at jestAdapter (/Users/st/workspace_ai/PagePouch/node_modules/jest-circus/build/legacy-code-todo-rewrite/jestAdapter.js:79:19)
    at runTestInternal (/Users/st/workspace_ai/PagePouch/node_modules/jest-runner/build/runTest.js:367:16)
    at runTest (/Users/st/workspace_ai/PagePouch/node_modules/jest-runner/build/runTest.js:444:34)
    at Object.worker (/Users/st/workspace_ai/PagePouch/node_modules/jest-runner/build/testWorker.js:106:12)]]></failure>
    </testCase>
    <testCase name="Toast Manager Toast Management should hide specific toast" duration="1">
      <failure message="TypeError: Cannot read properties of undefined (reading &apos;addEventListener&apos;)"><![CDATA[TypeError: Cannot read properties of undefined (reading 'addEventListener')
    at ToastManager.addEventListener [as createToastElement] (/Users/st/workspace_ai/PagePouch/utils/toast.js:289:25)
    at ToastManager.createToastElement [as show] (/Users/st/workspace_ai/PagePouch/utils/toast.js:224:35)
    at Object.show (/Users/st/workspace_ai/PagePouch/tests/error-handler.test.js:506:42)
    at Promise.then.completed (/Users/st/workspace_ai/PagePouch/node_modules/jest-circus/build/utils.js:298:28)
    at new Promise (<anonymous>)
    at callAsyncCircusFn (/Users/st/workspace_ai/PagePouch/node_modules/jest-circus/build/utils.js:231:10)
    at _callCircusTest (/Users/st/workspace_ai/PagePouch/node_modules/jest-circus/build/run.js:316:40)
    at processTicksAndRejections (node:internal/process/task_queues:105:5)
    at _runTest (/Users/st/workspace_ai/PagePouch/node_modules/jest-circus/build/run.js:252:3)
    at _runTestsForDescribeBlock (/Users/st/workspace_ai/PagePouch/node_modules/jest-circus/build/run.js:126:9)
    at _runTestsForDescribeBlock (/Users/st/workspace_ai/PagePouch/node_modules/jest-circus/build/run.js:121:9)
    at _runTestsForDescribeBlock (/Users/st/workspace_ai/PagePouch/node_modules/jest-circus/build/run.js:121:9)
    at run (/Users/st/workspace_ai/PagePouch/node_modules/jest-circus/build/run.js:71:3)
    at runAndTransformResultsToJestFormat (/Users/st/workspace_ai/PagePouch/node_modules/jest-circus/build/legacy-code-todo-rewrite/jestAdapterInit.js:122:21)
    at jestAdapter (/Users/st/workspace_ai/PagePouch/node_modules/jest-circus/build/legacy-code-todo-rewrite/jestAdapter.js:79:19)
    at runTestInternal (/Users/st/workspace_ai/PagePouch/node_modules/jest-runner/build/runTest.js:367:16)
    at runTest (/Users/st/workspace_ai/PagePouch/node_modules/jest-runner/build/runTest.js:444:34)
    at Object.worker (/Users/st/workspace_ai/PagePouch/node_modules/jest-runner/build/testWorker.js:106:12)]]></failure>
    </testCase>
    <testCase name="Toast Manager Toast Management should hide all toasts" duration="0">
      <failure message="TypeError: Cannot read properties of undefined (reading &apos;addEventListener&apos;)"><![CDATA[TypeError: Cannot read properties of undefined (reading 'addEventListener')
    at ToastManager.addEventListener [as createToastElement] (/Users/st/workspace_ai/PagePouch/utils/toast.js:289:25)
    at ToastManager.createToastElement [as show] (/Users/st/workspace_ai/PagePouch/utils/toast.js:224:35)
    at Object.show (/Users/st/workspace_ai/PagePouch/tests/error-handler.test.js:514:26)
    at Promise.then.completed (/Users/st/workspace_ai/PagePouch/node_modules/jest-circus/build/utils.js:298:28)
    at new Promise (<anonymous>)
    at callAsyncCircusFn (/Users/st/workspace_ai/PagePouch/node_modules/jest-circus/build/utils.js:231:10)
    at _callCircusTest (/Users/st/workspace_ai/PagePouch/node_modules/jest-circus/build/run.js:316:40)
    at processTicksAndRejections (node:internal/process/task_queues:105:5)
    at _runTest (/Users/st/workspace_ai/PagePouch/node_modules/jest-circus/build/run.js:252:3)
    at _runTestsForDescribeBlock (/Users/st/workspace_ai/PagePouch/node_modules/jest-circus/build/run.js:126:9)
    at _runTestsForDescribeBlock (/Users/st/workspace_ai/PagePouch/node_modules/jest-circus/build/run.js:121:9)
    at _runTestsForDescribeBlock (/Users/st/workspace_ai/PagePouch/node_modules/jest-circus/build/run.js:121:9)
    at run (/Users/st/workspace_ai/PagePouch/node_modules/jest-circus/build/run.js:71:3)
    at runAndTransformResultsToJestFormat (/Users/st/workspace_ai/PagePouch/node_modules/jest-circus/build/legacy-code-todo-rewrite/jestAdapterInit.js:122:21)
    at jestAdapter (/Users/st/workspace_ai/PagePouch/node_modules/jest-circus/build/legacy-code-todo-rewrite/jestAdapter.js:79:19)
    at runTestInternal (/Users/st/workspace_ai/PagePouch/node_modules/jest-runner/build/runTest.js:367:16)
    at runTest (/Users/st/workspace_ai/PagePouch/node_modules/jest-runner/build/runTest.js:444:34)
    at Object.worker (/Users/st/workspace_ai/PagePouch/node_modules/jest-runner/build/testWorker.js:106:12)]]></failure>
    </testCase>
    <testCase name="Toast Manager Toast Management should update existing toast" duration="0">
      <failure message="TypeError: Cannot read properties of undefined (reading &apos;addEventListener&apos;)"><![CDATA[TypeError: Cannot read properties of undefined (reading 'addEventListener')
    at ToastManager.addEventListener [as createToastElement] (/Users/st/workspace_ai/PagePouch/utils/toast.js:289:25)
    at ToastManager.createToastElement [as show] (/Users/st/workspace_ai/PagePouch/utils/toast.js:224:35)
    at Object.show (/Users/st/workspace_ai/PagePouch/tests/error-handler.test.js:524:42)
    at Promise.then.completed (/Users/st/workspace_ai/PagePouch/node_modules/jest-circus/build/utils.js:298:28)
    at new Promise (<anonymous>)
    at callAsyncCircusFn (/Users/st/workspace_ai/PagePouch/node_modules/jest-circus/build/utils.js:231:10)
    at _callCircusTest (/Users/st/workspace_ai/PagePouch/node_modules/jest-circus/build/run.js:316:40)
    at processTicksAndRejections (node:internal/process/task_queues:105:5)
    at _runTest (/Users/st/workspace_ai/PagePouch/node_modules/jest-circus/build/run.js:252:3)
    at _runTestsForDescribeBlock (/Users/st/workspace_ai/PagePouch/node_modules/jest-circus/build/run.js:126:9)
    at _runTestsForDescribeBlock (/Users/st/workspace_ai/PagePouch/node_modules/jest-circus/build/run.js:121:9)
    at _runTestsForDescribeBlock (/Users/st/workspace_ai/PagePouch/node_modules/jest-circus/build/run.js:121:9)
    at run (/Users/st/workspace_ai/PagePouch/node_modules/jest-circus/build/run.js:71:3)
    at runAndTransformResultsToJestFormat (/Users/st/workspace_ai/PagePouch/node_modules/jest-circus/build/legacy-code-todo-rewrite/jestAdapterInit.js:122:21)
    at jestAdapter (/Users/st/workspace_ai/PagePouch/node_modules/jest-circus/build/legacy-code-todo-rewrite/jestAdapter.js:79:19)
    at runTestInternal (/Users/st/workspace_ai/PagePouch/node_modules/jest-runner/build/runTest.js:367:16)
    at runTest (/Users/st/workspace_ai/PagePouch/node_modules/jest-runner/build/runTest.js:444:34)
    at Object.worker (/Users/st/workspace_ai/PagePouch/node_modules/jest-runner/build/testWorker.js:106:12)]]></failure>
    </testCase>
    <testCase name="Toast Manager Icon Mapping should return correct icons for toast types" duration="1"/>
    <testCase name="Toast Manager HTML Escaping should escape HTML in messages" duration="0">
      <failure message="Error: expect(received).toContain(expected) // indexOf"><![CDATA[Error: expect(received).toContain(expected) // indexOf

Expected substring: "&lt;script&gt;"
Received string:    ""
    at Object.toContain (/Users/st/workspace_ai/PagePouch/tests/error-handler.test.js:547:29)
    at Promise.then.completed (/Users/st/workspace_ai/PagePouch/node_modules/jest-circus/build/utils.js:298:28)
    at new Promise (<anonymous>)
    at callAsyncCircusFn (/Users/st/workspace_ai/PagePouch/node_modules/jest-circus/build/utils.js:231:10)
    at _callCircusTest (/Users/st/workspace_ai/PagePouch/node_modules/jest-circus/build/run.js:316:40)
    at processTicksAndRejections (node:internal/process/task_queues:105:5)
    at _runTest (/Users/st/workspace_ai/PagePouch/node_modules/jest-circus/build/run.js:252:3)
    at _runTestsForDescribeBlock (/Users/st/workspace_ai/PagePouch/node_modules/jest-circus/build/run.js:126:9)
    at _runTestsForDescribeBlock (/Users/st/workspace_ai/PagePouch/node_modules/jest-circus/build/run.js:121:9)
    at _runTestsForDescribeBlock (/Users/st/workspace_ai/PagePouch/node_modules/jest-circus/build/run.js:121:9)
    at run (/Users/st/workspace_ai/PagePouch/node_modules/jest-circus/build/run.js:71:3)
    at runAndTransformResultsToJestFormat (/Users/st/workspace_ai/PagePouch/node_modules/jest-circus/build/legacy-code-todo-rewrite/jestAdapterInit.js:122:21)
    at jestAdapter (/Users/st/workspace_ai/PagePouch/node_modules/jest-circus/build/legacy-code-todo-rewrite/jestAdapter.js:79:19)
    at runTestInternal (/Users/st/workspace_ai/PagePouch/node_modules/jest-runner/build/runTest.js:367:16)
    at runTest (/Users/st/workspace_ai/PagePouch/node_modules/jest-runner/build/runTest.js:444:34)
    at Object.worker (/Users/st/workspace_ai/PagePouch/node_modules/jest-runner/build/testWorker.js:106:12)]]></failure>
    </testCase>
    <testCase name="Modal Manager Initialization should create modal container" duration="1"/>
    <testCase name="Modal Manager Initialization should setup global event listeners" duration="0"/>
    <testCase name="Modal Manager Confirmation Modal should show confirmation modal and resolve with user choice" duration="10004">
      <failure message="Error: thrown: &quot;Exceeded timeout of 10000 ms for a test."><![CDATA[Error: thrown: "Exceeded timeout of 10000 ms for a test.
Add a timeout value to this test to increase the timeout, if this is a long-running test. See https://jestjs.io/docs/api#testname-fn-timeout."
    at test (/Users/st/workspace_ai/PagePouch/tests/error-handler.test.js:618:9)
    at _dispatchDescribe (/Users/st/workspace_ai/PagePouch/node_modules/jest-circus/build/index.js:91:26)
    at describe (/Users/st/workspace_ai/PagePouch/node_modules/jest-circus/build/index.js:55:5)
    at describe (/Users/st/workspace_ai/PagePouch/tests/error-handler.test.js:617:5)
    at _dispatchDescribe (/Users/st/workspace_ai/PagePouch/node_modules/jest-circus/build/index.js:91:26)
    at describe (/Users/st/workspace_ai/PagePouch/node_modules/jest-circus/build/index.js:55:5)
    at Object.describe (/Users/st/workspace_ai/PagePouch/tests/error-handler.test.js:552:1)
    at Runtime._execModule (/Users/st/workspace_ai/PagePouch/node_modules/jest-runtime/build/index.js:1439:24)
    at Runtime._loadModule (/Users/st/workspace_ai/PagePouch/node_modules/jest-runtime/build/index.js:1022:12)
    at Runtime.requireModule (/Users/st/workspace_ai/PagePouch/node_modules/jest-runtime/build/index.js:882:12)
    at jestAdapter (/Users/st/workspace_ai/PagePouch/node_modules/jest-circus/build/legacy-code-todo-rewrite/jestAdapter.js:77:13)
    at processTicksAndRejections (node:internal/process/task_queues:105:5)
    at runTestInternal (/Users/st/workspace_ai/PagePouch/node_modules/jest-runner/build/runTest.js:367:16)
    at runTest (/Users/st/workspace_ai/PagePouch/node_modules/jest-runner/build/runTest.js:444:34)
    at Object.worker (/Users/st/workspace_ai/PagePouch/node_modules/jest-runner/build/testWorker.js:106:12)]]></failure>
    </testCase>
    <testCase name="Modal Manager Prompt Modal should show prompt modal and return user input" duration="2">
      <failure message="TypeError: body.querySelector is not a function"><![CDATA[TypeError: body.querySelector is not a function
    at querySelector (/Users/st/workspace_ai/PagePouch/utils/modal.js:469:32)
    at new Promise (<anonymous>)
    at ModalManager.prompt (/Users/st/workspace_ai/PagePouch/utils/modal.js:443:16)
    at Object.prompt (/Users/st/workspace_ai/PagePouch/tests/error-handler.test.js:642:48)
    at Promise.then.completed (/Users/st/workspace_ai/PagePouch/node_modules/jest-circus/build/utils.js:298:28)
    at new Promise (<anonymous>)
    at callAsyncCircusFn (/Users/st/workspace_ai/PagePouch/node_modules/jest-circus/build/utils.js:231:10)
    at _callCircusTest (/Users/st/workspace_ai/PagePouch/node_modules/jest-circus/build/run.js:316:40)
    at _runTest (/Users/st/workspace_ai/PagePouch/node_modules/jest-circus/build/run.js:252:3)
    at _runTestsForDescribeBlock (/Users/st/workspace_ai/PagePouch/node_modules/jest-circus/build/run.js:126:9)
    at _runTestsForDescribeBlock (/Users/st/workspace_ai/PagePouch/node_modules/jest-circus/build/run.js:121:9)
    at _runTestsForDescribeBlock (/Users/st/workspace_ai/PagePouch/node_modules/jest-circus/build/run.js:121:9)
    at run (/Users/st/workspace_ai/PagePouch/node_modules/jest-circus/build/run.js:71:3)
    at runAndTransformResultsToJestFormat (/Users/st/workspace_ai/PagePouch/node_modules/jest-circus/build/legacy-code-todo-rewrite/jestAdapterInit.js:122:21)
    at jestAdapter (/Users/st/workspace_ai/PagePouch/node_modules/jest-circus/build/legacy-code-todo-rewrite/jestAdapter.js:79:19)
    at runTestInternal (/Users/st/workspace_ai/PagePouch/node_modules/jest-runner/build/runTest.js:367:16)
    at runTest (/Users/st/workspace_ai/PagePouch/node_modules/jest-runner/build/runTest.js:444:34)
    at Object.worker (/Users/st/workspace_ai/PagePouch/node_modules/jest-runner/build/testWorker.js:106:12)]]></failure>
    </testCase>
    <testCase name="Modal Manager Alert Modal should show alert modal and resolve when closed" duration="10002">
      <failure message="Error: thrown: &quot;Exceeded timeout of 10000 ms for a test."><![CDATA[Error: thrown: "Exceeded timeout of 10000 ms for a test.
Add a timeout value to this test to increase the timeout, if this is a long-running test. See https://jestjs.io/docs/api#testname-fn-timeout."
    at test (/Users/st/workspace_ai/PagePouch/tests/error-handler.test.js:664:9)
    at _dispatchDescribe (/Users/st/workspace_ai/PagePouch/node_modules/jest-circus/build/index.js:91:26)
    at describe (/Users/st/workspace_ai/PagePouch/node_modules/jest-circus/build/index.js:55:5)
    at describe (/Users/st/workspace_ai/PagePouch/tests/error-handler.test.js:663:5)
    at _dispatchDescribe (/Users/st/workspace_ai/PagePouch/node_modules/jest-circus/build/index.js:91:26)
    at describe (/Users/st/workspace_ai/PagePouch/node_modules/jest-circus/build/index.js:55:5)
    at Object.describe (/Users/st/workspace_ai/PagePouch/tests/error-handler.test.js:552:1)
    at Runtime._execModule (/Users/st/workspace_ai/PagePouch/node_modules/jest-runtime/build/index.js:1439:24)
    at Runtime._loadModule (/Users/st/workspace_ai/PagePouch/node_modules/jest-runtime/build/index.js:1022:12)
    at Runtime.requireModule (/Users/st/workspace_ai/PagePouch/node_modules/jest-runtime/build/index.js:882:12)
    at jestAdapter (/Users/st/workspace_ai/PagePouch/node_modules/jest-circus/build/legacy-code-todo-rewrite/jestAdapter.js:77:13)
    at processTicksAndRejections (node:internal/process/task_queues:105:5)
    at runTestInternal (/Users/st/workspace_ai/PagePouch/node_modules/jest-runner/build/runTest.js:367:16)
    at runTest (/Users/st/workspace_ai/PagePouch/node_modules/jest-runner/build/runTest.js:444:34)
    at Object.worker (/Users/st/workspace_ai/PagePouch/node_modules/jest-runner/build/testWorker.js:106:12)]]></failure>
    </testCase>
    <testCase name="Modal Manager Modal Management should track active modals" duration="6"/>
    <testCase name="Modal Manager Modal Management should close all modals" duration="2">
      <failure message="Error: expect(received).toBe(expected) // Object.is equality"><![CDATA[Error: expect(received).toBe(expected) // Object.is equality

Expected: 0
Received: 2
    at Object.toBe (/Users/st/workspace_ai/PagePouch/tests/error-handler.test.js:698:51)
    at Promise.then.completed (/Users/st/workspace_ai/PagePouch/node_modules/jest-circus/build/utils.js:298:28)
    at new Promise (<anonymous>)
    at callAsyncCircusFn (/Users/st/workspace_ai/PagePouch/node_modules/jest-circus/build/utils.js:231:10)
    at _callCircusTest (/Users/st/workspace_ai/PagePouch/node_modules/jest-circus/build/run.js:316:40)
    at _runTest (/Users/st/workspace_ai/PagePouch/node_modules/jest-circus/build/run.js:252:3)
    at _runTestsForDescribeBlock (/Users/st/workspace_ai/PagePouch/node_modules/jest-circus/build/run.js:126:9)
    at _runTestsForDescribeBlock (/Users/st/workspace_ai/PagePouch/node_modules/jest-circus/build/run.js:121:9)
    at _runTestsForDescribeBlock (/Users/st/workspace_ai/PagePouch/node_modules/jest-circus/build/run.js:121:9)
    at run (/Users/st/workspace_ai/PagePouch/node_modules/jest-circus/build/run.js:71:3)
    at runAndTransformResultsToJestFormat (/Users/st/workspace_ai/PagePouch/node_modules/jest-circus/build/legacy-code-todo-rewrite/jestAdapterInit.js:122:21)
    at jestAdapter (/Users/st/workspace_ai/PagePouch/node_modules/jest-circus/build/legacy-code-todo-rewrite/jestAdapter.js:79:19)
    at runTestInternal (/Users/st/workspace_ai/PagePouch/node_modules/jest-runner/build/runTest.js:367:16)
    at runTest (/Users/st/workspace_ai/PagePouch/node_modules/jest-runner/build/runTest.js:444:34)
    at Object.worker (/Users/st/workspace_ai/PagePouch/node_modules/jest-runner/build/testWorker.js:106:12)]]></failure>
    </testCase>
    <testCase name="Modal Manager HTML Escaping should escape HTML in modal content" duration="3">
      <failure message="Error: expect(received).toContain(expected) // indexOf"><![CDATA[Error: expect(received).toContain(expected) // indexOf

Expected substring: "&lt;script&gt;"
Received string:    ""
    at Object.toContain (/Users/st/workspace_ai/PagePouch/tests/error-handler.test.js:708:29)
    at Promise.then.completed (/Users/st/workspace_ai/PagePouch/node_modules/jest-circus/build/utils.js:298:28)
    at new Promise (<anonymous>)
    at callAsyncCircusFn (/Users/st/workspace_ai/PagePouch/node_modules/jest-circus/build/utils.js:231:10)
    at _callCircusTest (/Users/st/workspace_ai/PagePouch/node_modules/jest-circus/build/run.js:316:40)
    at _runTest (/Users/st/workspace_ai/PagePouch/node_modules/jest-circus/build/run.js:252:3)
    at _runTestsForDescribeBlock (/Users/st/workspace_ai/PagePouch/node_modules/jest-circus/build/run.js:126:9)
    at _runTestsForDescribeBlock (/Users/st/workspace_ai/PagePouch/node_modules/jest-circus/build/run.js:121:9)
    at _runTestsForDescribeBlock (/Users/st/workspace_ai/PagePouch/node_modules/jest-circus/build/run.js:121:9)
    at run (/Users/st/workspace_ai/PagePouch/node_modules/jest-circus/build/run.js:71:3)
    at runAndTransformResultsToJestFormat (/Users/st/workspace_ai/PagePouch/node_modules/jest-circus/build/legacy-code-todo-rewrite/jestAdapterInit.js:122:21)
    at jestAdapter (/Users/st/workspace_ai/PagePouch/node_modules/jest-circus/build/legacy-code-todo-rewrite/jestAdapter.js:79:19)
    at runTestInternal (/Users/st/workspace_ai/PagePouch/node_modules/jest-runner/build/runTest.js:367:16)
    at runTest (/Users/st/workspace_ai/PagePouch/node_modules/jest-runner/build/runTest.js:444:34)
    at Object.worker (/Users/st/workspace_ai/PagePouch/node_modules/jest-runner/build/testWorker.js:106:12)]]></failure>
    </testCase>
    <testCase name="Modal Manager Icon Mapping should return correct icons for modal types" duration="2"/>
  </file>
</testExecutions>